[0.025s] Invoking command in '/home/user/nanosaur/build/nanosaur_worlds': CMAKE_PREFIX_PATH=${CMAKE_PREFIX_PATH}:/home/shh/stmoon/install/nanosaur_ignition:/opt/ros/humble /usr/bin/cmake --build /home/user/nanosaur/build/nanosaur_worlds -- -j16 -l16
[0.058s] Invoked command in '/home/user/nanosaur/build/nanosaur_worlds' returned '0': CMAKE_PREFIX_PATH=${CMAKE_PREFIX_PATH}:/home/shh/stmoon/install/nanosaur_ignition:/opt/ros/humble /usr/bin/cmake --build /home/user/nanosaur/build/nanosaur_worlds -- -j16 -l16
[0.089s] Invoking command in '/home/user/nanosaur/build/nanosaur_worlds': CMAKE_PREFIX_PATH=${CMAKE_PREFIX_PATH}:/home/shh/stmoon/install/nanosaur_ignition:/opt/ros/humble /usr/bin/cmake --install /home/user/nanosaur/build/nanosaur_worlds
[0.093s] -- Install configuration: ""
[0.093s] -- Up-to-date: /home/user/nanosaur/install/nanosaur_worlds/share/nanosaur_worlds/models
[0.094s] -- Up-to-date: /home/user/nanosaur/install/nanosaur_worlds/share/nanosaur_worlds/models/OfficeChairBlack
[0.095s] -- Up-to-date: /home/user/nanosaur/install/nanosaur_worlds/share/nanosaur_worlds/models/OfficeChairBlack/meshes
[0.096s] -- Up-to-date: /home/user/nanosaur/install/nanosaur_worlds/share/nanosaur_worlds/models/OfficeChairBlack/meshes/OfficeChairBlack_Col.obj
[0.098s] -- Up-to-date: /home/user/nanosaur/install/nanosaur_worlds/share/nanosaur_worlds/models/OfficeChairBlack/meshes/OfficeChairBlack_Col.mtl
[0.100s] -- Up-to-date: /home/user/nanosaur/install/nanosaur_worlds/share/nanosaur_worlds/models/OfficeChairBlack/meshes/OfficeChairBlack.obj
[0.103s] -- Up-to-date: /home/user/nanosaur/install/nanosaur_worlds/share/nanosaur_worlds/models/OfficeChairBlack/meshes/OfficeChairBlack.mtl
[0.104s] -- Up-to-date: /home/user/nanosaur/install/nanosaur_worlds/share/nanosaur_worlds/models/OfficeChairBlack/meshes/OfficeChairBlack.png
[0.107s] -- Up-to-date: /home/user/nanosaur/install/nanosaur_worlds/share/nanosaur_worlds/models/OfficeChairBlack/model.config
[0.109s] -- Up-to-date: /home/user/nanosaur/install/nanosaur_worlds/share/nanosaur_worlds/models/OfficeChairBlack/thumbnails
[0.110s] -- Up-to-date: /home/user/nanosaur/install/nanosaur_worlds/share/nanosaur_worlds/models/OfficeChairBlack/thumbnails/4.png
[0.112s] -- Up-to-date: /home/user/nanosaur/install/nanosaur_worlds/share/nanosaur_worlds/models/OfficeChairBlack/thumbnails/3.png
[0.116s] -- Up-to-date: /home/user/nanosaur/install/nanosaur_worlds/share/nanosaur_worlds/models/OfficeChairBlack/thumbnails/meta
[0.118s] -- Up-to-date: /home/user/nanosaur/install/nanosaur_worlds/share/nanosaur_worlds/models/OfficeChairBlack/thumbnails/meta/4.png
[0.122s] -- Up-to-date: /home/user/nanosaur/install/nanosaur_worlds/share/nanosaur_worlds/models/OfficeChairBlack/thumbnails/meta/3.png
[0.124s] -- Up-to-date: /home/user/nanosaur/install/nanosaur_worlds/share/nanosaur_worlds/models/OfficeChairBlack/thumbnails/meta/1.png
[0.127s] -- Up-to-date: /home/user/nanosaur/install/nanosaur_worlds/share/nanosaur_worlds/models/OfficeChairBlack/thumbnails/meta/2.png
[0.131s] -- Up-to-date: /home/user/nanosaur/install/nanosaur_worlds/share/nanosaur_worlds/models/OfficeChairBlack/thumbnails/meta/5.png
[0.134s] -- Up-to-date: /home/user/nanosaur/install/nanosaur_worlds/share/nanosaur_worlds/models/OfficeChairBlack/thumbnails/1.png
[0.136s] -- Up-to-date: /home/user/nanosaur/install/nanosaur_worlds/share/nanosaur_worlds/models/OfficeChairBlack/thumbnails/2.png
[0.141s] -- Up-to-date: /home/user/nanosaur/install/nanosaur_worlds/share/nanosaur_worlds/models/OfficeChairBlack/thumbnails/5.png
[0.141s] -- Up-to-date: /home/user/nanosaur/install/nanosaur_worlds/share/nanosaur_worlds/models/OfficeChairBlack/model.sdf
[0.142s] -- Up-to-date: /home/user/nanosaur/install/nanosaur_worlds/share/nanosaur_worlds/models/mini_office
[0.143s] -- Up-to-date: /home/user/nanosaur/install/nanosaur_worlds/share/nanosaur_worlds/models/mini_office/meshes
[0.143s] -- Up-to-date: /home/user/nanosaur/install/nanosaur_worlds/share/nanosaur_worlds/models/mini_office/meshes/mini_office.dae
[0.144s] -- Up-to-date: /home/user/nanosaur/install/nanosaur_worlds/share/nanosaur_worlds/models/mini_office/model.config
[0.146s] -- Up-to-date: /home/user/nanosaur/install/nanosaur_worlds/share/nanosaur_worlds/models/mini_office/model.sdf
[0.146s] -- Up-to-date: /home/user/nanosaur/install/nanosaur_worlds/share/nanosaur_worlds/models/mini_office/materials
[0.150s] -- Up-to-date: /home/user/nanosaur/install/nanosaur_worlds/share/nanosaur_worlds/models/mini_office/materials/scripts
[0.150s] -- Up-to-date: /home/user/nanosaur/install/nanosaur_worlds/share/nanosaur_worlds/models/mini_office/materials/scripts/model.material
[0.157s] -- Up-to-date: /home/user/nanosaur/install/nanosaur_worlds/share/nanosaur_worlds/models/mini_office/materials/textures
[0.157s] -- Up-to-date: /home/user/nanosaur/install/nanosaur_worlds/share/nanosaur_worlds/models/mini_office/materials/textures/LightmapEqualizeHistogram.png
[0.159s] -- Up-to-date: /home/user/nanosaur/install/nanosaur_worlds/share/nanosaur_worlds/models/mini_office/materials/textures/Wall_Roughness.png
[0.164s] -- Up-to-date: /home/user/nanosaur/install/nanosaur_worlds/share/nanosaur_worlds/models/mini_office/materials/textures/IndoorCubemap.dds
[0.169s] -- Up-to-date: /home/user/nanosaur/install/nanosaur_worlds/share/nanosaur_worlds/models/mini_office/materials/textures/Wall_Albedo.png
[0.169s] -- Up-to-date: /home/user/nanosaur/install/nanosaur_worlds/share/nanosaur_worlds/models/mini_office/materials/textures/Floor_Albedo.png
[0.189s] -- Up-to-date: /home/user/nanosaur/install/nanosaur_worlds/share/nanosaur_worlds/models/mini_office/materials/textures/Floor_Roughness.png
[0.201s] -- Up-to-date: /home/user/nanosaur/install/nanosaur_worlds/share/nanosaur_worlds/models/mini_office/materials/textures/Floor_Normal.png
[0.258s] -- Up-to-date: /home/user/nanosaur/install/nanosaur_worlds/share/nanosaur_worlds/models/mini_office/materials/textures/Wall_White.png
[0.278s] -- Up-to-date: /home/user/nanosaur/install/nanosaur_worlds/share/nanosaur_worlds/models/cube_cozmo
[0.278s] -- Up-to-date: /home/user/nanosaur/install/nanosaur_worlds/share/nanosaur_worlds/models/cube_cozmo/meshes
[0.279s] -- Up-to-date: /home/user/nanosaur/install/nanosaur_worlds/share/nanosaur_worlds/models/cube_cozmo/meshes/cube_qr_top.dae
[0.282s] -- Up-to-date: /home/user/nanosaur/install/nanosaur_worlds/share/nanosaur_worlds/models/cube_cozmo/meshes/cube_qr_top1.dae
[0.284s] -- Up-to-date: /home/user/nanosaur/install/nanosaur_worlds/share/nanosaur_worlds/models/cube_cozmo/meshes/cube_cozmo.dae
[0.287s] -- Up-to-date: /home/user/nanosaur/install/nanosaur_worlds/share/nanosaur_worlds/models/cube_cozmo/meshes/cube_colored.dae
[0.289s] -- Up-to-date: /home/user/nanosaur/install/nanosaur_worlds/share/nanosaur_worlds/models/cube_cozmo/meshes/download.png
[0.291s] -- Up-to-date: /home/user/nanosaur/install/nanosaur_worlds/share/nanosaur_worlds/models/cube_cozmo/meshes/cube_qr_top_all.dae
[0.293s] -- Up-to-date: /home/user/nanosaur/install/nanosaur_worlds/share/nanosaur_worlds/models/cube_cozmo/meshes/Marker0.png
[0.295s] -- Up-to-date: /home/user/nanosaur/install/nanosaur_worlds/share/nanosaur_worlds/models/cube_cozmo/meshes/Marker0000.png
[0.297s] -- Up-to-date: /home/user/nanosaur/install/nanosaur_worlds/share/nanosaur_worlds/models/cube_cozmo/model.config
[0.299s] -- Up-to-date: /home/user/nanosaur/install/nanosaur_worlds/share/nanosaur_worlds/models/cube_cozmo/model.sdf
[0.303s] -- Up-to-date: /home/user/nanosaur/install/nanosaur_worlds/share/nanosaur_worlds/models/BABY_CAR
[0.303s] -- Up-to-date: /home/user/nanosaur/install/nanosaur_worlds/share/nanosaur_worlds/models/BABY_CAR/meshes
[0.304s] -- Up-to-date: /home/user/nanosaur/install/nanosaur_worlds/share/nanosaur_worlds/models/BABY_CAR/meshes/model.mtl
[0.306s] -- Up-to-date: /home/user/nanosaur/install/nanosaur_worlds/share/nanosaur_worlds/models/BABY_CAR/meshes/model.obj
[0.310s] -- Up-to-date: /home/user/nanosaur/install/nanosaur_worlds/share/nanosaur_worlds/models/BABY_CAR/model.config
[0.312s] -- Up-to-date: /home/user/nanosaur/install/nanosaur_worlds/share/nanosaur_worlds/models/BABY_CAR/thumbnails
[0.313s] -- Up-to-date: /home/user/nanosaur/install/nanosaur_worlds/share/nanosaur_worlds/models/BABY_CAR/thumbnails/3.jpg
[0.315s] -- Up-to-date: /home/user/nanosaur/install/nanosaur_worlds/share/nanosaur_worlds/models/BABY_CAR/thumbnails/0.jpg
[0.320s] -- Up-to-date: /home/user/nanosaur/install/nanosaur_worlds/share/nanosaur_worlds/models/BABY_CAR/thumbnails/4.jpg
[0.320s] -- Up-to-date: /home/user/nanosaur/install/nanosaur_worlds/share/nanosaur_worlds/models/BABY_CAR/thumbnails/2.jpg
[0.321s] -- Up-to-date: /home/user/nanosaur/install/nanosaur_worlds/share/nanosaur_worlds/models/BABY_CAR/thumbnails/1.jpg
[0.321s] -- Up-to-date: /home/user/nanosaur/install/nanosaur_worlds/share/nanosaur_worlds/models/BABY_CAR/model.sdf
[0.323s] -- Up-to-date: /home/user/nanosaur/install/nanosaur_worlds/share/nanosaur_worlds/models/BABY_CAR/materials
[0.323s] -- Up-to-date: /home/user/nanosaur/install/nanosaur_worlds/share/nanosaur_worlds/models/BABY_CAR/materials/textures
[0.323s] -- Up-to-date: /home/user/nanosaur/install/nanosaur_worlds/share/nanosaur_worlds/models/BABY_CAR/materials/textures/texture.png
[0.337s] -- Up-to-date: /home/user/nanosaur/install/nanosaur_worlds/share/nanosaur_worlds/models/BABY_CAR/metadata.pbtxt
[0.338s] -- Up-to-date: /home/user/nanosaur/install/nanosaur_worlds/share/nanosaur_worlds/models/Drawer
[0.339s] -- Up-to-date: /home/user/nanosaur/install/nanosaur_worlds/share/nanosaur_worlds/models/Drawer/meshes
[0.339s] -- Up-to-date: /home/user/nanosaur/install/nanosaur_worlds/share/nanosaur_worlds/models/Drawer/meshes/Drawer_Col.obj
[0.340s] -- Up-to-date: /home/user/nanosaur/install/nanosaur_worlds/share/nanosaur_worlds/models/Drawer/meshes/Drawer.obj
[0.341s] -- Up-to-date: /home/user/nanosaur/install/nanosaur_worlds/share/nanosaur_worlds/models/Drawer/meshes/Drawer.mtl
[0.342s] -- Up-to-date: /home/user/nanosaur/install/nanosaur_worlds/share/nanosaur_worlds/models/Drawer/meshes/Drawer.png
[0.343s] -- Up-to-date: /home/user/nanosaur/install/nanosaur_worlds/share/nanosaur_worlds/models/Drawer/model.config
[0.344s] -- Up-to-date: /home/user/nanosaur/install/nanosaur_worlds/share/nanosaur_worlds/models/Drawer/thumbnails
[0.345s] -- Up-to-date: /home/user/nanosaur/install/nanosaur_worlds/share/nanosaur_worlds/models/Drawer/thumbnails/4.png
[0.346s] -- Up-to-date: /home/user/nanosaur/install/nanosaur_worlds/share/nanosaur_worlds/models/Drawer/thumbnails/3.png
[0.348s] -- Up-to-date: /home/user/nanosaur/install/nanosaur_worlds/share/nanosaur_worlds/models/Drawer/thumbnails/1.png
[0.349s] -- Up-to-date: /home/user/nanosaur/install/nanosaur_worlds/share/nanosaur_worlds/models/Drawer/thumbnails/2.png
[0.351s] -- Up-to-date: /home/user/nanosaur/install/nanosaur_worlds/share/nanosaur_worlds/models/Drawer/thumbnails/5.png
[0.352s] -- Up-to-date: /home/user/nanosaur/install/nanosaur_worlds/share/nanosaur_worlds/models/Drawer/model.sdf
[0.353s] -- Up-to-date: /home/user/nanosaur/install/nanosaur_worlds/share/nanosaur_worlds/models/books
[0.353s] -- Up-to-date: /home/user/nanosaur/install/nanosaur_worlds/share/nanosaur_worlds/models/books/meshes
[0.354s] -- Up-to-date: /home/user/nanosaur/install/nanosaur_worlds/share/nanosaur_worlds/models/books/meshes/model
[0.354s] -- Up-to-date: /home/user/nanosaur/install/nanosaur_worlds/share/nanosaur_worlds/models/books/meshes/model/Books_1_21.jpg
[0.355s] -- Up-to-date: /home/user/nanosaur/install/nanosaur_worlds/share/nanosaur_worlds/models/books/meshes/model/Books_1_9.jpg
[0.362s] -- Up-to-date: /home/user/nanosaur/install/nanosaur_worlds/share/nanosaur_worlds/models/books/meshes/model/Books_1_10.jpg
[0.362s] -- Up-to-date: /home/user/nanosaur/install/nanosaur_worlds/share/nanosaur_worlds/models/books/meshes/model/Books_1_19.jpg
[0.363s] -- Up-to-date: /home/user/nanosaur/install/nanosaur_worlds/share/nanosaur_worlds/models/books/meshes/model/Books_1_17.jpg
[0.363s] -- Up-to-date: /home/user/nanosaur/install/nanosaur_worlds/share/nanosaur_worlds/models/books/meshes/model/Books_1_0.jpg
[0.363s] -- Up-to-date: /home/user/nanosaur/install/nanosaur_worlds/share/nanosaur_worlds/models/books/meshes/model/Books_1_18.jpg
[0.363s] -- Up-to-date: /home/user/nanosaur/install/nanosaur_worlds/share/nanosaur_worlds/models/books/meshes/model/Books_1_20.jpg
[0.365s] -- Up-to-date: /home/user/nanosaur/install/nanosaur_worlds/share/nanosaur_worlds/models/books/meshes/model/Books_1_14.jpg
[0.365s] -- Up-to-date: /home/user/nanosaur/install/nanosaur_worlds/share/nanosaur_worlds/models/books/meshes/model/Books_1_22.jpg
[0.367s] -- Up-to-date: /home/user/nanosaur/install/nanosaur_worlds/share/nanosaur_worlds/models/books/meshes/model/Books_1_1.jpg
[0.368s] -- Up-to-date: /home/user/nanosaur/install/nanosaur_worlds/share/nanosaur_worlds/models/books/meshes/model/Books_1_15.jpg
[0.372s] -- Up-to-date: /home/user/nanosaur/install/nanosaur_worlds/share/nanosaur_worlds/models/books/meshes/model/Books_1_34.jpg
[0.372s] -- Up-to-date: /home/user/nanosaur/install/nanosaur_worlds/share/nanosaur_worlds/models/books/meshes/model/Books_1_5.jpg
[0.372s] -- Up-to-date: /home/user/nanosaur/install/nanosaur_worlds/share/nanosaur_worlds/models/books/meshes/model/Books_1_33.jpg
[0.373s] -- Up-to-date: /home/user/nanosaur/install/nanosaur_worlds/share/nanosaur_worlds/models/books/meshes/model/Books_1_4.jpg
[0.374s] -- Up-to-date: /home/user/nanosaur/install/nanosaur_worlds/share/nanosaur_worlds/models/books/meshes/model/Books_1_23.jpg
[0.375s] -- Up-to-date: /home/user/nanosaur/install/nanosaur_worlds/share/nanosaur_worlds/models/books/meshes/model/Books_1_35.jpg
[0.376s] -- Up-to-date: /home/user/nanosaur/install/nanosaur_worlds/share/nanosaur_worlds/models/books/meshes/model/Books_1_7.jpg
[0.377s] -- Up-to-date: /home/user/nanosaur/install/nanosaur_worlds/share/nanosaur_worlds/models/books/meshes/model/Books_1_24.jpg
[0.378s] -- Up-to-date: /home/user/nanosaur/install/nanosaur_worlds/share/nanosaur_worlds/models/books/meshes/model/Books_1_29.jpg
[0.379s] -- Up-to-date: /home/user/nanosaur/install/nanosaur_worlds/share/nanosaur_worlds/models/books/meshes/model/Books_1_32.jpg
[0.380s] -- Up-to-date: /home/user/nanosaur/install/nanosaur_worlds/share/nanosaur_worlds/models/books/meshes/model/Books_1_13.jpg
[0.381s] -- Up-to-date: /home/user/nanosaur/install/nanosaur_worlds/share/nanosaur_worlds/models/books/meshes/model/Books_1.jpg
[0.382s] -- Up-to-date: /home/user/nanosaur/install/nanosaur_worlds/share/nanosaur_worlds/models/books/meshes/model/Books_1_6.jpg
[0.384s] -- Up-to-date: /home/user/nanosaur/install/nanosaur_worlds/share/nanosaur_worlds/models/books/meshes/model/Books_1_8.jpg
[0.386s] -- Up-to-date: /home/user/nanosaur/install/nanosaur_worlds/share/nanosaur_worlds/models/books/meshes/model/Books_1_28.jpg
[0.387s] -- Up-to-date: /home/user/nanosaur/install/nanosaur_worlds/share/nanosaur_worlds/models/books/meshes/model/Books_1_11.jpg
[0.387s] -- Up-to-date: /home/user/nanosaur/install/nanosaur_worlds/share/nanosaur_worlds/models/books/meshes/model/Books_1_3.jpg
[0.388s] -- Up-to-date: /home/user/nanosaur/install/nanosaur_worlds/share/nanosaur_worlds/models/books/meshes/model/Books_1_2.jpg
[0.389s] -- Up-to-date: /home/user/nanosaur/install/nanosaur_worlds/share/nanosaur_worlds/models/books/meshes/model/Books_1_30.jpg
[0.391s] -- Up-to-date: /home/user/nanosaur/install/nanosaur_worlds/share/nanosaur_worlds/models/books/meshes/model/Books_1_27.jpg
[0.392s] -- Up-to-date: /home/user/nanosaur/install/nanosaur_worlds/share/nanosaur_worlds/models/books/meshes/model/Books_1_25.jpg
[0.393s] -- Up-to-date: /home/user/nanosaur/install/nanosaur_worlds/share/nanosaur_worlds/models/books/meshes/model/Books_1_26.jpg
[0.394s] -- Up-to-date: /home/user/nanosaur/install/nanosaur_worlds/share/nanosaur_worlds/models/books/meshes/model/Books_1_12.jpg
[0.395s] -- Up-to-date: /home/user/nanosaur/install/nanosaur_worlds/share/nanosaur_worlds/models/books/meshes/model/Books_1_31.jpg
[0.397s] -- Up-to-date: /home/user/nanosaur/install/nanosaur_worlds/share/nanosaur_worlds/models/books/meshes/model/Books_1_16.jpg
[0.398s] -- Up-to-date: /home/user/nanosaur/install/nanosaur_worlds/share/nanosaur_worlds/models/books/meshes/model.dae
[0.399s] -- Up-to-date: /home/user/nanosaur/install/nanosaur_worlds/share/nanosaur_worlds/models/books/model.config
[0.400s] -- Up-to-date: /home/user/nanosaur/install/nanosaur_worlds/share/nanosaur_worlds/models/books/books.sdf
[0.402s] -- Up-to-date: /home/user/nanosaur/install/nanosaur_worlds/share/nanosaur_worlds/models/AdjTable
[0.402s] -- Up-to-date: /home/user/nanosaur/install/nanosaur_worlds/share/nanosaur_worlds/models/AdjTable/meshes
[0.402s] -- Up-to-date: /home/user/nanosaur/install/nanosaur_worlds/share/nanosaur_worlds/models/AdjTable/meshes/AdjTable_Col.obj
[0.403s] -- Up-to-date: /home/user/nanosaur/install/nanosaur_worlds/share/nanosaur_worlds/models/AdjTable/meshes/AdjTable.obj
[0.405s] -- Up-to-date: /home/user/nanosaur/install/nanosaur_worlds/share/nanosaur_worlds/models/AdjTable/meshes/AdjTable_Col.mtl
[0.406s] -- Up-to-date: /home/user/nanosaur/install/nanosaur_worlds/share/nanosaur_worlds/models/AdjTable/meshes/AdjTable_Diffuse.png
[0.414s] -- Up-to-date: /home/user/nanosaur/install/nanosaur_worlds/share/nanosaur_worlds/models/AdjTable/meshes/AdjTable.mtl
[0.415s] -- Up-to-date: /home/user/nanosaur/install/nanosaur_worlds/share/nanosaur_worlds/models/AdjTable/model.config
[0.416s] -- Up-to-date: /home/user/nanosaur/install/nanosaur_worlds/share/nanosaur_worlds/models/AdjTable/thumbnails
[0.416s] -- Up-to-date: /home/user/nanosaur/install/nanosaur_worlds/share/nanosaur_worlds/models/AdjTable/thumbnails/4.png
[0.418s] -- Up-to-date: /home/user/nanosaur/install/nanosaur_worlds/share/nanosaur_worlds/models/AdjTable/thumbnails/3.png
[0.421s] -- Up-to-date: /home/user/nanosaur/install/nanosaur_worlds/share/nanosaur_worlds/models/AdjTable/thumbnails/1.png
[0.421s] -- Up-to-date: /home/user/nanosaur/install/nanosaur_worlds/share/nanosaur_worlds/models/AdjTable/thumbnails/2.png
[0.422s] -- Up-to-date: /home/user/nanosaur/install/nanosaur_worlds/share/nanosaur_worlds/models/AdjTable/thumbnails/5.png
[0.424s] -- Up-to-date: /home/user/nanosaur/install/nanosaur_worlds/share/nanosaur_worlds/models/AdjTable/model.sdf
[0.425s] -- Up-to-date: /home/user/nanosaur/install/nanosaur_worlds/share/nanosaur_worlds/models/aws_robomaker_warehouse_ClutteringC_01
[0.425s] -- Up-to-date: /home/user/nanosaur/install/nanosaur_worlds/share/nanosaur_worlds/models/aws_robomaker_warehouse_ClutteringC_01/meshes
[0.425s] -- Up-to-date: /home/user/nanosaur/install/nanosaur_worlds/share/nanosaur_worlds/models/aws_robomaker_warehouse_ClutteringC_01/meshes/aws_robomaker_warehouse_ClutteringC_01_collision.DAE
[0.427s] -- Up-to-date: /home/user/nanosaur/install/nanosaur_worlds/share/nanosaur_worlds/models/aws_robomaker_warehouse_ClutteringC_01/meshes/aws_robomaker_warehouse_ClutteringC_01_visual.DAE
[0.428s] -- Up-to-date: /home/user/nanosaur/install/nanosaur_worlds/share/nanosaur_worlds/models/aws_robomaker_warehouse_ClutteringC_01/model.config
[0.429s] -- Up-to-date: /home/user/nanosaur/install/nanosaur_worlds/share/nanosaur_worlds/models/aws_robomaker_warehouse_ClutteringC_01/thumbnails
[0.429s] -- Up-to-date: /home/user/nanosaur/install/nanosaur_worlds/share/nanosaur_worlds/models/aws_robomaker_warehouse_ClutteringC_01/thumbnails/4.png
[0.432s] -- Up-to-date: /home/user/nanosaur/install/nanosaur_worlds/share/nanosaur_worlds/models/aws_robomaker_warehouse_ClutteringC_01/thumbnails/3.png
[0.434s] -- Up-to-date: /home/user/nanosaur/install/nanosaur_worlds/share/nanosaur_worlds/models/aws_robomaker_warehouse_ClutteringC_01/thumbnails/1.png
[0.439s] -- Up-to-date: /home/user/nanosaur/install/nanosaur_worlds/share/nanosaur_worlds/models/aws_robomaker_warehouse_ClutteringC_01/thumbnails/2.png
[0.442s] -- Up-to-date: /home/user/nanosaur/install/nanosaur_worlds/share/nanosaur_worlds/models/aws_robomaker_warehouse_ClutteringC_01/thumbnails/5.png
[0.445s] -- Up-to-date: /home/user/nanosaur/install/nanosaur_worlds/share/nanosaur_worlds/models/aws_robomaker_warehouse_ClutteringC_01/model.sdf
[0.447s] -- Up-to-date: /home/user/nanosaur/install/nanosaur_worlds/share/nanosaur_worlds/models/aws_robomaker_warehouse_ClutteringC_01/materials
[0.448s] -- Up-to-date: /home/user/nanosaur/install/nanosaur_worlds/share/nanosaur_worlds/models/aws_robomaker_warehouse_ClutteringC_01/materials/scripts
[0.449s] -- Up-to-date: /home/user/nanosaur/install/nanosaur_worlds/share/nanosaur_worlds/models/aws_robomaker_warehouse_ClutteringC_01/materials/scripts/model.material
[0.450s] -- Up-to-date: /home/user/nanosaur/install/nanosaur_worlds/share/nanosaur_worlds/models/aws_robomaker_warehouse_ClutteringC_01/materials/textures
[0.450s] -- Up-to-date: /home/user/nanosaur/install/nanosaur_worlds/share/nanosaur_worlds/models/aws_robomaker_warehouse_ClutteringC_01/materials/textures/aws_robomaker_warehouse_ClutteringC_01.png
[0.452s] -- Up-to-date: /home/user/nanosaur/install/nanosaur_worlds/share/nanosaur_worlds/models/aws_robomaker_warehouse_ClutteringC_01/materials/textures/aws_robomaker_warehouse_ClutteringC_02.png
[0.456s] -- Up-to-date: /home/user/nanosaur/install/nanosaur_worlds/share/nanosaur_worlds/models/aws_robomaker_warehouse_ClutteringC_01/metadata.pbtxt
[0.458s] -- Up-to-date: /home/user/nanosaur/install/nanosaur_worlds/share/nanosaur_worlds/models/desktop
[0.458s] -- Up-to-date: /home/user/nanosaur/install/nanosaur_worlds/share/nanosaur_worlds/models/desktop/meshes
[0.459s] -- Up-to-date: /home/user/nanosaur/install/nanosaur_worlds/share/nanosaur_worlds/models/desktop/meshes/model
[0.459s] -- Up-to-date: /home/user/nanosaur/install/nanosaur_worlds/share/nanosaur_worlds/models/desktop/meshes/model/Metal_Aluminum_Anodized.jpg
[0.460s] -- Up-to-date: /home/user/nanosaur/install/nanosaur_worlds/share/nanosaur_worlds/models/desktop/meshes/model/i.jpg
[0.462s] -- Up-to-date: /home/user/nanosaur/install/nanosaur_worlds/share/nanosaur_worlds/models/desktop/meshes/model/material_20.JPG
[0.464s] -- Up-to-date: /home/user/nanosaur/install/nanosaur_worlds/share/nanosaur_worlds/models/desktop/meshes/model/Metal_Aluminum_Anodized_0.jpg
[0.467s] -- Up-to-date: /home/user/nanosaur/install/nanosaur_worlds/share/nanosaur_worlds/models/desktop/meshes/model/material_22.JPG
[0.468s] -- Up-to-date: /home/user/nanosaur/install/nanosaur_worlds/share/nanosaur_worlds/models/desktop/meshes/model/rauten2.png
[0.469s] -- Up-to-date: /home/user/nanosaur/install/nanosaur_worlds/share/nanosaur_worlds/models/desktop/meshes/model/material_21.JPG
[0.471s] -- Up-to-date: /home/user/nanosaur/install/nanosaur_worlds/share/nanosaur_worlds/models/desktop/meshes/model.dae
[0.479s] -- Up-to-date: /home/user/nanosaur/install/nanosaur_worlds/share/nanosaur_worlds/models/desktop/model.config
[0.481s] -- Up-to-date: /home/user/nanosaur/install/nanosaur_worlds/share/nanosaur_worlds/models/desktop/desktop.sdf
[0.484s] -- Up-to-date: /home/user/nanosaur/install/nanosaur_worlds/share/nanosaur_worlds/models/MonitorAndKeyboard
[0.484s] -- Up-to-date: /home/user/nanosaur/install/nanosaur_worlds/share/nanosaur_worlds/models/MonitorAndKeyboard/meshes
[0.484s] -- Up-to-date: /home/user/nanosaur/install/nanosaur_worlds/share/nanosaur_worlds/models/MonitorAndKeyboard/meshes/keyboard.obj
[0.486s] -- Up-to-date: /home/user/nanosaur/install/nanosaur_worlds/share/nanosaur_worlds/models/MonitorAndKeyboard/meshes/monitor.obj
[0.488s] -- Up-to-date: /home/user/nanosaur/install/nanosaur_worlds/share/nanosaur_worlds/models/MonitorAndKeyboard/meshes/monitor.mtl
[0.490s] -- Up-to-date: /home/user/nanosaur/install/nanosaur_worlds/share/nanosaur_worlds/models/MonitorAndKeyboard/meshes/keyboard.mtl
[0.492s] -- Up-to-date: /home/user/nanosaur/install/nanosaur_worlds/share/nanosaur_worlds/models/MonitorAndKeyboard/model.config
[0.494s] -- Up-to-date: /home/user/nanosaur/install/nanosaur_worlds/share/nanosaur_worlds/models/MonitorAndKeyboard/thumbnails
[0.495s] -- Up-to-date: /home/user/nanosaur/install/nanosaur_worlds/share/nanosaur_worlds/models/MonitorAndKeyboard/thumbnails/4.png
[0.497s] -- Up-to-date: /home/user/nanosaur/install/nanosaur_worlds/share/nanosaur_worlds/models/MonitorAndKeyboard/thumbnails/3.png
[0.501s] -- Up-to-date: /home/user/nanosaur/install/nanosaur_worlds/share/nanosaur_worlds/models/MonitorAndKeyboard/thumbnails/1.png
[0.504s] -- Up-to-date: /home/user/nanosaur/install/nanosaur_worlds/share/nanosaur_worlds/models/MonitorAndKeyboard/thumbnails/2.png
[0.507s] -- Up-to-date: /home/user/nanosaur/install/nanosaur_worlds/share/nanosaur_worlds/models/MonitorAndKeyboard/thumbnails/5.png
[0.509s] -- Up-to-date: /home/user/nanosaur/install/nanosaur_worlds/share/nanosaur_worlds/models/MonitorAndKeyboard/model.sdf
[0.511s] -- Up-to-date: /home/user/nanosaur/install/nanosaur_worlds/share/nanosaur_worlds/params
[0.511s] -- Up-to-date: /home/user/nanosaur/install/nanosaur_worlds/share/nanosaur_worlds/params/spawn_robot.yml
[0.514s] -- Up-to-date: /home/user/nanosaur/install/nanosaur_worlds/share/nanosaur_worlds/scripts
[0.514s] -- Up-to-date: /home/user/nanosaur/install/nanosaur_worlds/share/nanosaur_worlds/scripts/get_coordinate.py
[0.516s] -- Up-to-date: /home/user/nanosaur/install/nanosaur_worlds/share/nanosaur_worlds/worlds
[0.516s] -- Up-to-date: /home/user/nanosaur/install/nanosaur_worlds/share/nanosaur_worlds/worlds/lab.sdf
[0.518s] -- Up-to-date: /home/user/nanosaur/install/nanosaur_worlds/share/nanosaur_worlds/worlds/office.world
[0.520s] -- Up-to-date: /home/user/nanosaur/install/nanosaur_worlds/share/nanosaur_worlds/worlds/cozmo.world
[0.523s] -- Up-to-date: /home/user/nanosaur/install/nanosaur_worlds/share/nanosaur_worlds/worlds/empty.sdf
[0.524s] -- Up-to-date: /home/user/nanosaur/install/nanosaur_worlds/share/nanosaur_worlds/worlds/office.sdf
[0.526s] -- Up-to-date: /home/user/nanosaur/install/nanosaur_worlds/share/nanosaur_worlds/worlds/lab.world
[0.529s] -- Up-to-date: /home/user/nanosaur/install/nanosaur_worlds/share/nanosaur_worlds/worlds/empty.world
[0.531s] -- Installing: /home/user/nanosaur/install/nanosaur_worlds/share/nanosaur_worlds/worlds/myroom.world
[0.532s] -- Up-to-date: /home/user/nanosaur/install/nanosaur_worlds/share/ament_index/resource_index/package_run_dependencies/nanosaur_worlds
[0.533s] -- Up-to-date: /home/user/nanosaur/install/nanosaur_worlds/share/ament_index/resource_index/parent_prefix_path/nanosaur_worlds
[0.539s] -- Up-to-date: /home/user/nanosaur/install/nanosaur_worlds/share/nanosaur_worlds/environment/ament_prefix_path.sh
[0.539s] -- Up-to-date: /home/user/nanosaur/install/nanosaur_worlds/share/nanosaur_worlds/environment/ament_prefix_path.dsv
[0.540s] -- Up-to-date: /home/user/nanosaur/install/nanosaur_worlds/share/nanosaur_worlds/environment/path.sh
[0.540s] -- Up-to-date: /home/user/nanosaur/install/nanosaur_worlds/share/nanosaur_worlds/environment/path.dsv
[0.543s] -- Up-to-date: /home/user/nanosaur/install/nanosaur_worlds/share/nanosaur_worlds/local_setup.bash
[0.545s] -- Up-to-date: /home/user/nanosaur/install/nanosaur_worlds/share/nanosaur_worlds/local_setup.sh
[0.548s] -- Up-to-date: /home/user/nanosaur/install/nanosaur_worlds/share/nanosaur_worlds/local_setup.zsh
[0.549s] -- Up-to-date: /home/user/nanosaur/install/nanosaur_worlds/share/nanosaur_worlds/local_setup.dsv
[0.551s] -- Up-to-date: /home/user/nanosaur/install/nanosaur_worlds/share/nanosaur_worlds/package.dsv
[0.553s] -- Up-to-date: /home/user/nanosaur/install/nanosaur_worlds/share/ament_index/resource_index/packages/nanosaur_worlds
[0.554s] -- Up-to-date: /home/user/nanosaur/install/nanosaur_worlds/share/nanosaur_worlds/cmake/nanosaur_worldsConfig.cmake
[0.555s] -- Up-to-date: /home/user/nanosaur/install/nanosaur_worlds/share/nanosaur_worlds/cmake/nanosaur_worldsConfig-version.cmake
[0.557s] -- Up-to-date: /home/user/nanosaur/install/nanosaur_worlds/share/nanosaur_worlds/package.xml
[0.565s] Invoked command in '/home/user/nanosaur/build/nanosaur_worlds' returned '0': CMAKE_PREFIX_PATH=${CMAKE_PREFIX_PATH}:/home/shh/stmoon/install/nanosaur_ignition:/opt/ros/humble /usr/bin/cmake --install /home/user/nanosaur/build/nanosaur_worlds
