-- Found ament_cmake: 1.3.4 (/opt/ros/humble/share/ament_cmake/cmake)
-- Found Python3: /usr/bin/python3.10 (found version "3.10.6") found components: Interpreter 
-- Configuring done
-- Generating done
-- Build files have been written to: /home/user/nanosaur/build/nanosaur
-- Install configuration: ""
-- Installing: /home/user/nanosaur/install/nanosaur/share/ament_index/resource_index/package_run_dependencies/nanosaur
-- Installing: /home/user/nanosaur/install/nanosaur/share/ament_index/resource_index/parent_prefix_path/nanosaur
-- Installing: /home/user/nanosaur/install/nanosaur/share/nanosaur/environment/ament_prefix_path.sh
-- Installing: /home/user/nanosaur/install/nanosaur/share/nanosaur/environment/ament_prefix_path.dsv
-- Installing: /home/user/nanosaur/install/nanosaur/share/nanosaur/environment/path.sh
-- Installing: /home/user/nanosaur/install/nanosaur/share/nanosaur/environment/path.dsv
-- Installing: /home/user/nanosaur/install/nanosaur/share/nanosaur/local_setup.bash
-- Installing: /home/user/nanosaur/install/nanosaur/share/nanosaur/local_setup.sh
-- Installing: /home/user/nanosaur/install/nanosaur/share/nanosaur/local_setup.zsh
-- Installing: /home/user/nanosaur/install/nanosaur/share/nanosaur/local_setup.dsv
-- Installing: /home/user/nanosaur/install/nanosaur/share/nanosaur/package.dsv
-- Installing: /home/user/nanosaur/install/nanosaur/share/ament_index/resource_index/packages/nanosaur
-- Installing: /home/user/nanosaur/install/nanosaur/share/nanosaur/cmake/nanosaurConfig.cmake
-- Installing: /home/user/nanosaur/install/nanosaur/share/nanosaur/cmake/nanosaurConfig-version.cmake
-- Installing: /home/user/nanosaur/install/nanosaur/share/nanosaur/package.xml
