[0.005s] Invoking command in '/home/user/nanosaur/build/nanosaur': AMENT_PREFIX_PATH=/home/user/nanosaur/install/nanosaur_msgs:/home/user/nanosaur/install/nanosaur_description:/home/user/nanosaur/install/nanosaur_control:${AMENT_PREFIX_PATH} CMAKE_PREFIX_PATH=/home/user/nanosaur/install/nanosaur_msgs:/home/user/nanosaur/install/nanosaur_description:/home/user/nanosaur/install/nanosaur_control:/opt/ros/humble LD_LIBRARY_PATH=/home/user/nanosaur/install/nanosaur_msgs/lib:${LD_LIBRARY_PATH} PYTHONPATH=/home/user/nanosaur/install/nanosaur_msgs/local/lib/python3.10/dist-packages:${PYTHONPATH} /usr/bin/cmake /home/user/nanosaur/src/nanosaur/nanosaur -DCMAKE_INSTALL_PREFIX=/home/user/nanosaur/install/nanosaur
[0.013s] -- Found ament_cmake: 1.3.4 (/opt/ros/humble/share/ament_cmake/cmake)
[0.116s] -- Found Python3: /usr/bin/python3.10 (found version "3.10.6") found components: Interpreter 
[0.199s] -- Configuring done
[0.201s] -- Generating done
[0.201s] -- Build files have been written to: /home/user/nanosaur/build/nanosaur
[0.203s] Invoked command in '/home/user/nanosaur/build/nanosaur' returned '0': AMENT_PREFIX_PATH=/home/user/nanosaur/install/nanosaur_msgs:/home/user/nanosaur/install/nanosaur_description:/home/user/nanosaur/install/nanosaur_control:${AMENT_PREFIX_PATH} CMAKE_PREFIX_PATH=/home/user/nanosaur/install/nanosaur_msgs:/home/user/nanosaur/install/nanosaur_description:/home/user/nanosaur/install/nanosaur_control:/opt/ros/humble LD_LIBRARY_PATH=/home/user/nanosaur/install/nanosaur_msgs/lib:${LD_LIBRARY_PATH} PYTHONPATH=/home/user/nanosaur/install/nanosaur_msgs/local/lib/python3.10/dist-packages:${PYTHONPATH} /usr/bin/cmake /home/user/nanosaur/src/nanosaur/nanosaur -DCMAKE_INSTALL_PREFIX=/home/user/nanosaur/install/nanosaur
[0.204s] Invoking command in '/home/user/nanosaur/build/nanosaur': AMENT_PREFIX_PATH=/home/user/nanosaur/install/nanosaur_msgs:/home/user/nanosaur/install/nanosaur_description:/home/user/nanosaur/install/nanosaur_control:${AMENT_PREFIX_PATH} CMAKE_PREFIX_PATH=/home/user/nanosaur/install/nanosaur_msgs:/home/user/nanosaur/install/nanosaur_description:/home/user/nanosaur/install/nanosaur_control:/opt/ros/humble LD_LIBRARY_PATH=/home/user/nanosaur/install/nanosaur_msgs/lib:${LD_LIBRARY_PATH} PYTHONPATH=/home/user/nanosaur/install/nanosaur_msgs/local/lib/python3.10/dist-packages:${PYTHONPATH} /usr/bin/cmake --build /home/user/nanosaur/build/nanosaur -- -j16 -l16
[0.221s] Invoked command in '/home/user/nanosaur/build/nanosaur' returned '0': AMENT_PREFIX_PATH=/home/user/nanosaur/install/nanosaur_msgs:/home/user/nanosaur/install/nanosaur_description:/home/user/nanosaur/install/nanosaur_control:${AMENT_PREFIX_PATH} CMAKE_PREFIX_PATH=/home/user/nanosaur/install/nanosaur_msgs:/home/user/nanosaur/install/nanosaur_description:/home/user/nanosaur/install/nanosaur_control:/opt/ros/humble LD_LIBRARY_PATH=/home/user/nanosaur/install/nanosaur_msgs/lib:${LD_LIBRARY_PATH} PYTHONPATH=/home/user/nanosaur/install/nanosaur_msgs/local/lib/python3.10/dist-packages:${PYTHONPATH} /usr/bin/cmake --build /home/user/nanosaur/build/nanosaur -- -j16 -l16
[0.232s] Invoking command in '/home/user/nanosaur/build/nanosaur': AMENT_PREFIX_PATH=/home/user/nanosaur/install/nanosaur_msgs:/home/user/nanosaur/install/nanosaur_description:/home/user/nanosaur/install/nanosaur_control:${AMENT_PREFIX_PATH} CMAKE_PREFIX_PATH=/home/user/nanosaur/install/nanosaur_msgs:/home/user/nanosaur/install/nanosaur_description:/home/user/nanosaur/install/nanosaur_control:/opt/ros/humble LD_LIBRARY_PATH=/home/user/nanosaur/install/nanosaur_msgs/lib:${LD_LIBRARY_PATH} PYTHONPATH=/home/user/nanosaur/install/nanosaur_msgs/local/lib/python3.10/dist-packages:${PYTHONPATH} /usr/bin/cmake --install /home/user/nanosaur/build/nanosaur
[0.235s] -- Install configuration: ""
[0.235s] -- Installing: /home/user/nanosaur/install/nanosaur/share/ament_index/resource_index/package_run_dependencies/nanosaur
[0.236s] -- Installing: /home/user/nanosaur/install/nanosaur/share/ament_index/resource_index/parent_prefix_path/nanosaur
[0.236s] -- Installing: /home/user/nanosaur/install/nanosaur/share/nanosaur/environment/ament_prefix_path.sh
[0.236s] -- Installing: /home/user/nanosaur/install/nanosaur/share/nanosaur/environment/ament_prefix_path.dsv
[0.236s] -- Installing: /home/user/nanosaur/install/nanosaur/share/nanosaur/environment/path.sh
[0.236s] -- Installing: /home/user/nanosaur/install/nanosaur/share/nanosaur/environment/path.dsv
[0.236s] -- Installing: /home/user/nanosaur/install/nanosaur/share/nanosaur/local_setup.bash
[0.236s] -- Installing: /home/user/nanosaur/install/nanosaur/share/nanosaur/local_setup.sh
[0.236s] -- Installing: /home/user/nanosaur/install/nanosaur/share/nanosaur/local_setup.zsh
[0.236s] -- Installing: /home/user/nanosaur/install/nanosaur/share/nanosaur/local_setup.dsv
[0.236s] -- Installing: /home/user/nanosaur/install/nanosaur/share/nanosaur/package.dsv
[0.236s] -- Installing: /home/user/nanosaur/install/nanosaur/share/ament_index/resource_index/packages/nanosaur
[0.236s] -- Installing: /home/user/nanosaur/install/nanosaur/share/nanosaur/cmake/nanosaurConfig.cmake
[0.236s] -- Installing: /home/user/nanosaur/install/nanosaur/share/nanosaur/cmake/nanosaurConfig-version.cmake
[0.236s] -- Installing: /home/user/nanosaur/install/nanosaur/share/nanosaur/package.xml
[0.238s] Invoked command in '/home/user/nanosaur/build/nanosaur' returned '0': AMENT_PREFIX_PATH=/home/user/nanosaur/install/nanosaur_msgs:/home/user/nanosaur/install/nanosaur_description:/home/user/nanosaur/install/nanosaur_control:${AMENT_PREFIX_PATH} CMAKE_PREFIX_PATH=/home/user/nanosaur/install/nanosaur_msgs:/home/user/nanosaur/install/nanosaur_description:/home/user/nanosaur/install/nanosaur_control:/opt/ros/humble LD_LIBRARY_PATH=/home/user/nanosaur/install/nanosaur_msgs/lib:${LD_LIBRARY_PATH} PYTHONPATH=/home/user/nanosaur/install/nanosaur_msgs/local/lib/python3.10/dist-packages:${PYTHONPATH} /usr/bin/cmake --install /home/user/nanosaur/build/nanosaur
