[0.014s] Invoking command in '/home/user/nanosaur/build/nanosaur_gazebo': AMENT_PREFIX_PATH=/home/user/nanosaur/install/nanosaur_description:/home/user/nanosaur/install/nanosaur_control:${AMENT_PREFIX_PATH} CMAKE_PREFIX_PATH=/home/user/nanosaur/install/nanosaur_description:/home/user/nanosaur/install/nanosaur_control:/opt/ros/humble /usr/bin/cmake --build /home/user/nanosaur/build/nanosaur_gazebo -- -j16 -l16
[0.050s] Invoked command in '/home/user/nanosaur/build/nanosaur_gazebo' returned '0': AMENT_PREFIX_PATH=/home/user/nanosaur/install/nanosaur_description:/home/user/nanosaur/install/nanosaur_control:${AMENT_PREFIX_PATH} CMAKE_PREFIX_PATH=/home/user/nanosaur/install/nanosaur_description:/home/user/nanosaur/install/nanosaur_control:/opt/ros/humble /usr/bin/cmake --build /home/user/nanosaur/build/nanosaur_gazebo -- -j16 -l16
[0.080s] Invoking command in '/home/user/nanosaur/build/nanosaur_gazebo': AMENT_PREFIX_PATH=/home/user/nanosaur/install/nanosaur_description:/home/user/nanosaur/install/nanosaur_control:${AMENT_PREFIX_PATH} CMAKE_PREFIX_PATH=/home/user/nanosaur/install/nanosaur_description:/home/user/nanosaur/install/nanosaur_control:/opt/ros/humble /usr/bin/cmake --install /home/user/nanosaur/build/nanosaur_gazebo
[0.088s] -- Install configuration: ""
[0.092s] -- Up-to-date: /home/user/nanosaur/install/nanosaur_gazebo/share/nanosaur_gazebo/launch
[0.093s] -- Installing: /home/user/nanosaur/install/nanosaur_gazebo/share/nanosaur_gazebo/launch/gazebo.launch.py
[0.093s] -- Up-to-date: /home/user/nanosaur/install/nanosaur_gazebo/share/nanosaur_gazebo/launch/robot_state_publisher.launch.py
[0.096s] -- Up-to-date: /home/user/nanosaur/install/nanosaur_gazebo/share/nanosaur_gazebo/urdf
[0.098s] -- Up-to-date: /home/user/nanosaur/install/nanosaur_gazebo/share/nanosaur_gazebo/urdf/sensors
[0.100s] -- Up-to-date: /home/user/nanosaur/install/nanosaur_gazebo/share/nanosaur_gazebo/urdf/sensors/wide.gazebo.xacro
[0.102s] -- Up-to-date: /home/user/nanosaur/install/nanosaur_gazebo/share/nanosaur_gazebo/urdf/sensors/realsense.gazebo.xacro
[0.105s] -- Up-to-date: /home/user/nanosaur/install/nanosaur_gazebo/share/nanosaur_gazebo/urdf/sensors/zed.gazebo.xacro
[0.111s] -- Up-to-date: /home/user/nanosaur/install/nanosaur_gazebo/share/nanosaur_gazebo/urdf/sensors/camera.gazebo.xacro
[0.113s] -- Up-to-date: /home/user/nanosaur/install/nanosaur_gazebo/share/nanosaur_gazebo/urdf/sensors/imu.gazebo.xacro
[0.115s] -- Up-to-date: /home/user/nanosaur/install/nanosaur_gazebo/share/nanosaur_gazebo/urdf/diff_drive.gazebo.xacro
[0.118s] -- Up-to-date: /home/user/nanosaur/install/nanosaur_gazebo/share/nanosaur_gazebo/urdf/nanosaur.gazebo.xacro
[0.120s] -- Up-to-date: /home/user/nanosaur/install/nanosaur_gazebo/share/nanosaur_gazebo/urdf/nanosaur.gazebo.sdf
[0.122s] -- Up-to-date: /home/user/nanosaur/install/nanosaur_gazebo/share/nanosaur_gazebo/urdf/nanosaur.gazebo.urdf
[0.127s] -- Up-to-date: /home/user/nanosaur/install/nanosaur_gazebo/share/ament_index/resource_index/package_run_dependencies/nanosaur_gazebo
[0.130s] -- Up-to-date: /home/user/nanosaur/install/nanosaur_gazebo/share/ament_index/resource_index/parent_prefix_path/nanosaur_gazebo
[0.132s] -- Up-to-date: /home/user/nanosaur/install/nanosaur_gazebo/share/nanosaur_gazebo/environment/ament_prefix_path.sh
[0.134s] -- Up-to-date: /home/user/nanosaur/install/nanosaur_gazebo/share/nanosaur_gazebo/environment/ament_prefix_path.dsv
[0.136s] -- Up-to-date: /home/user/nanosaur/install/nanosaur_gazebo/share/nanosaur_gazebo/environment/path.sh
[0.138s] -- Up-to-date: /home/user/nanosaur/install/nanosaur_gazebo/share/nanosaur_gazebo/environment/path.dsv
[0.140s] -- Up-to-date: /home/user/nanosaur/install/nanosaur_gazebo/share/nanosaur_gazebo/local_setup.bash
[0.142s] -- Up-to-date: /home/user/nanosaur/install/nanosaur_gazebo/share/nanosaur_gazebo/local_setup.sh
[0.144s] -- Up-to-date: /home/user/nanosaur/install/nanosaur_gazebo/share/nanosaur_gazebo/local_setup.zsh
[0.147s] -- Up-to-date: /home/user/nanosaur/install/nanosaur_gazebo/share/nanosaur_gazebo/local_setup.dsv
[0.151s] -- Installing: /home/user/nanosaur/install/nanosaur_gazebo/share/nanosaur_gazebo/package.dsv
[0.152s] -- Up-to-date: /home/user/nanosaur/install/nanosaur_gazebo/share/ament_index/resource_index/packages/nanosaur_gazebo
[0.153s] -- Up-to-date: /home/user/nanosaur/install/nanosaur_gazebo/share/nanosaur_gazebo/cmake/nanosaur_gazeboConfig.cmake
[0.155s] -- Up-to-date: /home/user/nanosaur/install/nanosaur_gazebo/share/nanosaur_gazebo/cmake/nanosaur_gazeboConfig-version.cmake
[0.157s] -- Up-to-date: /home/user/nanosaur/install/nanosaur_gazebo/share/nanosaur_gazebo/package.xml
[0.162s] Invoked command in '/home/user/nanosaur/build/nanosaur_gazebo' returned '0': AMENT_PREFIX_PATH=/home/user/nanosaur/install/nanosaur_description:/home/user/nanosaur/install/nanosaur_control:${AMENT_PREFIX_PATH} CMAKE_PREFIX_PATH=/home/user/nanosaur/install/nanosaur_description:/home/user/nanosaur/install/nanosaur_control:/opt/ros/humble /usr/bin/cmake --install /home/user/nanosaur/build/nanosaur_gazebo
