[0.019s] Invoking command in '/home/user/nanosaur/build/nanosaur_control': CMAKE_PREFIX_PATH=/opt/ros/humble /usr/bin/cmake /home/user/nanosaur/src/nanosaur/nanosaur_control -DCMAKE_INSTALL_PREFIX=/home/user/nanosaur/install/nanosaur_control
[0.059s] -- The C compiler identification is GNU 11.3.0
[0.098s] -- The CXX compiler identification is GNU 11.3.0
[0.104s] -- Detecting C compiler ABI info
[0.157s] -- Detecting C compiler ABI info - done
[0.164s] -- Check for working C compiler: /usr/bin/cc - skipped
[0.164s] -- Detecting C compile features
[0.165s] -- Detecting C compile features - done
[0.168s] -- Detecting CXX compiler ABI info
[0.214s] -- Detecting CXX compiler ABI info - done
[0.219s] -- Check for working CXX compiler: /usr/bin/c++ - skipped
[0.219s] -- Detecting CXX compile features
[0.220s] -- Detecting CXX compile features - done
[0.221s] -- Found ament_cmake: 1.3.4 (/opt/ros/humble/share/ament_cmake/cmake)
[0.335s] -- Found Python3: /usr/bin/python3.10 (found version "3.10.6") found components: Interpreter 
[0.445s] -- Configuring done
[0.448s] -- Generating done
[0.449s] -- Build files have been written to: /home/user/nanosaur/build/nanosaur_control
[0.452s] Invoked command in '/home/user/nanosaur/build/nanosaur_control' returned '0': CMAKE_PREFIX_PATH=/opt/ros/humble /usr/bin/cmake /home/user/nanosaur/src/nanosaur/nanosaur_control -DCMAKE_INSTALL_PREFIX=/home/user/nanosaur/install/nanosaur_control
[0.452s] Invoking command in '/home/user/nanosaur/build/nanosaur_control': CMAKE_PREFIX_PATH=/opt/ros/humble /usr/bin/cmake --build /home/user/nanosaur/build/nanosaur_control -- -j16 -l16
[0.473s] Invoked command in '/home/user/nanosaur/build/nanosaur_control' returned '0': CMAKE_PREFIX_PATH=/opt/ros/humble /usr/bin/cmake --build /home/user/nanosaur/build/nanosaur_control -- -j16 -l16
[0.490s] Invoking command in '/home/user/nanosaur/build/nanosaur_control': CMAKE_PREFIX_PATH=/opt/ros/humble /usr/bin/cmake --install /home/user/nanosaur/build/nanosaur_control
[0.494s] -- Install configuration: ""
[0.494s] -- Installing: /home/user/nanosaur/install/nanosaur_control/share/nanosaur_control/launch
[0.494s] -- Installing: /home/user/nanosaur/install/nanosaur_control/share/nanosaur_control/launch/teleop.launch.py
[0.494s] -- Installing: /home/user/nanosaur/install/nanosaur_control/share/nanosaur_control/launch/twist_control.launch.py
[0.494s] -- Installing: /home/user/nanosaur/install/nanosaur_control/share/nanosaur_control/config
[0.494s] -- Installing: /home/user/nanosaur/install/nanosaur_control/share/nanosaur_control/config/ps3.nanosaur.yml
[0.494s] -- Installing: /home/user/nanosaur/install/nanosaur_control/share/nanosaur_control/config/twist_mux_locks.yaml
[0.495s] -- Installing: /home/user/nanosaur/install/nanosaur_control/share/nanosaur_control/config/twist_mux_topics.yaml
[0.495s] -- Installing: /home/user/nanosaur/install/nanosaur_control/share/nanosaur_control/config/joystick.yaml
[0.495s] -- Installing: /home/user/nanosaur/install/nanosaur_control/share/ament_index/resource_index/package_run_dependencies/nanosaur_control
[0.495s] -- Installing: /home/user/nanosaur/install/nanosaur_control/share/ament_index/resource_index/parent_prefix_path/nanosaur_control
[0.495s] -- Installing: /home/user/nanosaur/install/nanosaur_control/share/nanosaur_control/environment/ament_prefix_path.sh
[0.495s] -- Installing: /home/user/nanosaur/install/nanosaur_control/share/nanosaur_control/environment/ament_prefix_path.dsv
[0.495s] -- Installing: /home/user/nanosaur/install/nanosaur_control/share/nanosaur_control/environment/path.sh
[0.495s] -- Installing: /home/user/nanosaur/install/nanosaur_control/share/nanosaur_control/environment/path.dsv
[0.495s] -- Installing: /home/user/nanosaur/install/nanosaur_control/share/nanosaur_control/local_setup.bash
[0.495s] -- Installing: /home/user/nanosaur/install/nanosaur_control/share/nanosaur_control/local_setup.sh
[0.496s] -- Installing: /home/user/nanosaur/install/nanosaur_control/share/nanosaur_control/local_setup.zsh
[0.496s] -- Installing: /home/user/nanosaur/install/nanosaur_control/share/nanosaur_control/local_setup.dsv
[0.496s] -- Installing: /home/user/nanosaur/install/nanosaur_control/share/nanosaur_control/package.dsv
[0.496s] -- Installing: /home/user/nanosaur/install/nanosaur_control/share/ament_index/resource_index/packages/nanosaur_control
[0.496s] -- Installing: /home/user/nanosaur/install/nanosaur_control/share/nanosaur_control/cmake/nanosaur_controlConfig.cmake
[0.496s] -- Installing: /home/user/nanosaur/install/nanosaur_control/share/nanosaur_control/cmake/nanosaur_controlConfig-version.cmake
[0.496s] -- Installing: /home/user/nanosaur/install/nanosaur_control/share/nanosaur_control/package.xml
[0.499s] Invoked command in '/home/user/nanosaur/build/nanosaur_control' returned '0': CMAKE_PREFIX_PATH=/opt/ros/humble /usr/bin/cmake --install /home/user/nanosaur/build/nanosaur_control
