[0.044s] Invoking command in '/home/user/nanosaur/build/nanosaur_worlds': CMAKE_PREFIX_PATH=${CMAKE_PREFIX_PATH}:/home/user/nanosaur/install/ros2_camera_receiver:/opt/ros/humble /usr/bin/cmake --build /home/user/nanosaur/build/nanosaur_worlds -- -j16 -l16
[0.323s] Invoked command in '/home/user/nanosaur/build/nanosaur_worlds' returned '0': CMAKE_PREFIX_PATH=${CMAKE_PREFIX_PATH}:/home/user/nanosaur/install/ros2_camera_receiver:/opt/ros/humble /usr/bin/cmake --build /home/user/nanosaur/build/nanosaur_worlds -- -j16 -l16
[0.363s] Invoking command in '/home/user/nanosaur/build/nanosaur_worlds': CMAKE_PREFIX_PATH=${CMAKE_PREFIX_PATH}:/home/user/nanosaur/install/ros2_camera_receiver:/opt/ros/humble /usr/bin/cmake --install /home/user/nanosaur/build/nanosaur_worlds
[0.375s] -- Install configuration: ""
[0.375s] -- Up-to-date: /home/user/nanosaur/install/nanosaur_worlds/share/nanosaur_worlds/models
[0.379s] -- Up-to-date: /home/user/nanosaur/install/nanosaur_worlds/share/nanosaur_worlds/models/OfficeChairBlack
[0.388s] -- Up-to-date: /home/user/nanosaur/install/nanosaur_worlds/share/nanosaur_worlds/models/OfficeChairBlack/meshes
[0.388s] -- Up-to-date: /home/user/nanosaur/install/nanosaur_worlds/share/nanosaur_worlds/models/OfficeChairBlack/meshes/OfficeChairBlack_Col.obj
[0.388s] -- Up-to-date: /home/user/nanosaur/install/nanosaur_worlds/share/nanosaur_worlds/models/OfficeChairBlack/meshes/OfficeChairBlack_Col.mtl
[0.388s] -- Up-to-date: /home/user/nanosaur/install/nanosaur_worlds/share/nanosaur_worlds/models/OfficeChairBlack/meshes/OfficeChairBlack.obj
[0.388s] -- Up-to-date: /home/user/nanosaur/install/nanosaur_worlds/share/nanosaur_worlds/models/OfficeChairBlack/meshes/OfficeChairBlack.mtl
[0.388s] -- Up-to-date: /home/user/nanosaur/install/nanosaur_worlds/share/nanosaur_worlds/models/OfficeChairBlack/meshes/OfficeChairBlack.png
[0.389s] -- Up-to-date: /home/user/nanosaur/install/nanosaur_worlds/share/nanosaur_worlds/models/OfficeChairBlack/model.config
[0.389s] -- Up-to-date: /home/user/nanosaur/install/nanosaur_worlds/share/nanosaur_worlds/models/OfficeChairBlack/thumbnails
[0.389s] -- Up-to-date: /home/user/nanosaur/install/nanosaur_worlds/share/nanosaur_worlds/models/OfficeChairBlack/thumbnails/4.png
[0.389s] -- Up-to-date: /home/user/nanosaur/install/nanosaur_worlds/share/nanosaur_worlds/models/OfficeChairBlack/thumbnails/3.png
[0.389s] -- Up-to-date: /home/user/nanosaur/install/nanosaur_worlds/share/nanosaur_worlds/models/OfficeChairBlack/thumbnails/meta
[0.389s] -- Up-to-date: /home/user/nanosaur/install/nanosaur_worlds/share/nanosaur_worlds/models/OfficeChairBlack/thumbnails/meta/4.png
[0.389s] -- Up-to-date: /home/user/nanosaur/install/nanosaur_worlds/share/nanosaur_worlds/models/OfficeChairBlack/thumbnails/meta/3.png
[0.389s] -- Up-to-date: /home/user/nanosaur/install/nanosaur_worlds/share/nanosaur_worlds/models/OfficeChairBlack/thumbnails/meta/1.png
[0.390s] -- Up-to-date: /home/user/nanosaur/install/nanosaur_worlds/share/nanosaur_worlds/models/OfficeChairBlack/thumbnails/meta/2.png
[0.390s] -- Up-to-date: /home/user/nanosaur/install/nanosaur_worlds/share/nanosaur_worlds/models/OfficeChairBlack/thumbnails/meta/5.png
[0.390s] -- Up-to-date: /home/user/nanosaur/install/nanosaur_worlds/share/nanosaur_worlds/models/OfficeChairBlack/thumbnails/1.png
[0.390s] -- Up-to-date: /home/user/nanosaur/install/nanosaur_worlds/share/nanosaur_worlds/models/OfficeChairBlack/thumbnails/2.png
[0.390s] -- Up-to-date: /home/user/nanosaur/install/nanosaur_worlds/share/nanosaur_worlds/models/OfficeChairBlack/thumbnails/5.png
[0.390s] -- Up-to-date: /home/user/nanosaur/install/nanosaur_worlds/share/nanosaur_worlds/models/OfficeChairBlack/model.sdf
[0.390s] -- Up-to-date: /home/user/nanosaur/install/nanosaur_worlds/share/nanosaur_worlds/models/mini_office
[0.390s] -- Up-to-date: /home/user/nanosaur/install/nanosaur_worlds/share/nanosaur_worlds/models/mini_office/meshes
[0.390s] -- Up-to-date: /home/user/nanosaur/install/nanosaur_worlds/share/nanosaur_worlds/models/mini_office/meshes/mini_office.dae
[0.391s] -- Up-to-date: /home/user/nanosaur/install/nanosaur_worlds/share/nanosaur_worlds/models/mini_office/model.config
[0.391s] -- Up-to-date: /home/user/nanosaur/install/nanosaur_worlds/share/nanosaur_worlds/models/mini_office/model.sdf
[0.391s] -- Up-to-date: /home/user/nanosaur/install/nanosaur_worlds/share/nanosaur_worlds/models/mini_office/materials
[0.391s] -- Up-to-date: /home/user/nanosaur/install/nanosaur_worlds/share/nanosaur_worlds/models/mini_office/materials/scripts
[0.391s] -- Up-to-date: /home/user/nanosaur/install/nanosaur_worlds/share/nanosaur_worlds/models/mini_office/materials/scripts/model.material
[0.391s] -- Up-to-date: /home/user/nanosaur/install/nanosaur_worlds/share/nanosaur_worlds/models/mini_office/materials/textures
[0.391s] -- Up-to-date: /home/user/nanosaur/install/nanosaur_worlds/share/nanosaur_worlds/models/mini_office/materials/textures/LightmapEqualizeHistogram.png
[0.391s] -- Up-to-date: /home/user/nanosaur/install/nanosaur_worlds/share/nanosaur_worlds/models/mini_office/materials/textures/Wall_Roughness.png
[0.392s] -- Up-to-date: /home/user/nanosaur/install/nanosaur_worlds/share/nanosaur_worlds/models/mini_office/materials/textures/IndoorCubemap.dds
[0.393s] -- Up-to-date: /home/user/nanosaur/install/nanosaur_worlds/share/nanosaur_worlds/models/mini_office/materials/textures/Wall_Albedo.png
[0.393s] -- Up-to-date: /home/user/nanosaur/install/nanosaur_worlds/share/nanosaur_worlds/models/mini_office/materials/textures/Floor_Albedo.png
[0.393s] -- Up-to-date: /home/user/nanosaur/install/nanosaur_worlds/share/nanosaur_worlds/models/mini_office/materials/textures/Floor_Roughness.png
[0.393s] -- Up-to-date: /home/user/nanosaur/install/nanosaur_worlds/share/nanosaur_worlds/models/mini_office/materials/textures/Floor_Normal.png
[0.393s] -- Up-to-date: /home/user/nanosaur/install/nanosaur_worlds/share/nanosaur_worlds/models/mini_office/materials/textures/Wall_White.png
[0.393s] -- Up-to-date: /home/user/nanosaur/install/nanosaur_worlds/share/nanosaur_worlds/models/cube_cozmo
[0.393s] -- Up-to-date: /home/user/nanosaur/install/nanosaur_worlds/share/nanosaur_worlds/models/cube_cozmo/meshes
[0.393s] -- Up-to-date: /home/user/nanosaur/install/nanosaur_worlds/share/nanosaur_worlds/models/cube_cozmo/meshes/cube_qr_top.dae
[0.393s] -- Up-to-date: /home/user/nanosaur/install/nanosaur_worlds/share/nanosaur_worlds/models/cube_cozmo/meshes/cube_qr_top1.dae
[0.394s] -- Up-to-date: /home/user/nanosaur/install/nanosaur_worlds/share/nanosaur_worlds/models/cube_cozmo/meshes/cube_cozmo.dae
[0.394s] -- Up-to-date: /home/user/nanosaur/install/nanosaur_worlds/share/nanosaur_worlds/models/cube_cozmo/meshes/cube_colored.dae
[0.394s] -- Up-to-date: /home/user/nanosaur/install/nanosaur_worlds/share/nanosaur_worlds/models/cube_cozmo/meshes/download.png
[0.394s] -- Up-to-date: /home/user/nanosaur/install/nanosaur_worlds/share/nanosaur_worlds/models/cube_cozmo/meshes/cube_qr_top_all.dae
[0.394s] -- Up-to-date: /home/user/nanosaur/install/nanosaur_worlds/share/nanosaur_worlds/models/cube_cozmo/meshes/Marker0.png
[0.394s] -- Up-to-date: /home/user/nanosaur/install/nanosaur_worlds/share/nanosaur_worlds/models/cube_cozmo/meshes/Marker0000.png
[0.394s] -- Up-to-date: /home/user/nanosaur/install/nanosaur_worlds/share/nanosaur_worlds/models/cube_cozmo/model.config
[0.394s] -- Up-to-date: /home/user/nanosaur/install/nanosaur_worlds/share/nanosaur_worlds/models/cube_cozmo/model.sdf
[0.394s] -- Up-to-date: /home/user/nanosaur/install/nanosaur_worlds/share/nanosaur_worlds/models/BABY_CAR
[0.395s] -- Up-to-date: /home/user/nanosaur/install/nanosaur_worlds/share/nanosaur_worlds/models/BABY_CAR/meshes
[0.395s] -- Up-to-date: /home/user/nanosaur/install/nanosaur_worlds/share/nanosaur_worlds/models/BABY_CAR/meshes/model.mtl
[0.395s] -- Up-to-date: /home/user/nanosaur/install/nanosaur_worlds/share/nanosaur_worlds/models/BABY_CAR/meshes/model.obj
[0.395s] -- Up-to-date: /home/user/nanosaur/install/nanosaur_worlds/share/nanosaur_worlds/models/BABY_CAR/model.config
[0.395s] -- Up-to-date: /home/user/nanosaur/install/nanosaur_worlds/share/nanosaur_worlds/models/BABY_CAR/thumbnails
[0.395s] -- Up-to-date: /home/user/nanosaur/install/nanosaur_worlds/share/nanosaur_worlds/models/BABY_CAR/thumbnails/3.jpg
[0.395s] -- Up-to-date: /home/user/nanosaur/install/nanosaur_worlds/share/nanosaur_worlds/models/BABY_CAR/thumbnails/0.jpg
[0.395s] -- Up-to-date: /home/user/nanosaur/install/nanosaur_worlds/share/nanosaur_worlds/models/BABY_CAR/thumbnails/4.jpg
[0.396s] -- Up-to-date: /home/user/nanosaur/install/nanosaur_worlds/share/nanosaur_worlds/models/BABY_CAR/thumbnails/2.jpg
[0.396s] -- Up-to-date: /home/user/nanosaur/install/nanosaur_worlds/share/nanosaur_worlds/models/BABY_CAR/thumbnails/1.jpg
[0.396s] -- Up-to-date: /home/user/nanosaur/install/nanosaur_worlds/share/nanosaur_worlds/models/BABY_CAR/model.sdf
[0.396s] -- Up-to-date: /home/user/nanosaur/install/nanosaur_worlds/share/nanosaur_worlds/models/BABY_CAR/materials
[0.396s] -- Up-to-date: /home/user/nanosaur/install/nanosaur_worlds/share/nanosaur_worlds/models/BABY_CAR/materials/textures
[0.396s] -- Up-to-date: /home/user/nanosaur/install/nanosaur_worlds/share/nanosaur_worlds/models/BABY_CAR/materials/textures/texture.png
[0.396s] -- Up-to-date: /home/user/nanosaur/install/nanosaur_worlds/share/nanosaur_worlds/models/BABY_CAR/metadata.pbtxt
[0.396s] -- Up-to-date: /home/user/nanosaur/install/nanosaur_worlds/share/nanosaur_worlds/models/Drawer
[0.397s] -- Up-to-date: /home/user/nanosaur/install/nanosaur_worlds/share/nanosaur_worlds/models/Drawer/meshes
[0.397s] -- Up-to-date: /home/user/nanosaur/install/nanosaur_worlds/share/nanosaur_worlds/models/Drawer/meshes/Drawer_Col.obj
[0.397s] -- Up-to-date: /home/user/nanosaur/install/nanosaur_worlds/share/nanosaur_worlds/models/Drawer/meshes/Drawer.obj
[0.397s] -- Up-to-date: /home/user/nanosaur/install/nanosaur_worlds/share/nanosaur_worlds/models/Drawer/meshes/Drawer.mtl
[0.397s] -- Up-to-date: /home/user/nanosaur/install/nanosaur_worlds/share/nanosaur_worlds/models/Drawer/meshes/Drawer.png
[0.397s] -- Up-to-date: /home/user/nanosaur/install/nanosaur_worlds/share/nanosaur_worlds/models/Drawer/model.config
[0.397s] -- Up-to-date: /home/user/nanosaur/install/nanosaur_worlds/share/nanosaur_worlds/models/Drawer/thumbnails
[0.398s] -- Up-to-date: /home/user/nanosaur/install/nanosaur_worlds/share/nanosaur_worlds/models/Drawer/thumbnails/4.png
[0.398s] -- Up-to-date: /home/user/nanosaur/install/nanosaur_worlds/share/nanosaur_worlds/models/Drawer/thumbnails/3.png
[0.398s] -- Up-to-date: /home/user/nanosaur/install/nanosaur_worlds/share/nanosaur_worlds/models/Drawer/thumbnails/1.png
[0.398s] -- Up-to-date: /home/user/nanosaur/install/nanosaur_worlds/share/nanosaur_worlds/models/Drawer/thumbnails/2.png
[0.398s] -- Up-to-date: /home/user/nanosaur/install/nanosaur_worlds/share/nanosaur_worlds/models/Drawer/thumbnails/5.png
[0.398s] -- Up-to-date: /home/user/nanosaur/install/nanosaur_worlds/share/nanosaur_worlds/models/Drawer/model.sdf
[0.398s] -- Up-to-date: /home/user/nanosaur/install/nanosaur_worlds/share/nanosaur_worlds/models/books
[0.398s] -- Up-to-date: /home/user/nanosaur/install/nanosaur_worlds/share/nanosaur_worlds/models/books/meshes
[0.399s] -- Up-to-date: /home/user/nanosaur/install/nanosaur_worlds/share/nanosaur_worlds/models/books/meshes/model
[0.399s] -- Up-to-date: /home/user/nanosaur/install/nanosaur_worlds/share/nanosaur_worlds/models/books/meshes/model/Books_1_21.jpg
[0.399s] -- Up-to-date: /home/user/nanosaur/install/nanosaur_worlds/share/nanosaur_worlds/models/books/meshes/model/Books_1_9.jpg
[0.399s] -- Up-to-date: /home/user/nanosaur/install/nanosaur_worlds/share/nanosaur_worlds/models/books/meshes/model/Books_1_10.jpg
[0.399s] -- Up-to-date: /home/user/nanosaur/install/nanosaur_worlds/share/nanosaur_worlds/models/books/meshes/model/Books_1_19.jpg
[0.399s] -- Up-to-date: /home/user/nanosaur/install/nanosaur_worlds/share/nanosaur_worlds/models/books/meshes/model/Books_1_17.jpg
[0.399s] -- Up-to-date: /home/user/nanosaur/install/nanosaur_worlds/share/nanosaur_worlds/models/books/meshes/model/Books_1_0.jpg
[0.399s] -- Up-to-date: /home/user/nanosaur/install/nanosaur_worlds/share/nanosaur_worlds/models/books/meshes/model/Books_1_18.jpg
[0.400s] -- Up-to-date: /home/user/nanosaur/install/nanosaur_worlds/share/nanosaur_worlds/models/books/meshes/model/Books_1_20.jpg
[0.400s] -- Up-to-date: /home/user/nanosaur/install/nanosaur_worlds/share/nanosaur_worlds/models/books/meshes/model/Books_1_14.jpg
[0.400s] -- Up-to-date: /home/user/nanosaur/install/nanosaur_worlds/share/nanosaur_worlds/models/books/meshes/model/Books_1_22.jpg
[0.400s] -- Up-to-date: /home/user/nanosaur/install/nanosaur_worlds/share/nanosaur_worlds/models/books/meshes/model/Books_1_1.jpg
[0.400s] -- Up-to-date: /home/user/nanosaur/install/nanosaur_worlds/share/nanosaur_worlds/models/books/meshes/model/Books_1_15.jpg
[0.400s] -- Up-to-date: /home/user/nanosaur/install/nanosaur_worlds/share/nanosaur_worlds/models/books/meshes/model/Books_1_34.jpg
[0.400s] -- Up-to-date: /home/user/nanosaur/install/nanosaur_worlds/share/nanosaur_worlds/models/books/meshes/model/Books_1_5.jpg
[0.400s] -- Up-to-date: /home/user/nanosaur/install/nanosaur_worlds/share/nanosaur_worlds/models/books/meshes/model/Books_1_33.jpg
[0.400s] -- Up-to-date: /home/user/nanosaur/install/nanosaur_worlds/share/nanosaur_worlds/models/books/meshes/model/Books_1_4.jpg
[0.400s] -- Up-to-date: /home/user/nanosaur/install/nanosaur_worlds/share/nanosaur_worlds/models/books/meshes/model/Books_1_23.jpg
[0.401s] -- Up-to-date: /home/user/nanosaur/install/nanosaur_worlds/share/nanosaur_worlds/models/books/meshes/model/Books_1_35.jpg
[0.403s] -- Up-to-date: /home/user/nanosaur/install/nanosaur_worlds/share/nanosaur_worlds/models/books/meshes/model/Books_1_7.jpg
[0.403s] -- Up-to-date: /home/user/nanosaur/install/nanosaur_worlds/share/nanosaur_worlds/models/books/meshes/model/Books_1_24.jpg
[0.403s] -- Up-to-date: /home/user/nanosaur/install/nanosaur_worlds/share/nanosaur_worlds/models/books/meshes/model/Books_1_29.jpg
[0.403s] -- Up-to-date: /home/user/nanosaur/install/nanosaur_worlds/share/nanosaur_worlds/models/books/meshes/model/Books_1_32.jpg
[0.403s] -- Up-to-date: /home/user/nanosaur/install/nanosaur_worlds/share/nanosaur_worlds/models/books/meshes/model/Books_1_13.jpg
[0.403s] -- Up-to-date: /home/user/nanosaur/install/nanosaur_worlds/share/nanosaur_worlds/models/books/meshes/model/Books_1.jpg
[0.403s] -- Up-to-date: /home/user/nanosaur/install/nanosaur_worlds/share/nanosaur_worlds/models/books/meshes/model/Books_1_6.jpg
[0.403s] -- Up-to-date: /home/user/nanosaur/install/nanosaur_worlds/share/nanosaur_worlds/models/books/meshes/model/Books_1_8.jpg
[0.403s] -- Up-to-date: /home/user/nanosaur/install/nanosaur_worlds/share/nanosaur_worlds/models/books/meshes/model/Books_1_28.jpg
[0.403s] -- Up-to-date: /home/user/nanosaur/install/nanosaur_worlds/share/nanosaur_worlds/models/books/meshes/model/Books_1_11.jpg
[0.403s] -- Up-to-date: /home/user/nanosaur/install/nanosaur_worlds/share/nanosaur_worlds/models/books/meshes/model/Books_1_3.jpg
[0.403s] -- Up-to-date: /home/user/nanosaur/install/nanosaur_worlds/share/nanosaur_worlds/models/books/meshes/model/Books_1_2.jpg
[0.404s] -- Up-to-date: /home/user/nanosaur/install/nanosaur_worlds/share/nanosaur_worlds/models/books/meshes/model/Books_1_30.jpg
[0.404s] -- Up-to-date: /home/user/nanosaur/install/nanosaur_worlds/share/nanosaur_worlds/models/books/meshes/model/Books_1_27.jpg
[0.404s] -- Up-to-date: /home/user/nanosaur/install/nanosaur_worlds/share/nanosaur_worlds/models/books/meshes/model/Books_1_25.jpg
[0.404s] -- Up-to-date: /home/user/nanosaur/install/nanosaur_worlds/share/nanosaur_worlds/models/books/meshes/model/Books_1_26.jpg
[0.404s] -- Up-to-date: /home/user/nanosaur/install/nanosaur_worlds/share/nanosaur_worlds/models/books/meshes/model/Books_1_12.jpg
[0.404s] -- Up-to-date: /home/user/nanosaur/install/nanosaur_worlds/share/nanosaur_worlds/models/books/meshes/model/Books_1_31.jpg
[0.404s] -- Up-to-date: /home/user/nanosaur/install/nanosaur_worlds/share/nanosaur_worlds/models/books/meshes/model/Books_1_16.jpg
[0.404s] -- Up-to-date: /home/user/nanosaur/install/nanosaur_worlds/share/nanosaur_worlds/models/books/meshes/model.dae
[0.404s] -- Up-to-date: /home/user/nanosaur/install/nanosaur_worlds/share/nanosaur_worlds/models/books/model.config
[0.404s] -- Up-to-date: /home/user/nanosaur/install/nanosaur_worlds/share/nanosaur_worlds/models/books/books.sdf
[0.404s] -- Up-to-date: /home/user/nanosaur/install/nanosaur_worlds/share/nanosaur_worlds/models/AdjTable
[0.405s] -- Up-to-date: /home/user/nanosaur/install/nanosaur_worlds/share/nanosaur_worlds/models/AdjTable/meshes
[0.405s] -- Up-to-date: /home/user/nanosaur/install/nanosaur_worlds/share/nanosaur_worlds/models/AdjTable/meshes/AdjTable_Col.obj
[0.405s] -- Up-to-date: /home/user/nanosaur/install/nanosaur_worlds/share/nanosaur_worlds/models/AdjTable/meshes/AdjTable.obj
[0.405s] -- Up-to-date: /home/user/nanosaur/install/nanosaur_worlds/share/nanosaur_worlds/models/AdjTable/meshes/AdjTable_Col.mtl
[0.405s] -- Up-to-date: /home/user/nanosaur/install/nanosaur_worlds/share/nanosaur_worlds/models/AdjTable/meshes/AdjTable_Diffuse.png
[0.405s] -- Up-to-date: /home/user/nanosaur/install/nanosaur_worlds/share/nanosaur_worlds/models/AdjTable/meshes/AdjTable.mtl
[0.405s] -- Up-to-date: /home/user/nanosaur/install/nanosaur_worlds/share/nanosaur_worlds/models/AdjTable/model.config
[0.405s] -- Up-to-date: /home/user/nanosaur/install/nanosaur_worlds/share/nanosaur_worlds/models/AdjTable/thumbnails
[0.405s] -- Up-to-date: /home/user/nanosaur/install/nanosaur_worlds/share/nanosaur_worlds/models/AdjTable/thumbnails/4.png
[0.405s] -- Up-to-date: /home/user/nanosaur/install/nanosaur_worlds/share/nanosaur_worlds/models/AdjTable/thumbnails/3.png
[0.405s] -- Up-to-date: /home/user/nanosaur/install/nanosaur_worlds/share/nanosaur_worlds/models/AdjTable/thumbnails/1.png
[0.405s] -- Up-to-date: /home/user/nanosaur/install/nanosaur_worlds/share/nanosaur_worlds/models/AdjTable/thumbnails/2.png
[0.405s] -- Up-to-date: /home/user/nanosaur/install/nanosaur_worlds/share/nanosaur_worlds/models/AdjTable/thumbnails/5.png
[0.406s] -- Up-to-date: /home/user/nanosaur/install/nanosaur_worlds/share/nanosaur_worlds/models/AdjTable/model.sdf
[0.406s] -- Up-to-date: /home/user/nanosaur/install/nanosaur_worlds/share/nanosaur_worlds/models/aws_robomaker_warehouse_ClutteringC_01
[0.406s] -- Up-to-date: /home/user/nanosaur/install/nanosaur_worlds/share/nanosaur_worlds/models/aws_robomaker_warehouse_ClutteringC_01/meshes
[0.406s] -- Up-to-date: /home/user/nanosaur/install/nanosaur_worlds/share/nanosaur_worlds/models/aws_robomaker_warehouse_ClutteringC_01/meshes/aws_robomaker_warehouse_ClutteringC_01_collision.DAE
[0.406s] -- Up-to-date: /home/user/nanosaur/install/nanosaur_worlds/share/nanosaur_worlds/models/aws_robomaker_warehouse_ClutteringC_01/meshes/aws_robomaker_warehouse_ClutteringC_01_visual.DAE
[0.406s] -- Up-to-date: /home/user/nanosaur/install/nanosaur_worlds/share/nanosaur_worlds/models/aws_robomaker_warehouse_ClutteringC_01/model.config
[0.406s] -- Up-to-date: /home/user/nanosaur/install/nanosaur_worlds/share/nanosaur_worlds/models/aws_robomaker_warehouse_ClutteringC_01/thumbnails
[0.406s] -- Up-to-date: /home/user/nanosaur/install/nanosaur_worlds/share/nanosaur_worlds/models/aws_robomaker_warehouse_ClutteringC_01/thumbnails/4.png
[0.406s] -- Up-to-date: /home/user/nanosaur/install/nanosaur_worlds/share/nanosaur_worlds/models/aws_robomaker_warehouse_ClutteringC_01/thumbnails/3.png
[0.406s] -- Up-to-date: /home/user/nanosaur/install/nanosaur_worlds/share/nanosaur_worlds/models/aws_robomaker_warehouse_ClutteringC_01/thumbnails/1.png
[0.406s] -- Up-to-date: /home/user/nanosaur/install/nanosaur_worlds/share/nanosaur_worlds/models/aws_robomaker_warehouse_ClutteringC_01/thumbnails/2.png
[0.406s] -- Up-to-date: /home/user/nanosaur/install/nanosaur_worlds/share/nanosaur_worlds/models/aws_robomaker_warehouse_ClutteringC_01/thumbnails/5.png
[0.407s] -- Up-to-date: /home/user/nanosaur/install/nanosaur_worlds/share/nanosaur_worlds/models/aws_robomaker_warehouse_ClutteringC_01/model.sdf
[0.407s] -- Up-to-date: /home/user/nanosaur/install/nanosaur_worlds/share/nanosaur_worlds/models/aws_robomaker_warehouse_ClutteringC_01/materials
[0.407s] -- Up-to-date: /home/user/nanosaur/install/nanosaur_worlds/share/nanosaur_worlds/models/aws_robomaker_warehouse_ClutteringC_01/materials/scripts
[0.407s] -- Up-to-date: /home/user/nanosaur/install/nanosaur_worlds/share/nanosaur_worlds/models/aws_robomaker_warehouse_ClutteringC_01/materials/scripts/model.material
[0.407s] -- Up-to-date: /home/user/nanosaur/install/nanosaur_worlds/share/nanosaur_worlds/models/aws_robomaker_warehouse_ClutteringC_01/materials/textures
[0.407s] -- Up-to-date: /home/user/nanosaur/install/nanosaur_worlds/share/nanosaur_worlds/models/aws_robomaker_warehouse_ClutteringC_01/materials/textures/aws_robomaker_warehouse_ClutteringC_01.png
[0.407s] -- Up-to-date: /home/user/nanosaur/install/nanosaur_worlds/share/nanosaur_worlds/models/aws_robomaker_warehouse_ClutteringC_01/materials/textures/aws_robomaker_warehouse_ClutteringC_02.png
[0.407s] -- Up-to-date: /home/user/nanosaur/install/nanosaur_worlds/share/nanosaur_worlds/models/aws_robomaker_warehouse_ClutteringC_01/metadata.pbtxt
[0.407s] -- Up-to-date: /home/user/nanosaur/install/nanosaur_worlds/share/nanosaur_worlds/models/desktop
[0.408s] -- Up-to-date: /home/user/nanosaur/install/nanosaur_worlds/share/nanosaur_worlds/models/desktop/meshes
[0.408s] -- Up-to-date: /home/user/nanosaur/install/nanosaur_worlds/share/nanosaur_worlds/models/desktop/meshes/model
[0.408s] -- Up-to-date: /home/user/nanosaur/install/nanosaur_worlds/share/nanosaur_worlds/models/desktop/meshes/model/Metal_Aluminum_Anodized.jpg
[0.408s] -- Up-to-date: /home/user/nanosaur/install/nanosaur_worlds/share/nanosaur_worlds/models/desktop/meshes/model/i.jpg
[0.408s] -- Up-to-date: /home/user/nanosaur/install/nanosaur_worlds/share/nanosaur_worlds/models/desktop/meshes/model/material_20.JPG
[0.408s] -- Up-to-date: /home/user/nanosaur/install/nanosaur_worlds/share/nanosaur_worlds/models/desktop/meshes/model/Metal_Aluminum_Anodized_0.jpg
[0.408s] -- Up-to-date: /home/user/nanosaur/install/nanosaur_worlds/share/nanosaur_worlds/models/desktop/meshes/model/material_22.JPG
[0.409s] -- Up-to-date: /home/user/nanosaur/install/nanosaur_worlds/share/nanosaur_worlds/models/desktop/meshes/model/rauten2.png
[0.409s] -- Up-to-date: /home/user/nanosaur/install/nanosaur_worlds/share/nanosaur_worlds/models/desktop/meshes/model/material_21.JPG
[0.409s] -- Up-to-date: /home/user/nanosaur/install/nanosaur_worlds/share/nanosaur_worlds/models/desktop/meshes/model.dae
[0.409s] -- Up-to-date: /home/user/nanosaur/install/nanosaur_worlds/share/nanosaur_worlds/models/desktop/model.config
[0.409s] -- Up-to-date: /home/user/nanosaur/install/nanosaur_worlds/share/nanosaur_worlds/models/desktop/desktop.sdf
[0.409s] -- Up-to-date: /home/user/nanosaur/install/nanosaur_worlds/share/nanosaur_worlds/models/MonitorAndKeyboard
[0.409s] -- Up-to-date: /home/user/nanosaur/install/nanosaur_worlds/share/nanosaur_worlds/models/MonitorAndKeyboard/meshes
[0.409s] -- Up-to-date: /home/user/nanosaur/install/nanosaur_worlds/share/nanosaur_worlds/models/MonitorAndKeyboard/meshes/keyboard.obj
[0.410s] -- Up-to-date: /home/user/nanosaur/install/nanosaur_worlds/share/nanosaur_worlds/models/MonitorAndKeyboard/meshes/monitor.obj
[0.410s] -- Up-to-date: /home/user/nanosaur/install/nanosaur_worlds/share/nanosaur_worlds/models/MonitorAndKeyboard/meshes/monitor.mtl
[0.410s] -- Up-to-date: /home/user/nanosaur/install/nanosaur_worlds/share/nanosaur_worlds/models/MonitorAndKeyboard/meshes/keyboard.mtl
[0.410s] -- Up-to-date: /home/user/nanosaur/install/nanosaur_worlds/share/nanosaur_worlds/models/MonitorAndKeyboard/model.config
[0.410s] -- Up-to-date: /home/user/nanosaur/install/nanosaur_worlds/share/nanosaur_worlds/models/MonitorAndKeyboard/thumbnails
[0.410s] -- Up-to-date: /home/user/nanosaur/install/nanosaur_worlds/share/nanosaur_worlds/models/MonitorAndKeyboard/thumbnails/4.png
[0.410s] -- Up-to-date: /home/user/nanosaur/install/nanosaur_worlds/share/nanosaur_worlds/models/MonitorAndKeyboard/thumbnails/3.png
[0.410s] -- Up-to-date: /home/user/nanosaur/install/nanosaur_worlds/share/nanosaur_worlds/models/MonitorAndKeyboard/thumbnails/1.png
[0.410s] -- Up-to-date: /home/user/nanosaur/install/nanosaur_worlds/share/nanosaur_worlds/models/MonitorAndKeyboard/thumbnails/2.png
[0.411s] -- Up-to-date: /home/user/nanosaur/install/nanosaur_worlds/share/nanosaur_worlds/models/MonitorAndKeyboard/thumbnails/5.png
[0.411s] -- Up-to-date: /home/user/nanosaur/install/nanosaur_worlds/share/nanosaur_worlds/models/MonitorAndKeyboard/model.sdf
[0.412s] -- Up-to-date: /home/user/nanosaur/install/nanosaur_worlds/share/nanosaur_worlds/params
[0.412s] -- Up-to-date: /home/user/nanosaur/install/nanosaur_worlds/share/nanosaur_worlds/params/spawn_robot.yml
[0.412s] -- Up-to-date: /home/user/nanosaur/install/nanosaur_worlds/share/nanosaur_worlds/scripts
[0.412s] -- Up-to-date: /home/user/nanosaur/install/nanosaur_worlds/share/nanosaur_worlds/scripts/get_coordinate.py
[0.412s] -- Up-to-date: /home/user/nanosaur/install/nanosaur_worlds/share/nanosaur_worlds/worlds
[0.412s] -- Up-to-date: /home/user/nanosaur/install/nanosaur_worlds/share/nanosaur_worlds/worlds/lab.sdf
[0.412s] -- Up-to-date: /home/user/nanosaur/install/nanosaur_worlds/share/nanosaur_worlds/worlds/office.world
[0.412s] -- Up-to-date: /home/user/nanosaur/install/nanosaur_worlds/share/nanosaur_worlds/worlds/cozmo.world
[0.412s] -- Up-to-date: /home/user/nanosaur/install/nanosaur_worlds/share/nanosaur_worlds/worlds/empty.sdf
[0.412s] -- Up-to-date: /home/user/nanosaur/install/nanosaur_worlds/share/nanosaur_worlds/worlds/office.sdf
[0.412s] -- Up-to-date: /home/user/nanosaur/install/nanosaur_worlds/share/nanosaur_worlds/worlds/lab.world
[0.412s] -- Up-to-date: /home/user/nanosaur/install/nanosaur_worlds/share/nanosaur_worlds/worlds/empty.world
[0.413s] -- Up-to-date: /home/user/nanosaur/install/nanosaur_worlds/share/nanosaur_worlds/worlds/myroom.world
[0.413s] -- Up-to-date: /home/user/nanosaur/install/nanosaur_worlds/share/ament_index/resource_index/package_run_dependencies/nanosaur_worlds
[0.413s] -- Up-to-date: /home/user/nanosaur/install/nanosaur_worlds/share/ament_index/resource_index/parent_prefix_path/nanosaur_worlds
[0.413s] -- Up-to-date: /home/user/nanosaur/install/nanosaur_worlds/share/nanosaur_worlds/environment/ament_prefix_path.sh
[0.413s] -- Up-to-date: /home/user/nanosaur/install/nanosaur_worlds/share/nanosaur_worlds/environment/ament_prefix_path.dsv
[0.413s] -- Up-to-date: /home/user/nanosaur/install/nanosaur_worlds/share/nanosaur_worlds/environment/path.sh
[0.413s] -- Up-to-date: /home/user/nanosaur/install/nanosaur_worlds/share/nanosaur_worlds/environment/path.dsv
[0.413s] -- Up-to-date: /home/user/nanosaur/install/nanosaur_worlds/share/nanosaur_worlds/local_setup.bash
[0.413s] -- Up-to-date: /home/user/nanosaur/install/nanosaur_worlds/share/nanosaur_worlds/local_setup.sh
[0.413s] -- Up-to-date: /home/user/nanosaur/install/nanosaur_worlds/share/nanosaur_worlds/local_setup.zsh
[0.413s] -- Up-to-date: /home/user/nanosaur/install/nanosaur_worlds/share/nanosaur_worlds/local_setup.dsv
[0.413s] -- Installing: /home/user/nanosaur/install/nanosaur_worlds/share/nanosaur_worlds/package.dsv
[0.413s] -- Up-to-date: /home/user/nanosaur/install/nanosaur_worlds/share/ament_index/resource_index/packages/nanosaur_worlds
[0.413s] -- Up-to-date: /home/user/nanosaur/install/nanosaur_worlds/share/nanosaur_worlds/cmake/nanosaur_worldsConfig.cmake
[0.414s] -- Up-to-date: /home/user/nanosaur/install/nanosaur_worlds/share/nanosaur_worlds/cmake/nanosaur_worldsConfig-version.cmake
[0.414s] -- Up-to-date: /home/user/nanosaur/install/nanosaur_worlds/share/nanosaur_worlds/package.xml
[0.464s] Invoked command in '/home/user/nanosaur/build/nanosaur_worlds' returned '0': CMAKE_PREFIX_PATH=${CMAKE_PREFIX_PATH}:/home/user/nanosaur/install/ros2_camera_receiver:/opt/ros/humble /usr/bin/cmake --install /home/user/nanosaur/build/nanosaur_worlds
