[0.401s] DEBUG:colcon:Command line arguments: ['/usr/bin/colcon', 'build']
[0.401s] DEBUG:colcon:Parsed command line arguments: Namespace(log_base=None, log_level=None, verb_name='build', build_base='build', install_base='install', merge_install=False, symlink_install=False, test_result_base=None, continue_on_error=False, executor='parallel', parallel_workers=16, event_handlers=None, ignore_user_meta=False, metas=['./colcon.meta'], base_paths=['.'], packages_ignore=None, packages_ignore_regex=None, paths=None, packages_up_to=None, packages_up_to_regex=None, packages_above=None, packages_above_and_dependencies=None, packages_above_depth=None, packages_select_by_dep=None, packages_skip_by_dep=None, packages_skip_up_to=None, packages_select_build_failed=False, packages_skip_build_finished=False, packages_select_test_failures=False, packages_skip_test_passed=False, packages_select=None, packages_skip=None, packages_select_regex=None, packages_skip_regex=None, packages_start=None, packages_end=None, cmake_args=None, cmake_target=None, cmake_target_skip_unavailable=False, cmake_clean_cache=False, cmake_clean_first=False, cmake_force_configure=False, ament_cmake_args=None, catkin_cmake_args=None, catkin_skip_building_tests=False, mixin_files=None, mixin=None, verb_parser=<colcon_mixin.mixin.mixin_argument.MixinArgumentDecorator object at 0x7f21fb9a5030>, verb_extension=<colcon_core.verb.build.BuildVerb object at 0x7f21fc1a07f0>, main=<bound method BuildVerb.main of <colcon_core.verb.build.BuildVerb object at 0x7f21fc1a07f0>>, mixin_verb=('build',))
[0.447s] Level 1:colcon.colcon_core.package_discovery:discover_packages(colcon_meta) check parameters
[0.447s] Level 1:colcon.colcon_core.package_discovery:discover_packages(recursive) check parameters
[0.447s] Level 1:colcon.colcon_core.package_discovery:discover_packages(ignore) check parameters
[0.447s] Level 1:colcon.colcon_core.package_discovery:discover_packages(path) check parameters
[0.447s] Level 1:colcon.colcon_core.package_discovery:discover_packages(colcon_meta) discover
[0.447s] Level 1:colcon.colcon_core.package_discovery:discover_packages(recursive) discover
[0.447s] INFO:colcon.colcon_core.package_discovery:Crawling recursively for packages in '/home/shh/final_project/src'
[0.447s] Level 1:colcon.colcon_core.package_identification:_identify(.) by extensions ['ignore', 'ignore_ament_install']
[0.447s] Level 1:colcon.colcon_core.package_identification:_identify(.) by extension 'ignore'
[0.447s] Level 1:colcon.colcon_core.package_identification:_identify(.) by extension 'ignore_ament_install'
[0.447s] Level 1:colcon.colcon_core.package_identification:_identify(.) by extensions ['colcon_pkg']
[0.447s] Level 1:colcon.colcon_core.package_identification:_identify(.) by extension 'colcon_pkg'
[0.447s] Level 1:colcon.colcon_core.package_identification:_identify(.) by extensions ['colcon_meta']
[0.447s] Level 1:colcon.colcon_core.package_identification:_identify(.) by extension 'colcon_meta'
[0.447s] Level 1:colcon.colcon_core.package_identification:_identify(.) by extensions ['ros']
[0.447s] Level 1:colcon.colcon_core.package_identification:_identify(.) by extension 'ros'
[0.459s] Level 1:colcon.colcon_core.package_identification:_identify(.) by extensions ['cmake', 'python']
[0.459s] Level 1:colcon.colcon_core.package_identification:_identify(.) by extension 'cmake'
[0.459s] Level 1:colcon.colcon_core.package_identification:_identify(.) by extension 'python'
[0.459s] Level 1:colcon.colcon_core.package_identification:_identify(.) by extensions ['python_setup_py']
[0.459s] Level 1:colcon.colcon_core.package_identification:_identify(.) by extension 'python_setup_py'
[0.459s] Level 1:colcon.colcon_core.package_identification:_identify(build) by extensions ['ignore', 'ignore_ament_install']
[0.460s] Level 1:colcon.colcon_core.package_identification:_identify(build) by extension 'ignore'
[0.460s] Level 1:colcon.colcon_core.package_identification:_identify(build) ignored
[0.460s] Level 1:colcon.colcon_core.package_identification:_identify(install) by extensions ['ignore', 'ignore_ament_install']
[0.460s] Level 1:colcon.colcon_core.package_identification:_identify(install) by extension 'ignore'
[0.460s] Level 1:colcon.colcon_core.package_identification:_identify(install) ignored
[0.460s] Level 1:colcon.colcon_core.package_identification:_identify(log) by extensions ['ignore', 'ignore_ament_install']
[0.460s] Level 1:colcon.colcon_core.package_identification:_identify(log) by extension 'ignore'
[0.460s] Level 1:colcon.colcon_core.package_identification:_identify(log) ignored
[0.460s] Level 1:colcon.colcon_core.package_identification:_identify(rover_line_follower) by extensions ['ignore', 'ignore_ament_install']
[0.460s] Level 1:colcon.colcon_core.package_identification:_identify(rover_line_follower) by extension 'ignore'
[0.460s] Level 1:colcon.colcon_core.package_identification:_identify(rover_line_follower) by extension 'ignore_ament_install'
[0.460s] Level 1:colcon.colcon_core.package_identification:_identify(rover_line_follower) by extensions ['colcon_pkg']
[0.460s] Level 1:colcon.colcon_core.package_identification:_identify(rover_line_follower) by extension 'colcon_pkg'
[0.460s] Level 1:colcon.colcon_core.package_identification:_identify(rover_line_follower) by extensions ['colcon_meta']
[0.460s] Level 1:colcon.colcon_core.package_identification:_identify(rover_line_follower) by extension 'colcon_meta'
[0.460s] Level 1:colcon.colcon_core.package_identification:_identify(rover_line_follower) by extensions ['ros']
[0.460s] Level 1:colcon.colcon_core.package_identification:_identify(rover_line_follower) by extension 'ros'
[0.463s] DEBUG:colcon.colcon_core.package_identification:Package 'rover_line_follower' with type 'ros.ament_python' and name 'rover_line_follower'
[0.463s] Level 1:colcon.colcon_core.package_identification:_identify(simple_rover) by extensions ['ignore', 'ignore_ament_install']
[0.463s] Level 1:colcon.colcon_core.package_identification:_identify(simple_rover) by extension 'ignore'
[0.463s] Level 1:colcon.colcon_core.package_identification:_identify(simple_rover) by extension 'ignore_ament_install'
[0.463s] Level 1:colcon.colcon_core.package_identification:_identify(simple_rover) by extensions ['colcon_pkg']
[0.463s] Level 1:colcon.colcon_core.package_identification:_identify(simple_rover) by extension 'colcon_pkg'
[0.463s] Level 1:colcon.colcon_core.package_identification:_identify(simple_rover) by extensions ['colcon_meta']
[0.463s] Level 1:colcon.colcon_core.package_identification:_identify(simple_rover) by extension 'colcon_meta'
[0.463s] Level 1:colcon.colcon_core.package_identification:_identify(simple_rover) by extensions ['ros']
[0.463s] Level 1:colcon.colcon_core.package_identification:_identify(simple_rover) by extension 'ros'
[0.463s] DEBUG:colcon.colcon_core.package_identification:Package 'simple_rover' with type 'ros.ament_cmake' and name 'simple_rover'
[0.464s] Level 1:colcon.colcon_core.package_discovery:discover_packages(recursive) using defaults
[0.464s] Level 1:colcon.colcon_core.package_discovery:discover_packages(ignore) discover
[0.464s] Level 1:colcon.colcon_core.package_discovery:discover_packages(ignore) using defaults
[0.464s] Level 1:colcon.colcon_core.package_discovery:discover_packages(path) discover
[0.464s] Level 1:colcon.colcon_core.package_discovery:discover_packages(path) using defaults
[0.490s] Level 5:colcon.colcon_core.verb:set package 'rover_line_follower' build argument 'cmake_args' from command line to 'None'
[0.490s] Level 5:colcon.colcon_core.verb:set package 'rover_line_follower' build argument 'cmake_target' from command line to 'None'
[0.490s] Level 5:colcon.colcon_core.verb:set package 'rover_line_follower' build argument 'cmake_target_skip_unavailable' from command line to 'False'
[0.490s] Level 5:colcon.colcon_core.verb:set package 'rover_line_follower' build argument 'cmake_clean_cache' from command line to 'False'
[0.490s] Level 5:colcon.colcon_core.verb:set package 'rover_line_follower' build argument 'cmake_clean_first' from command line to 'False'
[0.490s] Level 5:colcon.colcon_core.verb:set package 'rover_line_follower' build argument 'cmake_force_configure' from command line to 'False'
[0.490s] Level 5:colcon.colcon_core.verb:set package 'rover_line_follower' build argument 'ament_cmake_args' from command line to 'None'
[0.490s] Level 5:colcon.colcon_core.verb:set package 'rover_line_follower' build argument 'catkin_cmake_args' from command line to 'None'
[0.490s] Level 5:colcon.colcon_core.verb:set package 'rover_line_follower' build argument 'catkin_skip_building_tests' from command line to 'False'
[0.490s] DEBUG:colcon.colcon_core.verb:Building package 'rover_line_follower' with the following arguments: {'ament_cmake_args': None, 'build_base': '/home/shh/final_project/src/build/rover_line_follower', 'catkin_cmake_args': None, 'catkin_skip_building_tests': False, 'cmake_args': None, 'cmake_clean_cache': False, 'cmake_clean_first': False, 'cmake_force_configure': False, 'cmake_target': None, 'cmake_target_skip_unavailable': False, 'install_base': '/home/shh/final_project/src/install/rover_line_follower', 'merge_install': False, 'path': '/home/shh/final_project/src/rover_line_follower', 'symlink_install': False, 'test_result_base': None}
[0.491s] Level 5:colcon.colcon_core.verb:set package 'simple_rover' build argument 'cmake_args' from command line to 'None'
[0.491s] Level 5:colcon.colcon_core.verb:set package 'simple_rover' build argument 'cmake_target' from command line to 'None'
[0.491s] Level 5:colcon.colcon_core.verb:set package 'simple_rover' build argument 'cmake_target_skip_unavailable' from command line to 'False'
[0.491s] Level 5:colcon.colcon_core.verb:set package 'simple_rover' build argument 'cmake_clean_cache' from command line to 'False'
[0.491s] Level 5:colcon.colcon_core.verb:set package 'simple_rover' build argument 'cmake_clean_first' from command line to 'False'
[0.491s] Level 5:colcon.colcon_core.verb:set package 'simple_rover' build argument 'cmake_force_configure' from command line to 'False'
[0.491s] Level 5:colcon.colcon_core.verb:set package 'simple_rover' build argument 'ament_cmake_args' from command line to 'None'
[0.491s] Level 5:colcon.colcon_core.verb:set package 'simple_rover' build argument 'catkin_cmake_args' from command line to 'None'
[0.491s] Level 5:colcon.colcon_core.verb:set package 'simple_rover' build argument 'catkin_skip_building_tests' from command line to 'False'
[0.491s] DEBUG:colcon.colcon_core.verb:Building package 'simple_rover' with the following arguments: {'ament_cmake_args': None, 'build_base': '/home/shh/final_project/src/build/simple_rover', 'catkin_cmake_args': None, 'catkin_skip_building_tests': False, 'cmake_args': None, 'cmake_clean_cache': False, 'cmake_clean_first': False, 'cmake_force_configure': False, 'cmake_target': None, 'cmake_target_skip_unavailable': False, 'install_base': '/home/shh/final_project/src/install/simple_rover', 'merge_install': False, 'path': '/home/shh/final_project/src/simple_rover', 'symlink_install': False, 'test_result_base': None}
[0.491s] INFO:colcon.colcon_core.executor:Executing jobs using 'parallel' executor
[0.494s] DEBUG:colcon.colcon_parallel_executor.executor.parallel:run_until_complete
[0.494s] INFO:colcon.colcon_ros.task.ament_python.build:Building ROS package in '/home/shh/final_project/src/rover_line_follower' with build type 'ament_python'
[0.494s] Level 1:colcon.colcon_core.shell:create_environment_hook('rover_line_follower', 'ament_prefix_path')
[0.500s] INFO:colcon.colcon_core.plugin_system:Skipping extension 'colcon_core.shell.bat': Not used on non-Windows systems
[0.500s] INFO:colcon.colcon_core.shell:Creating environment hook '/home/shh/final_project/src/install/rover_line_follower/share/rover_line_follower/hook/ament_prefix_path.ps1'
[0.501s] INFO:colcon.colcon_core.shell:Creating environment descriptor '/home/shh/final_project/src/install/rover_line_follower/share/rover_line_follower/hook/ament_prefix_path.dsv'
[0.501s] INFO:colcon.colcon_core.shell:Creating environment hook '/home/shh/final_project/src/install/rover_line_follower/share/rover_line_follower/hook/ament_prefix_path.sh'
[0.502s] INFO:colcon.colcon_core.shell:Skip shell extension 'powershell' for command environment: Not usable outside of PowerShell
[0.502s] DEBUG:colcon.colcon_core.shell:Skip shell extension 'dsv' for command environment
[0.685s] INFO:colcon.colcon_core.task.python.build:Building Python package in '/home/shh/final_project/src/rover_line_follower'
[0.687s] INFO:colcon.colcon_core.shell:Skip shell extension 'powershell' for command environment: Not usable outside of PowerShell
[0.687s] DEBUG:colcon.colcon_core.shell:Skip shell extension 'dsv' for command environment
[0.959s] DEBUG:colcon.colcon_core.event_handler.log_command:Invoking command in '/home/shh/final_project/src/rover_line_follower': PYTHONPATH=/home/shh/final_project/src/build/rover_line_follower/prefix_override:/home/shh/final_project/src/install/rover_line_follower/lib/python3.10/site-packages:${PYTHONPATH} /usr/bin/python3 setup.py egg_info --egg-base ../build/rover_line_follower build --build-base /home/shh/final_project/src/build/rover_line_follower/build install --record /home/shh/final_project/src/build/rover_line_follower/install.log --single-version-externally-managed
[1.150s] DEBUG:colcon.colcon_core.event_handler.log_command:Invoked command in '/home/shh/final_project/src/rover_line_follower' returned '0': PYTHONPATH=/home/shh/final_project/src/build/rover_line_follower/prefix_override:/home/shh/final_project/src/install/rover_line_follower/lib/python3.10/site-packages:${PYTHONPATH} /usr/bin/python3 setup.py egg_info --egg-base ../build/rover_line_follower build --build-base /home/shh/final_project/src/build/rover_line_follower/build install --record /home/shh/final_project/src/build/rover_line_follower/install.log --single-version-externally-managed
[1.161s] Level 1:colcon.colcon_core.environment:checking '/home/shh/final_project/src/install/rover_line_follower' for CMake module files
[1.162s] Level 1:colcon.colcon_core.environment:checking '/home/shh/final_project/src/install/rover_line_follower' for CMake config files
[1.162s] Level 1:colcon.colcon_core.environment:checking '/home/shh/final_project/src/install/rover_line_follower/lib'
[1.162s] Level 1:colcon.colcon_core.environment:checking '/home/shh/final_project/src/install/rover_line_follower/bin'
[1.162s] Level 1:colcon.colcon_core.environment:checking '/home/shh/final_project/src/install/rover_line_follower/lib/pkgconfig/rover_line_follower.pc'
[1.163s] Level 1:colcon.colcon_core.environment:checking '/home/shh/final_project/src/install/rover_line_follower/lib/python3.10/site-packages'
[1.163s] Level 1:colcon.colcon_core.shell:create_environment_hook('rover_line_follower', 'pythonpath')
[1.163s] INFO:colcon.colcon_core.shell:Creating environment hook '/home/shh/final_project/src/install/rover_line_follower/share/rover_line_follower/hook/pythonpath.ps1'
[1.164s] INFO:colcon.colcon_core.shell:Creating environment descriptor '/home/shh/final_project/src/install/rover_line_follower/share/rover_line_follower/hook/pythonpath.dsv'
[1.164s] INFO:colcon.colcon_core.shell:Creating environment hook '/home/shh/final_project/src/install/rover_line_follower/share/rover_line_follower/hook/pythonpath.sh'
[1.164s] Level 1:colcon.colcon_core.environment:checking '/home/shh/final_project/src/install/rover_line_follower/bin'
[1.164s] Level 1:colcon.colcon_core.environment:create_environment_scripts_only(rover_line_follower)
[1.165s] INFO:colcon.colcon_core.shell:Creating package script '/home/shh/final_project/src/install/rover_line_follower/share/rover_line_follower/package.ps1'
[1.166s] INFO:colcon.colcon_core.shell:Creating package descriptor '/home/shh/final_project/src/install/rover_line_follower/share/rover_line_follower/package.dsv'
[1.167s] INFO:colcon.colcon_core.shell:Creating package script '/home/shh/final_project/src/install/rover_line_follower/share/rover_line_follower/package.sh'
[1.167s] INFO:colcon.colcon_core.shell:Creating package script '/home/shh/final_project/src/install/rover_line_follower/share/rover_line_follower/package.bash'
[1.168s] INFO:colcon.colcon_core.shell:Creating package script '/home/shh/final_project/src/install/rover_line_follower/share/rover_line_follower/package.zsh'
[1.169s] Level 1:colcon.colcon_core.environment:create_file_with_runtime_dependencies(/home/shh/final_project/src/install/rover_line_follower/share/colcon-core/packages/rover_line_follower)
[1.169s] INFO:colcon.colcon_ros.task.ament_cmake.build:Building ROS package in '/home/shh/final_project/src/simple_rover' with build type 'ament_cmake'
[1.169s] INFO:colcon.colcon_cmake.task.cmake.build:Building CMake package in '/home/shh/final_project/src/simple_rover'
[1.170s] INFO:colcon.colcon_core.shell:Skip shell extension 'powershell' for command environment: Not usable outside of PowerShell
[1.170s] DEBUG:colcon.colcon_core.shell:Skip shell extension 'dsv' for command environment
[1.178s] DEBUG:colcon.colcon_core.event_handler.log_command:Invoking command in '/home/shh/final_project/src/build/simple_rover': AMENT_PREFIX_PATH=/home/shh/final_project/src/install/rover_line_follower:${AMENT_PREFIX_PATH} CMAKE_PREFIX_PATH=/opt/ros/humble PYTHONPATH=/home/shh/final_project/src/install/rover_line_follower/lib/python3.10/site-packages:${PYTHONPATH} /usr/bin/cmake /home/shh/final_project/src/simple_rover -DCMAKE_INSTALL_PREFIX=/home/shh/final_project/src/install/simple_rover
[1.981s] DEBUG:colcon.colcon_core.event_handler.log_command:Invoked command in '/home/shh/final_project/src/build/simple_rover' returned '0': AMENT_PREFIX_PATH=/home/shh/final_project/src/install/rover_line_follower:${AMENT_PREFIX_PATH} CMAKE_PREFIX_PATH=/opt/ros/humble PYTHONPATH=/home/shh/final_project/src/install/rover_line_follower/lib/python3.10/site-packages:${PYTHONPATH} /usr/bin/cmake /home/shh/final_project/src/simple_rover -DCMAKE_INSTALL_PREFIX=/home/shh/final_project/src/install/simple_rover
[1.985s] DEBUG:colcon.colcon_core.event_handler.log_command:Invoking command in '/home/shh/final_project/src/build/simple_rover': AMENT_PREFIX_PATH=/home/shh/final_project/src/install/rover_line_follower:${AMENT_PREFIX_PATH} CMAKE_PREFIX_PATH=/opt/ros/humble PYTHONPATH=/home/shh/final_project/src/install/rover_line_follower/lib/python3.10/site-packages:${PYTHONPATH} /usr/bin/cmake --build /home/shh/final_project/src/build/simple_rover -- -j16 -l16
[2.023s] DEBUG:colcon.colcon_core.event_handler.log_command:Invoked command in '/home/shh/final_project/src/build/simple_rover' returned '0': AMENT_PREFIX_PATH=/home/shh/final_project/src/install/rover_line_follower:${AMENT_PREFIX_PATH} CMAKE_PREFIX_PATH=/opt/ros/humble PYTHONPATH=/home/shh/final_project/src/install/rover_line_follower/lib/python3.10/site-packages:${PYTHONPATH} /usr/bin/cmake --build /home/shh/final_project/src/build/simple_rover -- -j16 -l16
[2.056s] DEBUG:colcon.colcon_core.event_handler.log_command:Invoking command in '/home/shh/final_project/src/build/simple_rover': AMENT_PREFIX_PATH=/home/shh/final_project/src/install/rover_line_follower:${AMENT_PREFIX_PATH} CMAKE_PREFIX_PATH=/opt/ros/humble PYTHONPATH=/home/shh/final_project/src/install/rover_line_follower/lib/python3.10/site-packages:${PYTHONPATH} /usr/bin/cmake --install /home/shh/final_project/src/build/simple_rover
[2.071s] Level 1:colcon.colcon_core.environment:create_environment_scripts_only(simple_rover)
[2.074s] Level 1:colcon.colcon_core.environment:checking '/home/shh/final_project/src/install/simple_rover' for CMake module files
[2.076s] Level 1:colcon.colcon_core.environment:checking '/home/shh/final_project/src/install/simple_rover' for CMake config files
[2.077s] DEBUG:colcon.colcon_core.event_handler.log_command:Invoked command in '/home/shh/final_project/src/build/simple_rover' returned '0': AMENT_PREFIX_PATH=/home/shh/final_project/src/install/rover_line_follower:${AMENT_PREFIX_PATH} CMAKE_PREFIX_PATH=/opt/ros/humble PYTHONPATH=/home/shh/final_project/src/install/rover_line_follower/lib/python3.10/site-packages:${PYTHONPATH} /usr/bin/cmake --install /home/shh/final_project/src/build/simple_rover
[2.077s] Level 1:colcon.colcon_core.shell:create_environment_hook('simple_rover', 'cmake_prefix_path')
[2.079s] INFO:colcon.colcon_core.shell:Creating environment hook '/home/shh/final_project/src/install/simple_rover/share/simple_rover/hook/cmake_prefix_path.ps1'
[2.080s] INFO:colcon.colcon_core.shell:Creating environment descriptor '/home/shh/final_project/src/install/simple_rover/share/simple_rover/hook/cmake_prefix_path.dsv'
[2.080s] INFO:colcon.colcon_core.shell:Creating environment hook '/home/shh/final_project/src/install/simple_rover/share/simple_rover/hook/cmake_prefix_path.sh'
[2.081s] Level 1:colcon.colcon_core.environment:checking '/home/shh/final_project/src/install/simple_rover/bin'
[2.081s] Level 1:colcon.colcon_core.environment:checking '/home/shh/final_project/src/install/simple_rover/lib/pkgconfig/simple_rover.pc'
[2.081s] Level 1:colcon.colcon_core.environment:checking '/home/shh/final_project/src/install/simple_rover/lib/python3.10/site-packages'
[2.081s] Level 1:colcon.colcon_core.environment:checking '/home/shh/final_project/src/install/simple_rover/bin'
[2.084s] INFO:colcon.colcon_core.shell:Creating package script '/home/shh/final_project/src/install/simple_rover/share/simple_rover/package.ps1'
[2.084s] INFO:colcon.colcon_core.shell:Creating package descriptor '/home/shh/final_project/src/install/simple_rover/share/simple_rover/package.dsv'
[2.085s] INFO:colcon.colcon_core.shell:Creating package script '/home/shh/final_project/src/install/simple_rover/share/simple_rover/package.sh'
[2.085s] INFO:colcon.colcon_core.shell:Creating package script '/home/shh/final_project/src/install/simple_rover/share/simple_rover/package.bash'
[2.086s] INFO:colcon.colcon_core.shell:Creating package script '/home/shh/final_project/src/install/simple_rover/share/simple_rover/package.zsh'
[2.086s] Level 1:colcon.colcon_core.environment:create_file_with_runtime_dependencies(/home/shh/final_project/src/install/simple_rover/share/colcon-core/packages/simple_rover)
[2.117s] Level 1:colcon.colcon_core.environment:create_environment_scripts_only(simple_rover)
[2.119s] Level 1:colcon.colcon_core.environment:checking '/home/shh/final_project/src/install/simple_rover' for CMake module files
[2.120s] Level 1:colcon.colcon_core.environment:checking '/home/shh/final_project/src/install/simple_rover' for CMake config files
[2.120s] Level 1:colcon.colcon_core.shell:create_environment_hook('simple_rover', 'cmake_prefix_path')
[2.122s] INFO:colcon.colcon_core.shell:Creating environment hook '/home/shh/final_project/src/install/simple_rover/share/simple_rover/hook/cmake_prefix_path.ps1'
[2.123s] INFO:colcon.colcon_core.shell:Creating environment descriptor '/home/shh/final_project/src/install/simple_rover/share/simple_rover/hook/cmake_prefix_path.dsv'
[2.123s] INFO:colcon.colcon_core.shell:Creating environment hook '/home/shh/final_project/src/install/simple_rover/share/simple_rover/hook/cmake_prefix_path.sh'
[2.124s] Level 1:colcon.colcon_core.environment:checking '/home/shh/final_project/src/install/simple_rover/bin'
[2.124s] Level 1:colcon.colcon_core.environment:checking '/home/shh/final_project/src/install/simple_rover/lib/pkgconfig/simple_rover.pc'
[2.124s] Level 1:colcon.colcon_core.environment:checking '/home/shh/final_project/src/install/simple_rover/lib/python3.10/site-packages'
[2.125s] Level 1:colcon.colcon_core.environment:checking '/home/shh/final_project/src/install/simple_rover/bin'
[2.125s] INFO:colcon.colcon_core.shell:Creating package script '/home/shh/final_project/src/install/simple_rover/share/simple_rover/package.ps1'
[2.126s] INFO:colcon.colcon_core.shell:Creating package descriptor '/home/shh/final_project/src/install/simple_rover/share/simple_rover/package.dsv'
[2.126s] INFO:colcon.colcon_core.shell:Creating package script '/home/shh/final_project/src/install/simple_rover/share/simple_rover/package.sh'
[2.126s] INFO:colcon.colcon_core.shell:Creating package script '/home/shh/final_project/src/install/simple_rover/share/simple_rover/package.bash'
[2.127s] INFO:colcon.colcon_core.shell:Creating package script '/home/shh/final_project/src/install/simple_rover/share/simple_rover/package.zsh'
[2.127s] Level 1:colcon.colcon_core.environment:create_file_with_runtime_dependencies(/home/shh/final_project/src/install/simple_rover/share/colcon-core/packages/simple_rover)
[2.127s] DEBUG:colcon.colcon_parallel_executor.executor.parallel:closing loop
[2.127s] DEBUG:colcon.colcon_parallel_executor.executor.parallel:loop closed
[2.127s] DEBUG:colcon.colcon_parallel_executor.executor.parallel:run_until_complete finished with '0'
[2.127s] DEBUG:colcon.colcon_core.event_reactor:joining thread
[2.138s] INFO:colcon.colcon_core.plugin_system:Skipping extension 'colcon_notification.desktop_notification.notify_send': Could not find 'notify-send'
[2.139s] INFO:colcon.colcon_core.plugin_system:Skipping extension 'colcon_notification.desktop_notification.terminal_notifier': Not used on non-Darwin systems
[2.139s] INFO:colcon.colcon_core.plugin_system:Skipping extension 'colcon_notification.desktop_notification.win32': Not used on non-Windows systems
[2.139s] INFO:colcon.colcon_notification.desktop_notification:Sending desktop notification using 'notify2'
[2.141s] DEBUG:colcon.colcon_notification.desktop_notification.notify2:Failed to initialize notify2: org.freedesktop.DBus.Error.Spawn.ExecFailed: /usr/bin/dbus-launch terminated abnormally without any error message
[2.141s] DEBUG:colcon.colcon_core.event_reactor:joined thread
[2.144s] INFO:colcon.colcon_core.shell:Creating prefix script '/home/shh/final_project/src/install/local_setup.ps1'
[2.146s] INFO:colcon.colcon_core.shell:Creating prefix util module '/home/shh/final_project/src/install/_local_setup_util_ps1.py'
[2.149s] INFO:colcon.colcon_core.shell:Creating prefix chain script '/home/shh/final_project/src/install/setup.ps1'
[2.151s] INFO:colcon.colcon_core.shell:Creating prefix script '/home/shh/final_project/src/install/local_setup.sh'
[2.151s] INFO:colcon.colcon_core.shell:Creating prefix util module '/home/shh/final_project/src/install/_local_setup_util_sh.py'
[2.151s] INFO:colcon.colcon_core.shell:Creating prefix chain script '/home/shh/final_project/src/install/setup.sh'
[2.152s] INFO:colcon.colcon_core.shell:Creating prefix script '/home/shh/final_project/src/install/local_setup.bash'
[2.153s] INFO:colcon.colcon_core.shell:Creating prefix chain script '/home/shh/final_project/src/install/setup.bash'
[2.154s] INFO:colcon.colcon_core.shell:Creating prefix script '/home/shh/final_project/src/install/local_setup.zsh'
[2.154s] INFO:colcon.colcon_core.shell:Creating prefix chain script '/home/shh/final_project/src/install/setup.zsh'
