[0.027s] Invoking command in '/home/user/nanosaur/build/nanosaur_gazebo': CMAKE_PREFIX_PATH=/home/user/nanosaur/install/nanosaur_description:/home/user/nanosaur/install/nanosaur_control:/home/user/nanosaur/install/nanosaur_worlds:/home/user/nanosaur/install/nanosaur_simulations:/home/user/nanosaur/install/nanosaur:/home/user/nanosaur/install/nanosaur_msgs:/home/user/nanosaur/install/nanosaur_gazebo:/home/shh/stmoon/install/urdf_tutorial:/home/shh/stmoon/install/nanosaur_worlds:/home/shh/stmoon/install/nanosaur_simulations:/home/shh/stmoon/install/nanosaur:/home/shh/stmoon/install/nanosaur_msgs:/home/shh/stmoon/install/nanosaur_isaac_sim:/home/shh/stmoon/install/nanosaur_gazebo:/home/shh/stmoon/install/nanosaur_description:/home/shh/stmoon/install/nanosaur_control:/home/shh/stmoon/install/nanosaur_ignition:/opt/ros/humble /usr/bin/cmake --build /home/user/nanosaur/build/nanosaur_gazebo -- -j16 -l16
[0.069s] Invoked command in '/home/user/nanosaur/build/nanosaur_gazebo' returned '0': CMAKE_PREFIX_PATH=/home/user/nanosaur/install/nanosaur_description:/home/user/nanosaur/install/nanosaur_control:/home/user/nanosaur/install/nanosaur_worlds:/home/user/nanosaur/install/nanosaur_simulations:/home/user/nanosaur/install/nanosaur:/home/user/nanosaur/install/nanosaur_msgs:/home/user/nanosaur/install/nanosaur_gazebo:/home/shh/stmoon/install/urdf_tutorial:/home/shh/stmoon/install/nanosaur_worlds:/home/shh/stmoon/install/nanosaur_simulations:/home/shh/stmoon/install/nanosaur:/home/shh/stmoon/install/nanosaur_msgs:/home/shh/stmoon/install/nanosaur_isaac_sim:/home/shh/stmoon/install/nanosaur_gazebo:/home/shh/stmoon/install/nanosaur_description:/home/shh/stmoon/install/nanosaur_control:/home/shh/stmoon/install/nanosaur_ignition:/opt/ros/humble /usr/bin/cmake --build /home/user/nanosaur/build/nanosaur_gazebo -- -j16 -l16
[0.099s] Invoking command in '/home/user/nanosaur/build/nanosaur_gazebo': CMAKE_PREFIX_PATH=/home/user/nanosaur/install/nanosaur_description:/home/user/nanosaur/install/nanosaur_control:/home/user/nanosaur/install/nanosaur_worlds:/home/user/nanosaur/install/nanosaur_simulations:/home/user/nanosaur/install/nanosaur:/home/user/nanosaur/install/nanosaur_msgs:/home/user/nanosaur/install/nanosaur_gazebo:/home/shh/stmoon/install/urdf_tutorial:/home/shh/stmoon/install/nanosaur_worlds:/home/shh/stmoon/install/nanosaur_simulations:/home/shh/stmoon/install/nanosaur:/home/shh/stmoon/install/nanosaur_msgs:/home/shh/stmoon/install/nanosaur_isaac_sim:/home/shh/stmoon/install/nanosaur_gazebo:/home/shh/stmoon/install/nanosaur_description:/home/shh/stmoon/install/nanosaur_control:/home/shh/stmoon/install/nanosaur_ignition:/opt/ros/humble /usr/bin/cmake --install /home/user/nanosaur/build/nanosaur_gazebo
[0.104s] -- Install configuration: ""
[0.105s] -- Up-to-date: /home/user/nanosaur/install/nanosaur_gazebo/share/nanosaur_gazebo/launch
[0.105s] -- Installing: /home/user/nanosaur/install/nanosaur_gazebo/share/nanosaur_gazebo/launch/gazebo.launch.py
[0.105s] -- Up-to-date: /home/user/nanosaur/install/nanosaur_gazebo/share/nanosaur_gazebo/launch/robot_state_publisher.launch.py
[0.105s] -- Up-to-date: /home/user/nanosaur/install/nanosaur_gazebo/share/nanosaur_gazebo/urdf
[0.105s] -- Up-to-date: /home/user/nanosaur/install/nanosaur_gazebo/share/nanosaur_gazebo/urdf/sensors
[0.105s] -- Up-to-date: /home/user/nanosaur/install/nanosaur_gazebo/share/nanosaur_gazebo/urdf/sensors/wide.gazebo.xacro
[0.105s] -- Up-to-date: /home/user/nanosaur/install/nanosaur_gazebo/share/nanosaur_gazebo/urdf/sensors/realsense.gazebo.xacro
[0.105s] -- Up-to-date: /home/user/nanosaur/install/nanosaur_gazebo/share/nanosaur_gazebo/urdf/sensors/zed.gazebo.xacro
[0.106s] -- Up-to-date: /home/user/nanosaur/install/nanosaur_gazebo/share/nanosaur_gazebo/urdf/sensors/camera.gazebo.xacro
[0.106s] -- Up-to-date: /home/user/nanosaur/install/nanosaur_gazebo/share/nanosaur_gazebo/urdf/sensors/imu.gazebo.xacro
[0.106s] -- Up-to-date: /home/user/nanosaur/install/nanosaur_gazebo/share/nanosaur_gazebo/urdf/diff_drive.gazebo.xacro
[0.106s] -- Up-to-date: /home/user/nanosaur/install/nanosaur_gazebo/share/nanosaur_gazebo/urdf/nanosaur.gazebo.xacro
[0.106s] -- Up-to-date: /home/user/nanosaur/install/nanosaur_gazebo/share/nanosaur_gazebo/urdf/nanosaur.gazebo.sdf
[0.106s] -- Up-to-date: /home/user/nanosaur/install/nanosaur_gazebo/share/nanosaur_gazebo/urdf/nanosaur.gazebo.urdf
[0.107s] -- Up-to-date: /home/user/nanosaur/install/nanosaur_gazebo/share/ament_index/resource_index/package_run_dependencies/nanosaur_gazebo
[0.110s] -- Up-to-date: /home/user/nanosaur/install/nanosaur_gazebo/share/ament_index/resource_index/parent_prefix_path/nanosaur_gazebo
[0.111s] -- Up-to-date: /home/user/nanosaur/install/nanosaur_gazebo/share/nanosaur_gazebo/environment/ament_prefix_path.sh
[0.111s] -- Up-to-date: /home/user/nanosaur/install/nanosaur_gazebo/share/nanosaur_gazebo/environment/ament_prefix_path.dsv
[0.111s] -- Up-to-date: /home/user/nanosaur/install/nanosaur_gazebo/share/nanosaur_gazebo/environment/path.sh
[0.112s] -- Up-to-date: /home/user/nanosaur/install/nanosaur_gazebo/share/nanosaur_gazebo/environment/path.dsv
[0.112s] -- Up-to-date: /home/user/nanosaur/install/nanosaur_gazebo/share/nanosaur_gazebo/local_setup.bash
[0.112s] -- Up-to-date: /home/user/nanosaur/install/nanosaur_gazebo/share/nanosaur_gazebo/local_setup.sh
[0.112s] -- Up-to-date: /home/user/nanosaur/install/nanosaur_gazebo/share/nanosaur_gazebo/local_setup.zsh
[0.113s] -- Up-to-date: /home/user/nanosaur/install/nanosaur_gazebo/share/nanosaur_gazebo/local_setup.dsv
[0.113s] -- Installing: /home/user/nanosaur/install/nanosaur_gazebo/share/nanosaur_gazebo/package.dsv
[0.113s] -- Up-to-date: /home/user/nanosaur/install/nanosaur_gazebo/share/ament_index/resource_index/packages/nanosaur_gazebo
[0.113s] -- Up-to-date: /home/user/nanosaur/install/nanosaur_gazebo/share/nanosaur_gazebo/cmake/nanosaur_gazeboConfig.cmake
[0.113s] -- Up-to-date: /home/user/nanosaur/install/nanosaur_gazebo/share/nanosaur_gazebo/cmake/nanosaur_gazeboConfig-version.cmake
[0.113s] -- Up-to-date: /home/user/nanosaur/install/nanosaur_gazebo/share/nanosaur_gazebo/package.xml
[0.114s] Invoked command in '/home/user/nanosaur/build/nanosaur_gazebo' returned '0': CMAKE_PREFIX_PATH=/home/user/nanosaur/install/nanosaur_description:/home/user/nanosaur/install/nanosaur_control:/home/user/nanosaur/install/nanosaur_worlds:/home/user/nanosaur/install/nanosaur_simulations:/home/user/nanosaur/install/nanosaur:/home/user/nanosaur/install/nanosaur_msgs:/home/user/nanosaur/install/nanosaur_gazebo:/home/shh/stmoon/install/urdf_tutorial:/home/shh/stmoon/install/nanosaur_worlds:/home/shh/stmoon/install/nanosaur_simulations:/home/shh/stmoon/install/nanosaur:/home/shh/stmoon/install/nanosaur_msgs:/home/shh/stmoon/install/nanosaur_isaac_sim:/home/shh/stmoon/install/nanosaur_gazebo:/home/shh/stmoon/install/nanosaur_description:/home/shh/stmoon/install/nanosaur_control:/home/shh/stmoon/install/nanosaur_ignition:/opt/ros/humble /usr/bin/cmake --install /home/user/nanosaur/build/nanosaur_gazebo
