[0.035s] Invoking command in '/home/user/nanosaur/build/nanosaur_simulations': CMAKE_PREFIX_PATH=${CMAKE_PREFIX_PATH}:/home/user/nanosaur/install/ros2_camera_receiver:/opt/ros/humble /usr/bin/cmake --build /home/user/nanosaur/build/nanosaur_simulations -- -j16 -l16
[0.243s] Invoked command in '/home/user/nanosaur/build/nanosaur_simulations' returned '0': CMAKE_PREFIX_PATH=${CMAKE_PREFIX_PATH}:/home/user/nanosaur/install/ros2_camera_receiver:/opt/ros/humble /usr/bin/cmake --build /home/user/nanosaur/build/nanosaur_simulations -- -j16 -l16
[0.273s] Invoking command in '/home/user/nanosaur/build/nanosaur_simulations': CMAKE_PREFIX_PATH=${CMAKE_PREFIX_PATH}:/home/user/nanosaur/install/ros2_camera_receiver:/opt/ros/humble /usr/bin/cmake --install /home/user/nanosaur/build/nanosaur_simulations
[0.300s] -- Install configuration: ""
[0.300s] -- Up-to-date: /home/user/nanosaur/install/nanosaur_simulations/share/ament_index/resource_index/package_run_dependencies/nanosaur_simulations
[0.301s] -- Up-to-date: /home/user/nanosaur/install/nanosaur_simulations/share/ament_index/resource_index/parent_prefix_path/nanosaur_simulations
[0.301s] -- Up-to-date: /home/user/nanosaur/install/nanosaur_simulations/share/nanosaur_simulations/environment/ament_prefix_path.sh
[0.318s] -- Up-to-date: /home/user/nanosaur/install/nanosaur_simulations/share/nanosaur_simulations/environment/ament_prefix_path.dsv
[0.318s] -- Up-to-date: /home/user/nanosaur/install/nanosaur_simulations/share/nanosaur_simulations/environment/path.sh
[0.319s] -- Up-to-date: /home/user/nanosaur/install/nanosaur_simulations/share/nanosaur_simulations/environment/path.dsv
[0.319s] -- Up-to-date: /home/user/nanosaur/install/nanosaur_simulations/share/nanosaur_simulations/local_setup.bash
[0.319s] -- Up-to-date: /home/user/nanosaur/install/nanosaur_simulations/share/nanosaur_simulations/local_setup.sh
[0.319s] -- Up-to-date: /home/user/nanosaur/install/nanosaur_simulations/share/nanosaur_simulations/local_setup.zsh
[0.319s] -- Up-to-date: /home/user/nanosaur/install/nanosaur_simulations/share/nanosaur_simulations/local_setup.dsv
[0.319s] -- Installing: /home/user/nanosaur/install/nanosaur_simulations/share/nanosaur_simulations/package.dsv
[0.319s] -- Up-to-date: /home/user/nanosaur/install/nanosaur_simulations/share/ament_index/resource_index/packages/nanosaur_simulations
[0.319s] -- Up-to-date: /home/user/nanosaur/install/nanosaur_simulations/share/nanosaur_simulations/cmake/nanosaur_simulationsConfig.cmake
[0.319s] -- Up-to-date: /home/user/nanosaur/install/nanosaur_simulations/share/nanosaur_simulations/cmake/nanosaur_simulationsConfig-version.cmake
[0.319s] -- Up-to-date: /home/user/nanosaur/install/nanosaur_simulations/share/nanosaur_simulations/package.xml
[0.328s] Invoked command in '/home/user/nanosaur/build/nanosaur_simulations' returned '0': CMAKE_PREFIX_PATH=${CMAKE_PREFIX_PATH}:/home/user/nanosaur/install/ros2_camera_receiver:/opt/ros/humble /usr/bin/cmake --install /home/user/nanosaur/build/nanosaur_simulations
