1683354852.9152441 [INFO] [launch]: All log files can be found below /home/user/.ros/log/2023-05-06-06-34-12-914826-stmoon-XPS-9320-7109
1683354852.9153183 [INFO] [launch]: Default logging verbosity is set to INFO
1683354853.4952464 [INFO] [gzserver-1]: process started with pid [7111]
1683354853.4954176 [INFO] [gzclient-2]: process started with pid [7113]
1683354853.4955041 [INFO] [robot_state_publisher-3]: process started with pid [7115]
1683354853.4955812 [INFO] [spawn_entity.py-4]: process started with pid [7117]
1683354853.4956539 [INFO] [twist_mux-5]: process started with pid [7119]
1683354853.4957244 [INFO] [rviz2-6]: process started with pid [7121]
1683354853.5093234 [robot_state_publisher-3] [INFO] [1683354853.508979826] [nanosaur.robot_state_publisher]: got segment NVIDIA_jetson
1683354853.5098045 [robot_state_publisher-3] [INFO] [1683354853.509089165] [nanosaur.robot_state_publisher]: got segment base_front
1683354853.5099335 [robot_state_publisher-3] [INFO] [1683354853.509097455] [nanosaur.robot_state_publisher]: got segment base_link
1683354853.5100222 [robot_state_publisher-3] [INFO] [1683354853.509101592] [nanosaur.robot_state_publisher]: got segment base_rear
1683354853.5100975 [robot_state_publisher-3] [INFO] [1683354853.509104978] [nanosaur.robot_state_publisher]: got segment board_expansion
1683354853.5101676 [robot_state_publisher-3] [INFO] [1683354853.509108647] [nanosaur.robot_state_publisher]: got segment camera_board
1683354853.5102401 [robot_state_publisher-3] [INFO] [1683354853.509112239] [nanosaur.robot_state_publisher]: got segment camera_camera_link
1683354853.5103121 [robot_state_publisher-3] [INFO] [1683354853.509115584] [nanosaur.robot_state_publisher]: got segment camera_camera_link_frame
1683354853.5103803 [robot_state_publisher-3] [INFO] [1683354853.509119451] [nanosaur.robot_state_publisher]: got segment camera_optical_frame
1683354853.5104432 [robot_state_publisher-3] [INFO] [1683354853.509122883] [nanosaur.robot_state_publisher]: got segment cover
1683354853.5105062 [robot_state_publisher-3] [INFO] [1683354853.509126373] [nanosaur.robot_state_publisher]: got segment display_left
1683354853.5105731 [robot_state_publisher-3] [INFO] [1683354853.509129903] [nanosaur.robot_state_publisher]: got segment display_right
1683354853.5106425 [robot_state_publisher-3] [INFO] [1683354853.509133218] [nanosaur.robot_state_publisher]: got segment flap_bottom
1683354853.5107095 [robot_state_publisher-3] [INFO] [1683354853.509136827] [nanosaur.robot_state_publisher]: got segment flap_top
1683354853.5107787 [robot_state_publisher-3] [INFO] [1683354853.509140264] [nanosaur.robot_state_publisher]: got segment front_wheel_left
1683354853.5108526 [robot_state_publisher-3] [INFO] [1683354853.509143727] [nanosaur.robot_state_publisher]: got segment front_wheel_right
1683354853.5109172 [robot_state_publisher-3] [INFO] [1683354853.509147329] [nanosaur.robot_state_publisher]: got segment motor_board
1683354853.5109816 [robot_state_publisher-3] [INFO] [1683354853.509150696] [nanosaur.robot_state_publisher]: got segment motor_left
1683354853.5110457 [robot_state_publisher-3] [INFO] [1683354853.509153940] [nanosaur.robot_state_publisher]: got segment motor_right
1683354853.5111096 [robot_state_publisher-3] [INFO] [1683354853.509157702] [nanosaur.robot_state_publisher]: got segment pb_holder
1683354853.5111685 [robot_state_publisher-3] [INFO] [1683354853.509162910] [nanosaur.robot_state_publisher]: got segment power_bank
1683354853.5114553 [robot_state_publisher-3] [INFO] [1683354853.509167988] [nanosaur.robot_state_publisher]: got segment slider_left
1683354853.5115335 [robot_state_publisher-3] [INFO] [1683354853.509173500] [nanosaur.robot_state_publisher]: got segment slider_right
1683354853.5115972 [robot_state_publisher-3] [INFO] [1683354853.509178798] [nanosaur.robot_state_publisher]: got segment sprocket_left
1683354853.5116582 [robot_state_publisher-3] [INFO] [1683354853.509185185] [nanosaur.robot_state_publisher]: got segment sprocket_right
1683354853.5117204 [robot_state_publisher-3] [INFO] [1683354853.509190896] [nanosaur.robot_state_publisher]: got segment track_left
1683354853.5117998 [robot_state_publisher-3] [INFO] [1683354853.509196365] [nanosaur.robot_state_publisher]: got segment track_right
1683354853.5118661 [robot_state_publisher-3] [INFO] [1683354853.509200987] [nanosaur.robot_state_publisher]: got segment wheel_left
1683354853.5119307 [robot_state_publisher-3] [INFO] [1683354853.509204445] [nanosaur.robot_state_publisher]: got segment wheel_right
1683354857.6637897 [WARNING] [launch]: user interrupted with ctrl-c (SIGINT)
1683354857.6644609 [robot_state_publisher-3] [INFO] [1683354857.663115961] [rclcpp]: signal_handler(signum=2)
1683354857.6750433 [ERROR] [gzclient-2]: process has died [pid 7113, exit code -2, cmd 'gzclient --verbose'].
1683354857.6753552 [ERROR] [gzserver-1]: process has died [pid 7111, exit code -2, cmd 'gzserver /home/user/Project/Test/test_nanosaur/install/nanosaur_worlds/share/nanosaur_worlds/worlds/lab --verbose -slibgazebo_ros_factory.so -slibgazebo_ros_force_system.so'].
1683354857.6998603 [ERROR] [spawn_entity.py-4]: process has died [pid 7117, exit code -2, cmd '/opt/ros/humble/lib/gazebo_ros/spawn_entity.py -entity nanosaur -topic robot_description -x 0.0 -y 0.0 -z 0.0 -R 0.0 -P 0.0 -Y -1.57 --ros-args -r __node:=spawn_entity -r __ns:=/nanosaur'].
1683354857.7338336 [ERROR] [robot_state_publisher-3]: process has died [pid 7115, exit code -11, cmd '/opt/ros/humble/lib/robot_state_publisher/robot_state_publisher --ros-args -r __ns:=/nanosaur --params-file /tmp/launch_params_c0wa_7ri'].
1683354857.7749135 [INFO] [twist_mux-5]: process has finished cleanly [pid 7119]
1683354857.8705196 [INFO] [rviz2-6]: process has finished cleanly [pid 7121]
