1683355788.2242923 [INFO] [launch]: All log files can be found below /home/user/.ros/log/2023-05-06-06-49-48-223858-stmoon-XPS-9320-12391
1683355788.2243652 [INFO] [launch]: Default logging verbosity is set to INFO
1683355788.8047023 [INFO] [gzserver-1]: process started with pid [12393]
1683355788.8048272 [INFO] [gzclient-2]: process started with pid [12395]
1683355788.8048823 [INFO] [robot_state_publisher-3]: process started with pid [12397]
1683355788.8049235 [INFO] [spawn_entity.py-4]: process started with pid [12399]
1683355788.8049614 [INFO] [twist_mux-5]: process started with pid [12401]
1683355788.8049963 [INFO] [rviz2-6]: process started with pid [12403]
1683355788.8188841 [robot_state_publisher-3] [INFO] [1683355788.818600565] [nanosaur.robot_state_publisher]: got segment NVIDIA_jetson
1683355788.8193190 [robot_state_publisher-3] [INFO] [1683355788.818689127] [nanosaur.robot_state_publisher]: got segment base_front
1683355788.8194375 [robot_state_publisher-3] [INFO] [1683355788.818695135] [nanosaur.robot_state_publisher]: got segment base_link
1683355788.8195276 [robot_state_publisher-3] [INFO] [1683355788.818698286] [nanosaur.robot_state_publisher]: got segment base_rear
1683355788.8196156 [robot_state_publisher-3] [INFO] [1683355788.818700732] [nanosaur.robot_state_publisher]: got segment board_expansion
1683355788.8196926 [robot_state_publisher-3] [INFO] [1683355788.818703342] [nanosaur.robot_state_publisher]: got segment camera_board
1683355788.8197739 [robot_state_publisher-3] [INFO] [1683355788.818705977] [nanosaur.robot_state_publisher]: got segment camera_camera_link
1683355788.8198490 [robot_state_publisher-3] [INFO] [1683355788.818708432] [nanosaur.robot_state_publisher]: got segment camera_camera_link_frame
1683355788.8199141 [robot_state_publisher-3] [INFO] [1683355788.818711247] [nanosaur.robot_state_publisher]: got segment camera_optical_frame
1683355788.8199804 [robot_state_publisher-3] [INFO] [1683355788.818713842] [nanosaur.robot_state_publisher]: got segment cover
1683355788.8200483 [robot_state_publisher-3] [INFO] [1683355788.818716534] [nanosaur.robot_state_publisher]: got segment display_left
1683355788.8201160 [robot_state_publisher-3] [INFO] [1683355788.818719049] [nanosaur.robot_state_publisher]: got segment display_right
1683355788.8201809 [robot_state_publisher-3] [INFO] [1683355788.818721504] [nanosaur.robot_state_publisher]: got segment flap_bottom
1683355788.8202469 [robot_state_publisher-3] [INFO] [1683355788.818724095] [nanosaur.robot_state_publisher]: got segment flap_top
1683355788.8203135 [robot_state_publisher-3] [INFO] [1683355788.818726541] [nanosaur.robot_state_publisher]: got segment front_wheel_left
1683355788.8203795 [robot_state_publisher-3] [INFO] [1683355788.818729061] [nanosaur.robot_state_publisher]: got segment front_wheel_right
1683355788.8204613 [robot_state_publisher-3] [INFO] [1683355788.818731551] [nanosaur.robot_state_publisher]: got segment motor_board
1683355788.8205292 [robot_state_publisher-3] [INFO] [1683355788.818734215] [nanosaur.robot_state_publisher]: got segment motor_left
1683355788.8205936 [robot_state_publisher-3] [INFO] [1683355788.818736708] [nanosaur.robot_state_publisher]: got segment motor_right
1683355788.8206561 [robot_state_publisher-3] [INFO] [1683355788.818739179] [nanosaur.robot_state_publisher]: got segment pb_holder
1683355788.8207173 [robot_state_publisher-3] [INFO] [1683355788.818741671] [nanosaur.robot_state_publisher]: got segment power_bank
1683355788.8207798 [robot_state_publisher-3] [INFO] [1683355788.818744051] [nanosaur.robot_state_publisher]: got segment slider_left
1683355788.8208416 [robot_state_publisher-3] [INFO] [1683355788.818746445] [nanosaur.robot_state_publisher]: got segment slider_right
1683355788.8209045 [robot_state_publisher-3] [INFO] [1683355788.818748862] [nanosaur.robot_state_publisher]: got segment sprocket_left
1683355788.8209703 [robot_state_publisher-3] [INFO] [1683355788.818751444] [nanosaur.robot_state_publisher]: got segment sprocket_right
1683355788.8210447 [robot_state_publisher-3] [INFO] [1683355788.818753853] [nanosaur.robot_state_publisher]: got segment track_left
1683355788.8214326 [robot_state_publisher-3] [INFO] [1683355788.818756354] [nanosaur.robot_state_publisher]: got segment track_right
1683355788.8215344 [robot_state_publisher-3] [INFO] [1683355788.818758911] [nanosaur.robot_state_publisher]: got segment wheel_left
1683355788.8216052 [robot_state_publisher-3] [INFO] [1683355788.818761338] [nanosaur.robot_state_publisher]: got segment wheel_right
1683355795.3190448 [WARNING] [launch]: user interrupted with ctrl-c (SIGINT)
1683355795.3250291 [robot_state_publisher-3] [INFO] [1683355795.318058021] [rclcpp]: signal_handler(signum=2)
1683355795.3278787 [ERROR] [gzclient-2]: process has died [pid 12395, exit code -2, cmd 'gzclient --verbose'].
1683355795.3288820 [ERROR] [gzserver-1]: process has died [pid 12393, exit code -2, cmd 'gzserver /home/user/Project/Test/test_nanosaur/install/nanosaur_worlds/share/nanosaur_worlds/worlds/lab --verbose -slibgazebo_ros_factory.so -slibgazebo_ros_force_system.so'].
1683355795.3468606 [ERROR] [spawn_entity.py-4]: process has died [pid 12399, exit code -2, cmd '/opt/ros/humble/lib/gazebo_ros/spawn_entity.py -entity nanosaur -topic robot_description -x 0.0 -y 0.0 -z 0.0 -R 0.0 -P 0.0 -Y -1.57 --ros-args -r __node:=spawn_entity -r __ns:=/nanosaur'].
1683355795.3851793 [ERROR] [robot_state_publisher-3]: process has died [pid 12397, exit code -11, cmd '/opt/ros/humble/lib/robot_state_publisher/robot_state_publisher --ros-args -r __ns:=/nanosaur --params-file /tmp/launch_params_g4poeki8'].
1683355795.4297154 [INFO] [twist_mux-5]: process has finished cleanly [pid 12401]
1683355795.4726069 [INFO] [rviz2-6]: process has finished cleanly [pid 12403]
