running egg_info
creating ../build/rover_line_follower/rover_line_follower.egg-info
writing ../build/rover_line_follower/rover_line_follower.egg-info/PKG-INFO
writing dependency_links to ../build/rover_line_follower/rover_line_follower.egg-info/dependency_links.txt
writing entry points to ../build/rover_line_follower/rover_line_follower.egg-info/entry_points.txt
writing requirements to ../build/rover_line_follower/rover_line_follower.egg-info/requires.txt
writing top-level names to ../build/rover_line_follower/rover_line_follower.egg-info/top_level.txt
writing manifest file '../build/rover_line_follower/rover_line_follower.egg-info/SOURCES.txt'
reading manifest file '../build/rover_line_follower/rover_line_follower.egg-info/SOURCES.txt'
writing manifest file '../build/rover_line_follower/rover_line_follower.egg-info/SOURCES.txt'
running build
running build_py
creating /home/shh/final_project/src/build/rover_line_follower/build
creating /home/shh/final_project/src/build/rover_line_follower/build/lib
creating /home/shh/final_project/src/build/rover_line_follower/build/lib/rover_line_follower
copying rover_line_follower/rover_line_follower.py -> /home/shh/final_project/src/build/rover_line_follower/build/lib/rover_line_follower
copying rover_line_follower/__init__.py -> /home/shh/final_project/src/build/rover_line_follower/build/lib/rover_line_follower
running install
running install_lib
creating /home/shh/final_project/src/install/rover_line_follower/lib/python3.10/site-packages/rover_line_follower
copying /home/shh/final_project/src/build/rover_line_follower/build/lib/rover_line_follower/rover_line_follower.py -> /home/shh/final_project/src/install/rover_line_follower/lib/python3.10/site-packages/rover_line_follower
copying /home/shh/final_project/src/build/rover_line_follower/build/lib/rover_line_follower/__init__.py -> /home/shh/final_project/src/install/rover_line_follower/lib/python3.10/site-packages/rover_line_follower
byte-compiling /home/shh/final_project/src/install/rover_line_follower/lib/python3.10/site-packages/rover_line_follower/rover_line_follower.py to rover_line_follower.cpython-310.pyc
byte-compiling /home/shh/final_project/src/install/rover_line_follower/lib/python3.10/site-packages/rover_line_follower/__init__.py to __init__.cpython-310.pyc
running install_data
creating /home/shh/final_project/src/install/rover_line_follower/share/ament_index
creating /home/shh/final_project/src/install/rover_line_follower/share/ament_index/resource_index
creating /home/shh/final_project/src/install/rover_line_follower/share/ament_index/resource_index/packages
copying resource/rover_line_follower -> /home/shh/final_project/src/install/rover_line_follower/share/ament_index/resource_index/packages
copying package.xml -> /home/shh/final_project/src/install/rover_line_follower/share/rover_line_follower
running install_egg_info
Copying ../build/rover_line_follower/rover_line_follower.egg-info to /home/shh/final_project/src/install/rover_line_follower/lib/python3.10/site-packages/rover_line_follower-0.0.0-py3.10.egg-info
running install_scripts
Installing rover_line_follower script to /home/shh/final_project/src/install/rover_line_follower/lib/rover_line_follower
writing list of installed files to '/home/shh/final_project/src/build/rover_line_follower/install.log'
