1684595322.4694376 [INFO] [launch]: All log files can be found below /home/user/.ros/log/2023-05-20-15-08-42-468829-shh-5105
1684595322.4695356 [INFO] [launch]: Default logging verbosity is set to INFO
1684595323.3082647 [INFO] [gzserver-1]: process started with pid [5107]
1684595323.3084488 [INFO] [gzclient-2]: process started with pid [5109]
1684595323.3085239 [INFO] [robot_state_publisher-3]: process started with pid [5111]
1684595323.3085961 [INFO] [spawn_entity.py-4]: process started with pid [5113]
1684595323.3086884 [INFO] [twist_mux-5]: process started with pid [5115]
1684595323.3087637 [INFO] [rviz2-6]: process started with pid [5117]
1684595323.3088415 [INFO] [xterm-7]: process started with pid [5119]
1684595323.3380284 [robot_state_publisher-3] [INFO] [1684595323.337614673] [nanosaur.robot_state_publisher]: got segment NVIDIA_jetson
1684595323.3387070 [robot_state_publisher-3] [INFO] [1684595323.337743954] [nanosaur.robot_state_publisher]: got segment base_front
1684595323.3389428 [robot_state_publisher-3] [INFO] [1684595323.337756595] [nanosaur.robot_state_publisher]: got segment base_link
1684595323.3390832 [robot_state_publisher-3] [INFO] [1684595323.337766723] [nanosaur.robot_state_publisher]: got segment base_rear
1684595323.3392000 [robot_state_publisher-3] [INFO] [1684595323.337776850] [nanosaur.robot_state_publisher]: got segment board_expansion
1684595323.3393350 [robot_state_publisher-3] [INFO] [1684595323.337786628] [nanosaur.robot_state_publisher]: got segment camera_board
1684595323.3394535 [robot_state_publisher-3] [INFO] [1684595323.337796127] [nanosaur.robot_state_publisher]: got segment camera_camera_link
1684595323.3395629 [robot_state_publisher-3] [INFO] [1684595323.337805696] [nanosaur.robot_state_publisher]: got segment camera_camera_link_frame
1684595323.3396657 [robot_state_publisher-3] [INFO] [1684595323.337815334] [nanosaur.robot_state_publisher]: got segment camera_optical_frame
1684595323.3397796 [robot_state_publisher-3] [INFO] [1684595323.337824763] [nanosaur.robot_state_publisher]: got segment cover
1684595323.3398833 [robot_state_publisher-3] [INFO] [1684595323.337834821] [nanosaur.robot_state_publisher]: got segment display_left
1684595323.3409524 [robot_state_publisher-3] [INFO] [1684595323.337844389] [nanosaur.robot_state_publisher]: got segment display_right
1684595323.3411741 [robot_state_publisher-3] [INFO] [1684595323.337854307] [nanosaur.robot_state_publisher]: got segment flap_bottom
1684595323.3413246 [robot_state_publisher-3] [INFO] [1684595323.337864854] [nanosaur.robot_state_publisher]: got segment flap_top
1684595323.3414364 [robot_state_publisher-3] [INFO] [1684595323.337874422] [nanosaur.robot_state_publisher]: got segment front_wheel_left
1684595323.3415425 [robot_state_publisher-3] [INFO] [1684595323.337883921] [nanosaur.robot_state_publisher]: got segment front_wheel_right
1684595323.3416488 [robot_state_publisher-3] [INFO] [1684595323.337893909] [nanosaur.robot_state_publisher]: got segment motor_board
1684595323.3418279 [robot_state_publisher-3] [INFO] [1684595323.337903547] [nanosaur.robot_state_publisher]: got segment motor_left
1684595323.3419280 [robot_state_publisher-3] [INFO] [1684595323.337912976] [nanosaur.robot_state_publisher]: got segment motor_right
1684595323.3420353 [robot_state_publisher-3] [INFO] [1684595323.337922475] [nanosaur.robot_state_publisher]: got segment pb_holder
1684595323.3421371 [robot_state_publisher-3] [INFO] [1684595323.337932183] [nanosaur.robot_state_publisher]: got segment power_bank
1684595323.3422523 [robot_state_publisher-3] [INFO] [1684595323.337941612] [nanosaur.robot_state_publisher]: got segment slider_left
1684595323.3423667 [robot_state_publisher-3] [INFO] [1684595323.337951111] [nanosaur.robot_state_publisher]: got segment slider_right
1684595323.3424807 [robot_state_publisher-3] [INFO] [1684595323.337960749] [nanosaur.robot_state_publisher]: got segment sprocket_left
1684595323.3425860 [robot_state_publisher-3] [INFO] [1684595323.337970737] [nanosaur.robot_state_publisher]: got segment sprocket_right
1684595323.3426900 [robot_state_publisher-3] [INFO] [1684595323.337979258] [nanosaur.robot_state_publisher]: got segment track_left
1684595323.3428113 [robot_state_publisher-3] [INFO] [1684595323.337988826] [nanosaur.robot_state_publisher]: got segment track_right
1684595323.3429203 [robot_state_publisher-3] [INFO] [1684595323.337997976] [nanosaur.robot_state_publisher]: got segment wheel_left
1684595323.3430283 [robot_state_publisher-3] [INFO] [1684595323.338007824] [nanosaur.robot_state_publisher]: got segment wheel_right
1684595324.9154661 [INFO] [spawn_entity.py-4]: process has finished cleanly [pid 5113]
1684595379.5115361 [INFO] [gzclient-2]: process has finished cleanly [pid 5109]
1684595382.6141632 [WARNING] [launch]: user interrupted with ctrl-c (SIGINT)
1684595382.6208017 [robot_state_publisher-3] [INFO] [1684595382.613788174] [rclcpp]: signal_handler(signum=2)
1684595382.6210921 [ERROR] [xterm-7]: process has died [pid 5119, exit code 2, cmd 'xterm -e /opt/ros/humble/lib/teleop_twist_keyboard/teleop_twist_keyboard --ros-args -r __node:=teleop_twist_keyboard'].
1684595382.7264390 [INFO] [twist_mux-5]: process has finished cleanly [pid 5115]
1684595382.7790449 [ERROR] [robot_state_publisher-3]: process has died [pid 5111, exit code -11, cmd '/opt/ros/humble/lib/robot_state_publisher/robot_state_publisher --ros-args -r __ns:=/nanosaur --params-file /tmp/launch_params_2pdxm56i'].
1684595382.8405833 [INFO] [rviz2-6]: process has finished cleanly [pid 5117]
1684595382.8590271 [INFO] [gzserver-1]: process has finished cleanly [pid 5107]
