running egg_info
creating ../../build/ros2_camera_receiver/ros2_camera_receiver.egg-info
writing ../../build/ros2_camera_receiver/ros2_camera_receiver.egg-info/PKG-INFO
writing dependency_links to ../../build/ros2_camera_receiver/ros2_camera_receiver.egg-info/dependency_links.txt
writing entry points to ../../build/ros2_camera_receiver/ros2_camera_receiver.egg-info/entry_points.txt
writing requirements to ../../build/ros2_camera_receiver/ros2_camera_receiver.egg-info/requires.txt
writing top-level names to ../../build/ros2_camera_receiver/ros2_camera_receiver.egg-info/top_level.txt
writing manifest file '../../build/ros2_camera_receiver/ros2_camera_receiver.egg-info/SOURCES.txt'
reading manifest file '../../build/ros2_camera_receiver/ros2_camera_receiver.egg-info/SOURCES.txt'
writing manifest file '../../build/ros2_camera_receiver/ros2_camera_receiver.egg-info/SOURCES.txt'
running build
running build_py
creating /home/user/nanosaur/build/ros2_camera_receiver/build
creating /home/user/nanosaur/build/ros2_camera_receiver/build/lib
creating /home/user/nanosaur/build/ros2_camera_receiver/build/lib/ros2_camera_receiver
copying ros2_camera_receiver/get-pip.py -> /home/user/nanosaur/build/ros2_camera_receiver/build/lib/ros2_camera_receiver
copying ros2_camera_receiver/camera_image_subscriber.py -> /home/user/nanosaur/build/ros2_camera_receiver/build/lib/ros2_camera_receiver
copying ros2_camera_receiver/__init__.py -> /home/user/nanosaur/build/ros2_camera_receiver/build/lib/ros2_camera_receiver
running install
running install_lib
creating /home/user/nanosaur/install/ros2_camera_receiver/lib/python3.10/site-packages/ros2_camera_receiver
copying /home/user/nanosaur/build/ros2_camera_receiver/build/lib/ros2_camera_receiver/get-pip.py -> /home/user/nanosaur/install/ros2_camera_receiver/lib/python3.10/site-packages/ros2_camera_receiver
copying /home/user/nanosaur/build/ros2_camera_receiver/build/lib/ros2_camera_receiver/camera_image_subscriber.py -> /home/user/nanosaur/install/ros2_camera_receiver/lib/python3.10/site-packages/ros2_camera_receiver
copying /home/user/nanosaur/build/ros2_camera_receiver/build/lib/ros2_camera_receiver/__init__.py -> /home/user/nanosaur/install/ros2_camera_receiver/lib/python3.10/site-packages/ros2_camera_receiver
byte-compiling /home/user/nanosaur/install/ros2_camera_receiver/lib/python3.10/site-packages/ros2_camera_receiver/get-pip.py to get-pip.cpython-310.pyc
byte-compiling /home/user/nanosaur/install/ros2_camera_receiver/lib/python3.10/site-packages/ros2_camera_receiver/camera_image_subscriber.py to camera_image_subscriber.cpython-310.pyc
byte-compiling /home/user/nanosaur/install/ros2_camera_receiver/lib/python3.10/site-packages/ros2_camera_receiver/__init__.py to __init__.cpython-310.pyc
running install_data
creating /home/user/nanosaur/install/ros2_camera_receiver/share/ament_index
creating /home/user/nanosaur/install/ros2_camera_receiver/share/ament_index/resource_index
creating /home/user/nanosaur/install/ros2_camera_receiver/share/ament_index/resource_index/packages
copying resource/ros2_camera_receiver -> /home/user/nanosaur/install/ros2_camera_receiver/share/ament_index/resource_index/packages
copying package.xml -> /home/user/nanosaur/install/ros2_camera_receiver/share/ros2_camera_receiver
running install_egg_info
Copying ../../build/ros2_camera_receiver/ros2_camera_receiver.egg-info to /home/user/nanosaur/install/ros2_camera_receiver/lib/python3.10/site-packages/ros2_camera_receiver-0.0.0-py3.10.egg-info
running install_scripts
Installing camera_image_subscriber script to /home/user/nanosaur/install/ros2_camera_receiver/lib/ros2_camera_receiver
writing list of installed files to '/home/user/nanosaur/build/ros2_camera_receiver/install.log'
