[0.544s] Invoking command in '/home/user/nanosaur/src/ros2_camera_receiver': PYTHONPATH=/home/user/nanosaur/build/ros2_camera_receiver/prefix_override:/home/user/nanosaur/install/ros2_camera_receiver/lib/python3.10/site-packages:${PYTHONPATH} /usr/bin/python3 setup.py egg_info --egg-base ../../build/ros2_camera_receiver build --build-base /home/user/nanosaur/build/ros2_camera_receiver/build install --record /home/user/nanosaur/build/ros2_camera_receiver/install.log --single-version-externally-managed
[0.697s] running egg_info
[0.698s] creating ../../build/ros2_camera_receiver/ros2_camera_receiver.egg-info
[0.698s] writing ../../build/ros2_camera_receiver/ros2_camera_receiver.egg-info/PKG-INFO
[0.698s] writing dependency_links to ../../build/ros2_camera_receiver/ros2_camera_receiver.egg-info/dependency_links.txt
[0.698s] writing entry points to ../../build/ros2_camera_receiver/ros2_camera_receiver.egg-info/entry_points.txt
[0.698s] writing requirements to ../../build/ros2_camera_receiver/ros2_camera_receiver.egg-info/requires.txt
[0.699s] writing top-level names to ../../build/ros2_camera_receiver/ros2_camera_receiver.egg-info/top_level.txt
[0.699s] writing manifest file '../../build/ros2_camera_receiver/ros2_camera_receiver.egg-info/SOURCES.txt'
[0.699s] reading manifest file '../../build/ros2_camera_receiver/ros2_camera_receiver.egg-info/SOURCES.txt'
[0.700s] writing manifest file '../../build/ros2_camera_receiver/ros2_camera_receiver.egg-info/SOURCES.txt'
[0.700s] running build
[0.701s] running build_py
[0.701s] creating /home/user/nanosaur/build/ros2_camera_receiver/build
[0.701s] creating /home/user/nanosaur/build/ros2_camera_receiver/build/lib
[0.701s] creating /home/user/nanosaur/build/ros2_camera_receiver/build/lib/ros2_camera_receiver
[0.701s] copying ros2_camera_receiver/get-pip.py -> /home/user/nanosaur/build/ros2_camera_receiver/build/lib/ros2_camera_receiver
[0.703s] copying ros2_camera_receiver/camera_image_subscriber.py -> /home/user/nanosaur/build/ros2_camera_receiver/build/lib/ros2_camera_receiver
[0.703s] copying ros2_camera_receiver/__init__.py -> /home/user/nanosaur/build/ros2_camera_receiver/build/lib/ros2_camera_receiver
[0.703s] running install
[0.703s] /usr/lib/python3/dist-packages/setuptools/command/install.py:34: SetuptoolsDeprecationWarning: setup.py install is deprecated. Use build and pip and other standards-based tools.
[0.704s]   warnings.warn(
[0.704s] running install_lib
[0.704s] creating /home/user/nanosaur/install/ros2_camera_receiver/lib/python3.10/site-packages/ros2_camera_receiver
[0.704s] copying /home/user/nanosaur/build/ros2_camera_receiver/build/lib/ros2_camera_receiver/get-pip.py -> /home/user/nanosaur/install/ros2_camera_receiver/lib/python3.10/site-packages/ros2_camera_receiver
[0.706s] copying /home/user/nanosaur/build/ros2_camera_receiver/build/lib/ros2_camera_receiver/camera_image_subscriber.py -> /home/user/nanosaur/install/ros2_camera_receiver/lib/python3.10/site-packages/ros2_camera_receiver
[0.706s] copying /home/user/nanosaur/build/ros2_camera_receiver/build/lib/ros2_camera_receiver/__init__.py -> /home/user/nanosaur/install/ros2_camera_receiver/lib/python3.10/site-packages/ros2_camera_receiver
[0.707s] byte-compiling /home/user/nanosaur/install/ros2_camera_receiver/lib/python3.10/site-packages/ros2_camera_receiver/get-pip.py to get-pip.cpython-310.pyc
[0.726s] byte-compiling /home/user/nanosaur/install/ros2_camera_receiver/lib/python3.10/site-packages/ros2_camera_receiver/camera_image_subscriber.py to camera_image_subscriber.cpython-310.pyc
[0.726s] byte-compiling /home/user/nanosaur/install/ros2_camera_receiver/lib/python3.10/site-packages/ros2_camera_receiver/__init__.py to __init__.cpython-310.pyc
[0.726s] running install_data
[0.726s] creating /home/user/nanosaur/install/ros2_camera_receiver/share/ament_index
[0.727s] creating /home/user/nanosaur/install/ros2_camera_receiver/share/ament_index/resource_index
[0.727s] creating /home/user/nanosaur/install/ros2_camera_receiver/share/ament_index/resource_index/packages
[0.727s] copying resource/ros2_camera_receiver -> /home/user/nanosaur/install/ros2_camera_receiver/share/ament_index/resource_index/packages
[0.727s] copying package.xml -> /home/user/nanosaur/install/ros2_camera_receiver/share/ros2_camera_receiver
[0.727s] running install_egg_info
[0.728s] Copying ../../build/ros2_camera_receiver/ros2_camera_receiver.egg-info to /home/user/nanosaur/install/ros2_camera_receiver/lib/python3.10/site-packages/ros2_camera_receiver-0.0.0-py3.10.egg-info
[0.728s] running install_scripts
[0.743s] Installing camera_image_subscriber script to /home/user/nanosaur/install/ros2_camera_receiver/lib/ros2_camera_receiver
[0.743s] writing list of installed files to '/home/user/nanosaur/build/ros2_camera_receiver/install.log'
[0.770s] Invoked command in '/home/user/nanosaur/src/ros2_camera_receiver' returned '0': PYTHONPATH=/home/user/nanosaur/build/ros2_camera_receiver/prefix_override:/home/user/nanosaur/install/ros2_camera_receiver/lib/python3.10/site-packages:${PYTHONPATH} /usr/bin/python3 setup.py egg_info --egg-base ../../build/ros2_camera_receiver build --build-base /home/user/nanosaur/build/ros2_camera_receiver/build install --record /home/user/nanosaur/build/ros2_camera_receiver/install.log --single-version-externally-managed
