1683361815.7405312 [INFO] [launch]: All log files can be found below /home/user/.ros/log/2023-05-06-08-30-15-740011-stmoon-XPS-9320-60
1683361815.7406318 [INFO] [launch]: Default logging verbosity is set to INFO
1683361816.3208086 [INFO] [gzserver-1]: process started with pid [62]
1683361816.3209765 [INFO] [gzclient-2]: process started with pid [64]
1683361816.3210528 [INFO] [robot_state_publisher-3]: process started with pid [66]
1683361816.3211007 [INFO] [spawn_entity.py-4]: process started with pid [68]
1683361816.3211405 [INFO] [twist_mux-5]: process started with pid [70]
1683361816.3211751 [INFO] [rviz2-6]: process started with pid [72]
1683361816.3350902 [robot_state_publisher-3] [INFO] [1683361816.334776387] [nanosaur.robot_state_publisher]: got segment NVIDIA_jetson
1683361816.3355477 [robot_state_publisher-3] [INFO] [1683361816.334866152] [nanosaur.robot_state_publisher]: got segment base_front
1683361816.3356674 [robot_state_publisher-3] [INFO] [1683361816.334873101] [nanosaur.robot_state_publisher]: got segment base_link
1683361816.3357544 [robot_state_publisher-3] [INFO] [1683361816.334876410] [nanosaur.robot_state_publisher]: got segment base_rear
1683361816.3358338 [robot_state_publisher-3] [INFO] [1683361816.334878998] [nanosaur.robot_state_publisher]: got segment board_expansion
1683361816.3359108 [robot_state_publisher-3] [INFO] [1683361816.334881758] [nanosaur.robot_state_publisher]: got segment camera_board
1683361816.3359904 [robot_state_publisher-3] [INFO] [1683361816.334884311] [nanosaur.robot_state_publisher]: got segment camera_camera_link
1683361816.3360651 [robot_state_publisher-3] [INFO] [1683361816.334886927] [nanosaur.robot_state_publisher]: got segment camera_camera_link_frame
1683361816.3361626 [robot_state_publisher-3] [INFO] [1683361816.334889736] [nanosaur.robot_state_publisher]: got segment camera_optical_frame
1683361816.3362374 [robot_state_publisher-3] [INFO] [1683361816.334892302] [nanosaur.robot_state_publisher]: got segment cover
1683361816.3363085 [robot_state_publisher-3] [INFO] [1683361816.334894949] [nanosaur.robot_state_publisher]: got segment display_left
1683361816.3363743 [robot_state_publisher-3] [INFO] [1683361816.334897471] [nanosaur.robot_state_publisher]: got segment display_right
1683361816.3364499 [robot_state_publisher-3] [INFO] [1683361816.334900009] [nanosaur.robot_state_publisher]: got segment flap_bottom
1683361816.3365157 [robot_state_publisher-3] [INFO] [1683361816.334902604] [nanosaur.robot_state_publisher]: got segment flap_top
1683361816.3365788 [robot_state_publisher-3] [INFO] [1683361816.334905106] [nanosaur.robot_state_publisher]: got segment front_wheel_left
1683361816.3366456 [robot_state_publisher-3] [INFO] [1683361816.334907684] [nanosaur.robot_state_publisher]: got segment front_wheel_right
1683361816.3367167 [robot_state_publisher-3] [INFO] [1683361816.334910182] [nanosaur.robot_state_publisher]: got segment motor_board
1683361816.3367779 [robot_state_publisher-3] [INFO] [1683361816.334912797] [nanosaur.robot_state_publisher]: got segment motor_left
1683361816.3368397 [robot_state_publisher-3] [INFO] [1683361816.334915291] [nanosaur.robot_state_publisher]: got segment motor_right
1683361816.3368979 [robot_state_publisher-3] [INFO] [1683361816.334917702] [nanosaur.robot_state_publisher]: got segment pb_holder
1683361816.3369553 [robot_state_publisher-3] [INFO] [1683361816.334920114] [nanosaur.robot_state_publisher]: got segment power_bank
1683361816.3370132 [robot_state_publisher-3] [INFO] [1683361816.334922506] [nanosaur.robot_state_publisher]: got segment slider_left
1683361816.3370700 [robot_state_publisher-3] [INFO] [1683361816.334924939] [nanosaur.robot_state_publisher]: got segment slider_right
1683361816.3371298 [robot_state_publisher-3] [INFO] [1683361816.334927423] [nanosaur.robot_state_publisher]: got segment sprocket_left
1683361816.3371935 [robot_state_publisher-3] [INFO] [1683361816.334929937] [nanosaur.robot_state_publisher]: got segment sprocket_right
1683361816.3372593 [robot_state_publisher-3] [INFO] [1683361816.334932419] [nanosaur.robot_state_publisher]: got segment track_left
1683361816.3373322 [robot_state_publisher-3] [INFO] [1683361816.334934861] [nanosaur.robot_state_publisher]: got segment track_right
1683361816.3373909 [robot_state_publisher-3] [INFO] [1683361816.334937244] [nanosaur.robot_state_publisher]: got segment wheel_left
1683361816.3377407 [robot_state_publisher-3] [INFO] [1683361816.334939648] [nanosaur.robot_state_publisher]: got segment wheel_right
1683361821.8570452 [WARNING] [launch]: user interrupted with ctrl-c (SIGINT)
1683361821.8625090 [robot_state_publisher-3] [INFO] [1683361821.856457643] [rclcpp]: signal_handler(signum=2)
1683361821.8678312 [ERROR] [gzserver-1]: process has died [pid 62, exit code -2, cmd 'gzserver /home/user/Project/Test/test_nanosaur/install/nanosaur_worlds/share/nanosaur_worlds/worlds/lab.world --verbose -slibgazebo_ros_factory.so -slibgazebo_ros_force_system.so'].
1683361821.8688591 [ERROR] [gzclient-2]: process has died [pid 64, exit code -2, cmd 'gzclient --verbose'].
1683361821.8901491 [ERROR] [spawn_entity.py-4]: process has died [pid 68, exit code -2, cmd '/opt/ros/humble/lib/gazebo_ros/spawn_entity.py -entity nanosaur -topic robot_description -x 0.0 -y 0.0 -z 0.0 -R 0.0 -P 0.0 -Y -1.57 --ros-args -r __node:=spawn_entity -r __ns:=/nanosaur'].
1683361821.9236031 [ERROR] [robot_state_publisher-3]: process has died [pid 66, exit code -11, cmd '/opt/ros/humble/lib/robot_state_publisher/robot_state_publisher --ros-args -r __ns:=/nanosaur --params-file /tmp/launch_params__40rxft5'].
1683361821.9680073 [INFO] [twist_mux-5]: process has finished cleanly [pid 70]
1683361822.0732701 [INFO] [rviz2-6]: process has finished cleanly [pid 72]
