[0.028s] Invoking command in '/home/user/nanosaur/build/nanosaur_simulations': CMAKE_PREFIX_PATH=${CMAKE_PREFIX_PATH}:/home/shh/stmoon/install/nanosaur_ignition:/opt/ros/humble /usr/bin/cmake --build /home/user/nanosaur/build/nanosaur_simulations -- -j16 -l16
[0.059s] Invoked command in '/home/user/nanosaur/build/nanosaur_simulations' returned '0': CMAKE_PREFIX_PATH=${CMAKE_PREFIX_PATH}:/home/shh/stmoon/install/nanosaur_ignition:/opt/ros/humble /usr/bin/cmake --build /home/user/nanosaur/build/nanosaur_simulations -- -j16 -l16
[0.079s] Invoking command in '/home/user/nanosaur/build/nanosaur_simulations': CMAKE_PREFIX_PATH=${CMAKE_PREFIX_PATH}:/home/shh/stmoon/install/nanosaur_ignition:/opt/ros/humble /usr/bin/cmake --install /home/user/nanosaur/build/nanosaur_simulations
[0.086s] -- Install configuration: ""
[0.090s] -- Up-to-date: /home/user/nanosaur/install/nanosaur_simulations/share/ament_index/resource_index/package_run_dependencies/nanosaur_simulations
[0.092s] -- Up-to-date: /home/user/nanosaur/install/nanosaur_simulations/share/ament_index/resource_index/parent_prefix_path/nanosaur_simulations
[0.096s] -- Up-to-date: /home/user/nanosaur/install/nanosaur_simulations/share/nanosaur_simulations/environment/ament_prefix_path.sh
[0.101s] -- Up-to-date: /home/user/nanosaur/install/nanosaur_simulations/share/nanosaur_simulations/environment/ament_prefix_path.dsv
[0.104s] -- Up-to-date: /home/user/nanosaur/install/nanosaur_simulations/share/nanosaur_simulations/environment/path.sh
[0.106s] -- Up-to-date: /home/user/nanosaur/install/nanosaur_simulations/share/nanosaur_simulations/environment/path.dsv
[0.109s] -- Up-to-date: /home/user/nanosaur/install/nanosaur_simulations/share/nanosaur_simulations/local_setup.bash
[0.112s] -- Up-to-date: /home/user/nanosaur/install/nanosaur_simulations/share/nanosaur_simulations/local_setup.sh
[0.116s] -- Up-to-date: /home/user/nanosaur/install/nanosaur_simulations/share/nanosaur_simulations/local_setup.zsh
[0.118s] -- Up-to-date: /home/user/nanosaur/install/nanosaur_simulations/share/nanosaur_simulations/local_setup.dsv
[0.124s] -- Installing: /home/user/nanosaur/install/nanosaur_simulations/share/nanosaur_simulations/package.dsv
[0.125s] -- Up-to-date: /home/user/nanosaur/install/nanosaur_simulations/share/ament_index/resource_index/packages/nanosaur_simulations
[0.125s] -- Up-to-date: /home/user/nanosaur/install/nanosaur_simulations/share/nanosaur_simulations/cmake/nanosaur_simulationsConfig.cmake
[0.129s] -- Up-to-date: /home/user/nanosaur/install/nanosaur_simulations/share/nanosaur_simulations/cmake/nanosaur_simulationsConfig-version.cmake
[0.131s] -- Up-to-date: /home/user/nanosaur/install/nanosaur_simulations/share/nanosaur_simulations/package.xml
[0.138s] Invoked command in '/home/user/nanosaur/build/nanosaur_simulations' returned '0': CMAKE_PREFIX_PATH=${CMAKE_PREFIX_PATH}:/home/shh/stmoon/install/nanosaur_ignition:/opt/ros/humble /usr/bin/cmake --install /home/user/nanosaur/build/nanosaur_simulations
