[INFO] [1684577528.908447823] [nanosaur.robot_state_publisher]: got segment NVIDIA_jetson
[INFO] [1684577528.908593577] [nanosaur.robot_state_publisher]: got segment base_front
[INFO] [1684577528.908601863] [nanosaur.robot_state_publisher]: got segment base_link
[INFO] [1684577528.908606492] [nanosaur.robot_state_publisher]: got segment base_rear
[INFO] [1684577528.908610349] [nanosaur.robot_state_publisher]: got segment board_expansion
[INFO] [1684577528.908614236] [nanosaur.robot_state_publisher]: got segment camera_board
[INFO] [1684577528.908618685] [nanosaur.robot_state_publisher]: got segment camera_camera_link
[INFO] [1684577528.908622512] [nanosaur.robot_state_publisher]: got segment camera_camera_link_frame
[INFO] [1684577528.908626389] [nanosaur.robot_state_publisher]: got segment camera_optical_frame
[INFO] [1684577528.908630287] [nanosaur.robot_state_publisher]: got segment cover
[INFO] [1684577528.908634054] [nanosaur.robot_state_publisher]: got segment display_left
[INFO] [1684577528.908637911] [nanosaur.robot_state_publisher]: got segment display_right
[INFO] [1684577528.908641848] [nanosaur.robot_state_publisher]: got segment flap_bottom
[INFO] [1684577528.908645746] [nanosaur.robot_state_publisher]: got segment flap_top
[INFO] [1684577528.908649383] [nanosaur.robot_state_publisher]: got segment front_wheel_left
[INFO] [1684577528.908653080] [nanosaur.robot_state_publisher]: got segment front_wheel_right
[INFO] [1684577528.908656817] [nanosaur.robot_state_publisher]: got segment motor_board
[INFO] [1684577528.908660504] [nanosaur.robot_state_publisher]: got segment motor_left
[INFO] [1684577528.908664211] [nanosaur.robot_state_publisher]: got segment motor_right
[INFO] [1684577528.908667877] [nanosaur.robot_state_publisher]: got segment pb_holder
[INFO] [1684577528.908671604] [nanosaur.robot_state_publisher]: got segment power_bank
[INFO] [1684577528.908675331] [nanosaur.robot_state_publisher]: got segment slider_left
[INFO] [1684577528.908679048] [nanosaur.robot_state_publisher]: got segment slider_right
[INFO] [1684577528.908682745] [nanosaur.robot_state_publisher]: got segment sprocket_left
[INFO] [1684577528.908686533] [nanosaur.robot_state_publisher]: got segment sprocket_right
[INFO] [1684577528.908690340] [nanosaur.robot_state_publisher]: got segment track_left
[INFO] [1684577528.908694137] [nanosaur.robot_state_publisher]: got segment track_right
[INFO] [1684577528.908697894] [nanosaur.robot_state_publisher]: got segment wheel_left
[INFO] [1684577528.908701651] [nanosaur.robot_state_publisher]: got segment wheel_right
[INFO] [1684577539.836265163] [rclcpp]: signal_handler(signum=2)
