[INFO] [1683354853.508979826] [nanosaur.robot_state_publisher]: got segment NVIDIA_jetson
[INFO] [1683354853.509089165] [nanosaur.robot_state_publisher]: got segment base_front
[INFO] [1683354853.509097455] [nanosaur.robot_state_publisher]: got segment base_link
[INFO] [1683354853.509101592] [nanosaur.robot_state_publisher]: got segment base_rear
[INFO] [1683354853.509104978] [nanosaur.robot_state_publisher]: got segment board_expansion
[INFO] [1683354853.509108647] [nanosaur.robot_state_publisher]: got segment camera_board
[INFO] [1683354853.509112239] [nanosaur.robot_state_publisher]: got segment camera_camera_link
[INFO] [1683354853.509115584] [nanosaur.robot_state_publisher]: got segment camera_camera_link_frame
[INFO] [1683354853.509119451] [nanosaur.robot_state_publisher]: got segment camera_optical_frame
[INFO] [1683354853.509122883] [nanosaur.robot_state_publisher]: got segment cover
[INFO] [1683354853.509126373] [nanosaur.robot_state_publisher]: got segment display_left
[INFO] [1683354853.509129903] [nanosaur.robot_state_publisher]: got segment display_right
[INFO] [1683354853.509133218] [nanosaur.robot_state_publisher]: got segment flap_bottom
[INFO] [1683354853.509136827] [nanosaur.robot_state_publisher]: got segment flap_top
[INFO] [1683354853.509140264] [nanosaur.robot_state_publisher]: got segment front_wheel_left
[INFO] [1683354853.509143727] [nanosaur.robot_state_publisher]: got segment front_wheel_right
[INFO] [1683354853.509147329] [nanosaur.robot_state_publisher]: got segment motor_board
[INFO] [1683354853.509150696] [nanosaur.robot_state_publisher]: got segment motor_left
[INFO] [1683354853.509153940] [nanosaur.robot_state_publisher]: got segment motor_right
[INFO] [1683354853.509157702] [nanosaur.robot_state_publisher]: got segment pb_holder
[INFO] [1683354853.509162910] [nanosaur.robot_state_publisher]: got segment power_bank
[INFO] [1683354853.509167988] [nanosaur.robot_state_publisher]: got segment slider_left
[INFO] [1683354853.509173500] [nanosaur.robot_state_publisher]: got segment slider_right
[INFO] [1683354853.509178798] [nanosaur.robot_state_publisher]: got segment sprocket_left
[INFO] [1683354853.509185185] [nanosaur.robot_state_publisher]: got segment sprocket_right
[INFO] [1683354853.509190896] [nanosaur.robot_state_publisher]: got segment track_left
[INFO] [1683354853.509196365] [nanosaur.robot_state_publisher]: got segment track_right
[INFO] [1683354853.509200987] [nanosaur.robot_state_publisher]: got segment wheel_left
[INFO] [1683354853.509204445] [nanosaur.robot_state_publisher]: got segment wheel_right
[INFO] [1683354857.663115961] [rclcpp]: signal_handler(signum=2)
