[INFO] [1684222224.161819570] [nanosaur.robot_state_publisher]: got segment NVIDIA_jetson
[INFO] [1684222224.161935189] [nanosaur.robot_state_publisher]: got segment base_front
[INFO] [1684222224.161942313] [nanosaur.robot_state_publisher]: got segment base_link
[INFO] [1684222224.161947102] [nanosaur.robot_state_publisher]: got segment base_rear
[INFO] [1684222224.161951510] [nanosaur.robot_state_publisher]: got segment board_expansion
[INFO] [1684222224.162050047] [nanosaur.robot_state_publisher]: got segment camera_board
[INFO] [1684222224.162055187] [nanosaur.robot_state_publisher]: got segment camera_camera_link
[INFO] [1684222224.162059455] [nanosaur.robot_state_publisher]: got segment camera_camera_link_frame
[INFO] [1684222224.162063422] [nanosaur.robot_state_publisher]: got segment camera_optical_frame
[INFO] [1684222224.162067751] [nanosaur.robot_state_publisher]: got segment cover
[INFO] [1684222224.162072209] [nanosaur.robot_state_publisher]: got segment display_left
[INFO] [1684222224.162076798] [nanosaur.robot_state_publisher]: got segment display_right
[INFO] [1684222224.162081346] [nanosaur.robot_state_publisher]: got segment flap_bottom
[INFO] [1684222224.162085454] [nanosaur.robot_state_publisher]: got segment flap_top
[INFO] [1684222224.162089592] [nanosaur.robot_state_publisher]: got segment front_wheel_left
[INFO] [1684222224.162093540] [nanosaur.robot_state_publisher]: got segment front_wheel_right
[INFO] [1684222224.162097657] [nanosaur.robot_state_publisher]: got segment motor_board
[INFO] [1684222224.162102016] [nanosaur.robot_state_publisher]: got segment motor_left
[INFO] [1684222224.162106184] [nanosaur.robot_state_publisher]: got segment motor_right
[INFO] [1684222224.162110522] [nanosaur.robot_state_publisher]: got segment pb_holder
[INFO] [1684222224.162114870] [nanosaur.robot_state_publisher]: got segment power_bank
[INFO] [1684222224.162119078] [nanosaur.robot_state_publisher]: got segment slider_left
[INFO] [1684222224.162122795] [nanosaur.robot_state_publisher]: got segment slider_right
[INFO] [1684222224.162127264] [nanosaur.robot_state_publisher]: got segment sprocket_left
[INFO] [1684222224.162131622] [nanosaur.robot_state_publisher]: got segment sprocket_right
[INFO] [1684222224.162135800] [nanosaur.robot_state_publisher]: got segment track_left
[INFO] [1684222224.162140048] [nanosaur.robot_state_publisher]: got segment track_right
[INFO] [1684222224.162144316] [nanosaur.robot_state_publisher]: got segment wheel_left
[INFO] [1684222224.162148454] [nanosaur.robot_state_publisher]: got segment wheel_right
[INFO] [1684222240.382411437] [rclcpp]: signal_handler(signum=2)
