[INFO] [1683354901.889316759] [nanosaur.robot_state_publisher]: got segment NVIDIA_jetson
[INFO] [1683354901.889450000] [nanosaur.robot_state_publisher]: got segment base_front
[INFO] [1683354901.889469157] [nanosaur.robot_state_publisher]: got segment base_link
[INFO] [1683354901.889482377] [nanosaur.robot_state_publisher]: got segment base_rear
[INFO] [1683354901.889493164] [nanosaur.robot_state_publisher]: got segment board_expansion
[INFO] [1683354901.889504865] [nanosaur.robot_state_publisher]: got segment camera_board
[INFO] [1683354901.889515784] [nanosaur.robot_state_publisher]: got segment camera_camera_link
[INFO] [1683354901.889526681] [nanosaur.robot_state_publisher]: got segment camera_camera_link_frame
[INFO] [1683354901.889537561] [nanosaur.robot_state_publisher]: got segment camera_optical_frame
[INFO] [1683354901.889548651] [nanosaur.robot_state_publisher]: got segment cover
[INFO] [1683354901.889562111] [nanosaur.robot_state_publisher]: got segment display_left
[INFO] [1683354901.889570137] [nanosaur.robot_state_publisher]: got segment display_right
[INFO] [1683354901.889578083] [nanosaur.robot_state_publisher]: got segment flap_bottom
[INFO] [1683354901.889586170] [nanosaur.robot_state_publisher]: got segment flap_top
[INFO] [1683354901.889593556] [nanosaur.robot_state_publisher]: got segment front_wheel_left
[INFO] [1683354901.889601068] [nanosaur.robot_state_publisher]: got segment front_wheel_right
[INFO] [1683354901.889608526] [nanosaur.robot_state_publisher]: got segment motor_board
[INFO] [1683354901.889615672] [nanosaur.robot_state_publisher]: got segment motor_left
[INFO] [1683354901.889622989] [nanosaur.robot_state_publisher]: got segment motor_right
[INFO] [1683354901.889630427] [nanosaur.robot_state_publisher]: got segment pb_holder
[INFO] [1683354901.889637751] [nanosaur.robot_state_publisher]: got segment power_bank
[INFO] [1683354901.889645035] [nanosaur.robot_state_publisher]: got segment slider_left
[INFO] [1683354901.889652177] [nanosaur.robot_state_publisher]: got segment slider_right
[INFO] [1683354901.889658893] [nanosaur.robot_state_publisher]: got segment sprocket_left
[INFO] [1683354901.889665935] [nanosaur.robot_state_publisher]: got segment sprocket_right
[INFO] [1683354901.889672817] [nanosaur.robot_state_publisher]: got segment track_left
[INFO] [1683354901.889679754] [nanosaur.robot_state_publisher]: got segment track_right
[INFO] [1683354901.889686585] [nanosaur.robot_state_publisher]: got segment wheel_left
[INFO] [1683354901.889693738] [nanosaur.robot_state_publisher]: got segment wheel_right
[INFO] [1683354910.193011953] [rclcpp]: signal_handler(signum=2)
