[INFO] [1684577551.654685120] [nanosaur.robot_state_publisher]: got segment NVIDIA_jetson
[INFO] [1684577551.654803743] [nanosaur.robot_state_publisher]: got segment base_front
[INFO] [1684577551.654811918] [nanosaur.robot_state_publisher]: got segment base_link
[INFO] [1684577551.654817429] [nanosaur.robot_state_publisher]: got segment base_rear
[INFO] [1684577551.654822679] [nanosaur.robot_state_publisher]: got segment board_expansion
[INFO] [1684577551.654827888] [nanosaur.robot_state_publisher]: got segment camera_board
[INFO] [1684577551.654832718] [nanosaur.robot_state_publisher]: got segment camera_camera_link
[INFO] [1684577551.654837507] [nanosaur.robot_state_publisher]: got segment camera_camera_link_frame
[INFO] [1684577551.654842596] [nanosaur.robot_state_publisher]: got segment camera_optical_frame
[INFO] [1684577551.654848207] [nanosaur.robot_state_publisher]: got segment cover
[INFO] [1684577551.654854218] [nanosaur.robot_state_publisher]: got segment display_left
[INFO] [1684577551.654859688] [nanosaur.robot_state_publisher]: got segment display_right
[INFO] [1684577551.654864828] [nanosaur.robot_state_publisher]: got segment flap_bottom
[INFO] [1684577551.654869747] [nanosaur.robot_state_publisher]: got segment flap_top
[INFO] [1684577551.654874667] [nanosaur.robot_state_publisher]: got segment front_wheel_left
[INFO] [1684577551.654879716] [nanosaur.robot_state_publisher]: got segment front_wheel_right
[INFO] [1684577551.654884846] [nanosaur.robot_state_publisher]: got segment motor_board
[INFO] [1684577551.654889935] [nanosaur.robot_state_publisher]: got segment motor_left
[INFO] [1684577551.654895446] [nanosaur.robot_state_publisher]: got segment motor_right
[INFO] [1684577551.654900826] [nanosaur.robot_state_publisher]: got segment pb_holder
[INFO] [1684577551.654906617] [nanosaur.robot_state_publisher]: got segment power_bank
[INFO] [1684577551.654912057] [nanosaur.robot_state_publisher]: got segment slider_left
[INFO] [1684577551.654917547] [nanosaur.robot_state_publisher]: got segment slider_right
[INFO] [1684577551.654923368] [nanosaur.robot_state_publisher]: got segment sprocket_left
[INFO] [1684577551.654929951] [nanosaur.robot_state_publisher]: got segment sprocket_right
[INFO] [1684577551.654934980] [nanosaur.robot_state_publisher]: got segment track_left
[INFO] [1684577551.654940881] [nanosaur.robot_state_publisher]: got segment track_right
[INFO] [1684577551.654946472] [nanosaur.robot_state_publisher]: got segment wheel_left
[INFO] [1684577551.654951491] [nanosaur.robot_state_publisher]: got segment wheel_right
[INFO] [1684577557.292222189] [rclcpp]: signal_handler(signum=2)
