[INFO] [1684578022.922179311] [nanosaur.robot_state_publisher]: got segment NVIDIA_jetson
[INFO] [1684578022.922319595] [nanosaur.robot_state_publisher]: got segment base_front
[INFO] [1684578022.922327550] [nanosaur.robot_state_publisher]: got segment base_link
[INFO] [1684578022.922333190] [nanosaur.robot_state_publisher]: got segment base_rear
[INFO] [1684578022.922338150] [nanosaur.robot_state_publisher]: got segment board_expansion
[INFO] [1684578022.922342949] [nanosaur.robot_state_publisher]: got segment camera_board
[INFO] [1684578022.922347818] [nanosaur.robot_state_publisher]: got segment camera_camera_link
[INFO] [1684578022.922352336] [nanosaur.robot_state_publisher]: got segment camera_camera_link_frame
[INFO] [1684578022.922357606] [nanosaur.robot_state_publisher]: got segment camera_optical_frame
[INFO] [1684578022.922362455] [nanosaur.robot_state_publisher]: got segment cover
[INFO] [1684578022.922367435] [nanosaur.robot_state_publisher]: got segment display_left
[INFO] [1684578022.922372113] [nanosaur.robot_state_publisher]: got segment display_right
[INFO] [1684578022.922377343] [nanosaur.robot_state_publisher]: got segment flap_bottom
[INFO] [1684578022.922382393] [nanosaur.robot_state_publisher]: got segment flap_top
[INFO] [1684578022.922387332] [nanosaur.robot_state_publisher]: got segment front_wheel_left
[INFO] [1684578022.922392532] [nanosaur.robot_state_publisher]: got segment front_wheel_right
[INFO] [1684578022.922397862] [nanosaur.robot_state_publisher]: got segment motor_board
[INFO] [1684578022.922403022] [nanosaur.robot_state_publisher]: got segment motor_left
[INFO] [1684578022.922408081] [nanosaur.robot_state_publisher]: got segment motor_right
[INFO] [1684578022.922412880] [nanosaur.robot_state_publisher]: got segment pb_holder
[INFO] [1684578022.922417779] [nanosaur.robot_state_publisher]: got segment power_bank
[INFO] [1684578022.922422839] [nanosaur.robot_state_publisher]: got segment slider_left
[INFO] [1684578022.922427137] [nanosaur.robot_state_publisher]: got segment slider_right
[INFO] [1684578022.922430934] [nanosaur.robot_state_publisher]: got segment sprocket_left
[INFO] [1684578022.922435212] [nanosaur.robot_state_publisher]: got segment sprocket_right
[INFO] [1684578022.922440071] [nanosaur.robot_state_publisher]: got segment track_left
[INFO] [1684578022.922444800] [nanosaur.robot_state_publisher]: got segment track_right
[INFO] [1684578022.922449990] [nanosaur.robot_state_publisher]: got segment wheel_left
[INFO] [1684578022.922453807] [nanosaur.robot_state_publisher]: got segment wheel_right
[INFO] [1684578045.659509950] [rclcpp]: signal_handler(signum=2)
