[INFO] [1683354642.455649331] [nanosaur.robot_state_publisher]: got segment NVIDIA_jetson
[INFO] [1683354642.455787177] [nanosaur.robot_state_publisher]: got segment base_front
[INFO] [1683354642.455807384] [nanosaur.robot_state_publisher]: got segment base_link
[INFO] [1683354642.455818394] [nanosaur.robot_state_publisher]: got segment base_rear
[INFO] [1683354642.455827710] [nanosaur.robot_state_publisher]: got segment board_expansion
[INFO] [1683354642.455837559] [nanosaur.robot_state_publisher]: got segment camera_board
[INFO] [1683354642.455846901] [nanosaur.robot_state_publisher]: got segment camera_camera_link
[INFO] [1683354642.455856670] [nanosaur.robot_state_publisher]: got segment camera_camera_link_frame
[INFO] [1683354642.455866505] [nanosaur.robot_state_publisher]: got segment camera_optical_frame
[INFO] [1683354642.455876438] [nanosaur.robot_state_publisher]: got segment cover
[INFO] [1683354642.455886619] [nanosaur.robot_state_publisher]: got segment display_left
[INFO] [1683354642.455896092] [nanosaur.robot_state_publisher]: got segment display_right
[INFO] [1683354642.455905915] [nanosaur.robot_state_publisher]: got segment flap_bottom
[INFO] [1683354642.455916059] [nanosaur.robot_state_publisher]: got segment flap_top
[INFO] [1683354642.455925538] [nanosaur.robot_state_publisher]: got segment front_wheel_left
[INFO] [1683354642.455936980] [nanosaur.robot_state_publisher]: got segment front_wheel_right
[INFO] [1683354642.455946975] [nanosaur.robot_state_publisher]: got segment motor_board
[INFO] [1683354642.455957760] [nanosaur.robot_state_publisher]: got segment motor_left
[INFO] [1683354642.455972470] [nanosaur.robot_state_publisher]: got segment motor_right
[INFO] [1683354642.455983521] [nanosaur.robot_state_publisher]: got segment pb_holder
[INFO] [1683354642.455993039] [nanosaur.robot_state_publisher]: got segment power_bank
[INFO] [1683354642.456002637] [nanosaur.robot_state_publisher]: got segment slider_left
[INFO] [1683354642.456012305] [nanosaur.robot_state_publisher]: got segment slider_right
[INFO] [1683354642.456022029] [nanosaur.robot_state_publisher]: got segment sprocket_left
[INFO] [1683354642.456031677] [nanosaur.robot_state_publisher]: got segment sprocket_right
[INFO] [1683354642.456041481] [nanosaur.robot_state_publisher]: got segment track_left
[INFO] [1683354642.456051392] [nanosaur.robot_state_publisher]: got segment track_right
[INFO] [1683354642.456060690] [nanosaur.robot_state_publisher]: got segment wheel_left
[INFO] [1683354642.456069942] [nanosaur.robot_state_publisher]: got segment wheel_right
[INFO] [1683354663.061685350] [rclcpp]: signal_handler(signum=2)
