[INFO] [1683355902.623211590] [nanosaur.robot_state_publisher]: got segment NVIDIA_jetson
[INFO] [1683355902.623300487] [nanosaur.robot_state_publisher]: got segment base_front
[INFO] [1683355902.623306423] [nanosaur.robot_state_publisher]: got segment base_link
[INFO] [1683355902.623309603] [nanosaur.robot_state_publisher]: got segment base_rear
[INFO] [1683355902.623312279] [nanosaur.robot_state_publisher]: got segment board_expansion
[INFO] [1683355902.623315131] [nanosaur.robot_state_publisher]: got segment camera_board
[INFO] [1683355902.623317707] [nanosaur.robot_state_publisher]: got segment camera_camera_link
[INFO] [1683355902.623320420] [nanosaur.robot_state_publisher]: got segment camera_camera_link_frame
[INFO] [1683355902.623323152] [nanosaur.robot_state_publisher]: got segment camera_optical_frame
[INFO] [1683355902.623325750] [nanosaur.robot_state_publisher]: got segment cover
[INFO] [1683355902.623328350] [nanosaur.robot_state_publisher]: got segment display_left
[INFO] [1683355902.623330885] [nanosaur.robot_state_publisher]: got segment display_right
[INFO] [1683355902.623333403] [nanosaur.robot_state_publisher]: got segment flap_bottom
[INFO] [1683355902.623336181] [nanosaur.robot_state_publisher]: got segment flap_top
[INFO] [1683355902.623338666] [nanosaur.robot_state_publisher]: got segment front_wheel_left
[INFO] [1683355902.623341288] [nanosaur.robot_state_publisher]: got segment front_wheel_right
[INFO] [1683355902.623343975] [nanosaur.robot_state_publisher]: got segment motor_board
[INFO] [1683355902.623346724] [nanosaur.robot_state_publisher]: got segment motor_left
[INFO] [1683355902.623349272] [nanosaur.robot_state_publisher]: got segment motor_right
[INFO] [1683355902.623351817] [nanosaur.robot_state_publisher]: got segment pb_holder
[INFO] [1683355902.623354297] [nanosaur.robot_state_publisher]: got segment power_bank
[INFO] [1683355902.623356756] [nanosaur.robot_state_publisher]: got segment slider_left
[INFO] [1683355902.623359206] [nanosaur.robot_state_publisher]: got segment slider_right
[INFO] [1683355902.623361678] [nanosaur.robot_state_publisher]: got segment sprocket_left
[INFO] [1683355902.623364218] [nanosaur.robot_state_publisher]: got segment sprocket_right
[INFO] [1683355902.623366669] [nanosaur.robot_state_publisher]: got segment track_left
[INFO] [1683355902.623369135] [nanosaur.robot_state_publisher]: got segment track_right
[INFO] [1683355902.623371759] [nanosaur.robot_state_publisher]: got segment wheel_left
[INFO] [1683355902.623374339] [nanosaur.robot_state_publisher]: got segment wheel_right
[INFO] [1683355918.075064863] [rclcpp]: signal_handler(signum=2)
