[INFO] [1684574024.643569562] [nanosaur.robot_state_publisher]: got segment NVIDIA_jetson
[INFO] [1684574024.643680468] [nanosaur.robot_state_publisher]: got segment base_front
[INFO] [1684574024.643687250] [nanosaur.robot_state_publisher]: got segment base_link
[INFO] [1684574024.643692390] [nanosaur.robot_state_publisher]: got segment base_rear
[INFO] [1684574024.643696958] [nanosaur.robot_state_publisher]: got segment board_expansion
[INFO] [1684574024.643700806] [nanosaur.robot_state_publisher]: got segment camera_board
[INFO] [1684574024.643705074] [nanosaur.robot_state_publisher]: got segment camera_camera_link
[INFO] [1684574024.643709341] [nanosaur.robot_state_publisher]: got segment camera_camera_link_frame
[INFO] [1684574024.643713880] [nanosaur.robot_state_publisher]: got segment camera_optical_frame
[INFO] [1684574024.643718408] [nanosaur.robot_state_publisher]: got segment cover
[INFO] [1684574024.643722806] [nanosaur.robot_state_publisher]: got segment display_left
[INFO] [1684574024.643727174] [nanosaur.robot_state_publisher]: got segment display_right
[INFO] [1684574024.643731052] [nanosaur.robot_state_publisher]: got segment flap_bottom
[INFO] [1684574024.643735310] [nanosaur.robot_state_publisher]: got segment flap_top
[INFO] [1684574024.643739497] [nanosaur.robot_state_publisher]: got segment front_wheel_left
[INFO] [1684574024.643743956] [nanosaur.robot_state_publisher]: got segment front_wheel_right
[INFO] [1684574024.643748163] [nanosaur.robot_state_publisher]: got segment motor_board
[INFO] [1684574024.643752371] [nanosaur.robot_state_publisher]: got segment motor_left
[INFO] [1684574024.643756619] [nanosaur.robot_state_publisher]: got segment motor_right
[INFO] [1684574024.643760767] [nanosaur.robot_state_publisher]: got segment pb_holder
[INFO] [1684574024.643765175] [nanosaur.robot_state_publisher]: got segment power_bank
[INFO] [1684574024.643769423] [nanosaur.robot_state_publisher]: got segment slider_left
[INFO] [1684574024.643773490] [nanosaur.robot_state_publisher]: got segment slider_right
[INFO] [1684574024.643777738] [nanosaur.robot_state_publisher]: got segment sprocket_left
[INFO] [1684574024.643781756] [nanosaur.robot_state_publisher]: got segment sprocket_right
[INFO] [1684574024.643785893] [nanosaur.robot_state_publisher]: got segment track_left
[INFO] [1684574024.643789640] [nanosaur.robot_state_publisher]: got segment track_right
[INFO] [1684574024.643793848] [nanosaur.robot_state_publisher]: got segment wheel_left
[INFO] [1684574024.643798156] [nanosaur.robot_state_publisher]: got segment wheel_right
[INFO] [1684574029.038460005] [rclcpp]: signal_handler(signum=2)
