[INFO] [1684221981.280032309] [nanosaur.robot_state_publisher]: got segment NVIDIA_jetson
[INFO] [1684221981.280134914] [nanosaur.robot_state_publisher]: got segment base_front
[INFO] [1684221981.280141587] [nanosaur.robot_state_publisher]: got segment base_link
[INFO] [1684221981.280145875] [nanosaur.robot_state_publisher]: got segment base_rear
[INFO] [1684221981.280149632] [nanosaur.robot_state_publisher]: got segment board_expansion
[INFO] [1684221981.280153379] [nanosaur.robot_state_publisher]: got segment camera_board
[INFO] [1684221981.280157116] [nanosaur.robot_state_publisher]: got segment camera_camera_link
[INFO] [1684221981.280160803] [nanosaur.robot_state_publisher]: got segment camera_camera_link_frame
[INFO] [1684221981.280164821] [nanosaur.robot_state_publisher]: got segment camera_optical_frame
[INFO] [1684221981.280168668] [nanosaur.robot_state_publisher]: got segment cover
[INFO] [1684221981.280172455] [nanosaur.robot_state_publisher]: got segment display_left
[INFO] [1684221981.280176082] [nanosaur.robot_state_publisher]: got segment display_right
[INFO] [1684221981.280179819] [nanosaur.robot_state_publisher]: got segment flap_bottom
[INFO] [1684221981.280183547] [nanosaur.robot_state_publisher]: got segment flap_top
[INFO] [1684221981.280187133] [nanosaur.robot_state_publisher]: got segment front_wheel_left
[INFO] [1684221981.280190720] [nanosaur.robot_state_publisher]: got segment front_wheel_right
[INFO] [1684221981.280194357] [nanosaur.robot_state_publisher]: got segment motor_board
[INFO] [1684221981.280198014] [nanosaur.robot_state_publisher]: got segment motor_left
[INFO] [1684221981.280201621] [nanosaur.robot_state_publisher]: got segment motor_right
[INFO] [1684221981.280205148] [nanosaur.robot_state_publisher]: got segment pb_holder
[INFO] [1684221981.280209105] [nanosaur.robot_state_publisher]: got segment power_bank
[INFO] [1684221981.280212642] [nanosaur.robot_state_publisher]: got segment slider_left
[INFO] [1684221981.280216279] [nanosaur.robot_state_publisher]: got segment slider_right
[INFO] [1684221981.280220657] [nanosaur.robot_state_publisher]: got segment sprocket_left
[INFO] [1684221981.280224655] [nanosaur.robot_state_publisher]: got segment sprocket_right
[INFO] [1684221981.280228432] [nanosaur.robot_state_publisher]: got segment track_left
[INFO] [1684221981.280232409] [nanosaur.robot_state_publisher]: got segment track_right
[INFO] [1684221981.280235966] [nanosaur.robot_state_publisher]: got segment wheel_left
[INFO] [1684221981.280239543] [nanosaur.robot_state_publisher]: got segment wheel_right
[INFO] [1684222028.798180554] [rclcpp]: signal_handler(signum=2)
