[INFO] [1684574003.811302871] [nanosaur.robot_state_publisher]: got segment NVIDIA_jetson
[INFO] [1684574003.811464421] [nanosaur.robot_state_publisher]: got segment base_front
[INFO] [1684574003.811475321] [nanosaur.robot_state_publisher]: got segment base_link
[INFO] [1684574003.811481492] [nanosaur.robot_state_publisher]: got segment base_rear
[INFO] [1684574003.811486882] [nanosaur.robot_state_publisher]: got segment board_expansion
[INFO] [1684574003.811492332] [nanosaur.robot_state_publisher]: got segment camera_board
[INFO] [1684574003.811497742] [nanosaur.robot_state_publisher]: got segment camera_camera_link
[INFO] [1684574003.811503243] [nanosaur.robot_state_publisher]: got segment camera_camera_link_frame
[INFO] [1684574003.811508693] [nanosaur.robot_state_publisher]: got segment camera_optical_frame
[INFO] [1684574003.811514253] [nanosaur.robot_state_publisher]: got segment cover
[INFO] [1684574003.811519984] [nanosaur.robot_state_publisher]: got segment display_left
[INFO] [1684574003.811525734] [nanosaur.robot_state_publisher]: got segment display_right
[INFO] [1684574003.811531114] [nanosaur.robot_state_publisher]: got segment flap_bottom
[INFO] [1684574003.811536584] [nanosaur.robot_state_publisher]: got segment flap_top
[INFO] [1684574003.811541964] [nanosaur.robot_state_publisher]: got segment front_wheel_left
[INFO] [1684574003.811547374] [nanosaur.robot_state_publisher]: got segment front_wheel_right
[INFO] [1684574003.811552464] [nanosaur.robot_state_publisher]: got segment motor_board
[INFO] [1684574003.811557884] [nanosaur.robot_state_publisher]: got segment motor_left
[INFO] [1684574003.811563294] [nanosaur.robot_state_publisher]: got segment motor_right
[INFO] [1684574003.811568614] [nanosaur.robot_state_publisher]: got segment pb_holder
[INFO] [1684574003.811573823] [nanosaur.robot_state_publisher]: got segment power_bank
[INFO] [1684574003.811578963] [nanosaur.robot_state_publisher]: got segment slider_left
[INFO] [1684574003.811583902] [nanosaur.robot_state_publisher]: got segment slider_right
[INFO] [1684574003.811588982] [nanosaur.robot_state_publisher]: got segment sprocket_left
[INFO] [1684574003.811594562] [nanosaur.robot_state_publisher]: got segment sprocket_right
[INFO] [1684574003.811599982] [nanosaur.robot_state_publisher]: got segment track_left
[INFO] [1684574003.811605492] [nanosaur.robot_state_publisher]: got segment track_right
[INFO] [1684574003.811610952] [nanosaur.robot_state_publisher]: got segment wheel_left
[INFO] [1684574003.811616252] [nanosaur.robot_state_publisher]: got segment wheel_right
[INFO] [1684574022.642450616] [rclcpp]: signal_handler(signum=2)
