[INFO] [1683355579.362097228] [nanosaur.robot_state_publisher]: got segment NVIDIA_jetson
[INFO] [1683355579.362256695] [nanosaur.robot_state_publisher]: got segment base_front
[INFO] [1683355579.362275483] [nanosaur.robot_state_publisher]: got segment base_link
[INFO] [1683355579.362287452] [nanosaur.robot_state_publisher]: got segment base_rear
[INFO] [1683355579.362298276] [nanosaur.robot_state_publisher]: got segment board_expansion
[INFO] [1683355579.362311629] [nanosaur.robot_state_publisher]: got segment camera_board
[INFO] [1683355579.362322519] [nanosaur.robot_state_publisher]: got segment camera_camera_link
[INFO] [1683355579.362333919] [nanosaur.robot_state_publisher]: got segment camera_camera_link_frame
[INFO] [1683355579.362345148] [nanosaur.robot_state_publisher]: got segment camera_optical_frame
[INFO] [1683355579.362355643] [nanosaur.robot_state_publisher]: got segment cover
[INFO] [1683355579.362366414] [nanosaur.robot_state_publisher]: got segment display_left
[INFO] [1683355579.362377106] [nanosaur.robot_state_publisher]: got segment display_right
[INFO] [1683355579.362388721] [nanosaur.robot_state_publisher]: got segment flap_bottom
[INFO] [1683355579.362399355] [nanosaur.robot_state_publisher]: got segment flap_top
[INFO] [1683355579.362409131] [nanosaur.robot_state_publisher]: got segment front_wheel_left
[INFO] [1683355579.362419209] [nanosaur.robot_state_publisher]: got segment front_wheel_right
[INFO] [1683355579.362429277] [nanosaur.robot_state_publisher]: got segment motor_board
[INFO] [1683355579.362439533] [nanosaur.robot_state_publisher]: got segment motor_left
[INFO] [1683355579.362449995] [nanosaur.robot_state_publisher]: got segment motor_right
[INFO] [1683355579.362460238] [nanosaur.robot_state_publisher]: got segment pb_holder
[INFO] [1683355579.362469968] [nanosaur.robot_state_publisher]: got segment power_bank
[INFO] [1683355579.362480198] [nanosaur.robot_state_publisher]: got segment slider_left
[INFO] [1683355579.362491189] [nanosaur.robot_state_publisher]: got segment slider_right
[INFO] [1683355579.362501967] [nanosaur.robot_state_publisher]: got segment sprocket_left
[INFO] [1683355579.362512992] [nanosaur.robot_state_publisher]: got segment sprocket_right
[INFO] [1683355579.362527652] [nanosaur.robot_state_publisher]: got segment track_left
[INFO] [1683355579.362537531] [nanosaur.robot_state_publisher]: got segment track_right
[INFO] [1683355579.362547695] [nanosaur.robot_state_publisher]: got segment wheel_left
[INFO] [1683355579.362557998] [nanosaur.robot_state_publisher]: got segment wheel_right
[INFO] [1683355596.288701416] [rclcpp]: signal_handler(signum=2)
