[INFO] [1683363569.147706231] [nanosaur.robot_state_publisher]: got segment NVIDIA_jetson
[INFO] [1683363569.147795581] [nanosaur.robot_state_publisher]: got segment base_front
[INFO] [1683363569.147801456] [nanosaur.robot_state_publisher]: got segment base_link
[INFO] [1683363569.147804605] [nanosaur.robot_state_publisher]: got segment base_rear
[INFO] [1683363569.147807182] [nanosaur.robot_state_publisher]: got segment board_expansion
[INFO] [1683363569.147810078] [nanosaur.robot_state_publisher]: got segment camera_board
[INFO] [1683363569.147812633] [nanosaur.robot_state_publisher]: got segment camera_camera_link
[INFO] [1683363569.147815177] [nanosaur.robot_state_publisher]: got segment camera_camera_link_frame
[INFO] [1683363569.147817935] [nanosaur.robot_state_publisher]: got segment camera_optical_frame
[INFO] [1683363569.147820524] [nanosaur.robot_state_publisher]: got segment cover
[INFO] [1683363569.147823281] [nanosaur.robot_state_publisher]: got segment display_left
[INFO] [1683363569.147825859] [nanosaur.robot_state_publisher]: got segment display_right
[INFO] [1683363569.147828415] [nanosaur.robot_state_publisher]: got segment flap_bottom
[INFO] [1683363569.147831177] [nanosaur.robot_state_publisher]: got segment flap_top
[INFO] [1683363569.147833689] [nanosaur.robot_state_publisher]: got segment front_wheel_left
[INFO] [1683363569.147836336] [nanosaur.robot_state_publisher]: got segment front_wheel_right
[INFO] [1683363569.147838886] [nanosaur.robot_state_publisher]: got segment motor_board
[INFO] [1683363569.147841592] [nanosaur.robot_state_publisher]: got segment motor_left
[INFO] [1683363569.147844233] [nanosaur.robot_state_publisher]: got segment motor_right
[INFO] [1683363569.147846715] [nanosaur.robot_state_publisher]: got segment pb_holder
[INFO] [1683363569.147849198] [nanosaur.robot_state_publisher]: got segment power_bank
[INFO] [1683363569.147851640] [nanosaur.robot_state_publisher]: got segment slider_left
[INFO] [1683363569.147854216] [nanosaur.robot_state_publisher]: got segment slider_right
[INFO] [1683363569.147856714] [nanosaur.robot_state_publisher]: got segment sprocket_left
[INFO] [1683363569.147859196] [nanosaur.robot_state_publisher]: got segment sprocket_right
[INFO] [1683363569.147861707] [nanosaur.robot_state_publisher]: got segment track_left
[INFO] [1683363569.147864161] [nanosaur.robot_state_publisher]: got segment track_right
[INFO] [1683363569.147866629] [nanosaur.robot_state_publisher]: got segment wheel_left
[INFO] [1683363569.147869140] [nanosaur.robot_state_publisher]: got segment wheel_right
[INFO] [1683363606.200883937] [rclcpp]: signal_handler(signum=2)
