[INFO] [1684223607.503274083] [nanosaur.robot_state_publisher]: got segment NVIDIA_jetson
[INFO] [1684223607.503392357] [nanosaur.robot_state_publisher]: got segment base_front
[INFO] [1684223607.503398770] [nanosaur.robot_state_publisher]: got segment base_link
[INFO] [1684223607.503402948] [nanosaur.robot_state_publisher]: got segment base_rear
[INFO] [1684223607.503406745] [nanosaur.robot_state_publisher]: got segment board_expansion
[INFO] [1684223607.503410572] [nanosaur.robot_state_publisher]: got segment camera_board
[INFO] [1684223607.503414439] [nanosaur.robot_state_publisher]: got segment camera_camera_link
[INFO] [1684223607.503418277] [nanosaur.robot_state_publisher]: got segment camera_camera_link_frame
[INFO] [1684223607.503422274] [nanosaur.robot_state_publisher]: got segment camera_optical_frame
[INFO] [1684223607.503426122] [nanosaur.robot_state_publisher]: got segment cover
[INFO] [1684223607.503430370] [nanosaur.robot_state_publisher]: got segment display_left
[INFO] [1684223607.503434297] [nanosaur.robot_state_publisher]: got segment display_right
[INFO] [1684223607.503438094] [nanosaur.robot_state_publisher]: got segment flap_bottom
[INFO] [1684223607.503441902] [nanosaur.robot_state_publisher]: got segment flap_top
[INFO] [1684223607.503445549] [nanosaur.robot_state_publisher]: got segment front_wheel_left
[INFO] [1684223607.503449326] [nanosaur.robot_state_publisher]: got segment front_wheel_right
[INFO] [1684223607.503453053] [nanosaur.robot_state_publisher]: got segment motor_board
[INFO] [1684223607.503456980] [nanosaur.robot_state_publisher]: got segment motor_left
[INFO] [1684223607.503460597] [nanosaur.robot_state_publisher]: got segment motor_right
[INFO] [1684223607.503464244] [nanosaur.robot_state_publisher]: got segment pb_holder
[INFO] [1684223607.503467931] [nanosaur.robot_state_publisher]: got segment power_bank
[INFO] [1684223607.503471598] [nanosaur.robot_state_publisher]: got segment slider_left
[INFO] [1684223607.503475265] [nanosaur.robot_state_publisher]: got segment slider_right
[INFO] [1684223607.503478962] [nanosaur.robot_state_publisher]: got segment sprocket_left
[INFO] [1684223607.503482639] [nanosaur.robot_state_publisher]: got segment sprocket_right
[INFO] [1684223607.503486496] [nanosaur.robot_state_publisher]: got segment track_left
[INFO] [1684223607.503490163] [nanosaur.robot_state_publisher]: got segment track_right
[INFO] [1684223607.503493850] [nanosaur.robot_state_publisher]: got segment wheel_left
[INFO] [1684223607.503497537] [nanosaur.robot_state_publisher]: got segment wheel_right
[INFO] [1684223680.521328312] [rclcpp]: signal_handler(signum=2)
