[INFO] [1683355935.142048652] [nanosaur.robot_state_publisher]: got segment NVIDIA_jetson
[INFO] [1683355935.142198775] [nanosaur.robot_state_publisher]: got segment base_front
[INFO] [1683355935.142217469] [nanosaur.robot_state_publisher]: got segment base_link
[INFO] [1683355935.142229205] [nanosaur.robot_state_publisher]: got segment base_rear
[INFO] [1683355935.142239146] [nanosaur.robot_state_publisher]: got segment board_expansion
[INFO] [1683355935.142249443] [nanosaur.robot_state_publisher]: got segment camera_board
[INFO] [1683355935.142259290] [nanosaur.robot_state_publisher]: got segment camera_camera_link
[INFO] [1683355935.142268993] [nanosaur.robot_state_publisher]: got segment camera_camera_link_frame
[INFO] [1683355935.142278769] [nanosaur.robot_state_publisher]: got segment camera_optical_frame
[INFO] [1683355935.142288400] [nanosaur.robot_state_publisher]: got segment cover
[INFO] [1683355935.142298135] [nanosaur.robot_state_publisher]: got segment display_left
[INFO] [1683355935.142307772] [nanosaur.robot_state_publisher]: got segment display_right
[INFO] [1683355935.142317289] [nanosaur.robot_state_publisher]: got segment flap_bottom
[INFO] [1683355935.142327115] [nanosaur.robot_state_publisher]: got segment flap_top
[INFO] [1683355935.142336155] [nanosaur.robot_state_publisher]: got segment front_wheel_left
[INFO] [1683355935.142345305] [nanosaur.robot_state_publisher]: got segment front_wheel_right
[INFO] [1683355935.142354609] [nanosaur.robot_state_publisher]: got segment motor_board
[INFO] [1683355935.142363968] [nanosaur.robot_state_publisher]: got segment motor_left
[INFO] [1683355935.142373190] [nanosaur.robot_state_publisher]: got segment motor_right
[INFO] [1683355935.142382123] [nanosaur.robot_state_publisher]: got segment pb_holder
[INFO] [1683355935.142390807] [nanosaur.robot_state_publisher]: got segment power_bank
[INFO] [1683355935.142399565] [nanosaur.robot_state_publisher]: got segment slider_left
[INFO] [1683355935.142408543] [nanosaur.robot_state_publisher]: got segment slider_right
[INFO] [1683355935.142417521] [nanosaur.robot_state_publisher]: got segment sprocket_left
[INFO] [1683355935.142426579] [nanosaur.robot_state_publisher]: got segment sprocket_right
[INFO] [1683355935.142435837] [nanosaur.robot_state_publisher]: got segment track_left
[INFO] [1683355935.142445510] [nanosaur.robot_state_publisher]: got segment track_right
[INFO] [1683355935.142454689] [nanosaur.robot_state_publisher]: got segment wheel_left
[INFO] [1683355935.142463852] [nanosaur.robot_state_publisher]: got segment wheel_right
[INFO] [1683355939.015967040] [rclcpp]: signal_handler(signum=2)
