[INFO] [1684597056.216680637] [nanosaur.robot_state_publisher]: got segment NVIDIA_jetson
[INFO] [1684597056.216791543] [nanosaur.robot_state_publisher]: got segment base_front
[INFO] [1684597056.216803486] [nanosaur.robot_state_publisher]: got segment base_link
[INFO] [1684597056.216813822] [nanosaur.robot_state_publisher]: got segment base_rear
[INFO] [1684597056.216824927] [nanosaur.robot_state_publisher]: got segment board_expansion
[INFO] [1684597056.216833866] [nanosaur.robot_state_publisher]: got segment camera_board
[INFO] [1684597056.216843365] [nanosaur.robot_state_publisher]: got segment camera_camera_link
[INFO] [1684597056.216853980] [nanosaur.robot_state_publisher]: got segment camera_camera_link_frame
[INFO] [1684597056.216863967] [nanosaur.robot_state_publisher]: got segment camera_optical_frame
[INFO] [1684597056.216874862] [nanosaur.robot_state_publisher]: got segment cover
[INFO] [1684597056.216886456] [nanosaur.robot_state_publisher]: got segment display_left
[INFO] [1684597056.216896862] [nanosaur.robot_state_publisher]: got segment display_right
[INFO] [1684597056.216908246] [nanosaur.robot_state_publisher]: got segment flap_bottom
[INFO] [1684597056.216918862] [nanosaur.robot_state_publisher]: got segment flap_top
[INFO] [1684597056.216930176] [nanosaur.robot_state_publisher]: got segment front_wheel_left
[INFO] [1684597056.216940652] [nanosaur.robot_state_publisher]: got segment front_wheel_right
[INFO] [1684597056.216952245] [nanosaur.robot_state_publisher]: got segment motor_board
[INFO] [1684597056.216962582] [nanosaur.robot_state_publisher]: got segment motor_left
[INFO] [1684597056.216972639] [nanosaur.robot_state_publisher]: got segment motor_right
[INFO] [1684597056.216982835] [nanosaur.robot_state_publisher]: got segment pb_holder
[INFO] [1684597056.216994080] [nanosaur.robot_state_publisher]: got segment power_bank
[INFO] [1684597056.217004486] [nanosaur.robot_state_publisher]: got segment slider_left
[INFO] [1684597056.217013076] [nanosaur.robot_state_publisher]: got segment slider_right
[INFO] [1684597056.217023133] [nanosaur.robot_state_publisher]: got segment sprocket_left
[INFO] [1684597056.217033539] [nanosaur.robot_state_publisher]: got segment sprocket_right
[INFO] [1684597056.217044085] [nanosaur.robot_state_publisher]: got segment track_left
[INFO] [1684597056.217054142] [nanosaur.robot_state_publisher]: got segment track_right
[INFO] [1684597056.217066923] [nanosaur.robot_state_publisher]: got segment wheel_left
[INFO] [1684597056.217076002] [nanosaur.robot_state_publisher]: got segment wheel_right
[INFO] [1684598109.669919944] [rclcpp]: signal_handler(signum=2)
