[INFO] [1684575386.770125943] [nanosaur.robot_state_publisher]: got segment NVIDIA_jetson
[INFO] [1684575386.770222936] [nanosaur.robot_state_publisher]: got segment base_front
[INFO] [1684575386.770229799] [nanosaur.robot_state_publisher]: got segment base_link
[INFO] [1684575386.770233947] [nanosaur.robot_state_publisher]: got segment base_rear
[INFO] [1684575386.770237724] [nanosaur.robot_state_publisher]: got segment board_expansion
[INFO] [1684575386.770241802] [nanosaur.robot_state_publisher]: got segment camera_board
[INFO] [1684575386.770245599] [nanosaur.robot_state_publisher]: got segment camera_camera_link
[INFO] [1684575386.770249576] [nanosaur.robot_state_publisher]: got segment camera_camera_link_frame
[INFO] [1684575386.770253534] [nanosaur.robot_state_publisher]: got segment camera_optical_frame
[INFO] [1684575386.770257471] [nanosaur.robot_state_publisher]: got segment cover
[INFO] [1684575386.770261318] [nanosaur.robot_state_publisher]: got segment display_left
[INFO] [1684575386.770265066] [nanosaur.robot_state_publisher]: got segment display_right
[INFO] [1684575386.770268943] [nanosaur.robot_state_publisher]: got segment flap_bottom
[INFO] [1684575386.770272740] [nanosaur.robot_state_publisher]: got segment flap_top
[INFO] [1684575386.770276447] [nanosaur.robot_state_publisher]: got segment front_wheel_left
[INFO] [1684575386.770280154] [nanosaur.robot_state_publisher]: got segment front_wheel_right
[INFO] [1684575386.770283941] [nanosaur.robot_state_publisher]: got segment motor_board
[INFO] [1684575386.770287748] [nanosaur.robot_state_publisher]: got segment motor_left
[INFO] [1684575386.770291375] [nanosaur.robot_state_publisher]: got segment motor_right
[INFO] [1684575386.770295283] [nanosaur.robot_state_publisher]: got segment pb_holder
[INFO] [1684575386.770299050] [nanosaur.robot_state_publisher]: got segment power_bank
[INFO] [1684575386.770302697] [nanosaur.robot_state_publisher]: got segment slider_left
[INFO] [1684575386.770306343] [nanosaur.robot_state_publisher]: got segment slider_right
[INFO] [1684575386.770310421] [nanosaur.robot_state_publisher]: got segment sprocket_left
[INFO] [1684575386.770314108] [nanosaur.robot_state_publisher]: got segment sprocket_right
[INFO] [1684575386.770317825] [nanosaur.robot_state_publisher]: got segment track_left
[INFO] [1684575386.770321392] [nanosaur.robot_state_publisher]: got segment track_right
[INFO] [1684575386.770325069] [nanosaur.robot_state_publisher]: got segment wheel_left
[INFO] [1684575386.770328746] [nanosaur.robot_state_publisher]: got segment wheel_right
[INFO] [1684575474.984054568] [rclcpp]: signal_handler(signum=2)
