[INFO] [1684574382.525385583] [nanosaur.robot_state_publisher]: got segment NVIDIA_jetson
[INFO] [1684574382.525490898] [nanosaur.robot_state_publisher]: got segment base_front
[INFO] [1684574382.525497029] [nanosaur.robot_state_publisher]: got segment base_link
[INFO] [1684574382.525501177] [nanosaur.robot_state_publisher]: got segment base_rear
[INFO] [1684574382.525504924] [nanosaur.robot_state_publisher]: got segment board_expansion
[INFO] [1684574382.525508731] [nanosaur.robot_state_publisher]: got segment camera_board
[INFO] [1684574382.525512548] [nanosaur.robot_state_publisher]: got segment camera_camera_link
[INFO] [1684574382.525516315] [nanosaur.robot_state_publisher]: got segment camera_camera_link_frame
[INFO] [1684574382.525520372] [nanosaur.robot_state_publisher]: got segment camera_optical_frame
[INFO] [1684574382.525524209] [nanosaur.robot_state_publisher]: got segment cover
[INFO] [1684574382.525528107] [nanosaur.robot_state_publisher]: got segment display_left
[INFO] [1684574382.525531834] [nanosaur.robot_state_publisher]: got segment display_right
[INFO] [1684574382.525535540] [nanosaur.robot_state_publisher]: got segment flap_bottom
[INFO] [1684574382.525539317] [nanosaur.robot_state_publisher]: got segment flap_top
[INFO] [1684574382.525542964] [nanosaur.robot_state_publisher]: got segment front_wheel_left
[INFO] [1684574382.525546701] [nanosaur.robot_state_publisher]: got segment front_wheel_right
[INFO] [1684574382.525550488] [nanosaur.robot_state_publisher]: got segment motor_board
[INFO] [1684574382.525554275] [nanosaur.robot_state_publisher]: got segment motor_left
[INFO] [1684574382.525558102] [nanosaur.robot_state_publisher]: got segment motor_right
[INFO] [1684574382.525561799] [nanosaur.robot_state_publisher]: got segment pb_holder
[INFO] [1684574382.525565536] [nanosaur.robot_state_publisher]: got segment power_bank
[INFO] [1684574382.525569223] [nanosaur.robot_state_publisher]: got segment slider_left
[INFO] [1684574382.525572840] [nanosaur.robot_state_publisher]: got segment slider_right
[INFO] [1684574382.525576607] [nanosaur.robot_state_publisher]: got segment sprocket_left
[INFO] [1684574382.525580394] [nanosaur.robot_state_publisher]: got segment sprocket_right
[INFO] [1684574382.525584171] [nanosaur.robot_state_publisher]: got segment track_left
[INFO] [1684574382.525587847] [nanosaur.robot_state_publisher]: got segment track_right
[INFO] [1684574382.525591564] [nanosaur.robot_state_publisher]: got segment wheel_left
[INFO] [1684574382.525595241] [nanosaur.robot_state_publisher]: got segment wheel_right
[INFO] [1684574391.240224231] [rclcpp]: signal_handler(signum=2)
