[INFO] [1684224393.213674135] [nanosaur.robot_state_publisher]: got segment NVIDIA_jetson
[INFO] [1684224393.213790536] [nanosaur.robot_state_publisher]: got segment base_front
[INFO] [1684224393.213802388] [nanosaur.robot_state_publisher]: got segment base_link
[INFO] [1684224393.213807557] [nanosaur.robot_state_publisher]: got segment base_rear
[INFO] [1684224393.213811514] [nanosaur.robot_state_publisher]: got segment board_expansion
[INFO] [1684224393.213815572] [nanosaur.robot_state_publisher]: got segment cover
[INFO] [1684224393.213819379] [nanosaur.robot_state_publisher]: got segment display_left
[INFO] [1684224393.213823176] [nanosaur.robot_state_publisher]: got segment display_right
[INFO] [1684224393.213826993] [nanosaur.robot_state_publisher]: got segment flap_bottom
[INFO] [1684224393.213830699] [nanosaur.robot_state_publisher]: got segment flap_top
[INFO] [1684224393.213834466] [nanosaur.robot_state_publisher]: got segment front_wheel_left
[INFO] [1684224393.213838263] [nanosaur.robot_state_publisher]: got segment front_wheel_right
[INFO] [1684224393.213841960] [nanosaur.robot_state_publisher]: got segment motor_board
[INFO] [1684224393.213845616] [nanosaur.robot_state_publisher]: got segment motor_left
[INFO] [1684224393.213849363] [nanosaur.robot_state_publisher]: got segment motor_right
[INFO] [1684224393.213853050] [nanosaur.robot_state_publisher]: got segment pb_holder
[INFO] [1684224393.213856877] [nanosaur.robot_state_publisher]: got segment power_bank
[INFO] [1684224393.213860513] [nanosaur.robot_state_publisher]: got segment slider_left
[INFO] [1684224393.213864170] [nanosaur.robot_state_publisher]: got segment slider_right
[INFO] [1684224393.213867987] [nanosaur.robot_state_publisher]: got segment sprocket_left
[INFO] [1684224393.213871784] [nanosaur.robot_state_publisher]: got segment sprocket_right
[INFO] [1684224393.213875561] [nanosaur.robot_state_publisher]: got segment track_left
[INFO] [1684224393.213879318] [nanosaur.robot_state_publisher]: got segment track_right
[INFO] [1684224393.213883044] [nanosaur.robot_state_publisher]: got segment wheel_left
[INFO] [1684224393.213887062] [nanosaur.robot_state_publisher]: got segment wheel_right
[INFO] [1684224393.213890748] [nanosaur.robot_state_publisher]: got segment zed_imu_frame_gazebo
[INFO] [1684224393.213894726] [nanosaur.robot_state_publisher]: got segment zedm_base_link
[INFO] [1684224393.213898623] [nanosaur.robot_state_publisher]: got segment zedm_camera_center
[INFO] [1684224393.213902349] [nanosaur.robot_state_publisher]: got segment zedm_left_camera_frame
[INFO] [1684224393.213906206] [nanosaur.robot_state_publisher]: got segment zedm_left_camera_optical_frame
[INFO] [1684224393.213910204] [nanosaur.robot_state_publisher]: got segment zedm_left_depth_frame
[INFO] [1684224393.213914011] [nanosaur.robot_state_publisher]: got segment zedm_right_camera_frame
[INFO] [1684224393.213917767] [nanosaur.robot_state_publisher]: got segment zedm_right_camera_optical_frame
[INFO] [1684224457.713612255] [rclcpp]: signal_handler(signum=2)
