[INFO] [1683363464.624925089] [nanosaur.robot_state_publisher]: got segment NVIDIA_jetson
[INFO] [1683363464.625084037] [nanosaur.robot_state_publisher]: got segment base_front
[INFO] [1683363464.625105532] [nanosaur.robot_state_publisher]: got segment base_link
[INFO] [1683363464.625117799] [nanosaur.robot_state_publisher]: got segment base_rear
[INFO] [1683363464.625128868] [nanosaur.robot_state_publisher]: got segment board_expansion
[INFO] [1683363464.625139883] [nanosaur.robot_state_publisher]: got segment camera_board
[INFO] [1683363464.625150503] [nanosaur.robot_state_publisher]: got segment camera_camera_link
[INFO] [1683363464.625161405] [nanosaur.robot_state_publisher]: got segment camera_camera_link_frame
[INFO] [1683363464.625172756] [nanosaur.robot_state_publisher]: got segment camera_optical_frame
[INFO] [1683363464.625183378] [nanosaur.robot_state_publisher]: got segment cover
[INFO] [1683363464.625193731] [nanosaur.robot_state_publisher]: got segment display_left
[INFO] [1683363464.625204085] [nanosaur.robot_state_publisher]: got segment display_right
[INFO] [1683363464.625214341] [nanosaur.robot_state_publisher]: got segment flap_bottom
[INFO] [1683363464.625224369] [nanosaur.robot_state_publisher]: got segment flap_top
[INFO] [1683363464.625234144] [nanosaur.robot_state_publisher]: got segment front_wheel_left
[INFO] [1683363464.625244016] [nanosaur.robot_state_publisher]: got segment front_wheel_right
[INFO] [1683363464.625254258] [nanosaur.robot_state_publisher]: got segment motor_board
[INFO] [1683363464.625264508] [nanosaur.robot_state_publisher]: got segment motor_left
[INFO] [1683363464.625275112] [nanosaur.robot_state_publisher]: got segment motor_right
[INFO] [1683363464.625285563] [nanosaur.robot_state_publisher]: got segment pb_holder
[INFO] [1683363464.625295539] [nanosaur.robot_state_publisher]: got segment power_bank
[INFO] [1683363464.625305772] [nanosaur.robot_state_publisher]: got segment slider_left
[INFO] [1683363464.625316090] [nanosaur.robot_state_publisher]: got segment slider_right
[INFO] [1683363464.625326079] [nanosaur.robot_state_publisher]: got segment sprocket_left
[INFO] [1683363464.625336549] [nanosaur.robot_state_publisher]: got segment sprocket_right
[INFO] [1683363464.625347743] [nanosaur.robot_state_publisher]: got segment track_left
[INFO] [1683363464.625358853] [nanosaur.robot_state_publisher]: got segment track_right
[INFO] [1683363464.625369855] [nanosaur.robot_state_publisher]: got segment wheel_left
[INFO] [1683363464.625381660] [nanosaur.robot_state_publisher]: got segment wheel_right
[INFO] [1683363480.616827843] [rclcpp]: signal_handler(signum=2)
