[INFO] [1684223013.794233569] [nanosaur.robot_state_publisher]: got segment NVIDIA_jetson
[INFO] [1684223013.794342246] [nanosaur.robot_state_publisher]: got segment base_front
[INFO] [1684223013.794348428] [nanosaur.robot_state_publisher]: got segment base_link
[INFO] [1684223013.794352836] [nanosaur.robot_state_publisher]: got segment base_rear
[INFO] [1684223013.794357194] [nanosaur.robot_state_publisher]: got segment board_expansion
[INFO] [1684223013.794361182] [nanosaur.robot_state_publisher]: got segment camera_board
[INFO] [1684223013.794364899] [nanosaur.robot_state_publisher]: got segment camera_camera_link
[INFO] [1684223013.794368756] [nanosaur.robot_state_publisher]: got segment camera_camera_link_frame
[INFO] [1684223013.794372694] [nanosaur.robot_state_publisher]: got segment camera_optical_frame
[INFO] [1684223013.794376551] [nanosaur.robot_state_publisher]: got segment cover
[INFO] [1684223013.794380459] [nanosaur.robot_state_publisher]: got segment display_left
[INFO] [1684223013.794384256] [nanosaur.robot_state_publisher]: got segment display_right
[INFO] [1684223013.794388053] [nanosaur.robot_state_publisher]: got segment flap_bottom
[INFO] [1684223013.794391770] [nanosaur.robot_state_publisher]: got segment flap_top
[INFO] [1684223013.794395447] [nanosaur.robot_state_publisher]: got segment front_wheel_left
[INFO] [1684223013.794399104] [nanosaur.robot_state_publisher]: got segment front_wheel_right
[INFO] [1684223013.794402721] [nanosaur.robot_state_publisher]: got segment motor_board
[INFO] [1684223013.794406378] [nanosaur.robot_state_publisher]: got segment motor_left
[INFO] [1684223013.794410055] [nanosaur.robot_state_publisher]: got segment motor_right
[INFO] [1684223013.794413802] [nanosaur.robot_state_publisher]: got segment pb_holder
[INFO] [1684223013.794417489] [nanosaur.robot_state_publisher]: got segment power_bank
[INFO] [1684223013.794421086] [nanosaur.robot_state_publisher]: got segment slider_left
[INFO] [1684223013.794424793] [nanosaur.robot_state_publisher]: got segment slider_right
[INFO] [1684223013.794428520] [nanosaur.robot_state_publisher]: got segment sprocket_left
[INFO] [1684223013.794432227] [nanosaur.robot_state_publisher]: got segment sprocket_right
[INFO] [1684223013.794435984] [nanosaur.robot_state_publisher]: got segment track_left
[INFO] [1684223013.794439641] [nanosaur.robot_state_publisher]: got segment track_right
[INFO] [1684223013.794443308] [nanosaur.robot_state_publisher]: got segment wheel_left
[INFO] [1684223013.794446975] [nanosaur.robot_state_publisher]: got segment wheel_right
[INFO] [1684223071.634690816] [rclcpp]: signal_handler(signum=2)
