[INFO] [1684222242.356888496] [nanosaur.robot_state_publisher]: got segment NVIDIA_jetson
[INFO] [1684222242.356995399] [nanosaur.robot_state_publisher]: got segment base_front
[INFO] [1684222242.357001982] [nanosaur.robot_state_publisher]: got segment base_link
[INFO] [1684222242.357006440] [nanosaur.robot_state_publisher]: got segment base_rear
[INFO] [1684222242.357010949] [nanosaur.robot_state_publisher]: got segment board_expansion
[INFO] [1684222242.357014916] [nanosaur.robot_state_publisher]: got segment camera_board
[INFO] [1684222242.357018663] [nanosaur.robot_state_publisher]: got segment camera_camera_link
[INFO] [1684222242.357022380] [nanosaur.robot_state_publisher]: got segment camera_camera_link_frame
[INFO] [1684222242.357026208] [nanosaur.robot_state_publisher]: got segment camera_optical_frame
[INFO] [1684222242.357029915] [nanosaur.robot_state_publisher]: got segment cover
[INFO] [1684222242.357033772] [nanosaur.robot_state_publisher]: got segment display_left
[INFO] [1684222242.357037579] [nanosaur.robot_state_publisher]: got segment display_right
[INFO] [1684222242.357041326] [nanosaur.robot_state_publisher]: got segment flap_bottom
[INFO] [1684222242.357045114] [nanosaur.robot_state_publisher]: got segment flap_top
[INFO] [1684222242.357048841] [nanosaur.robot_state_publisher]: got segment front_wheel_left
[INFO] [1684222242.357052658] [nanosaur.robot_state_publisher]: got segment front_wheel_right
[INFO] [1684222242.357056345] [nanosaur.robot_state_publisher]: got segment motor_board
[INFO] [1684222242.357060042] [nanosaur.robot_state_publisher]: got segment motor_left
[INFO] [1684222242.357063799] [nanosaur.robot_state_publisher]: got segment motor_right
[INFO] [1684222242.357067496] [nanosaur.robot_state_publisher]: got segment pb_holder
[INFO] [1684222242.357071223] [nanosaur.robot_state_publisher]: got segment power_bank
[INFO] [1684222242.357074940] [nanosaur.robot_state_publisher]: got segment slider_left
[INFO] [1684222242.357078657] [nanosaur.robot_state_publisher]: got segment slider_right
[INFO] [1684222242.357082384] [nanosaur.robot_state_publisher]: got segment sprocket_left
[INFO] [1684222242.357086182] [nanosaur.robot_state_publisher]: got segment sprocket_right
[INFO] [1684222242.357089969] [nanosaur.robot_state_publisher]: got segment track_left
[INFO] [1684222242.357093766] [nanosaur.robot_state_publisher]: got segment track_right
[INFO] [1684222242.357097463] [nanosaur.robot_state_publisher]: got segment wheel_left
[INFO] [1684222242.357101230] [nanosaur.robot_state_publisher]: got segment wheel_right
[INFO] [1684222284.215455894] [rclcpp]: signal_handler(signum=2)
