[INFO] [1684594103.355402894] [nanosaur.robot_state_publisher]: got segment NVIDIA_jetson
[INFO] [1684594103.355509051] [nanosaur.robot_state_publisher]: got segment base_front
[INFO] [1684594103.355520575] [nanosaur.robot_state_publisher]: got segment base_link
[INFO] [1684594103.355530352] [nanosaur.robot_state_publisher]: got segment base_rear
[INFO] [1684594103.355540758] [nanosaur.robot_state_publisher]: got segment board_expansion
[INFO] [1684594103.355550466] [nanosaur.robot_state_publisher]: got segment camera_board
[INFO] [1684594103.355560383] [nanosaur.robot_state_publisher]: got segment camera_camera_link
[INFO] [1684594103.355574212] [nanosaur.robot_state_publisher]: got segment camera_camera_link_frame
[INFO] [1684594103.355584269] [nanosaur.robot_state_publisher]: got segment camera_optical_frame
[INFO] [1684594103.355593767] [nanosaur.robot_state_publisher]: got segment cover
[INFO] [1684594103.355604243] [nanosaur.robot_state_publisher]: got segment display_left
[INFO] [1684594103.355613881] [nanosaur.robot_state_publisher]: got segment display_right
[INFO] [1684594103.355623868] [nanosaur.robot_state_publisher]: got segment flap_bottom
[INFO] [1684594103.355633296] [nanosaur.robot_state_publisher]: got segment flap_top
[INFO] [1684594103.355642515] [nanosaur.robot_state_publisher]: got segment front_wheel_left
[INFO] [1684594103.355651944] [nanosaur.robot_state_publisher]: got segment front_wheel_right
[INFO] [1684594103.355661442] [nanosaur.robot_state_publisher]: got segment motor_board
[INFO] [1684594103.355670591] [nanosaur.robot_state_publisher]: got segment motor_left
[INFO] [1684594103.355680159] [nanosaur.robot_state_publisher]: got segment motor_right
[INFO] [1684594103.355688121] [nanosaur.robot_state_publisher]: got segment pb_holder
[INFO] [1684594103.355698178] [nanosaur.robot_state_publisher]: got segment power_bank
[INFO] [1684594103.355707397] [nanosaur.robot_state_publisher]: got segment slider_left
[INFO] [1684594103.355717244] [nanosaur.robot_state_publisher]: got segment slider_right
[INFO] [1684594103.355726254] [nanosaur.robot_state_publisher]: got segment sprocket_left
[INFO] [1684594103.355735961] [nanosaur.robot_state_publisher]: got segment sprocket_right
[INFO] [1684594103.355745041] [nanosaur.robot_state_publisher]: got segment track_left
[INFO] [1684594103.355755307] [nanosaur.robot_state_publisher]: got segment track_right
[INFO] [1684594103.355765294] [nanosaur.robot_state_publisher]: got segment wheel_left
[INFO] [1684594103.355775770] [nanosaur.robot_state_publisher]: got segment wheel_right
[INFO] [1684594113.531291868] [rclcpp]: signal_handler(signum=2)
