[INFO] [1684221942.877235503] [nanosaur.robot_state_publisher]: got segment NVIDIA_jetson
[INFO] [1684221942.877341605] [nanosaur.robot_state_publisher]: got segment base_front
[INFO] [1684221942.877348317] [nanosaur.robot_state_publisher]: got segment base_link
[INFO] [1684221942.877352786] [nanosaur.robot_state_publisher]: got segment base_rear
[INFO] [1684221942.877356683] [nanosaur.robot_state_publisher]: got segment board_expansion
[INFO] [1684221942.877360490] [nanosaur.robot_state_publisher]: got segment camera_board
[INFO] [1684221942.877364318] [nanosaur.robot_state_publisher]: got segment camera_camera_link
[INFO] [1684221942.877368055] [nanosaur.robot_state_publisher]: got segment camera_camera_link_frame
[INFO] [1684221942.877372353] [nanosaur.robot_state_publisher]: got segment camera_optical_frame
[INFO] [1684221942.877376150] [nanosaur.robot_state_publisher]: got segment cover
[INFO] [1684221942.877379987] [nanosaur.robot_state_publisher]: got segment display_left
[INFO] [1684221942.877383695] [nanosaur.robot_state_publisher]: got segment display_right
[INFO] [1684221942.877387382] [nanosaur.robot_state_publisher]: got segment flap_bottom
[INFO] [1684221942.877391058] [nanosaur.robot_state_publisher]: got segment flap_top
[INFO] [1684221942.877394695] [nanosaur.robot_state_publisher]: got segment front_wheel_left
[INFO] [1684221942.877398523] [nanosaur.robot_state_publisher]: got segment front_wheel_right
[INFO] [1684221942.877402320] [nanosaur.robot_state_publisher]: got segment motor_board
[INFO] [1684221942.877406047] [nanosaur.robot_state_publisher]: got segment motor_left
[INFO] [1684221942.877409904] [nanosaur.robot_state_publisher]: got segment motor_right
[INFO] [1684221942.877413611] [nanosaur.robot_state_publisher]: got segment pb_holder
[INFO] [1684221942.877417318] [nanosaur.robot_state_publisher]: got segment power_bank
[INFO] [1684221942.877420985] [nanosaur.robot_state_publisher]: got segment slider_left
[INFO] [1684221942.877424642] [nanosaur.robot_state_publisher]: got segment slider_right
[INFO] [1684221942.877428369] [nanosaur.robot_state_publisher]: got segment sprocket_left
[INFO] [1684221942.877432096] [nanosaur.robot_state_publisher]: got segment sprocket_right
[INFO] [1684221942.877435984] [nanosaur.robot_state_publisher]: got segment track_left
[INFO] [1684221942.877439621] [nanosaur.robot_state_publisher]: got segment track_right
[INFO] [1684221942.877443328] [nanosaur.robot_state_publisher]: got segment wheel_left
[INFO] [1684221942.877446975] [nanosaur.robot_state_publisher]: got segment wheel_right
[INFO] [1684221971.513508207] [rclcpp]: signal_handler(signum=2)
