[INFO] [1684577569.642620412] [nanosaur.robot_state_publisher]: got segment NVIDIA_jetson
[INFO] [1684577569.642727574] [nanosaur.robot_state_publisher]: got segment base_front
[INFO] [1684577569.642734407] [nanosaur.robot_state_publisher]: got segment base_link
[INFO] [1684577569.642738595] [nanosaur.robot_state_publisher]: got segment base_rear
[INFO] [1684577569.642742402] [nanosaur.robot_state_publisher]: got segment board_expansion
[INFO] [1684577569.642746279] [nanosaur.robot_state_publisher]: got segment camera_board
[INFO] [1684577569.642749936] [nanosaur.robot_state_publisher]: got segment camera_camera_link
[INFO] [1684577569.642753864] [nanosaur.robot_state_publisher]: got segment camera_camera_link_frame
[INFO] [1684577569.642757711] [nanosaur.robot_state_publisher]: got segment camera_optical_frame
[INFO] [1684577569.642761508] [nanosaur.robot_state_publisher]: got segment cover
[INFO] [1684577569.642765355] [nanosaur.robot_state_publisher]: got segment display_left
[INFO] [1684577569.642769072] [nanosaur.robot_state_publisher]: got segment display_right
[INFO] [1684577569.642772859] [nanosaur.robot_state_publisher]: got segment flap_bottom
[INFO] [1684577569.642776767] [nanosaur.robot_state_publisher]: got segment flap_top
[INFO] [1684577569.642780594] [nanosaur.robot_state_publisher]: got segment front_wheel_left
[INFO] [1684577569.642784441] [nanosaur.robot_state_publisher]: got segment front_wheel_right
[INFO] [1684577569.642788238] [nanosaur.robot_state_publisher]: got segment motor_board
[INFO] [1684577569.642792056] [nanosaur.robot_state_publisher]: got segment motor_left
[INFO] [1684577569.642796524] [nanosaur.robot_state_publisher]: got segment motor_right
[INFO] [1684577569.642801664] [nanosaur.robot_state_publisher]: got segment pb_holder
[INFO] [1684577569.642806583] [nanosaur.robot_state_publisher]: got segment power_bank
[INFO] [1684577569.642812354] [nanosaur.robot_state_publisher]: got segment slider_left
[INFO] [1684577569.642817503] [nanosaur.robot_state_publisher]: got segment slider_right
[INFO] [1684577569.642822543] [nanosaur.robot_state_publisher]: got segment sprocket_left
[INFO] [1684577569.642827142] [nanosaur.robot_state_publisher]: got segment sprocket_right
[INFO] [1684577569.642831049] [nanosaur.robot_state_publisher]: got segment track_left
[INFO] [1684577569.642834796] [nanosaur.robot_state_publisher]: got segment track_right
[INFO] [1684577569.642838533] [nanosaur.robot_state_publisher]: got segment wheel_left
[INFO] [1684577569.642842250] [nanosaur.robot_state_publisher]: got segment wheel_right
[INFO] [1684577579.764844523] [rclcpp]: signal_handler(signum=2)
