[INFO] [1683355670.578957791] [nanosaur.robot_state_publisher]: got segment NVIDIA_jetson
[INFO] [1683355670.579046816] [nanosaur.robot_state_publisher]: got segment base_front
[INFO] [1683355670.579052758] [nanosaur.robot_state_publisher]: got segment base_link
[INFO] [1683355670.579055803] [nanosaur.robot_state_publisher]: got segment base_rear
[INFO] [1683355670.579058286] [nanosaur.robot_state_publisher]: got segment board_expansion
[INFO] [1683355670.579060991] [nanosaur.robot_state_publisher]: got segment camera_board
[INFO] [1683355670.579063597] [nanosaur.robot_state_publisher]: got segment camera_camera_link
[INFO] [1683355670.579066111] [nanosaur.robot_state_publisher]: got segment camera_camera_link_frame
[INFO] [1683355670.579068809] [nanosaur.robot_state_publisher]: got segment camera_optical_frame
[INFO] [1683355670.579071411] [nanosaur.robot_state_publisher]: got segment cover
[INFO] [1683355670.579074162] [nanosaur.robot_state_publisher]: got segment display_left
[INFO] [1683355670.579076845] [nanosaur.robot_state_publisher]: got segment display_right
[INFO] [1683355670.579079363] [nanosaur.robot_state_publisher]: got segment flap_bottom
[INFO] [1683355670.579082001] [nanosaur.robot_state_publisher]: got segment flap_top
[INFO] [1683355670.579084446] [nanosaur.robot_state_publisher]: got segment front_wheel_left
[INFO] [1683355670.579086983] [nanosaur.robot_state_publisher]: got segment front_wheel_right
[INFO] [1683355670.579089459] [nanosaur.robot_state_publisher]: got segment motor_board
[INFO] [1683355670.579092045] [nanosaur.robot_state_publisher]: got segment motor_left
[INFO] [1683355670.579094570] [nanosaur.robot_state_publisher]: got segment motor_right
[INFO] [1683355670.579097175] [nanosaur.robot_state_publisher]: got segment pb_holder
[INFO] [1683355670.579099739] [nanosaur.robot_state_publisher]: got segment power_bank
[INFO] [1683355670.579102183] [nanosaur.robot_state_publisher]: got segment slider_left
[INFO] [1683355670.579104595] [nanosaur.robot_state_publisher]: got segment slider_right
[INFO] [1683355670.579107045] [nanosaur.robot_state_publisher]: got segment sprocket_left
[INFO] [1683355670.579109694] [nanosaur.robot_state_publisher]: got segment sprocket_right
[INFO] [1683355670.579112086] [nanosaur.robot_state_publisher]: got segment track_left
[INFO] [1683355670.579114544] [nanosaur.robot_state_publisher]: got segment track_right
[INFO] [1683355670.579116935] [nanosaur.robot_state_publisher]: got segment wheel_left
[INFO] [1683355670.579119387] [nanosaur.robot_state_publisher]: got segment wheel_right
[INFO] [1683355676.953359891] [rclcpp]: signal_handler(signum=2)
