[INFO] [1684224244.802845754] [nanosaur.robot_state_publisher]: got segment NVIDIA_jetson
[INFO] [1684224244.802962463] [nanosaur.robot_state_publisher]: got segment base_front
[INFO] [1684224244.802969425] [nanosaur.robot_state_publisher]: got segment base_link
[INFO] [1684224244.802974304] [nanosaur.robot_state_publisher]: got segment base_rear
[INFO] [1684224244.802979313] [nanosaur.robot_state_publisher]: got segment board_expansion
[INFO] [1684224244.802983851] [nanosaur.robot_state_publisher]: got segment camera_board
[INFO] [1684224244.802988149] [nanosaur.robot_state_publisher]: got segment camera_camera_link
[INFO] [1684224244.802991936] [nanosaur.robot_state_publisher]: got segment camera_camera_link_frame
[INFO] [1684224244.802995823] [nanosaur.robot_state_publisher]: got segment camera_optical_frame
[INFO] [1684224244.802999579] [nanosaur.robot_state_publisher]: got segment cover
[INFO] [1684224244.803003577] [nanosaur.robot_state_publisher]: got segment display_left
[INFO] [1684224244.803007403] [nanosaur.robot_state_publisher]: got segment display_right
[INFO] [1684224244.803011230] [nanosaur.robot_state_publisher]: got segment flap_bottom
[INFO] [1684224244.803014917] [nanosaur.robot_state_publisher]: got segment flap_top
[INFO] [1684224244.803018533] [nanosaur.robot_state_publisher]: got segment front_wheel_left
[INFO] [1684224244.803022240] [nanosaur.robot_state_publisher]: got segment front_wheel_right
[INFO] [1684224244.803025937] [nanosaur.robot_state_publisher]: got segment motor_board
[INFO] [1684224244.803030164] [nanosaur.robot_state_publisher]: got segment motor_left
[INFO] [1684224244.803033871] [nanosaur.robot_state_publisher]: got segment motor_right
[INFO] [1684224244.803037577] [nanosaur.robot_state_publisher]: got segment pb_holder
[INFO] [1684224244.803041244] [nanosaur.robot_state_publisher]: got segment power_bank
[INFO] [1684224244.803044861] [nanosaur.robot_state_publisher]: got segment slider_left
[INFO] [1684224244.803048517] [nanosaur.robot_state_publisher]: got segment slider_right
[INFO] [1684224244.803052194] [nanosaur.robot_state_publisher]: got segment sprocket_left
[INFO] [1684224244.803055950] [nanosaur.robot_state_publisher]: got segment sprocket_right
[INFO] [1684224244.803059677] [nanosaur.robot_state_publisher]: got segment track_left
[INFO] [1684224244.803063314] [nanosaur.robot_state_publisher]: got segment track_right
[INFO] [1684224244.803066990] [nanosaur.robot_state_publisher]: got segment wheel_left
[INFO] [1684224244.803070557] [nanosaur.robot_state_publisher]: got segment wheel_right
[INFO] [1684224291.785163443] [rclcpp]: signal_handler(signum=2)
