[INFO] [1684222348.426336161] [nanosaur.robot_state_publisher]: got segment NVIDIA_jetson
[INFO] [1684222348.426437774] [nanosaur.robot_state_publisher]: got segment base_front
[INFO] [1684222348.426444657] [nanosaur.robot_state_publisher]: got segment base_link
[INFO] [1684222348.426448995] [nanosaur.robot_state_publisher]: got segment base_rear
[INFO] [1684222348.426452983] [nanosaur.robot_state_publisher]: got segment board_expansion
[INFO] [1684222348.426456970] [nanosaur.robot_state_publisher]: got segment camera_board
[INFO] [1684222348.426460727] [nanosaur.robot_state_publisher]: got segment camera_camera_link
[INFO] [1684222348.426464515] [nanosaur.robot_state_publisher]: got segment camera_camera_link_frame
[INFO] [1684222348.426468292] [nanosaur.robot_state_publisher]: got segment camera_optical_frame
[INFO] [1684222348.426472029] [nanosaur.robot_state_publisher]: got segment cover
[INFO] [1684222348.426475816] [nanosaur.robot_state_publisher]: got segment display_left
[INFO] [1684222348.426479603] [nanosaur.robot_state_publisher]: got segment display_right
[INFO] [1684222348.426483300] [nanosaur.robot_state_publisher]: got segment flap_bottom
[INFO] [1684222348.426487057] [nanosaur.robot_state_publisher]: got segment flap_top
[INFO] [1684222348.426490774] [nanosaur.robot_state_publisher]: got segment front_wheel_left
[INFO] [1684222348.426494522] [nanosaur.robot_state_publisher]: got segment front_wheel_right
[INFO] [1684222348.426498469] [nanosaur.robot_state_publisher]: got segment motor_board
[INFO] [1684222348.426502136] [nanosaur.robot_state_publisher]: got segment motor_left
[INFO] [1684222348.426506063] [nanosaur.robot_state_publisher]: got segment motor_right
[INFO] [1684222348.426509740] [nanosaur.robot_state_publisher]: got segment pb_holder
[INFO] [1684222348.426513728] [nanosaur.robot_state_publisher]: got segment power_bank
[INFO] [1684222348.426517425] [nanosaur.robot_state_publisher]: got segment slider_left
[INFO] [1684222348.426521062] [nanosaur.robot_state_publisher]: got segment slider_right
[INFO] [1684222348.426524779] [nanosaur.robot_state_publisher]: got segment sprocket_left
[INFO] [1684222348.426528506] [nanosaur.robot_state_publisher]: got segment sprocket_right
[INFO] [1684222348.426532223] [nanosaur.robot_state_publisher]: got segment track_left
[INFO] [1684222348.426535960] [nanosaur.robot_state_publisher]: got segment track_right
[INFO] [1684222348.426539607] [nanosaur.robot_state_publisher]: got segment wheel_left
[INFO] [1684222348.426543284] [nanosaur.robot_state_publisher]: got segment wheel_right
[INFO] [1684222392.912580581] [rclcpp]: signal_handler(signum=2)
