[INFO] [1684577427.962825757] [nanosaur.robot_state_publisher]: got segment NVIDIA_jetson
[INFO] [1684577427.962975580] [nanosaur.robot_state_publisher]: got segment base_front
[INFO] [1684577427.962987502] [nanosaur.robot_state_publisher]: got segment base_link
[INFO] [1684577427.962993583] [nanosaur.robot_state_publisher]: got segment base_rear
[INFO] [1684577427.962998914] [nanosaur.robot_state_publisher]: got segment board_expansion
[INFO] [1684577427.963004324] [nanosaur.robot_state_publisher]: got segment camera_board
[INFO] [1684577427.963009554] [nanosaur.robot_state_publisher]: got segment camera_camera_link
[INFO] [1684577427.963014854] [nanosaur.robot_state_publisher]: got segment camera_camera_link_frame
[INFO] [1684577427.963020334] [nanosaur.robot_state_publisher]: got segment camera_optical_frame
[INFO] [1684577427.963026325] [nanosaur.robot_state_publisher]: got segment cover
[INFO] [1684577427.963032286] [nanosaur.robot_state_publisher]: got segment display_left
[INFO] [1684577427.963038438] [nanosaur.robot_state_publisher]: got segment display_right
[INFO] [1684577427.963044179] [nanosaur.robot_state_publisher]: got segment flap_bottom
[INFO] [1684577427.963050020] [nanosaur.robot_state_publisher]: got segment flap_top
[INFO] [1684577427.963055861] [nanosaur.robot_state_publisher]: got segment front_wheel_left
[INFO] [1684577427.963061772] [nanosaur.robot_state_publisher]: got segment front_wheel_right
[INFO] [1684577427.963067844] [nanosaur.robot_state_publisher]: got segment motor_board
[INFO] [1684577427.963073995] [nanosaur.robot_state_publisher]: got segment motor_left
[INFO] [1684577427.963079966] [nanosaur.robot_state_publisher]: got segment motor_right
[INFO] [1684577427.963085757] [nanosaur.robot_state_publisher]: got segment pb_holder
[INFO] [1684577427.963091598] [nanosaur.robot_state_publisher]: got segment power_bank
[INFO] [1684577427.963097540] [nanosaur.robot_state_publisher]: got segment slider_left
[INFO] [1684577427.963103511] [nanosaur.robot_state_publisher]: got segment slider_right
[INFO] [1684577427.963109532] [nanosaur.robot_state_publisher]: got segment sprocket_left
[INFO] [1684577427.963115033] [nanosaur.robot_state_publisher]: got segment sprocket_right
[INFO] [1684577427.963120052] [nanosaur.robot_state_publisher]: got segment track_left
[INFO] [1684577427.963125242] [nanosaur.robot_state_publisher]: got segment track_right
[INFO] [1684577427.963130462] [nanosaur.robot_state_publisher]: got segment wheel_left
[INFO] [1684577427.963135732] [nanosaur.robot_state_publisher]: got segment wheel_right
[INFO] [1684577507.226147642] [rclcpp]: signal_handler(signum=2)
