[INFO] [1683355366.995168941] [nanosaur.robot_state_publisher]: got segment NVIDIA_jetson
[INFO] [1683355366.995236300] [nanosaur.robot_state_publisher]: got segment base_front
[INFO] [1683355366.995241817] [nanosaur.robot_state_publisher]: got segment base_link
[INFO] [1683355366.995244777] [nanosaur.robot_state_publisher]: got segment base_rear
[INFO] [1683355366.995247361] [nanosaur.robot_state_publisher]: got segment board_expansion
[INFO] [1683355366.995250104] [nanosaur.robot_state_publisher]: got segment camera_board
[INFO] [1683355366.995252699] [nanosaur.robot_state_publisher]: got segment camera_camera_link
[INFO] [1683355366.995255253] [nanosaur.robot_state_publisher]: got segment camera_camera_link_frame
[INFO] [1683355366.995258034] [nanosaur.robot_state_publisher]: got segment camera_optical_frame
[INFO] [1683355366.995260527] [nanosaur.robot_state_publisher]: got segment cover
[INFO] [1683355366.995263077] [nanosaur.robot_state_publisher]: got segment display_left
[INFO] [1683355366.995265668] [nanosaur.robot_state_publisher]: got segment display_right
[INFO] [1683355366.995268221] [nanosaur.robot_state_publisher]: got segment flap_bottom
[INFO] [1683355366.995270709] [nanosaur.robot_state_publisher]: got segment flap_top
[INFO] [1683355366.995273111] [nanosaur.robot_state_publisher]: got segment front_wheel_left
[INFO] [1683355366.995275642] [nanosaur.robot_state_publisher]: got segment front_wheel_right
[INFO] [1683355366.995278061] [nanosaur.robot_state_publisher]: got segment motor_board
[INFO] [1683355366.995280510] [nanosaur.robot_state_publisher]: got segment motor_left
[INFO] [1683355366.995283082] [nanosaur.robot_state_publisher]: got segment motor_right
[INFO] [1683355366.995285573] [nanosaur.robot_state_publisher]: got segment pb_holder
[INFO] [1683355366.995288092] [nanosaur.robot_state_publisher]: got segment power_bank
[INFO] [1683355366.995290519] [nanosaur.robot_state_publisher]: got segment slider_left
[INFO] [1683355366.995299245] [nanosaur.robot_state_publisher]: got segment slider_right
[INFO] [1683355366.995303431] [nanosaur.robot_state_publisher]: got segment sprocket_left
[INFO] [1683355366.995307438] [nanosaur.robot_state_publisher]: got segment sprocket_right
[INFO] [1683355366.995311288] [nanosaur.robot_state_publisher]: got segment track_left
[INFO] [1683355366.995314945] [nanosaur.robot_state_publisher]: got segment track_right
[INFO] [1683355366.995318972] [nanosaur.robot_state_publisher]: got segment wheel_left
[INFO] [1683355366.995323139] [nanosaur.robot_state_publisher]: got segment wheel_right
[INFO] [1683355374.836529881] [rclcpp]: signal_handler(signum=2)
