[INFO] [1684222798.308237589] [nanosaur.robot_state_publisher]: got segment NVIDIA_jetson
[INFO] [1684222798.308363969] [nanosaur.robot_state_publisher]: got segment base_front
[INFO] [1684222798.308372385] [nanosaur.robot_state_publisher]: got segment base_link
[INFO] [1684222798.308376803] [nanosaur.robot_state_publisher]: got segment base_rear
[INFO] [1684222798.308380811] [nanosaur.robot_state_publisher]: got segment board_expansion
[INFO] [1684222798.308384759] [nanosaur.robot_state_publisher]: got segment camera_board
[INFO] [1684222798.308388987] [nanosaur.robot_state_publisher]: got segment camera_camera_link
[INFO] [1684222798.308393034] [nanosaur.robot_state_publisher]: got segment camera_camera_link_frame
[INFO] [1684222798.308396872] [nanosaur.robot_state_publisher]: got segment camera_optical_frame
[INFO] [1684222798.308400639] [nanosaur.robot_state_publisher]: got segment cover
[INFO] [1684222798.308404446] [nanosaur.robot_state_publisher]: got segment display_left
[INFO] [1684222798.308408454] [nanosaur.robot_state_publisher]: got segment display_right
[INFO] [1684222798.308412201] [nanosaur.robot_state_publisher]: got segment flap_bottom
[INFO] [1684222798.308416078] [nanosaur.robot_state_publisher]: got segment flap_top
[INFO] [1684222798.308419885] [nanosaur.robot_state_publisher]: got segment front_wheel_left
[INFO] [1684222798.308423713] [nanosaur.robot_state_publisher]: got segment front_wheel_right
[INFO] [1684222798.308427350] [nanosaur.robot_state_publisher]: got segment motor_board
[INFO] [1684222798.308431568] [nanosaur.robot_state_publisher]: got segment motor_left
[INFO] [1684222798.308435445] [nanosaur.robot_state_publisher]: got segment motor_right
[INFO] [1684222798.308439132] [nanosaur.robot_state_publisher]: got segment pb_holder
[INFO] [1684222798.308442859] [nanosaur.robot_state_publisher]: got segment power_bank
[INFO] [1684222798.308446977] [nanosaur.robot_state_publisher]: got segment slider_left
[INFO] [1684222798.308452467] [nanosaur.robot_state_publisher]: got segment slider_right
[INFO] [1684222798.308458168] [nanosaur.robot_state_publisher]: got segment sprocket_left
[INFO] [1684222798.308463238] [nanosaur.robot_state_publisher]: got segment sprocket_right
[INFO] [1684222798.308469500] [nanosaur.robot_state_publisher]: got segment track_left
[INFO] [1684222798.308474589] [nanosaur.robot_state_publisher]: got segment track_right
[INFO] [1684222798.308479418] [nanosaur.robot_state_publisher]: got segment wheel_left
[INFO] [1684222798.308484278] [nanosaur.robot_state_publisher]: got segment wheel_right
[INFO] [1684222822.191536322] [rclcpp]: signal_handler(signum=2)
