[INFO] [1684574127.045494491] [nanosaur.robot_state_publisher]: got segment NVIDIA_jetson
[INFO] [1684574127.045604165] [nanosaur.robot_state_publisher]: got segment base_front
[INFO] [1684574127.045610316] [nanosaur.robot_state_publisher]: got segment base_link
[INFO] [1684574127.045614724] [nanosaur.robot_state_publisher]: got segment base_rear
[INFO] [1684574127.045618722] [nanosaur.robot_state_publisher]: got segment board_expansion
[INFO] [1684574127.045622479] [nanosaur.robot_state_publisher]: got segment camera_board
[INFO] [1684574127.045626276] [nanosaur.robot_state_publisher]: got segment camera_camera_link
[INFO] [1684574127.045630093] [nanosaur.robot_state_publisher]: got segment camera_camera_link_frame
[INFO] [1684574127.045634100] [nanosaur.robot_state_publisher]: got segment camera_optical_frame
[INFO] [1684574127.045637917] [nanosaur.robot_state_publisher]: got segment cover
[INFO] [1684574127.045641785] [nanosaur.robot_state_publisher]: got segment display_left
[INFO] [1684574127.045645521] [nanosaur.robot_state_publisher]: got segment display_right
[INFO] [1684574127.045649248] [nanosaur.robot_state_publisher]: got segment flap_bottom
[INFO] [1684574127.045653005] [nanosaur.robot_state_publisher]: got segment flap_top
[INFO] [1684574127.045656692] [nanosaur.robot_state_publisher]: got segment front_wheel_left
[INFO] [1684574127.045660379] [nanosaur.robot_state_publisher]: got segment front_wheel_right
[INFO] [1684574127.045664096] [nanosaur.robot_state_publisher]: got segment motor_board
[INFO] [1684574127.045667873] [nanosaur.robot_state_publisher]: got segment motor_left
[INFO] [1684574127.045671550] [nanosaur.robot_state_publisher]: got segment motor_right
[INFO] [1684574127.045675227] [nanosaur.robot_state_publisher]: got segment pb_holder
[INFO] [1684574127.045679104] [nanosaur.robot_state_publisher]: got segment power_bank
[INFO] [1684574127.045682921] [nanosaur.robot_state_publisher]: got segment slider_left
[INFO] [1684574127.045686778] [nanosaur.robot_state_publisher]: got segment slider_right
[INFO] [1684574127.045690725] [nanosaur.robot_state_publisher]: got segment sprocket_left
[INFO] [1684574127.045694442] [nanosaur.robot_state_publisher]: got segment sprocket_right
[INFO] [1684574127.045698219] [nanosaur.robot_state_publisher]: got segment track_left
[INFO] [1684574127.045701906] [nanosaur.robot_state_publisher]: got segment track_right
[INFO] [1684574127.045705643] [nanosaur.robot_state_publisher]: got segment wheel_left
[INFO] [1684574127.045709300] [nanosaur.robot_state_publisher]: got segment wheel_right
[INFO] [1684574301.506364077] [rclcpp]: signal_handler(signum=2)
