[INFO] [1684222833.796323915] [nanosaur.robot_state_publisher]: got segment NVIDIA_jetson
[INFO] [1684222833.796446699] [nanosaur.robot_state_publisher]: got segment base_front
[INFO] [1684222833.796453652] [nanosaur.robot_state_publisher]: got segment base_link
[INFO] [1684222833.796458050] [nanosaur.robot_state_publisher]: got segment base_rear
[INFO] [1684222833.796461917] [nanosaur.robot_state_publisher]: got segment board_expansion
[INFO] [1684222833.796465845] [nanosaur.robot_state_publisher]: got segment camera_board
[INFO] [1684222833.796469532] [nanosaur.robot_state_publisher]: got segment camera_camera_link
[INFO] [1684222833.796474141] [nanosaur.robot_state_publisher]: got segment camera_camera_link_frame
[INFO] [1684222833.796479150] [nanosaur.robot_state_publisher]: got segment camera_optical_frame
[INFO] [1684222833.796483008] [nanosaur.robot_state_publisher]: got segment cover
[INFO] [1684222833.796486845] [nanosaur.robot_state_publisher]: got segment display_left
[INFO] [1684222833.796490632] [nanosaur.robot_state_publisher]: got segment display_right
[INFO] [1684222833.796494399] [nanosaur.robot_state_publisher]: got segment flap_bottom
[INFO] [1684222833.796498176] [nanosaur.robot_state_publisher]: got segment flap_top
[INFO] [1684222833.796501853] [nanosaur.robot_state_publisher]: got segment front_wheel_left
[INFO] [1684222833.796505991] [nanosaur.robot_state_publisher]: got segment front_wheel_right
[INFO] [1684222833.796509758] [nanosaur.robot_state_publisher]: got segment motor_board
[INFO] [1684222833.796513425] [nanosaur.robot_state_publisher]: got segment motor_left
[INFO] [1684222833.796517132] [nanosaur.robot_state_publisher]: got segment motor_right
[INFO] [1684222833.796520870] [nanosaur.robot_state_publisher]: got segment pb_holder
[INFO] [1684222833.796524597] [nanosaur.robot_state_publisher]: got segment power_bank
[INFO] [1684222833.796528304] [nanosaur.robot_state_publisher]: got segment slider_left
[INFO] [1684222833.796531981] [nanosaur.robot_state_publisher]: got segment slider_right
[INFO] [1684222833.796535678] [nanosaur.robot_state_publisher]: got segment sprocket_left
[INFO] [1684222833.796539395] [nanosaur.robot_state_publisher]: got segment sprocket_right
[INFO] [1684222833.796543422] [nanosaur.robot_state_publisher]: got segment track_left
[INFO] [1684222833.796548161] [nanosaur.robot_state_publisher]: got segment track_right
[INFO] [1684222833.796552800] [nanosaur.robot_state_publisher]: got segment wheel_left
[INFO] [1684222833.796556638] [nanosaur.robot_state_publisher]: got segment wheel_right
[INFO] [1684222873.453076488] [rclcpp]: signal_handler(signum=2)
