[INFO] [1683361816.334776387] [nanosaur.robot_state_publisher]: got segment NVIDIA_jetson
[INFO] [1683361816.334866152] [nanosaur.robot_state_publisher]: got segment base_front
[INFO] [1683361816.334873101] [nanosaur.robot_state_publisher]: got segment base_link
[INFO] [1683361816.334876410] [nanosaur.robot_state_publisher]: got segment base_rear
[INFO] [1683361816.334878998] [nanosaur.robot_state_publisher]: got segment board_expansion
[INFO] [1683361816.334881758] [nanosaur.robot_state_publisher]: got segment camera_board
[INFO] [1683361816.334884311] [nanosaur.robot_state_publisher]: got segment camera_camera_link
[INFO] [1683361816.334886927] [nanosaur.robot_state_publisher]: got segment camera_camera_link_frame
[INFO] [1683361816.334889736] [nanosaur.robot_state_publisher]: got segment camera_optical_frame
[INFO] [1683361816.334892302] [nanosaur.robot_state_publisher]: got segment cover
[INFO] [1683361816.334894949] [nanosaur.robot_state_publisher]: got segment display_left
[INFO] [1683361816.334897471] [nanosaur.robot_state_publisher]: got segment display_right
[INFO] [1683361816.334900009] [nanosaur.robot_state_publisher]: got segment flap_bottom
[INFO] [1683361816.334902604] [nanosaur.robot_state_publisher]: got segment flap_top
[INFO] [1683361816.334905106] [nanosaur.robot_state_publisher]: got segment front_wheel_left
[INFO] [1683361816.334907684] [nanosaur.robot_state_publisher]: got segment front_wheel_right
[INFO] [1683361816.334910182] [nanosaur.robot_state_publisher]: got segment motor_board
[INFO] [1683361816.334912797] [nanosaur.robot_state_publisher]: got segment motor_left
[INFO] [1683361816.334915291] [nanosaur.robot_state_publisher]: got segment motor_right
[INFO] [1683361816.334917702] [nanosaur.robot_state_publisher]: got segment pb_holder
[INFO] [1683361816.334920114] [nanosaur.robot_state_publisher]: got segment power_bank
[INFO] [1683361816.334922506] [nanosaur.robot_state_publisher]: got segment slider_left
[INFO] [1683361816.334924939] [nanosaur.robot_state_publisher]: got segment slider_right
[INFO] [1683361816.334927423] [nanosaur.robot_state_publisher]: got segment sprocket_left
[INFO] [1683361816.334929937] [nanosaur.robot_state_publisher]: got segment sprocket_right
[INFO] [1683361816.334932419] [nanosaur.robot_state_publisher]: got segment track_left
[INFO] [1683361816.334934861] [nanosaur.robot_state_publisher]: got segment track_right
[INFO] [1683361816.334937244] [nanosaur.robot_state_publisher]: got segment wheel_left
[INFO] [1683361816.334939648] [nanosaur.robot_state_publisher]: got segment wheel_right
[INFO] [1683361821.856457643] [rclcpp]: signal_handler(signum=2)
