[INFO] [1683361838.903453715] [nanosaur.robot_state_publisher]: got segment NVIDIA_jetson
[INFO] [1683361838.903540543] [nanosaur.robot_state_publisher]: got segment base_front
[INFO] [1683361838.903547080] [nanosaur.robot_state_publisher]: got segment base_link
[INFO] [1683361838.903550142] [nanosaur.robot_state_publisher]: got segment base_rear
[INFO] [1683361838.903552700] [nanosaur.robot_state_publisher]: got segment board_expansion
[INFO] [1683361838.903555438] [nanosaur.robot_state_publisher]: got segment camera_board
[INFO] [1683361838.903558093] [nanosaur.robot_state_publisher]: got segment camera_camera_link
[INFO] [1683361838.903560593] [nanosaur.robot_state_publisher]: got segment camera_camera_link_frame
[INFO] [1683361838.903563415] [nanosaur.robot_state_publisher]: got segment camera_optical_frame
[INFO] [1683361838.903566061] [nanosaur.robot_state_publisher]: got segment cover
[INFO] [1683361838.903568669] [nanosaur.robot_state_publisher]: got segment display_left
[INFO] [1683361838.903571209] [nanosaur.robot_state_publisher]: got segment display_right
[INFO] [1683361838.903573806] [nanosaur.robot_state_publisher]: got segment flap_bottom
[INFO] [1683361838.903577773] [nanosaur.robot_state_publisher]: got segment flap_top
[INFO] [1683361838.903581556] [nanosaur.robot_state_publisher]: got segment front_wheel_left
[INFO] [1683361838.903585849] [nanosaur.robot_state_publisher]: got segment front_wheel_right
[INFO] [1683361838.903590264] [nanosaur.robot_state_publisher]: got segment motor_board
[INFO] [1683361838.903594608] [nanosaur.robot_state_publisher]: got segment motor_left
[INFO] [1683361838.903598375] [nanosaur.robot_state_publisher]: got segment motor_right
[INFO] [1683361838.903601383] [nanosaur.robot_state_publisher]: got segment pb_holder
[INFO] [1683361838.903605512] [nanosaur.robot_state_publisher]: got segment power_bank
[INFO] [1683361838.903608584] [nanosaur.robot_state_publisher]: got segment slider_left
[INFO] [1683361838.903611832] [nanosaur.robot_state_publisher]: got segment slider_right
[INFO] [1683361838.903614999] [nanosaur.robot_state_publisher]: got segment sprocket_left
[INFO] [1683361838.903618233] [nanosaur.robot_state_publisher]: got segment sprocket_right
[INFO] [1683361838.903621481] [nanosaur.robot_state_publisher]: got segment track_left
[INFO] [1683361838.903624593] [nanosaur.robot_state_publisher]: got segment track_right
[INFO] [1683361838.903627647] [nanosaur.robot_state_publisher]: got segment wheel_left
[INFO] [1683361838.903630829] [nanosaur.robot_state_publisher]: got segment wheel_right
[INFO] [1683361848.683599681] [rclcpp]: signal_handler(signum=2)
