[INFO] [1684224166.933328286] [nanosaur.robot_state_publisher]: got segment NVIDIA_jetson
[INFO] [1684224166.933491937] [nanosaur.robot_state_publisher]: got segment base_front
[INFO] [1684224166.933506655] [nanosaur.robot_state_publisher]: got segment base_link
[INFO] [1684224166.933517215] [nanosaur.robot_state_publisher]: got segment base_rear
[INFO] [1684224166.933526162] [nanosaur.robot_state_publisher]: got segment board_expansion
[INFO] [1684224166.933536161] [nanosaur.robot_state_publisher]: got segment camera_board
[INFO] [1684224166.933545659] [nanosaur.robot_state_publisher]: got segment camera_camera_link
[INFO] [1684224166.933555127] [nanosaur.robot_state_publisher]: got segment camera_camera_link_frame
[INFO] [1684224166.933564986] [nanosaur.robot_state_publisher]: got segment camera_optical_frame
[INFO] [1684224166.933574324] [nanosaur.robot_state_publisher]: got segment cover
[INFO] [1684224166.933583992] [nanosaur.robot_state_publisher]: got segment display_left
[INFO] [1684224166.933592398] [nanosaur.robot_state_publisher]: got segment display_right
[INFO] [1684224166.933601786] [nanosaur.robot_state_publisher]: got segment flap_bottom
[INFO] [1684224166.933610803] [nanosaur.robot_state_publisher]: got segment flap_top
[INFO] [1684224166.933619379] [nanosaur.robot_state_publisher]: got segment front_wheel_left
[INFO] [1684224166.933628707] [nanosaur.robot_state_publisher]: got segment front_wheel_right
[INFO] [1684224166.933638135] [nanosaur.robot_state_publisher]: got segment motor_board
[INFO] [1684224166.933647493] [nanosaur.robot_state_publisher]: got segment motor_left
[INFO] [1684224166.933656780] [nanosaur.robot_state_publisher]: got segment motor_right
[INFO] [1684224166.933665637] [nanosaur.robot_state_publisher]: got segment pb_holder
[INFO] [1684224166.933674264] [nanosaur.robot_state_publisher]: got segment power_bank
[INFO] [1684224166.933683411] [nanosaur.robot_state_publisher]: got segment slider_left
[INFO] [1684224166.933692689] [nanosaur.robot_state_publisher]: got segment slider_right
[INFO] [1684224166.933701035] [nanosaur.robot_state_publisher]: got segment sprocket_left
[INFO] [1684224166.933710302] [nanosaur.robot_state_publisher]: got segment sprocket_right
[INFO] [1684224166.933719590] [nanosaur.robot_state_publisher]: got segment track_left
[INFO] [1684224166.933729138] [nanosaur.robot_state_publisher]: got segment track_right
[INFO] [1684224166.933738586] [nanosaur.robot_state_publisher]: got segment wheel_left
[INFO] [1684224166.933747373] [nanosaur.robot_state_publisher]: got segment wheel_right
[INFO] [1684224242.639281006] [rclcpp]: signal_handler(signum=2)
