[INFO] [1683355788.818600565] [nanosaur.robot_state_publisher]: got segment NVIDIA_jetson
[INFO] [1683355788.818689127] [nanosaur.robot_state_publisher]: got segment base_front
[INFO] [1683355788.818695135] [nanosaur.robot_state_publisher]: got segment base_link
[INFO] [1683355788.818698286] [nanosaur.robot_state_publisher]: got segment base_rear
[INFO] [1683355788.818700732] [nanosaur.robot_state_publisher]: got segment board_expansion
[INFO] [1683355788.818703342] [nanosaur.robot_state_publisher]: got segment camera_board
[INFO] [1683355788.818705977] [nanosaur.robot_state_publisher]: got segment camera_camera_link
[INFO] [1683355788.818708432] [nanosaur.robot_state_publisher]: got segment camera_camera_link_frame
[INFO] [1683355788.818711247] [nanosaur.robot_state_publisher]: got segment camera_optical_frame
[INFO] [1683355788.818713842] [nanosaur.robot_state_publisher]: got segment cover
[INFO] [1683355788.818716534] [nanosaur.robot_state_publisher]: got segment display_left
[INFO] [1683355788.818719049] [nanosaur.robot_state_publisher]: got segment display_right
[INFO] [1683355788.818721504] [nanosaur.robot_state_publisher]: got segment flap_bottom
[INFO] [1683355788.818724095] [nanosaur.robot_state_publisher]: got segment flap_top
[INFO] [1683355788.818726541] [nanosaur.robot_state_publisher]: got segment front_wheel_left
[INFO] [1683355788.818729061] [nanosaur.robot_state_publisher]: got segment front_wheel_right
[INFO] [1683355788.818731551] [nanosaur.robot_state_publisher]: got segment motor_board
[INFO] [1683355788.818734215] [nanosaur.robot_state_publisher]: got segment motor_left
[INFO] [1683355788.818736708] [nanosaur.robot_state_publisher]: got segment motor_right
[INFO] [1683355788.818739179] [nanosaur.robot_state_publisher]: got segment pb_holder
[INFO] [1683355788.818741671] [nanosaur.robot_state_publisher]: got segment power_bank
[INFO] [1683355788.818744051] [nanosaur.robot_state_publisher]: got segment slider_left
[INFO] [1683355788.818746445] [nanosaur.robot_state_publisher]: got segment slider_right
[INFO] [1683355788.818748862] [nanosaur.robot_state_publisher]: got segment sprocket_left
[INFO] [1683355788.818751444] [nanosaur.robot_state_publisher]: got segment sprocket_right
[INFO] [1683355788.818753853] [nanosaur.robot_state_publisher]: got segment track_left
[INFO] [1683355788.818756354] [nanosaur.robot_state_publisher]: got segment track_right
[INFO] [1683355788.818758911] [nanosaur.robot_state_publisher]: got segment wheel_left
[INFO] [1683355788.818761338] [nanosaur.robot_state_publisher]: got segment wheel_right
[INFO] [1683355795.318058021] [rclcpp]: signal_handler(signum=2)
