[INFO] [1683355385.773806763] [nanosaur.robot_state_publisher]: got segment NVIDIA_jetson
[INFO] [1683355385.773890117] [nanosaur.robot_state_publisher]: got segment base_front
[INFO] [1683355385.773896212] [nanosaur.robot_state_publisher]: got segment base_link
[INFO] [1683355385.773899410] [nanosaur.robot_state_publisher]: got segment base_rear
[INFO] [1683355385.773902007] [nanosaur.robot_state_publisher]: got segment board_expansion
[INFO] [1683355385.773904665] [nanosaur.robot_state_publisher]: got segment camera_board
[INFO] [1683355385.773907186] [nanosaur.robot_state_publisher]: got segment camera_camera_link
[INFO] [1683355385.773909875] [nanosaur.robot_state_publisher]: got segment camera_camera_link_frame
[INFO] [1683355385.773912692] [nanosaur.robot_state_publisher]: got segment camera_optical_frame
[INFO] [1683355385.773915438] [nanosaur.robot_state_publisher]: got segment cover
[INFO] [1683355385.773918115] [nanosaur.robot_state_publisher]: got segment display_left
[INFO] [1683355385.773920711] [nanosaur.robot_state_publisher]: got segment display_right
[INFO] [1683355385.773923334] [nanosaur.robot_state_publisher]: got segment flap_bottom
[INFO] [1683355385.773925785] [nanosaur.robot_state_publisher]: got segment flap_top
[INFO] [1683355385.773928275] [nanosaur.robot_state_publisher]: got segment front_wheel_left
[INFO] [1683355385.773930915] [nanosaur.robot_state_publisher]: got segment front_wheel_right
[INFO] [1683355385.773933380] [nanosaur.robot_state_publisher]: got segment motor_board
[INFO] [1683355385.773935914] [nanosaur.robot_state_publisher]: got segment motor_left
[INFO] [1683355385.773938380] [nanosaur.robot_state_publisher]: got segment motor_right
[INFO] [1683355385.773940776] [nanosaur.robot_state_publisher]: got segment pb_holder
[INFO] [1683355385.773943385] [nanosaur.robot_state_publisher]: got segment power_bank
[INFO] [1683355385.773945828] [nanosaur.robot_state_publisher]: got segment slider_left
[INFO] [1683355385.773948212] [nanosaur.robot_state_publisher]: got segment slider_right
[INFO] [1683355385.773950658] [nanosaur.robot_state_publisher]: got segment sprocket_left
[INFO] [1683355385.773953224] [nanosaur.robot_state_publisher]: got segment sprocket_right
[INFO] [1683355385.773955694] [nanosaur.robot_state_publisher]: got segment track_left
[INFO] [1683355385.773958124] [nanosaur.robot_state_publisher]: got segment track_right
[INFO] [1683355385.773960541] [nanosaur.robot_state_publisher]: got segment wheel_left
[INFO] [1683355385.773962960] [nanosaur.robot_state_publisher]: got segment wheel_right
[INFO] [1683355388.074444844] [rclcpp]: signal_handler(signum=2)
