[INFO] [1684222419.806371552] [nanosaur.robot_state_publisher]: got segment NVIDIA_jetson
[INFO] [1684222419.806493674] [nanosaur.robot_state_publisher]: got segment base_front
[INFO] [1684222419.806500647] [nanosaur.robot_state_publisher]: got segment base_link
[INFO] [1684222419.806505476] [nanosaur.robot_state_publisher]: got segment base_rear
[INFO] [1684222419.806509624] [nanosaur.robot_state_publisher]: got segment board_expansion
[INFO] [1684222419.806513512] [nanosaur.robot_state_publisher]: got segment camera_board
[INFO] [1684222419.806517659] [nanosaur.robot_state_publisher]: got segment camera_camera_link
[INFO] [1684222419.806521487] [nanosaur.robot_state_publisher]: got segment camera_camera_link_frame
[INFO] [1684222419.806525404] [nanosaur.robot_state_publisher]: got segment camera_optical_frame
[INFO] [1684222419.806529231] [nanosaur.robot_state_publisher]: got segment cover
[INFO] [1684222419.806533560] [nanosaur.robot_state_publisher]: got segment display_left
[INFO] [1684222419.806537307] [nanosaur.robot_state_publisher]: got segment display_right
[INFO] [1684222419.806541344] [nanosaur.robot_state_publisher]: got segment flap_bottom
[INFO] [1684222419.806545152] [nanosaur.robot_state_publisher]: got segment flap_top
[INFO] [1684222419.806549189] [nanosaur.robot_state_publisher]: got segment front_wheel_left
[INFO] [1684222419.806553027] [nanosaur.robot_state_publisher]: got segment front_wheel_right
[INFO] [1684222419.806556764] [nanosaur.robot_state_publisher]: got segment motor_board
[INFO] [1684222419.806560571] [nanosaur.robot_state_publisher]: got segment motor_left
[INFO] [1684222419.806564899] [nanosaur.robot_state_publisher]: got segment motor_right
[INFO] [1684222419.806568867] [nanosaur.robot_state_publisher]: got segment pb_holder
[INFO] [1684222419.806572794] [nanosaur.robot_state_publisher]: got segment power_bank
[INFO] [1684222419.806576621] [nanosaur.robot_state_publisher]: got segment slider_left
[INFO] [1684222419.806580419] [nanosaur.robot_state_publisher]: got segment slider_right
[INFO] [1684222419.806584236] [nanosaur.robot_state_publisher]: got segment sprocket_left
[INFO] [1684222419.806588193] [nanosaur.robot_state_publisher]: got segment sprocket_right
[INFO] [1684222419.806592041] [nanosaur.robot_state_publisher]: got segment track_left
[INFO] [1684222419.806595798] [nanosaur.robot_state_publisher]: got segment track_right
[INFO] [1684222419.806599595] [nanosaur.robot_state_publisher]: got segment wheel_left
[INFO] [1684222419.806603402] [nanosaur.robot_state_publisher]: got segment wheel_right
[INFO] [1684222444.322097723] [rclcpp]: signal_handler(signum=2)
