[INFO] [1683355039.574095412] [nanosaur.robot_state_publisher]: got segment NVIDIA_jetson
[INFO] [1683355039.574270012] [nanosaur.robot_state_publisher]: got segment base_front
[INFO] [1683355039.574291104] [nanosaur.robot_state_publisher]: got segment base_link
[INFO] [1683355039.574304255] [nanosaur.robot_state_publisher]: got segment base_rear
[INFO] [1683355039.574315422] [nanosaur.robot_state_publisher]: got segment board_expansion
[INFO] [1683355039.574326497] [nanosaur.robot_state_publisher]: got segment camera_board
[INFO] [1683355039.574337415] [nanosaur.robot_state_publisher]: got segment camera_camera_link
[INFO] [1683355039.574348038] [nanosaur.robot_state_publisher]: got segment camera_camera_link_frame
[INFO] [1683355039.574359055] [nanosaur.robot_state_publisher]: got segment camera_optical_frame
[INFO] [1683355039.574369819] [nanosaur.robot_state_publisher]: got segment cover
[INFO] [1683355039.574380311] [nanosaur.robot_state_publisher]: got segment display_left
[INFO] [1683355039.574391424] [nanosaur.robot_state_publisher]: got segment display_right
[INFO] [1683355039.574402385] [nanosaur.robot_state_publisher]: got segment flap_bottom
[INFO] [1683355039.574412808] [nanosaur.robot_state_publisher]: got segment flap_top
[INFO] [1683355039.574423247] [nanosaur.robot_state_publisher]: got segment front_wheel_left
[INFO] [1683355039.574433809] [nanosaur.robot_state_publisher]: got segment front_wheel_right
[INFO] [1683355039.574444492] [nanosaur.robot_state_publisher]: got segment motor_board
[INFO] [1683355039.574455040] [nanosaur.robot_state_publisher]: got segment motor_left
[INFO] [1683355039.574465249] [nanosaur.robot_state_publisher]: got segment motor_right
[INFO] [1683355039.574475351] [nanosaur.robot_state_publisher]: got segment pb_holder
[INFO] [1683355039.574486017] [nanosaur.robot_state_publisher]: got segment power_bank
[INFO] [1683355039.574496225] [nanosaur.robot_state_publisher]: got segment slider_left
[INFO] [1683355039.574506890] [nanosaur.robot_state_publisher]: got segment slider_right
[INFO] [1683355039.574518318] [nanosaur.robot_state_publisher]: got segment sprocket_left
[INFO] [1683355039.574529031] [nanosaur.robot_state_publisher]: got segment sprocket_right
[INFO] [1683355039.574539378] [nanosaur.robot_state_publisher]: got segment track_left
[INFO] [1683355039.574549501] [nanosaur.robot_state_publisher]: got segment track_right
[INFO] [1683355039.574560035] [nanosaur.robot_state_publisher]: got segment wheel_left
[INFO] [1683355039.574570326] [nanosaur.robot_state_publisher]: got segment wheel_right
[INFO] [1683355069.065031559] [rclcpp]: signal_handler(signum=2)
