[INFO] [1684593448.606567904] [nanosaur.robot_state_publisher]: got segment NVIDIA_jetson
[INFO] [1684593448.606773503] [nanosaur.robot_state_publisher]: got segment base_front
[INFO] [1684593448.606785026] [nanosaur.robot_state_publisher]: got segment base_link
[INFO] [1684593448.606795502] [nanosaur.robot_state_publisher]: got segment base_rear
[INFO] [1684593448.606806815] [nanosaur.robot_state_publisher]: got segment board_expansion
[INFO] [1684593448.606816453] [nanosaur.robot_state_publisher]: got segment camera_board
[INFO] [1684593448.606826509] [nanosaur.robot_state_publisher]: got segment camera_camera_link
[INFO] [1684593448.606835030] [nanosaur.robot_state_publisher]: got segment camera_camera_link_frame
[INFO] [1684593448.606845505] [nanosaur.robot_state_publisher]: got segment camera_optical_frame
[INFO] [1684593448.606855073] [nanosaur.robot_state_publisher]: got segment cover
[INFO] [1684593448.606864571] [nanosaur.robot_state_publisher]: got segment display_left
[INFO] [1684593448.606873160] [nanosaur.robot_state_publisher]: got segment display_right
[INFO] [1684593448.606882798] [nanosaur.robot_state_publisher]: got segment flap_bottom
[INFO] [1684593448.606891737] [nanosaur.robot_state_publisher]: got segment flap_top
[INFO] [1684593448.606900816] [nanosaur.robot_state_publisher]: got segment front_wheel_left
[INFO] [1684593448.606910942] [nanosaur.robot_state_publisher]: got segment front_wheel_right
[INFO] [1684593448.606923233] [nanosaur.robot_state_publisher]: got segment motor_board
[INFO] [1684593448.606931823] [nanosaur.robot_state_publisher]: got segment motor_left
[INFO] [1684593448.606939924] [nanosaur.robot_state_publisher]: got segment motor_right
[INFO] [1684593448.606949073] [nanosaur.robot_state_publisher]: got segment pb_holder
[INFO] [1684593448.606959409] [nanosaur.robot_state_publisher]: got segment power_bank
[INFO] [1684593448.606968977] [nanosaur.robot_state_publisher]: got segment slider_left
[INFO] [1684593448.606995584] [nanosaur.robot_state_publisher]: got segment slider_right
[INFO] [1684593448.607005571] [nanosaur.robot_state_publisher]: got segment sprocket_left
[INFO] [1684593448.607016954] [nanosaur.robot_state_publisher]: got segment sprocket_right
[INFO] [1684593448.607027290] [nanosaur.robot_state_publisher]: got segment track_left
[INFO] [1684593448.607037277] [nanosaur.robot_state_publisher]: got segment track_right
[INFO] [1684593448.607047892] [nanosaur.robot_state_publisher]: got segment wheel_left
[INFO] [1684593448.607057809] [nanosaur.robot_state_publisher]: got segment wheel_right
[INFO] [1684593459.796430593] [rclcpp]: signal_handler(signum=2)
