[INFO] [1684223768.443267917] [nanosaur.robot_state_publisher]: got segment NVIDIA_jetson
[INFO] [1684223768.443376173] [nanosaur.robot_state_publisher]: got segment base_front
[INFO] [1684223768.443382565] [nanosaur.robot_state_publisher]: got segment base_link
[INFO] [1684223768.443387354] [nanosaur.robot_state_publisher]: got segment base_rear
[INFO] [1684223768.443391282] [nanosaur.robot_state_publisher]: got segment board_expansion
[INFO] [1684223768.443395099] [nanosaur.robot_state_publisher]: got segment camera_board
[INFO] [1684223768.443398776] [nanosaur.robot_state_publisher]: got segment camera_camera_link
[INFO] [1684223768.443402533] [nanosaur.robot_state_publisher]: got segment camera_camera_link_frame
[INFO] [1684223768.443406361] [nanosaur.robot_state_publisher]: got segment camera_optical_frame
[INFO] [1684223768.443410038] [nanosaur.robot_state_publisher]: got segment cover
[INFO] [1684223768.443413765] [nanosaur.robot_state_publisher]: got segment display_left
[INFO] [1684223768.443417422] [nanosaur.robot_state_publisher]: got segment display_right
[INFO] [1684223768.443421449] [nanosaur.robot_state_publisher]: got segment flap_bottom
[INFO] [1684223768.443425186] [nanosaur.robot_state_publisher]: got segment flap_top
[INFO] [1684223768.443429164] [nanosaur.robot_state_publisher]: got segment front_wheel_left
[INFO] [1684223768.443432971] [nanosaur.robot_state_publisher]: got segment front_wheel_right
[INFO] [1684223768.443436879] [nanosaur.robot_state_publisher]: got segment motor_board
[INFO] [1684223768.443440626] [nanosaur.robot_state_publisher]: got segment motor_left
[INFO] [1684223768.443444253] [nanosaur.robot_state_publisher]: got segment motor_right
[INFO] [1684223768.443447940] [nanosaur.robot_state_publisher]: got segment pb_holder
[INFO] [1684223768.443451587] [nanosaur.robot_state_publisher]: got segment power_bank
[INFO] [1684223768.443455324] [nanosaur.robot_state_publisher]: got segment slider_left
[INFO] [1684223768.443458921] [nanosaur.robot_state_publisher]: got segment slider_right
[INFO] [1684223768.443462618] [nanosaur.robot_state_publisher]: got segment sprocket_left
[INFO] [1684223768.443466325] [nanosaur.robot_state_publisher]: got segment sprocket_right
[INFO] [1684223768.443470062] [nanosaur.robot_state_publisher]: got segment track_left
[INFO] [1684223768.443473789] [nanosaur.robot_state_publisher]: got segment track_right
[INFO] [1684223768.443477756] [nanosaur.robot_state_publisher]: got segment wheel_left
[INFO] [1684223768.443481483] [nanosaur.robot_state_publisher]: got segment wheel_right
[INFO] [1684223783.441115497] [rclcpp]: signal_handler(signum=2)
