[INFO] [1683355401.454753667] [nanosaur.robot_state_publisher]: got segment NVIDIA_jetson
[INFO] [1683355401.454829798] [nanosaur.robot_state_publisher]: got segment base_front
[INFO] [1683355401.454836223] [nanosaur.robot_state_publisher]: got segment base_link
[INFO] [1683355401.454839289] [nanosaur.robot_state_publisher]: got segment base_rear
[INFO] [1683355401.454841900] [nanosaur.robot_state_publisher]: got segment board_expansion
[INFO] [1683355401.454844656] [nanosaur.robot_state_publisher]: got segment camera_board
[INFO] [1683355401.454847469] [nanosaur.robot_state_publisher]: got segment camera_camera_link
[INFO] [1683355401.454850325] [nanosaur.robot_state_publisher]: got segment camera_camera_link_frame
[INFO] [1683355401.454853262] [nanosaur.robot_state_publisher]: got segment camera_optical_frame
[INFO] [1683355401.454855940] [nanosaur.robot_state_publisher]: got segment cover
[INFO] [1683355401.454858652] [nanosaur.robot_state_publisher]: got segment display_left
[INFO] [1683355401.454861216] [nanosaur.robot_state_publisher]: got segment display_right
[INFO] [1683355401.454863892] [nanosaur.robot_state_publisher]: got segment flap_bottom
[INFO] [1683355401.454866425] [nanosaur.robot_state_publisher]: got segment flap_top
[INFO] [1683355401.454868913] [nanosaur.robot_state_publisher]: got segment front_wheel_left
[INFO] [1683355401.454871443] [nanosaur.robot_state_publisher]: got segment front_wheel_right
[INFO] [1683355401.454874026] [nanosaur.robot_state_publisher]: got segment motor_board
[INFO] [1683355401.454876479] [nanosaur.robot_state_publisher]: got segment motor_left
[INFO] [1683355401.454878980] [nanosaur.robot_state_publisher]: got segment motor_right
[INFO] [1683355401.454881396] [nanosaur.robot_state_publisher]: got segment pb_holder
[INFO] [1683355401.454883905] [nanosaur.robot_state_publisher]: got segment power_bank
[INFO] [1683355401.454886318] [nanosaur.robot_state_publisher]: got segment slider_left
[INFO] [1683355401.454888744] [nanosaur.robot_state_publisher]: got segment slider_right
[INFO] [1683355401.454891209] [nanosaur.robot_state_publisher]: got segment sprocket_left
[INFO] [1683355401.454893675] [nanosaur.robot_state_publisher]: got segment sprocket_right
[INFO] [1683355401.454896209] [nanosaur.robot_state_publisher]: got segment track_left
[INFO] [1683355401.454898765] [nanosaur.robot_state_publisher]: got segment track_right
[INFO] [1683355401.454901301] [nanosaur.robot_state_publisher]: got segment wheel_left
[INFO] [1683355401.454903742] [nanosaur.robot_state_publisher]: got segment wheel_right
[INFO] [1683355410.591013917] [rclcpp]: signal_handler(signum=2)
