[INFO] [1684574844.231486464] [nanosaur.robot_state_publisher]: got segment NVIDIA_jetson
[INFO] [1684574844.231617668] [nanosaur.robot_state_publisher]: got segment base_front
[INFO] [1684574844.231625533] [nanosaur.robot_state_publisher]: got segment base_link
[INFO] [1684574844.231629821] [nanosaur.robot_state_publisher]: got segment base_rear
[INFO] [1684574844.231633729] [nanosaur.robot_state_publisher]: got segment board_expansion
[INFO] [1684574844.231637536] [nanosaur.robot_state_publisher]: got segment camera_board
[INFO] [1684574844.231641394] [nanosaur.robot_state_publisher]: got segment camera_camera_link
[INFO] [1684574844.231645431] [nanosaur.robot_state_publisher]: got segment camera_camera_link_frame
[INFO] [1684574844.231649429] [nanosaur.robot_state_publisher]: got segment camera_optical_frame
[INFO] [1684574844.231653226] [nanosaur.robot_state_publisher]: got segment cover
[INFO] [1684574844.231657154] [nanosaur.robot_state_publisher]: got segment display_left
[INFO] [1684574844.231661022] [nanosaur.robot_state_publisher]: got segment display_right
[INFO] [1684574844.231664879] [nanosaur.robot_state_publisher]: got segment flap_bottom
[INFO] [1684574844.231668626] [nanosaur.robot_state_publisher]: got segment flap_top
[INFO] [1684574844.231672394] [nanosaur.robot_state_publisher]: got segment front_wheel_left
[INFO] [1684574844.231676181] [nanosaur.robot_state_publisher]: got segment front_wheel_right
[INFO] [1684574844.231680088] [nanosaur.robot_state_publisher]: got segment motor_board
[INFO] [1684574844.231683966] [nanosaur.robot_state_publisher]: got segment motor_left
[INFO] [1684574844.231688104] [nanosaur.robot_state_publisher]: got segment motor_right
[INFO] [1684574844.231692883] [nanosaur.robot_state_publisher]: got segment pb_holder
[INFO] [1684574844.231697021] [nanosaur.robot_state_publisher]: got segment power_bank
[INFO] [1684574844.231700869] [nanosaur.robot_state_publisher]: got segment slider_left
[INFO] [1684574844.231705006] [nanosaur.robot_state_publisher]: got segment slider_right
[INFO] [1684574844.231709645] [nanosaur.robot_state_publisher]: got segment sprocket_left
[INFO] [1684574844.231714405] [nanosaur.robot_state_publisher]: got segment sprocket_right
[INFO] [1684574844.231718673] [nanosaur.robot_state_publisher]: got segment track_left
[INFO] [1684574844.231723392] [nanosaur.robot_state_publisher]: got segment track_right
[INFO] [1684574844.231727380] [nanosaur.robot_state_publisher]: got segment wheel_left
[INFO] [1684574844.231731107] [nanosaur.robot_state_publisher]: got segment wheel_right
[INFO] [1684574867.712533425] [rclcpp]: signal_handler(signum=2)
