[INFO] [1684222446.465162017] [nanosaur.robot_state_publisher]: got segment NVIDIA_jetson
[INFO] [1684222446.465261356] [nanosaur.robot_state_publisher]: got segment base_front
[INFO] [1684222446.465267778] [nanosaur.robot_state_publisher]: got segment base_link
[INFO] [1684222446.465272026] [nanosaur.robot_state_publisher]: got segment base_rear
[INFO] [1684222446.465275923] [nanosaur.robot_state_publisher]: got segment board_expansion
[INFO] [1684222446.465279831] [nanosaur.robot_state_publisher]: got segment camera_board
[INFO] [1684222446.465283658] [nanosaur.robot_state_publisher]: got segment camera_camera_link
[INFO] [1684222446.465287425] [nanosaur.robot_state_publisher]: got segment camera_camera_link_frame
[INFO] [1684222446.465291333] [nanosaur.robot_state_publisher]: got segment camera_optical_frame
[INFO] [1684222446.465295220] [nanosaur.robot_state_publisher]: got segment cover
[INFO] [1684222446.465299037] [nanosaur.robot_state_publisher]: got segment display_left
[INFO] [1684222446.465302875] [nanosaur.robot_state_publisher]: got segment display_right
[INFO] [1684222446.465306732] [nanosaur.robot_state_publisher]: got segment flap_bottom
[INFO] [1684222446.465310509] [nanosaur.robot_state_publisher]: got segment flap_top
[INFO] [1684222446.465314136] [nanosaur.robot_state_publisher]: got segment front_wheel_left
[INFO] [1684222446.465317963] [nanosaur.robot_state_publisher]: got segment front_wheel_right
[INFO] [1684222446.465321690] [nanosaur.robot_state_publisher]: got segment motor_board
[INFO] [1684222446.465325407] [nanosaur.robot_state_publisher]: got segment motor_left
[INFO] [1684222446.465329054] [nanosaur.robot_state_publisher]: got segment motor_right
[INFO] [1684222446.465332701] [nanosaur.robot_state_publisher]: got segment pb_holder
[INFO] [1684222446.465336388] [nanosaur.robot_state_publisher]: got segment power_bank
[INFO] [1684222446.465339985] [nanosaur.robot_state_publisher]: got segment slider_left
[INFO] [1684222446.465343592] [nanosaur.robot_state_publisher]: got segment slider_right
[INFO] [1684222446.465347239] [nanosaur.robot_state_publisher]: got segment sprocket_left
[INFO] [1684222446.465350916] [nanosaur.robot_state_publisher]: got segment sprocket_right
[INFO] [1684222446.465354583] [nanosaur.robot_state_publisher]: got segment track_left
[INFO] [1684222446.465358320] [nanosaur.robot_state_publisher]: got segment track_right
[INFO] [1684222446.465361957] [nanosaur.robot_state_publisher]: got segment wheel_left
[INFO] [1684222446.465365604] [nanosaur.robot_state_publisher]: got segment wheel_right
[INFO] [1684222467.370740649] [rclcpp]: signal_handler(signum=2)
