[INFO] [1684222300.935315037] [nanosaur.robot_state_publisher]: got segment NVIDIA_jetson
[INFO] [1684222300.935429775] [nanosaur.robot_state_publisher]: got segment base_front
[INFO] [1684222300.935436428] [nanosaur.robot_state_publisher]: got segment base_link
[INFO] [1684222300.935440776] [nanosaur.robot_state_publisher]: got segment base_rear
[INFO] [1684222300.935444854] [nanosaur.robot_state_publisher]: got segment board_expansion
[INFO] [1684222300.935448801] [nanosaur.robot_state_publisher]: got segment camera_board
[INFO] [1684222300.935452679] [nanosaur.robot_state_publisher]: got segment camera_camera_link
[INFO] [1684222300.935456757] [nanosaur.robot_state_publisher]: got segment camera_camera_link_frame
[INFO] [1684222300.935460664] [nanosaur.robot_state_publisher]: got segment camera_optical_frame
[INFO] [1684222300.935464491] [nanosaur.robot_state_publisher]: got segment cover
[INFO] [1684222300.935468479] [nanosaur.robot_state_publisher]: got segment display_left
[INFO] [1684222300.935472687] [nanosaur.robot_state_publisher]: got segment display_right
[INFO] [1684222300.935476724] [nanosaur.robot_state_publisher]: got segment flap_bottom
[INFO] [1684222300.935480582] [nanosaur.robot_state_publisher]: got segment flap_top
[INFO] [1684222300.935484329] [nanosaur.robot_state_publisher]: got segment front_wheel_left
[INFO] [1684222300.935488116] [nanosaur.robot_state_publisher]: got segment front_wheel_right
[INFO] [1684222300.935492034] [nanosaur.robot_state_publisher]: got segment motor_board
[INFO] [1684222300.935495781] [nanosaur.robot_state_publisher]: got segment motor_left
[INFO] [1684222300.935499698] [nanosaur.robot_state_publisher]: got segment motor_right
[INFO] [1684222300.935503485] [nanosaur.robot_state_publisher]: got segment pb_holder
[INFO] [1684222300.935507272] [nanosaur.robot_state_publisher]: got segment power_bank
[INFO] [1684222300.935510939] [nanosaur.robot_state_publisher]: got segment slider_left
[INFO] [1684222300.935514636] [nanosaur.robot_state_publisher]: got segment slider_right
[INFO] [1684222300.935518394] [nanosaur.robot_state_publisher]: got segment sprocket_left
[INFO] [1684222300.935522121] [nanosaur.robot_state_publisher]: got segment sprocket_right
[INFO] [1684222300.935525908] [nanosaur.robot_state_publisher]: got segment track_left
[INFO] [1684222300.935529625] [nanosaur.robot_state_publisher]: got segment track_right
[INFO] [1684222300.935533382] [nanosaur.robot_state_publisher]: got segment wheel_left
[INFO] [1684222300.935537009] [nanosaur.robot_state_publisher]: got segment wheel_right
[INFO] [1684222345.768041882] [rclcpp]: signal_handler(signum=2)
