[INFO] [1684575243.237194994] [nanosaur.robot_state_publisher]: got segment NVIDIA_jetson
[INFO] [1684575243.237318098] [nanosaur.robot_state_publisher]: got segment base_front
[INFO] [1684575243.237326163] [nanosaur.robot_state_publisher]: got segment base_link
[INFO] [1684575243.237330231] [nanosaur.robot_state_publisher]: got segment base_rear
[INFO] [1684575243.237334058] [nanosaur.robot_state_publisher]: got segment board_expansion
[INFO] [1684575243.237337885] [nanosaur.robot_state_publisher]: got segment camera_board
[INFO] [1684575243.237341733] [nanosaur.robot_state_publisher]: got segment camera_camera_link
[INFO] [1684575243.237345530] [nanosaur.robot_state_publisher]: got segment camera_camera_link_frame
[INFO] [1684575243.237349467] [nanosaur.robot_state_publisher]: got segment camera_optical_frame
[INFO] [1684575243.237353405] [nanosaur.robot_state_publisher]: got segment cover
[INFO] [1684575243.237357432] [nanosaur.robot_state_publisher]: got segment display_left
[INFO] [1684575243.237361340] [nanosaur.robot_state_publisher]: got segment display_right
[INFO] [1684575243.237365107] [nanosaur.robot_state_publisher]: got segment flap_bottom
[INFO] [1684575243.237368904] [nanosaur.robot_state_publisher]: got segment flap_top
[INFO] [1684575243.237372511] [nanosaur.robot_state_publisher]: got segment front_wheel_left
[INFO] [1684575243.237376308] [nanosaur.robot_state_publisher]: got segment front_wheel_right
[INFO] [1684575243.237380055] [nanosaur.robot_state_publisher]: got segment motor_board
[INFO] [1684575243.237383812] [nanosaur.robot_state_publisher]: got segment motor_left
[INFO] [1684575243.237387469] [nanosaur.robot_state_publisher]: got segment motor_right
[INFO] [1684575243.237392088] [nanosaur.robot_state_publisher]: got segment pb_holder
[INFO] [1684575243.237396947] [nanosaur.robot_state_publisher]: got segment power_bank
[INFO] [1684575243.237400664] [nanosaur.robot_state_publisher]: got segment slider_left
[INFO] [1684575243.237404351] [nanosaur.robot_state_publisher]: got segment slider_right
[INFO] [1684575243.237408118] [nanosaur.robot_state_publisher]: got segment sprocket_left
[INFO] [1684575243.237412026] [nanosaur.robot_state_publisher]: got segment sprocket_right
[INFO] [1684575243.237415783] [nanosaur.robot_state_publisher]: got segment track_left
[INFO] [1684575243.237419400] [nanosaur.robot_state_publisher]: got segment track_right
[INFO] [1684575243.237423147] [nanosaur.robot_state_publisher]: got segment wheel_left
[INFO] [1684575243.237426914] [nanosaur.robot_state_publisher]: got segment wheel_right
[INFO] [1684575259.409770660] [rclcpp]: signal_handler(signum=2)
