[INFO] [1684223684.989190347] [nanosaur.robot_state_publisher]: got segment NVIDIA_jetson
[INFO] [1684223684.989346133] [nanosaur.robot_state_publisher]: got segment base_front
[INFO] [1684223684.989358687] [nanosaur.robot_state_publisher]: got segment base_link
[INFO] [1684223684.989367875] [nanosaur.robot_state_publisher]: got segment base_rear
[INFO] [1684223684.989376361] [nanosaur.robot_state_publisher]: got segment board_expansion
[INFO] [1684223684.989384797] [nanosaur.robot_state_publisher]: got segment camera_board
[INFO] [1684223684.989392992] [nanosaur.robot_state_publisher]: got segment camera_camera_link
[INFO] [1684223684.989401068] [nanosaur.robot_state_publisher]: got segment camera_camera_link_frame
[INFO] [1684223684.989409424] [nanosaur.robot_state_publisher]: got segment camera_optical_frame
[INFO] [1684223684.989417549] [nanosaur.robot_state_publisher]: got segment cover
[INFO] [1684223684.989425795] [nanosaur.robot_state_publisher]: got segment display_left
[INFO] [1684223684.989433990] [nanosaur.robot_state_publisher]: got segment display_right
[INFO] [1684223684.989442036] [nanosaur.robot_state_publisher]: got segment flap_bottom
[INFO] [1684223684.989450101] [nanosaur.robot_state_publisher]: got segment flap_top
[INFO] [1684223684.989458026] [nanosaur.robot_state_publisher]: got segment front_wheel_left
[INFO] [1684223684.989466202] [nanosaur.robot_state_publisher]: got segment front_wheel_right
[INFO] [1684223684.989474237] [nanosaur.robot_state_publisher]: got segment motor_board
[INFO] [1684223684.989482272] [nanosaur.robot_state_publisher]: got segment motor_left
[INFO] [1684223684.989490377] [nanosaur.robot_state_publisher]: got segment motor_right
[INFO] [1684223684.989498363] [nanosaur.robot_state_publisher]: got segment pb_holder
[INFO] [1684223684.989506689] [nanosaur.robot_state_publisher]: got segment power_bank
[INFO] [1684223684.989514704] [nanosaur.robot_state_publisher]: got segment slider_left
[INFO] [1684223684.989523160] [nanosaur.robot_state_publisher]: got segment slider_right
[INFO] [1684223684.989531255] [nanosaur.robot_state_publisher]: got segment sprocket_left
[INFO] [1684223684.989539280] [nanosaur.robot_state_publisher]: got segment sprocket_right
[INFO] [1684223684.989547376] [nanosaur.robot_state_publisher]: got segment track_left
[INFO] [1684223684.989556072] [nanosaur.robot_state_publisher]: got segment track_right
[INFO] [1684223684.989564749] [nanosaur.robot_state_publisher]: got segment wheel_left
[INFO] [1684223684.989573135] [nanosaur.robot_state_publisher]: got segment wheel_right
[INFO] [1684223709.467381064] [rclcpp]: signal_handler(signum=2)
