[INFO] [1684222117.906247424] [nanosaur.robot_state_publisher]: got segment NVIDIA_jetson
[INFO] [1684222117.906353376] [nanosaur.robot_state_publisher]: got segment base_front
[INFO] [1684222117.906359577] [nanosaur.robot_state_publisher]: got segment base_link
[INFO] [1684222117.906363896] [nanosaur.robot_state_publisher]: got segment base_rear
[INFO] [1684222117.906367743] [nanosaur.robot_state_publisher]: got segment board_expansion
[INFO] [1684222117.906371530] [nanosaur.robot_state_publisher]: got segment camera_board
[INFO] [1684222117.906375367] [nanosaur.robot_state_publisher]: got segment camera_camera_link
[INFO] [1684222117.906379315] [nanosaur.robot_state_publisher]: got segment camera_camera_link_frame
[INFO] [1684222117.906383383] [nanosaur.robot_state_publisher]: got segment camera_optical_frame
[INFO] [1684222117.906387180] [nanosaur.robot_state_publisher]: got segment cover
[INFO] [1684222117.906391017] [nanosaur.robot_state_publisher]: got segment display_left
[INFO] [1684222117.906395145] [nanosaur.robot_state_publisher]: got segment display_right
[INFO] [1684222117.906398952] [nanosaur.robot_state_publisher]: got segment flap_bottom
[INFO] [1684222117.906402619] [nanosaur.robot_state_publisher]: got segment flap_top
[INFO] [1684222117.906406316] [nanosaur.robot_state_publisher]: got segment front_wheel_left
[INFO] [1684222117.906409973] [nanosaur.robot_state_publisher]: got segment front_wheel_right
[INFO] [1684222117.906413570] [nanosaur.robot_state_publisher]: got segment motor_board
[INFO] [1684222117.906417267] [nanosaur.robot_state_publisher]: got segment motor_left
[INFO] [1684222117.906420974] [nanosaur.robot_state_publisher]: got segment motor_right
[INFO] [1684222117.906424731] [nanosaur.robot_state_publisher]: got segment pb_holder
[INFO] [1684222117.906428358] [nanosaur.robot_state_publisher]: got segment power_bank
[INFO] [1684222117.906432366] [nanosaur.robot_state_publisher]: got segment slider_left
[INFO] [1684222117.906436093] [nanosaur.robot_state_publisher]: got segment slider_right
[INFO] [1684222117.906439830] [nanosaur.robot_state_publisher]: got segment sprocket_left
[INFO] [1684222117.906443707] [nanosaur.robot_state_publisher]: got segment sprocket_right
[INFO] [1684222117.906447575] [nanosaur.robot_state_publisher]: got segment track_left
[INFO] [1684222117.906451292] [nanosaur.robot_state_publisher]: got segment track_right
[INFO] [1684222117.906455049] [nanosaur.robot_state_publisher]: got segment wheel_left
[INFO] [1684222117.906458696] [nanosaur.robot_state_publisher]: got segment wheel_right
[INFO] [1684222172.777570671] [rclcpp]: signal_handler(signum=2)
