[INFO] [1684593500.616625431] [nanosaur.robot_state_publisher]: got segment NVIDIA_jetson
[INFO] [1684593500.616746807] [nanosaur.robot_state_publisher]: got segment base_front
[INFO] [1684593500.616758749] [nanosaur.robot_state_publisher]: got segment base_link
[INFO] [1684593500.616768666] [nanosaur.robot_state_publisher]: got segment base_rear
[INFO] [1684593500.616778024] [nanosaur.robot_state_publisher]: got segment board_expansion
[INFO] [1684593500.616787173] [nanosaur.robot_state_publisher]: got segment camera_board
[INFO] [1684593500.616796741] [nanosaur.robot_state_publisher]: got segment camera_camera_link
[INFO] [1684593500.616805749] [nanosaur.robot_state_publisher]: got segment camera_camera_link_frame
[INFO] [1684593500.616814758] [nanosaur.robot_state_publisher]: got segment camera_optical_frame
[INFO] [1684593500.616823418] [nanosaur.robot_state_publisher]: got segment cover
[INFO] [1684593500.616832427] [nanosaur.robot_state_publisher]: got segment display_left
[INFO] [1684593500.616841436] [nanosaur.robot_state_publisher]: got segment display_right
[INFO] [1684593500.616850585] [nanosaur.robot_state_publisher]: got segment flap_bottom
[INFO] [1684593500.616859664] [nanosaur.robot_state_publisher]: got segment flap_top
[INFO] [1684593500.616868673] [nanosaur.robot_state_publisher]: got segment front_wheel_left
[INFO] [1684593500.616877681] [nanosaur.robot_state_publisher]: got segment front_wheel_right
[INFO] [1684593500.616886411] [nanosaur.robot_state_publisher]: got segment motor_board
[INFO] [1684593500.616895350] [nanosaur.robot_state_publisher]: got segment motor_left
[INFO] [1684593500.616904429] [nanosaur.robot_state_publisher]: got segment motor_right
[INFO] [1684593500.616913578] [nanosaur.robot_state_publisher]: got segment pb_holder
[INFO] [1684593500.616922168] [nanosaur.robot_state_publisher]: got segment power_bank
[INFO] [1684593500.616931107] [nanosaur.robot_state_publisher]: got segment slider_left
[INFO] [1684593500.616939208] [nanosaur.robot_state_publisher]: got segment slider_right
[INFO] [1684593500.616948915] [nanosaur.robot_state_publisher]: got segment sprocket_left
[INFO] [1684593500.616956946] [nanosaur.robot_state_publisher]: got segment sprocket_right
[INFO] [1684593500.616965397] [nanosaur.robot_state_publisher]: got segment track_left
[INFO] [1684593500.616974545] [nanosaur.robot_state_publisher]: got segment track_right
[INFO] [1684593500.616983275] [nanosaur.robot_state_publisher]: got segment wheel_left
[INFO] [1684593500.616991655] [nanosaur.robot_state_publisher]: got segment wheel_right
[INFO] [1684593517.961174541] [rclcpp]: signal_handler(signum=2)
