[INFO] [1683355606.252559144] [nanosaur.robot_state_publisher]: got segment NVIDIA_jetson
[INFO] [1683355606.252656814] [nanosaur.robot_state_publisher]: got segment base_front
[INFO] [1683355606.252664689] [nanosaur.robot_state_publisher]: got segment base_link
[INFO] [1683355606.252668705] [nanosaur.robot_state_publisher]: got segment base_rear
[INFO] [1683355606.252671861] [nanosaur.robot_state_publisher]: got segment board_expansion
[INFO] [1683355606.252675275] [nanosaur.robot_state_publisher]: got segment camera_board
[INFO] [1683355606.252678518] [nanosaur.robot_state_publisher]: got segment camera_camera_link
[INFO] [1683355606.252681745] [nanosaur.robot_state_publisher]: got segment camera_camera_link_frame
[INFO] [1683355606.252685355] [nanosaur.robot_state_publisher]: got segment camera_optical_frame
[INFO] [1683355606.252688883] [nanosaur.robot_state_publisher]: got segment cover
[INFO] [1683355606.252692394] [nanosaur.robot_state_publisher]: got segment display_left
[INFO] [1683355606.252695620] [nanosaur.robot_state_publisher]: got segment display_right
[INFO] [1683355606.252699032] [nanosaur.robot_state_publisher]: got segment flap_bottom
[INFO] [1683355606.252702337] [nanosaur.robot_state_publisher]: got segment flap_top
[INFO] [1683355606.252705476] [nanosaur.robot_state_publisher]: got segment front_wheel_left
[INFO] [1683355606.252708776] [nanosaur.robot_state_publisher]: got segment front_wheel_right
[INFO] [1683355606.252711919] [nanosaur.robot_state_publisher]: got segment motor_board
[INFO] [1683355606.252715333] [nanosaur.robot_state_publisher]: got segment motor_left
[INFO] [1683355606.252718682] [nanosaur.robot_state_publisher]: got segment motor_right
[INFO] [1683355606.252721733] [nanosaur.robot_state_publisher]: got segment pb_holder
[INFO] [1683355606.252724797] [nanosaur.robot_state_publisher]: got segment power_bank
[INFO] [1683355606.252727843] [nanosaur.robot_state_publisher]: got segment slider_left
[INFO] [1683355606.252730793] [nanosaur.robot_state_publisher]: got segment slider_right
[INFO] [1683355606.252733883] [nanosaur.robot_state_publisher]: got segment sprocket_left
[INFO] [1683355606.252737082] [nanosaur.robot_state_publisher]: got segment sprocket_right
[INFO] [1683355606.252740181] [nanosaur.robot_state_publisher]: got segment track_left
[INFO] [1683355606.252743282] [nanosaur.robot_state_publisher]: got segment track_right
[INFO] [1683355606.252746326] [nanosaur.robot_state_publisher]: got segment wheel_left
[INFO] [1683355606.252749396] [nanosaur.robot_state_publisher]: got segment wheel_right
[INFO] [1683355620.048988190] [rclcpp]: signal_handler(signum=2)
