[INFO] [1684223787.328360645] [nanosaur.robot_state_publisher]: got segment NVIDIA_jetson
[INFO] [1684223787.328473770] [nanosaur.robot_state_publisher]: got segment base_front
[INFO] [1684223787.328480113] [nanosaur.robot_state_publisher]: got segment base_link
[INFO] [1684223787.328484441] [nanosaur.robot_state_publisher]: got segment base_rear
[INFO] [1684223787.328488338] [nanosaur.robot_state_publisher]: got segment board_expansion
[INFO] [1684223787.328492226] [nanosaur.robot_state_publisher]: got segment camera_board
[INFO] [1684223787.328495973] [nanosaur.robot_state_publisher]: got segment camera_camera_link
[INFO] [1684223787.328499680] [nanosaur.robot_state_publisher]: got segment camera_camera_link_frame
[INFO] [1684223787.328503517] [nanosaur.robot_state_publisher]: got segment camera_optical_frame
[INFO] [1684223787.328507324] [nanosaur.robot_state_publisher]: got segment cover
[INFO] [1684223787.328511372] [nanosaur.robot_state_publisher]: got segment display_left
[INFO] [1684223787.328515099] [nanosaur.robot_state_publisher]: got segment display_right
[INFO] [1684223787.328518786] [nanosaur.robot_state_publisher]: got segment flap_bottom
[INFO] [1684223787.328522523] [nanosaur.robot_state_publisher]: got segment flap_top
[INFO] [1684223787.328526190] [nanosaur.robot_state_publisher]: got segment front_wheel_left
[INFO] [1684223787.328529917] [nanosaur.robot_state_publisher]: got segment front_wheel_right
[INFO] [1684223787.328533724] [nanosaur.robot_state_publisher]: got segment motor_board
[INFO] [1684223787.328537371] [nanosaur.robot_state_publisher]: got segment motor_left
[INFO] [1684223787.328541429] [nanosaur.robot_state_publisher]: got segment motor_right
[INFO] [1684223787.328545306] [nanosaur.robot_state_publisher]: got segment pb_holder
[INFO] [1684223787.328549234] [nanosaur.robot_state_publisher]: got segment power_bank
[INFO] [1684223787.328552971] [nanosaur.robot_state_publisher]: got segment slider_left
[INFO] [1684223787.328556748] [nanosaur.robot_state_publisher]: got segment slider_right
[INFO] [1684223787.328560555] [nanosaur.robot_state_publisher]: got segment sprocket_left
[INFO] [1684223787.328564583] [nanosaur.robot_state_publisher]: got segment sprocket_right
[INFO] [1684223787.328568350] [nanosaur.robot_state_publisher]: got segment track_left
[INFO] [1684223787.328572027] [nanosaur.robot_state_publisher]: got segment track_right
[INFO] [1684223787.328575674] [nanosaur.robot_state_publisher]: got segment wheel_left
[INFO] [1684223787.328579291] [nanosaur.robot_state_publisher]: got segment wheel_right
[INFO] [1684223800.965793310] [rclcpp]: signal_handler(signum=2)
