[INFO] [1683355799.952693308] [nanosaur.robot_state_publisher]: got segment NVIDIA_jetson
[INFO] [1683355799.952798320] [nanosaur.robot_state_publisher]: got segment base_front
[INFO] [1683355799.952805216] [nanosaur.robot_state_publisher]: got segment base_link
[INFO] [1683355799.952809378] [nanosaur.robot_state_publisher]: got segment base_rear
[INFO] [1683355799.952812629] [nanosaur.robot_state_publisher]: got segment board_expansion
[INFO] [1683355799.952817779] [nanosaur.robot_state_publisher]: got segment camera_board
[INFO] [1683355799.952822277] [nanosaur.robot_state_publisher]: got segment camera_camera_link
[INFO] [1683355799.952826989] [nanosaur.robot_state_publisher]: got segment camera_camera_link_frame
[INFO] [1683355799.952832247] [nanosaur.robot_state_publisher]: got segment camera_optical_frame
[INFO] [1683355799.952837447] [nanosaur.robot_state_publisher]: got segment cover
[INFO] [1683355799.952842577] [nanosaur.robot_state_publisher]: got segment display_left
[INFO] [1683355799.952847306] [nanosaur.robot_state_publisher]: got segment display_right
[INFO] [1683355799.952852268] [nanosaur.robot_state_publisher]: got segment flap_bottom
[INFO] [1683355799.952857055] [nanosaur.robot_state_publisher]: got segment flap_top
[INFO] [1683355799.952861763] [nanosaur.robot_state_publisher]: got segment front_wheel_left
[INFO] [1683355799.952866758] [nanosaur.robot_state_publisher]: got segment front_wheel_right
[INFO] [1683355799.952870166] [nanosaur.robot_state_publisher]: got segment motor_board
[INFO] [1683355799.952873440] [nanosaur.robot_state_publisher]: got segment motor_left
[INFO] [1683355799.952876592] [nanosaur.robot_state_publisher]: got segment motor_right
[INFO] [1683355799.952879671] [nanosaur.robot_state_publisher]: got segment pb_holder
[INFO] [1683355799.952882768] [nanosaur.robot_state_publisher]: got segment power_bank
[INFO] [1683355799.952885863] [nanosaur.robot_state_publisher]: got segment slider_left
[INFO] [1683355799.952888908] [nanosaur.robot_state_publisher]: got segment slider_right
[INFO] [1683355799.952892020] [nanosaur.robot_state_publisher]: got segment sprocket_left
[INFO] [1683355799.952895379] [nanosaur.robot_state_publisher]: got segment sprocket_right
[INFO] [1683355799.952899099] [nanosaur.robot_state_publisher]: got segment track_left
[INFO] [1683355799.952902239] [nanosaur.robot_state_publisher]: got segment track_right
[INFO] [1683355799.952905468] [nanosaur.robot_state_publisher]: got segment wheel_left
[INFO] [1683355799.952908612] [nanosaur.robot_state_publisher]: got segment wheel_right
[INFO] [1683355806.898567715] [rclcpp]: signal_handler(signum=2)
