[INFO] [1683363760.639919491] [nanosaur.robot_state_publisher]: got segment NVIDIA_jetson
[INFO] [1683363760.640013433] [nanosaur.robot_state_publisher]: got segment base_front
[INFO] [1683363760.640019774] [nanosaur.robot_state_publisher]: got segment base_link
[INFO] [1683363760.640023344] [nanosaur.robot_state_publisher]: got segment base_rear
[INFO] [1683363760.640025877] [nanosaur.robot_state_publisher]: got segment board_expansion
[INFO] [1683363760.640028568] [nanosaur.robot_state_publisher]: got segment camera_board
[INFO] [1683363760.640031076] [nanosaur.robot_state_publisher]: got segment camera_camera_link
[INFO] [1683363760.640033601] [nanosaur.robot_state_publisher]: got segment camera_camera_link_frame
[INFO] [1683363760.640036472] [nanosaur.robot_state_publisher]: got segment camera_optical_frame
[INFO] [1683363760.640038977] [nanosaur.robot_state_publisher]: got segment cover
[INFO] [1683363760.640041691] [nanosaur.robot_state_publisher]: got segment display_left
[INFO] [1683363760.640044242] [nanosaur.robot_state_publisher]: got segment display_right
[INFO] [1683363760.640046706] [nanosaur.robot_state_publisher]: got segment flap_bottom
[INFO] [1683363760.640049277] [nanosaur.robot_state_publisher]: got segment flap_top
[INFO] [1683363760.640051743] [nanosaur.robot_state_publisher]: got segment front_wheel_left
[INFO] [1683363760.640054426] [nanosaur.robot_state_publisher]: got segment front_wheel_right
[INFO] [1683363760.640056948] [nanosaur.robot_state_publisher]: got segment motor_board
[INFO] [1683363760.640059458] [nanosaur.robot_state_publisher]: got segment motor_left
[INFO] [1683363760.640062070] [nanosaur.robot_state_publisher]: got segment motor_right
[INFO] [1683363760.640064603] [nanosaur.robot_state_publisher]: got segment pb_holder
[INFO] [1683363760.640067045] [nanosaur.robot_state_publisher]: got segment power_bank
[INFO] [1683363760.640069609] [nanosaur.robot_state_publisher]: got segment slider_left
[INFO] [1683363760.640072046] [nanosaur.robot_state_publisher]: got segment slider_right
[INFO] [1683363760.640074596] [nanosaur.robot_state_publisher]: got segment sprocket_left
[INFO] [1683363760.640077163] [nanosaur.robot_state_publisher]: got segment sprocket_right
[INFO] [1683363760.640079642] [nanosaur.robot_state_publisher]: got segment track_left
[INFO] [1683363760.640082225] [nanosaur.robot_state_publisher]: got segment track_right
[INFO] [1683363760.640084675] [nanosaur.robot_state_publisher]: got segment wheel_left
[INFO] [1683363760.640087172] [nanosaur.robot_state_publisher]: got segment wheel_right
[INFO] [1683363770.291761351] [rclcpp]: signal_handler(signum=2)
