[INFO] [1684224148.722710670] [nanosaur.robot_state_publisher]: got segment NVIDIA_jetson
[INFO] [1684224148.722835006] [nanosaur.robot_state_publisher]: got segment base_front
[INFO] [1684224148.722844614] [nanosaur.robot_state_publisher]: got segment base_link
[INFO] [1684224148.722850485] [nanosaur.robot_state_publisher]: got segment base_rear
[INFO] [1684224148.722855916] [nanosaur.robot_state_publisher]: got segment board_expansion
[INFO] [1684224148.722860945] [nanosaur.robot_state_publisher]: got segment camera_board
[INFO] [1684224148.722865754] [nanosaur.robot_state_publisher]: got segment camera_camera_link
[INFO] [1684224148.722870073] [nanosaur.robot_state_publisher]: got segment camera_camera_link_frame
[INFO] [1684224148.722873980] [nanosaur.robot_state_publisher]: got segment camera_optical_frame
[INFO] [1684224148.722877707] [nanosaur.robot_state_publisher]: got segment cover
[INFO] [1684224148.722881484] [nanosaur.robot_state_publisher]: got segment display_left
[INFO] [1684224148.722885191] [nanosaur.robot_state_publisher]: got segment display_right
[INFO] [1684224148.722888868] [nanosaur.robot_state_publisher]: got segment flap_bottom
[INFO] [1684224148.722892596] [nanosaur.robot_state_publisher]: got segment flap_top
[INFO] [1684224148.722896202] [nanosaur.robot_state_publisher]: got segment front_wheel_left
[INFO] [1684224148.722899899] [nanosaur.robot_state_publisher]: got segment front_wheel_right
[INFO] [1684224148.722903606] [nanosaur.robot_state_publisher]: got segment motor_board
[INFO] [1684224148.722907534] [nanosaur.robot_state_publisher]: got segment motor_left
[INFO] [1684224148.722911391] [nanosaur.robot_state_publisher]: got segment motor_right
[INFO] [1684224148.722915068] [nanosaur.robot_state_publisher]: got segment pb_holder
[INFO] [1684224148.722918685] [nanosaur.robot_state_publisher]: got segment power_bank
[INFO] [1684224148.722922683] [nanosaur.robot_state_publisher]: got segment slider_left
[INFO] [1684224148.722926350] [nanosaur.robot_state_publisher]: got segment slider_right
[INFO] [1684224148.722929977] [nanosaur.robot_state_publisher]: got segment sprocket_left
[INFO] [1684224148.722933764] [nanosaur.robot_state_publisher]: got segment sprocket_right
[INFO] [1684224148.722937441] [nanosaur.robot_state_publisher]: got segment track_left
[INFO] [1684224148.722941108] [nanosaur.robot_state_publisher]: got segment track_right
[INFO] [1684224148.722944725] [nanosaur.robot_state_publisher]: got segment wheel_left
[INFO] [1684224148.722948322] [nanosaur.robot_state_publisher]: got segment wheel_right
[INFO] [1684224164.360996136] [rclcpp]: signal_handler(signum=2)
