[INFO] [1684574963.121554937] [nanosaur.robot_state_publisher]: got segment NVIDIA_jetson
[INFO] [1684574963.121725714] [nanosaur.robot_state_publisher]: got segment base_front
[INFO] [1684574963.121739240] [nanosaur.robot_state_publisher]: got segment base_link
[INFO] [1684574963.121755441] [nanosaur.robot_state_publisher]: got segment base_rear
[INFO] [1684574963.121761393] [nanosaur.robot_state_publisher]: got segment board_expansion
[INFO] [1684574963.121766563] [nanosaur.robot_state_publisher]: got segment camera_board
[INFO] [1684574963.121771512] [nanosaur.robot_state_publisher]: got segment camera_camera_link
[INFO] [1684574963.121777033] [nanosaur.robot_state_publisher]: got segment camera_camera_link_frame
[INFO] [1684574963.121782463] [nanosaur.robot_state_publisher]: got segment camera_optical_frame
[INFO] [1684574963.121787693] [nanosaur.robot_state_publisher]: got segment cover
[INFO] [1684574963.121793194] [nanosaur.robot_state_publisher]: got segment display_left
[INFO] [1684574963.121798544] [nanosaur.robot_state_publisher]: got segment display_right
[INFO] [1684574963.121803754] [nanosaur.robot_state_publisher]: got segment flap_bottom
[INFO] [1684574963.121808984] [nanosaur.robot_state_publisher]: got segment flap_top
[INFO] [1684574963.121813984] [nanosaur.robot_state_publisher]: got segment front_wheel_left
[INFO] [1684574963.121819284] [nanosaur.robot_state_publisher]: got segment front_wheel_right
[INFO] [1684574963.121824273] [nanosaur.robot_state_publisher]: got segment motor_board
[INFO] [1684574963.121829473] [nanosaur.robot_state_publisher]: got segment motor_left
[INFO] [1684574963.121834583] [nanosaur.robot_state_publisher]: got segment motor_right
[INFO] [1684574963.121839673] [nanosaur.robot_state_publisher]: got segment pb_holder
[INFO] [1684574963.121844933] [nanosaur.robot_state_publisher]: got segment power_bank
[INFO] [1684574963.121850193] [nanosaur.robot_state_publisher]: got segment slider_left
[INFO] [1684574963.121855573] [nanosaur.robot_state_publisher]: got segment slider_right
[INFO] [1684574963.121860904] [nanosaur.robot_state_publisher]: got segment sprocket_left
[INFO] [1684574963.121866384] [nanosaur.robot_state_publisher]: got segment sprocket_right
[INFO] [1684574963.121871634] [nanosaur.robot_state_publisher]: got segment track_left
[INFO] [1684574963.121876734] [nanosaur.robot_state_publisher]: got segment track_right
[INFO] [1684574963.121881924] [nanosaur.robot_state_publisher]: got segment wheel_left
[INFO] [1684574963.121887104] [nanosaur.robot_state_publisher]: got segment wheel_right
[INFO] [1684574979.503966412] [rclcpp]: signal_handler(signum=2)
