[INFO] [1684598140.427217336] [nanosaur.robot_state_publisher]: got segment NVIDIA_jetson
[INFO] [1684598140.427435035] [nanosaur.robot_state_publisher]: got segment base_front
[INFO] [1684598140.427447956] [nanosaur.robot_state_publisher]: got segment base_link
[INFO] [1684598140.427457106] [nanosaur.robot_state_publisher]: got segment base_rear
[INFO] [1684598140.427466465] [nanosaur.robot_state_publisher]: got segment board_expansion
[INFO] [1684598140.427475474] [nanosaur.robot_state_publisher]: got segment camera_board
[INFO] [1684598140.427484554] [nanosaur.robot_state_publisher]: got segment camera_camera_link
[INFO] [1684598140.427492586] [nanosaur.robot_state_publisher]: got segment camera_camera_link_frame
[INFO] [1684598140.427501945] [nanosaur.robot_state_publisher]: got segment camera_optical_frame
[INFO] [1684598140.427510954] [nanosaur.robot_state_publisher]: got segment cover
[INFO] [1684598140.427519685] [nanosaur.robot_state_publisher]: got segment display_left
[INFO] [1684598140.427528275] [nanosaur.robot_state_publisher]: got segment display_right
[INFO] [1684598140.427537215] [nanosaur.robot_state_publisher]: got segment flap_bottom
[INFO] [1684598140.427545806] [nanosaur.robot_state_publisher]: got segment flap_top
[INFO] [1684598140.427553977] [nanosaur.robot_state_publisher]: got segment front_wheel_left
[INFO] [1684598140.427562568] [nanosaur.robot_state_publisher]: got segment front_wheel_right
[INFO] [1684598140.427571019] [nanosaur.robot_state_publisher]: got segment motor_board
[INFO] [1684598140.427580168] [nanosaur.robot_state_publisher]: got segment motor_left
[INFO] [1684598140.427589248] [nanosaur.robot_state_publisher]: got segment motor_right
[INFO] [1684598140.427597349] [nanosaur.robot_state_publisher]: got segment pb_holder
[INFO] [1684598140.427605870] [nanosaur.robot_state_publisher]: got segment power_bank
[INFO] [1684598140.427615089] [nanosaur.robot_state_publisher]: got segment slider_left
[INFO] [1684598140.427625007] [nanosaur.robot_state_publisher]: got segment slider_right
[INFO] [1684598140.427634017] [nanosaur.robot_state_publisher]: got segment sprocket_left
[INFO] [1684598140.427642677] [nanosaur.robot_state_publisher]: got segment sprocket_right
[INFO] [1684598140.427651757] [nanosaur.robot_state_publisher]: got segment track_left
[INFO] [1684598140.427660697] [nanosaur.robot_state_publisher]: got segment track_right
[INFO] [1684598140.427669776] [nanosaur.robot_state_publisher]: got segment wheel_left
[INFO] [1684598140.427678017] [nanosaur.robot_state_publisher]: got segment wheel_right
[INFO] [1684598145.230652108] [rclcpp]: signal_handler(signum=2)
