[INFO] [1684221834.403235754] [nanosaur.robot_state_publisher]: got segment NVIDIA_jetson
[INFO] [1684221834.403342978] [nanosaur.robot_state_publisher]: got segment base_front
[INFO] [1684221834.403349079] [nanosaur.robot_state_publisher]: got segment base_link
[INFO] [1684221834.403353047] [nanosaur.robot_state_publisher]: got segment base_rear
[INFO] [1684221834.403356964] [nanosaur.robot_state_publisher]: got segment board_expansion
[INFO] [1684221834.403360892] [nanosaur.robot_state_publisher]: got segment camera_board
[INFO] [1684221834.403364769] [nanosaur.robot_state_publisher]: got segment camera_camera_link
[INFO] [1684221834.403368566] [nanosaur.robot_state_publisher]: got segment camera_camera_link_frame
[INFO] [1684221834.403372664] [nanosaur.robot_state_publisher]: got segment camera_optical_frame
[INFO] [1684221834.403376591] [nanosaur.robot_state_publisher]: got segment cover
[INFO] [1684221834.403380449] [nanosaur.robot_state_publisher]: got segment display_left
[INFO] [1684221834.403385228] [nanosaur.robot_state_publisher]: got segment display_right
[INFO] [1684221834.403390698] [nanosaur.robot_state_publisher]: got segment flap_bottom
[INFO] [1684221834.403395708] [nanosaur.robot_state_publisher]: got segment flap_top
[INFO] [1684221834.403400797] [nanosaur.robot_state_publisher]: got segment front_wheel_left
[INFO] [1684221834.403405917] [nanosaur.robot_state_publisher]: got segment front_wheel_right
[INFO] [1684221834.403411508] [nanosaur.robot_state_publisher]: got segment motor_board
[INFO] [1684221834.403416537] [nanosaur.robot_state_publisher]: got segment motor_left
[INFO] [1684221834.403420605] [nanosaur.robot_state_publisher]: got segment motor_right
[INFO] [1684221834.403424352] [nanosaur.robot_state_publisher]: got segment pb_holder
[INFO] [1684221834.403428049] [nanosaur.robot_state_publisher]: got segment power_bank
[INFO] [1684221834.403431776] [nanosaur.robot_state_publisher]: got segment slider_left
[INFO] [1684221834.403435443] [nanosaur.robot_state_publisher]: got segment slider_right
[INFO] [1684221834.403439130] [nanosaur.robot_state_publisher]: got segment sprocket_left
[INFO] [1684221834.403442907] [nanosaur.robot_state_publisher]: got segment sprocket_right
[INFO] [1684221834.403446915] [nanosaur.robot_state_publisher]: got segment track_left
[INFO] [1684221834.403450722] [nanosaur.robot_state_publisher]: got segment track_right
[INFO] [1684221834.403454629] [nanosaur.robot_state_publisher]: got segment wheel_left
[INFO] [1684221834.403458467] [nanosaur.robot_state_publisher]: got segment wheel_right
[INFO] [1684221910.660008079] [rclcpp]: signal_handler(signum=2)
