[INFO] [1683363296.801562045] [nanosaur.robot_state_publisher]: got segment NVIDIA_jetson
[INFO] [1683363296.801703825] [nanosaur.robot_state_publisher]: got segment base_front
[INFO] [1683363296.801719864] [nanosaur.robot_state_publisher]: got segment base_link
[INFO] [1683363296.801731516] [nanosaur.robot_state_publisher]: got segment base_rear
[INFO] [1683363296.801741792] [nanosaur.robot_state_publisher]: got segment board_expansion
[INFO] [1683363296.801752399] [nanosaur.robot_state_publisher]: got segment camera_board
[INFO] [1683363296.801762423] [nanosaur.robot_state_publisher]: got segment camera_camera_link
[INFO] [1683363296.801772979] [nanosaur.robot_state_publisher]: got segment camera_camera_link_frame
[INFO] [1683363296.801789537] [nanosaur.robot_state_publisher]: got segment camera_optical_frame
[INFO] [1683363296.801801146] [nanosaur.robot_state_publisher]: got segment cover
[INFO] [1683363296.801812190] [nanosaur.robot_state_publisher]: got segment display_left
[INFO] [1683363296.801822907] [nanosaur.robot_state_publisher]: got segment display_right
[INFO] [1683363296.801833755] [nanosaur.robot_state_publisher]: got segment flap_bottom
[INFO] [1683363296.801845236] [nanosaur.robot_state_publisher]: got segment flap_top
[INFO] [1683363296.801855336] [nanosaur.robot_state_publisher]: got segment front_wheel_left
[INFO] [1683363296.801865650] [nanosaur.robot_state_publisher]: got segment front_wheel_right
[INFO] [1683363296.801875647] [nanosaur.robot_state_publisher]: got segment motor_board
[INFO] [1683363296.801886355] [nanosaur.robot_state_publisher]: got segment motor_left
[INFO] [1683363296.801896651] [nanosaur.robot_state_publisher]: got segment motor_right
[INFO] [1683363296.801906408] [nanosaur.robot_state_publisher]: got segment pb_holder
[INFO] [1683363296.801916353] [nanosaur.robot_state_publisher]: got segment power_bank
[INFO] [1683363296.801926899] [nanosaur.robot_state_publisher]: got segment slider_left
[INFO] [1683363296.801937529] [nanosaur.robot_state_publisher]: got segment slider_right
[INFO] [1683363296.801948040] [nanosaur.robot_state_publisher]: got segment sprocket_left
[INFO] [1683363296.801958864] [nanosaur.robot_state_publisher]: got segment sprocket_right
[INFO] [1683363296.801971031] [nanosaur.robot_state_publisher]: got segment track_left
[INFO] [1683363296.801981516] [nanosaur.robot_state_publisher]: got segment track_right
[INFO] [1683363296.801991330] [nanosaur.robot_state_publisher]: got segment wheel_left
[INFO] [1683363296.802001788] [nanosaur.robot_state_publisher]: got segment wheel_right
[INFO] [1683363334.617120429] [rclcpp]: signal_handler(signum=2)
