[INFO] [1684577409.395525399] [nanosaur.robot_state_publisher]: got segment NVIDIA_jetson
[INFO] [1684577409.395661605] [nanosaur.robot_state_publisher]: got segment base_front
[INFO] [1684577409.395667957] [nanosaur.robot_state_publisher]: got segment base_link
[INFO] [1684577409.395672185] [nanosaur.robot_state_publisher]: got segment base_rear
[INFO] [1684577409.395676143] [nanosaur.robot_state_publisher]: got segment board_expansion
[INFO] [1684577409.395680120] [nanosaur.robot_state_publisher]: got segment camera_board
[INFO] [1684577409.395683847] [nanosaur.robot_state_publisher]: got segment camera_camera_link
[INFO] [1684577409.395687685] [nanosaur.robot_state_publisher]: got segment camera_camera_link_frame
[INFO] [1684577409.395691562] [nanosaur.robot_state_publisher]: got segment camera_optical_frame
[INFO] [1684577409.395695399] [nanosaur.robot_state_publisher]: got segment cover
[INFO] [1684577409.395699727] [nanosaur.robot_state_publisher]: got segment display_left
[INFO] [1684577409.395704937] [nanosaur.robot_state_publisher]: got segment display_right
[INFO] [1684577409.395709937] [nanosaur.robot_state_publisher]: got segment flap_bottom
[INFO] [1684577409.395714836] [nanosaur.robot_state_publisher]: got segment flap_top
[INFO] [1684577409.395719845] [nanosaur.robot_state_publisher]: got segment front_wheel_left
[INFO] [1684577409.395724745] [nanosaur.robot_state_publisher]: got segment front_wheel_right
[INFO] [1684577409.395730215] [nanosaur.robot_state_publisher]: got segment motor_board
[INFO] [1684577409.395735445] [nanosaur.robot_state_publisher]: got segment motor_left
[INFO] [1684577409.395740454] [nanosaur.robot_state_publisher]: got segment motor_right
[INFO] [1684577409.395745404] [nanosaur.robot_state_publisher]: got segment pb_holder
[INFO] [1684577409.395750824] [nanosaur.robot_state_publisher]: got segment power_bank
[INFO] [1684577409.395755973] [nanosaur.robot_state_publisher]: got segment slider_left
[INFO] [1684577409.395760732] [nanosaur.robot_state_publisher]: got segment slider_right
[INFO] [1684577409.395764750] [nanosaur.robot_state_publisher]: got segment sprocket_left
[INFO] [1684577409.395768677] [nanosaur.robot_state_publisher]: got segment sprocket_right
[INFO] [1684577409.395772555] [nanosaur.robot_state_publisher]: got segment track_left
[INFO] [1684577409.395776242] [nanosaur.robot_state_publisher]: got segment track_right
[INFO] [1684577409.395780079] [nanosaur.robot_state_publisher]: got segment wheel_left
[INFO] [1684577409.395784046] [nanosaur.robot_state_publisher]: got segment wheel_right
[INFO] [1684577425.628926557] [rclcpp]: signal_handler(signum=2)
