[INFO] [1684222397.635264049] [nanosaur.robot_state_publisher]: got segment NVIDIA_jetson
[INFO] [1684222397.635366423] [nanosaur.robot_state_publisher]: got segment base_front
[INFO] [1684222397.635373136] [nanosaur.robot_state_publisher]: got segment base_link
[INFO] [1684222397.635377655] [nanosaur.robot_state_publisher]: got segment base_rear
[INFO] [1684222397.635382223] [nanosaur.robot_state_publisher]: got segment board_expansion
[INFO] [1684222397.635386131] [nanosaur.robot_state_publisher]: got segment camera_board
[INFO] [1684222397.635389898] [nanosaur.robot_state_publisher]: got segment camera_camera_link
[INFO] [1684222397.635393705] [nanosaur.robot_state_publisher]: got segment camera_camera_link_frame
[INFO] [1684222397.635397713] [nanosaur.robot_state_publisher]: got segment camera_optical_frame
[INFO] [1684222397.635401580] [nanosaur.robot_state_publisher]: got segment cover
[INFO] [1684222397.635405397] [nanosaur.robot_state_publisher]: got segment display_left
[INFO] [1684222397.635409125] [nanosaur.robot_state_publisher]: got segment display_right
[INFO] [1684222397.635412882] [nanosaur.robot_state_publisher]: got segment flap_bottom
[INFO] [1684222397.635416719] [nanosaur.robot_state_publisher]: got segment flap_top
[INFO] [1684222397.635420396] [nanosaur.robot_state_publisher]: got segment front_wheel_left
[INFO] [1684222397.635424063] [nanosaur.robot_state_publisher]: got segment front_wheel_right
[INFO] [1684222397.635428431] [nanosaur.robot_state_publisher]: got segment motor_board
[INFO] [1684222397.635433741] [nanosaur.robot_state_publisher]: got segment motor_left
[INFO] [1684222397.635437579] [nanosaur.robot_state_publisher]: got segment motor_right
[INFO] [1684222397.635441436] [nanosaur.robot_state_publisher]: got segment pb_holder
[INFO] [1684222397.635445484] [nanosaur.robot_state_publisher]: got segment power_bank
[INFO] [1684222397.635449581] [nanosaur.robot_state_publisher]: got segment slider_left
[INFO] [1684222397.635453348] [nanosaur.robot_state_publisher]: got segment slider_right
[INFO] [1684222397.635457296] [nanosaur.robot_state_publisher]: got segment sprocket_left
[INFO] [1684222397.635461093] [nanosaur.robot_state_publisher]: got segment sprocket_right
[INFO] [1684222397.635464981] [nanosaur.robot_state_publisher]: got segment track_left
[INFO] [1684222397.635468748] [nanosaur.robot_state_publisher]: got segment track_right
[INFO] [1684222397.635472876] [nanosaur.robot_state_publisher]: got segment wheel_left
[INFO] [1684222397.635476663] [nanosaur.robot_state_publisher]: got segment wheel_right
[INFO] [1684222417.243868549] [rclcpp]: signal_handler(signum=2)
