[INFO] [1684594523.919948798] [nanosaur.robot_state_publisher]: got segment NVIDIA_jetson
[INFO] [1684594523.920109359] [nanosaur.robot_state_publisher]: got segment base_front
[INFO] [1684594523.920125841] [nanosaur.robot_state_publisher]: got segment base_link
[INFO] [1684594523.920138063] [nanosaur.robot_state_publisher]: got segment base_rear
[INFO] [1684594523.920150355] [nanosaur.robot_state_publisher]: got segment board_expansion
[INFO] [1684594523.920161878] [nanosaur.robot_state_publisher]: got segment camera_board
[INFO] [1684594523.920172354] [nanosaur.robot_state_publisher]: got segment camera_camera_link
[INFO] [1684594523.920183249] [nanosaur.robot_state_publisher]: got segment camera_camera_link_frame
[INFO] [1684594523.920195261] [nanosaur.robot_state_publisher]: got segment camera_optical_frame
[INFO] [1684594523.920207064] [nanosaur.robot_state_publisher]: got segment cover
[INFO] [1684594523.920219496] [nanosaur.robot_state_publisher]: got segment display_left
[INFO] [1684594523.920231019] [nanosaur.robot_state_publisher]: got segment display_right
[INFO] [1684594523.920241425] [nanosaur.robot_state_publisher]: got segment flap_bottom
[INFO] [1684594523.920253438] [nanosaur.robot_state_publisher]: got segment flap_top
[INFO] [1684594523.920264821] [nanosaur.robot_state_publisher]: got segment front_wheel_left
[INFO] [1684594523.920276694] [nanosaur.robot_state_publisher]: got segment front_wheel_right
[INFO] [1684594523.920288287] [nanosaur.robot_state_publisher]: got segment motor_board
[INFO] [1684594523.920300020] [nanosaur.robot_state_publisher]: got segment motor_left
[INFO] [1684594523.920310566] [nanosaur.robot_state_publisher]: got segment motor_right
[INFO] [1684594523.920322579] [nanosaur.robot_state_publisher]: got segment pb_holder
[INFO] [1684594523.920333962] [nanosaur.robot_state_publisher]: got segment power_bank
[INFO] [1684594523.920345905] [nanosaur.robot_state_publisher]: got segment slider_left
[INFO] [1684594523.920357359] [nanosaur.robot_state_publisher]: got segment slider_right
[INFO] [1684594523.920368184] [nanosaur.robot_state_publisher]: got segment sprocket_left
[INFO] [1684594523.920378869] [nanosaur.robot_state_publisher]: got segment sprocket_right
[INFO] [1684594523.920389764] [nanosaur.robot_state_publisher]: got segment track_left
[INFO] [1684594523.920400100] [nanosaur.robot_state_publisher]: got segment track_right
[INFO] [1684594523.920412043] [nanosaur.robot_state_publisher]: got segment wheel_left
[INFO] [1684594523.920422938] [nanosaur.robot_state_publisher]: got segment wheel_right
[INFO] [1684594558.990126631] [rclcpp]: signal_handler(signum=2)
