[INFO] [1684223874.563736897] [nanosaur.robot_state_publisher]: got segment NVIDIA_jetson
[INFO] [1684223874.563841165] [nanosaur.robot_state_publisher]: got segment base_front
[INFO] [1684223874.563847517] [nanosaur.robot_state_publisher]: got segment base_link
[INFO] [1684223874.563851926] [nanosaur.robot_state_publisher]: got segment base_rear
[INFO] [1684223874.563855883] [nanosaur.robot_state_publisher]: got segment board_expansion
[INFO] [1684223874.563859851] [nanosaur.robot_state_publisher]: got segment camera_board
[INFO] [1684223874.563863668] [nanosaur.robot_state_publisher]: got segment camera_camera_link
[INFO] [1684223874.563867445] [nanosaur.robot_state_publisher]: got segment camera_camera_link_frame
[INFO] [1684223874.563871322] [nanosaur.robot_state_publisher]: got segment camera_optical_frame
[INFO] [1684223874.563875120] [nanosaur.robot_state_publisher]: got segment cover
[INFO] [1684223874.563879017] [nanosaur.robot_state_publisher]: got segment display_left
[INFO] [1684223874.563882824] [nanosaur.robot_state_publisher]: got segment display_right
[INFO] [1684223874.563886561] [nanosaur.robot_state_publisher]: got segment flap_bottom
[INFO] [1684223874.563890329] [nanosaur.robot_state_publisher]: got segment flap_top
[INFO] [1684223874.563893976] [nanosaur.robot_state_publisher]: got segment front_wheel_left
[INFO] [1684223874.563897723] [nanosaur.robot_state_publisher]: got segment front_wheel_right
[INFO] [1684223874.563901440] [nanosaur.robot_state_publisher]: got segment motor_board
[INFO] [1684223874.563905187] [nanosaur.robot_state_publisher]: got segment motor_left
[INFO] [1684223874.563908914] [nanosaur.robot_state_publisher]: got segment motor_right
[INFO] [1684223874.563912641] [nanosaur.robot_state_publisher]: got segment pb_holder
[INFO] [1684223874.563916348] [nanosaur.robot_state_publisher]: got segment power_bank
[INFO] [1684223874.563920075] [nanosaur.robot_state_publisher]: got segment slider_left
[INFO] [1684223874.563923812] [nanosaur.robot_state_publisher]: got segment slider_right
[INFO] [1684223874.563927549] [nanosaur.robot_state_publisher]: got segment sprocket_left
[INFO] [1684223874.563931367] [nanosaur.robot_state_publisher]: got segment sprocket_right
[INFO] [1684223874.563935214] [nanosaur.robot_state_publisher]: got segment track_left
[INFO] [1684223874.563938921] [nanosaur.robot_state_publisher]: got segment track_right
[INFO] [1684223874.563942548] [nanosaur.robot_state_publisher]: got segment wheel_left
[INFO] [1684223874.563946225] [nanosaur.robot_state_publisher]: got segment wheel_right
[INFO] [1684223883.078408510] [rclcpp]: signal_handler(signum=2)
