[INFO] [1684574082.838514318] [nanosaur.robot_state_publisher]: got segment NVIDIA_jetson
[INFO] [1684574082.838675227] [nanosaur.robot_state_publisher]: got segment base_front
[INFO] [1684574082.838686958] [nanosaur.robot_state_publisher]: got segment base_link
[INFO] [1684574082.838693050] [nanosaur.robot_state_publisher]: got segment base_rear
[INFO] [1684574082.838697308] [nanosaur.robot_state_publisher]: got segment board_expansion
[INFO] [1684574082.838701075] [nanosaur.robot_state_publisher]: got segment camera_board
[INFO] [1684574082.838704831] [nanosaur.robot_state_publisher]: got segment camera_camera_link
[INFO] [1684574082.838708669] [nanosaur.robot_state_publisher]: got segment camera_camera_link_frame
[INFO] [1684574082.838712526] [nanosaur.robot_state_publisher]: got segment camera_optical_frame
[INFO] [1684574082.838716273] [nanosaur.robot_state_publisher]: got segment cover
[INFO] [1684574082.838720120] [nanosaur.robot_state_publisher]: got segment display_left
[INFO] [1684574082.838723887] [nanosaur.robot_state_publisher]: got segment display_right
[INFO] [1684574082.838727524] [nanosaur.robot_state_publisher]: got segment flap_bottom
[INFO] [1684574082.838731311] [nanosaur.robot_state_publisher]: got segment flap_top
[INFO] [1684574082.838734867] [nanosaur.robot_state_publisher]: got segment front_wheel_left
[INFO] [1684574082.838738594] [nanosaur.robot_state_publisher]: got segment front_wheel_right
[INFO] [1684574082.838742221] [nanosaur.robot_state_publisher]: got segment motor_board
[INFO] [1684574082.838746599] [nanosaur.robot_state_publisher]: got segment motor_left
[INFO] [1684574082.838750266] [nanosaur.robot_state_publisher]: got segment motor_right
[INFO] [1684574082.838753882] [nanosaur.robot_state_publisher]: got segment pb_holder
[INFO] [1684574082.838757689] [nanosaur.robot_state_publisher]: got segment power_bank
[INFO] [1684574082.838761396] [nanosaur.robot_state_publisher]: got segment slider_left
[INFO] [1684574082.838765103] [nanosaur.robot_state_publisher]: got segment slider_right
[INFO] [1684574082.838768710] [nanosaur.robot_state_publisher]: got segment sprocket_left
[INFO] [1684574082.838772457] [nanosaur.robot_state_publisher]: got segment sprocket_right
[INFO] [1684574082.838776074] [nanosaur.robot_state_publisher]: got segment track_left
[INFO] [1684574082.838779570] [nanosaur.robot_state_publisher]: got segment track_right
[INFO] [1684574082.838783177] [nanosaur.robot_state_publisher]: got segment wheel_left
[INFO] [1684574082.838786723] [nanosaur.robot_state_publisher]: got segment wheel_right
[INFO] [1684574089.231685521] [rclcpp]: signal_handler(signum=2)
