[INFO] [1684595323.337614673] [nanosaur.robot_state_publisher]: got segment NVIDIA_jetson
[INFO] [1684595323.337743954] [nanosaur.robot_state_publisher]: got segment base_front
[INFO] [1684595323.337756595] [nanosaur.robot_state_publisher]: got segment base_link
[INFO] [1684595323.337766723] [nanosaur.robot_state_publisher]: got segment base_rear
[INFO] [1684595323.337776850] [nanosaur.robot_state_publisher]: got segment board_expansion
[INFO] [1684595323.337786628] [nanosaur.robot_state_publisher]: got segment camera_board
[INFO] [1684595323.337796127] [nanosaur.robot_state_publisher]: got segment camera_camera_link
[INFO] [1684595323.337805696] [nanosaur.robot_state_publisher]: got segment camera_camera_link_frame
[INFO] [1684595323.337815334] [nanosaur.robot_state_publisher]: got segment camera_optical_frame
[INFO] [1684595323.337824763] [nanosaur.robot_state_publisher]: got segment cover
[INFO] [1684595323.337834821] [nanosaur.robot_state_publisher]: got segment display_left
[INFO] [1684595323.337844389] [nanosaur.robot_state_publisher]: got segment display_right
[INFO] [1684595323.337854307] [nanosaur.robot_state_publisher]: got segment flap_bottom
[INFO] [1684595323.337864854] [nanosaur.robot_state_publisher]: got segment flap_top
[INFO] [1684595323.337874422] [nanosaur.robot_state_publisher]: got segment front_wheel_left
[INFO] [1684595323.337883921] [nanosaur.robot_state_publisher]: got segment front_wheel_right
[INFO] [1684595323.337893909] [nanosaur.robot_state_publisher]: got segment motor_board
[INFO] [1684595323.337903547] [nanosaur.robot_state_publisher]: got segment motor_left
[INFO] [1684595323.337912976] [nanosaur.robot_state_publisher]: got segment motor_right
[INFO] [1684595323.337922475] [nanosaur.robot_state_publisher]: got segment pb_holder
[INFO] [1684595323.337932183] [nanosaur.robot_state_publisher]: got segment power_bank
[INFO] [1684595323.337941612] [nanosaur.robot_state_publisher]: got segment slider_left
[INFO] [1684595323.337951111] [nanosaur.robot_state_publisher]: got segment slider_right
[INFO] [1684595323.337960749] [nanosaur.robot_state_publisher]: got segment sprocket_left
[INFO] [1684595323.337970737] [nanosaur.robot_state_publisher]: got segment sprocket_right
[INFO] [1684595323.337979258] [nanosaur.robot_state_publisher]: got segment track_left
[INFO] [1684595323.337988826] [nanosaur.robot_state_publisher]: got segment track_right
[INFO] [1684595323.337997976] [nanosaur.robot_state_publisher]: got segment wheel_left
[INFO] [1684595323.338007824] [nanosaur.robot_state_publisher]: got segment wheel_right
[INFO] [1684595382.613788174] [rclcpp]: signal_handler(signum=2)
