[INFO] [1684594294.259370243] [nanosaur.robot_state_publisher]: got segment NVIDIA_jetson
[INFO] [1684594294.259476958] [nanosaur.robot_state_publisher]: got segment base_front
[INFO] [1684594294.259488900] [nanosaur.robot_state_publisher]: got segment base_link
[INFO] [1684594294.259498678] [nanosaur.robot_state_publisher]: got segment base_rear
[INFO] [1684594294.259508595] [nanosaur.robot_state_publisher]: got segment board_expansion
[INFO] [1684594294.259518302] [nanosaur.robot_state_publisher]: got segment camera_board
[INFO] [1684594294.259527801] [nanosaur.robot_state_publisher]: got segment camera_camera_link
[INFO] [1684594294.259537229] [nanosaur.robot_state_publisher]: got segment camera_camera_link_frame
[INFO] [1684594294.259547286] [nanosaur.robot_state_publisher]: got segment camera_optical_frame
[INFO] [1684594294.259556435] [nanosaur.robot_state_publisher]: got segment cover
[INFO] [1684594294.259565863] [nanosaur.robot_state_publisher]: got segment display_left
[INFO] [1684594294.259575431] [nanosaur.robot_state_publisher]: got segment display_right
[INFO] [1684594294.259584580] [nanosaur.robot_state_publisher]: got segment flap_bottom
[INFO] [1684594294.259594567] [nanosaur.robot_state_publisher]: got segment flap_top
[INFO] [1684594294.259603995] [nanosaur.robot_state_publisher]: got segment front_wheel_left
[INFO] [1684594294.259613703] [nanosaur.robot_state_publisher]: got segment front_wheel_right
[INFO] [1684594294.259623131] [nanosaur.robot_state_publisher]: got segment motor_board
[INFO] [1684594294.259632629] [nanosaur.robot_state_publisher]: got segment motor_left
[INFO] [1684594294.259642267] [nanosaur.robot_state_publisher]: got segment motor_right
[INFO] [1684594294.259651765] [nanosaur.robot_state_publisher]: got segment pb_holder
[INFO] [1684594294.259661263] [nanosaur.robot_state_publisher]: got segment power_bank
[INFO] [1684594294.259670761] [nanosaur.robot_state_publisher]: got segment slider_left
[INFO] [1684594294.259679980] [nanosaur.robot_state_publisher]: got segment slider_right
[INFO] [1684594294.259689339] [nanosaur.robot_state_publisher]: got segment sprocket_left
[INFO] [1684594294.259698907] [nanosaur.robot_state_publisher]: got segment sprocket_right
[INFO] [1684594294.259708614] [nanosaur.robot_state_publisher]: got segment track_left
[INFO] [1684594294.259718043] [nanosaur.robot_state_publisher]: got segment track_right
[INFO] [1684594294.259727471] [nanosaur.robot_state_publisher]: got segment wheel_left
[INFO] [1684594294.259736899] [nanosaur.robot_state_publisher]: got segment wheel_right
[INFO] [1684594325.997143199] [rclcpp]: signal_handler(signum=2)
