[INFO] [1683355434.956325499] [nanosaur.robot_state_publisher]: got segment NVIDIA_jetson
[INFO] [1683355434.956479670] [nanosaur.robot_state_publisher]: got segment base_front
[INFO] [1683355434.956498938] [nanosaur.robot_state_publisher]: got segment base_link
[INFO] [1683355434.956511564] [nanosaur.robot_state_publisher]: got segment base_rear
[INFO] [1683355434.956520639] [nanosaur.robot_state_publisher]: got segment board_expansion
[INFO] [1683355434.956529781] [nanosaur.robot_state_publisher]: got segment camera_board
[INFO] [1683355434.956539245] [nanosaur.robot_state_publisher]: got segment camera_camera_link
[INFO] [1683355434.956548520] [nanosaur.robot_state_publisher]: got segment camera_camera_link_frame
[INFO] [1683355434.956558707] [nanosaur.robot_state_publisher]: got segment camera_optical_frame
[INFO] [1683355434.956568780] [nanosaur.robot_state_publisher]: got segment cover
[INFO] [1683355434.956578450] [nanosaur.robot_state_publisher]: got segment display_left
[INFO] [1683355434.956587892] [nanosaur.robot_state_publisher]: got segment display_right
[INFO] [1683355434.956597514] [nanosaur.robot_state_publisher]: got segment flap_bottom
[INFO] [1683355434.956606976] [nanosaur.robot_state_publisher]: got segment flap_top
[INFO] [1683355434.956616030] [nanosaur.robot_state_publisher]: got segment front_wheel_left
[INFO] [1683355434.956625575] [nanosaur.robot_state_publisher]: got segment front_wheel_right
[INFO] [1683355434.956635344] [nanosaur.robot_state_publisher]: got segment motor_board
[INFO] [1683355434.956645003] [nanosaur.robot_state_publisher]: got segment motor_left
[INFO] [1683355434.956654869] [nanosaur.robot_state_publisher]: got segment motor_right
[INFO] [1683355434.956664000] [nanosaur.robot_state_publisher]: got segment pb_holder
[INFO] [1683355434.956673234] [nanosaur.robot_state_publisher]: got segment power_bank
[INFO] [1683355434.956682363] [nanosaur.robot_state_publisher]: got segment slider_left
[INFO] [1683355434.956691686] [nanosaur.robot_state_publisher]: got segment slider_right
[INFO] [1683355434.956701374] [nanosaur.robot_state_publisher]: got segment sprocket_left
[INFO] [1683355434.956710855] [nanosaur.robot_state_publisher]: got segment sprocket_right
[INFO] [1683355434.956720084] [nanosaur.robot_state_publisher]: got segment track_left
[INFO] [1683355434.956729675] [nanosaur.robot_state_publisher]: got segment track_right
[INFO] [1683355434.956738899] [nanosaur.robot_state_publisher]: got segment wheel_left
[INFO] [1683355434.956748396] [nanosaur.robot_state_publisher]: got segment wheel_right
[INFO] [1683355545.961124091] [rclcpp]: signal_handler(signum=2)
