[INFO] [1684224293.990697580] [nanosaur.robot_state_publisher]: got segment NVIDIA_jetson
[INFO] [1684224293.990808169] [nanosaur.robot_state_publisher]: got segment base_front
[INFO] [1684224293.990815021] [nanosaur.robot_state_publisher]: got segment base_link
[INFO] [1684224293.990819860] [nanosaur.robot_state_publisher]: got segment base_rear
[INFO] [1684224293.990823907] [nanosaur.robot_state_publisher]: got segment board_expansion
[INFO] [1684224293.990827734] [nanosaur.robot_state_publisher]: got segment camera_accel_frame
[INFO] [1684224293.990831541] [nanosaur.robot_state_publisher]: got segment camera_accel_optical_frame
[INFO] [1684224293.990835518] [nanosaur.robot_state_publisher]: got segment camera_bottom_screw_frame
[INFO] [1684224293.990839556] [nanosaur.robot_state_publisher]: got segment camera_color_frame
[INFO] [1684224293.990843373] [nanosaur.robot_state_publisher]: got segment camera_color_optical_frame
[INFO] [1684224293.990847119] [nanosaur.robot_state_publisher]: got segment camera_depth_frame
[INFO] [1684224293.990850916] [nanosaur.robot_state_publisher]: got segment camera_depth_optical_frame
[INFO] [1684224293.990854653] [nanosaur.robot_state_publisher]: got segment camera_gyro_frame
[INFO] [1684224293.990858450] [nanosaur.robot_state_publisher]: got segment camera_gyro_optical_frame
[INFO] [1684224293.990862237] [nanosaur.robot_state_publisher]: got segment camera_infra1_frame
[INFO] [1684224293.990866144] [nanosaur.robot_state_publisher]: got segment camera_infra1_optical_frame
[INFO] [1684224293.990869930] [nanosaur.robot_state_publisher]: got segment camera_infra2_frame
[INFO] [1684224293.990873707] [nanosaur.robot_state_publisher]: got segment camera_infra2_optical_frame
[INFO] [1684224293.990877464] [nanosaur.robot_state_publisher]: got segment camera_link
[INFO] [1684224293.990881321] [nanosaur.robot_state_publisher]: got segment cover
[INFO] [1684224293.990885148] [nanosaur.robot_state_publisher]: got segment display_left
[INFO] [1684224293.990889105] [nanosaur.robot_state_publisher]: got segment display_right
[INFO] [1684224293.990892932] [nanosaur.robot_state_publisher]: got segment flap_bottom
[INFO] [1684224293.990896719] [nanosaur.robot_state_publisher]: got segment flap_top
[INFO] [1684224293.990900385] [nanosaur.robot_state_publisher]: got segment front_wheel_left
[INFO] [1684224293.990904312] [nanosaur.robot_state_publisher]: got segment front_wheel_right
[INFO] [1684224293.990908109] [nanosaur.robot_state_publisher]: got segment motor_board
[INFO] [1684224293.990911846] [nanosaur.robot_state_publisher]: got segment motor_left
[INFO] [1684224293.990915522] [nanosaur.robot_state_publisher]: got segment motor_right
[INFO] [1684224293.990919189] [nanosaur.robot_state_publisher]: got segment pb_holder
[INFO] [1684224293.990922866] [nanosaur.robot_state_publisher]: got segment power_bank
[INFO] [1684224293.990926552] [nanosaur.robot_state_publisher]: got segment slider_left
[INFO] [1684224293.990930199] [nanosaur.robot_state_publisher]: got segment slider_right
[INFO] [1684224293.990933886] [nanosaur.robot_state_publisher]: got segment sprocket_left
[INFO] [1684224293.990937562] [nanosaur.robot_state_publisher]: got segment sprocket_right
[INFO] [1684224293.990941219] [nanosaur.robot_state_publisher]: got segment track_left
[INFO] [1684224293.990944865] [nanosaur.robot_state_publisher]: got segment track_right
[INFO] [1684224293.990948592] [nanosaur.robot_state_publisher]: got segment wheel_left
[INFO] [1684224293.990952249] [nanosaur.robot_state_publisher]: got segment wheel_right
[INFO] [1684224391.065302556] [rclcpp]: signal_handler(signum=2)
