[INFO] [1683355427.785662179] [nanosaur.robot_state_publisher]: got segment NVIDIA_jetson
[INFO] [1683355427.785747033] [nanosaur.robot_state_publisher]: got segment base_front
[INFO] [1683355427.785752866] [nanosaur.robot_state_publisher]: got segment base_link
[INFO] [1683355427.785756064] [nanosaur.robot_state_publisher]: got segment base_rear
[INFO] [1683355427.785759056] [nanosaur.robot_state_publisher]: got segment board_expansion
[INFO] [1683355427.785761727] [nanosaur.robot_state_publisher]: got segment camera_board
[INFO] [1683355427.785764217] [nanosaur.robot_state_publisher]: got segment camera_camera_link
[INFO] [1683355427.785766712] [nanosaur.robot_state_publisher]: got segment camera_camera_link_frame
[INFO] [1683355427.785769525] [nanosaur.robot_state_publisher]: got segment camera_optical_frame
[INFO] [1683355427.785772097] [nanosaur.robot_state_publisher]: got segment cover
[INFO] [1683355427.785774694] [nanosaur.robot_state_publisher]: got segment display_left
[INFO] [1683355427.785777318] [nanosaur.robot_state_publisher]: got segment display_right
[INFO] [1683355427.785779935] [nanosaur.robot_state_publisher]: got segment flap_bottom
[INFO] [1683355427.785782716] [nanosaur.robot_state_publisher]: got segment flap_top
[INFO] [1683355427.785785215] [nanosaur.robot_state_publisher]: got segment front_wheel_left
[INFO] [1683355427.785787843] [nanosaur.robot_state_publisher]: got segment front_wheel_right
[INFO] [1683355427.785790288] [nanosaur.robot_state_publisher]: got segment motor_board
[INFO] [1683355427.785792893] [nanosaur.robot_state_publisher]: got segment motor_left
[INFO] [1683355427.785795406] [nanosaur.robot_state_publisher]: got segment motor_right
[INFO] [1683355427.785797784] [nanosaur.robot_state_publisher]: got segment pb_holder
[INFO] [1683355427.785800318] [nanosaur.robot_state_publisher]: got segment power_bank
[INFO] [1683355427.785802731] [nanosaur.robot_state_publisher]: got segment slider_left
[INFO] [1683355427.785805108] [nanosaur.robot_state_publisher]: got segment slider_right
[INFO] [1683355427.785807546] [nanosaur.robot_state_publisher]: got segment sprocket_left
[INFO] [1683355427.785810187] [nanosaur.robot_state_publisher]: got segment sprocket_right
[INFO] [1683355427.785812625] [nanosaur.robot_state_publisher]: got segment track_left
[INFO] [1683355427.785815487] [nanosaur.robot_state_publisher]: got segment track_right
[INFO] [1683355427.785817911] [nanosaur.robot_state_publisher]: got segment wheel_left
[INFO] [1683355427.785820392] [nanosaur.robot_state_publisher]: got segment wheel_right
[INFO] [1683355431.350500228] [rclcpp]: signal_handler(signum=2)
