[INFO] [1684598123.181308871] [nanosaur.robot_state_publisher]: got segment NVIDIA_jetson
[INFO] [1684598123.181436823] [nanosaur.robot_state_publisher]: got segment base_front
[INFO] [1684598123.181448766] [nanosaur.robot_state_publisher]: got segment base_link
[INFO] [1684598123.181457845] [nanosaur.robot_state_publisher]: got segment base_rear
[INFO] [1684598123.181466855] [nanosaur.robot_state_publisher]: got segment board_expansion
[INFO] [1684598123.181475446] [nanosaur.robot_state_publisher]: got segment camera_board
[INFO] [1684598123.181484106] [nanosaur.robot_state_publisher]: got segment camera_camera_link
[INFO] [1684598123.181493116] [nanosaur.robot_state_publisher]: got segment camera_camera_link_frame
[INFO] [1684598123.181501637] [nanosaur.robot_state_publisher]: got segment camera_optical_frame
[INFO] [1684598123.181511275] [nanosaur.robot_state_publisher]: got segment cover
[INFO] [1684598123.181519866] [nanosaur.robot_state_publisher]: got segment display_left
[INFO] [1684598123.181528875] [nanosaur.robot_state_publisher]: got segment display_right
[INFO] [1684598123.181536907] [nanosaur.robot_state_publisher]: got segment flap_bottom
[INFO] [1684598123.181546126] [nanosaur.robot_state_publisher]: got segment flap_top
[INFO] [1684598123.181554577] [nanosaur.robot_state_publisher]: got segment front_wheel_left
[INFO] [1684598123.181564146] [nanosaur.robot_state_publisher]: got segment front_wheel_right
[INFO] [1684598123.181572247] [nanosaur.robot_state_publisher]: got segment motor_board
[INFO] [1684598123.181580908] [nanosaur.robot_state_publisher]: got segment motor_left
[INFO] [1684598123.181589359] [nanosaur.robot_state_publisher]: got segment motor_right
[INFO] [1684598123.181598438] [nanosaur.robot_state_publisher]: got segment pb_holder
[INFO] [1684598123.181606191] [nanosaur.robot_state_publisher]: got segment power_bank
[INFO] [1684598123.181614782] [nanosaur.robot_state_publisher]: got segment slider_left
[INFO] [1684598123.181622744] [nanosaur.robot_state_publisher]: got segment slider_right
[INFO] [1684598123.181631264] [nanosaur.robot_state_publisher]: got segment sprocket_left
[INFO] [1684598123.181639366] [nanosaur.robot_state_publisher]: got segment sprocket_right
[INFO] [1684598123.181647468] [nanosaur.robot_state_publisher]: got segment track_left
[INFO] [1684598123.181656338] [nanosaur.robot_state_publisher]: got segment track_right
[INFO] [1684598123.181664789] [nanosaur.robot_state_publisher]: got segment wheel_left
[INFO] [1684598123.181673030] [nanosaur.robot_state_publisher]: got segment wheel_right
[INFO] [1684598138.583673664] [rclcpp]: signal_handler(signum=2)
