[INFO] [1683363640.172944987] [nanosaur.robot_state_publisher]: got segment NVIDIA_jetson
[INFO] [1683363640.173102207] [nanosaur.robot_state_publisher]: got segment base_front
[INFO] [1683363640.173123247] [nanosaur.robot_state_publisher]: got segment base_link
[INFO] [1683363640.173135136] [nanosaur.robot_state_publisher]: got segment base_rear
[INFO] [1683363640.173145863] [nanosaur.robot_state_publisher]: got segment board_expansion
[INFO] [1683363640.173156694] [nanosaur.robot_state_publisher]: got segment camera_board
[INFO] [1683363640.173167320] [nanosaur.robot_state_publisher]: got segment camera_camera_link
[INFO] [1683363640.173177432] [nanosaur.robot_state_publisher]: got segment camera_camera_link_frame
[INFO] [1683363640.173187729] [nanosaur.robot_state_publisher]: got segment camera_optical_frame
[INFO] [1683363640.173198167] [nanosaur.robot_state_publisher]: got segment cover
[INFO] [1683363640.173208482] [nanosaur.robot_state_publisher]: got segment display_left
[INFO] [1683363640.173218849] [nanosaur.robot_state_publisher]: got segment display_right
[INFO] [1683363640.173229240] [nanosaur.robot_state_publisher]: got segment flap_bottom
[INFO] [1683363640.173240289] [nanosaur.robot_state_publisher]: got segment flap_top
[INFO] [1683363640.173250217] [nanosaur.robot_state_publisher]: got segment front_wheel_left
[INFO] [1683363640.173260281] [nanosaur.robot_state_publisher]: got segment front_wheel_right
[INFO] [1683363640.173269889] [nanosaur.robot_state_publisher]: got segment motor_board
[INFO] [1683363640.173280726] [nanosaur.robot_state_publisher]: got segment motor_left
[INFO] [1683363640.173291969] [nanosaur.robot_state_publisher]: got segment motor_right
[INFO] [1683363640.173302077] [nanosaur.robot_state_publisher]: got segment pb_holder
[INFO] [1683363640.173312040] [nanosaur.robot_state_publisher]: got segment power_bank
[INFO] [1683363640.173321671] [nanosaur.robot_state_publisher]: got segment slider_left
[INFO] [1683363640.173331457] [nanosaur.robot_state_publisher]: got segment slider_right
[INFO] [1683363640.173341486] [nanosaur.robot_state_publisher]: got segment sprocket_left
[INFO] [1683363640.173351863] [nanosaur.robot_state_publisher]: got segment sprocket_right
[INFO] [1683363640.173361607] [nanosaur.robot_state_publisher]: got segment track_left
[INFO] [1683363640.173371695] [nanosaur.robot_state_publisher]: got segment track_right
[INFO] [1683363640.173381442] [nanosaur.robot_state_publisher]: got segment wheel_left
[INFO] [1683363640.173391357] [nanosaur.robot_state_publisher]: got segment wheel_right
[INFO] [1683363664.507054227] [rclcpp]: signal_handler(signum=2)
