[INFO] [1684223089.063945006] [nanosaur.robot_state_publisher]: got segment NVIDIA_jetson
[INFO] [1684223089.064054965] [nanosaur.robot_state_publisher]: got segment base_front
[INFO] [1684223089.064061578] [nanosaur.robot_state_publisher]: got segment base_link
[INFO] [1684223089.064065936] [nanosaur.robot_state_publisher]: got segment base_rear
[INFO] [1684223089.064069924] [nanosaur.robot_state_publisher]: got segment board_expansion
[INFO] [1684223089.064073841] [nanosaur.robot_state_publisher]: got segment camera_board
[INFO] [1684223089.064077668] [nanosaur.robot_state_publisher]: got segment camera_camera_link
[INFO] [1684223089.064081466] [nanosaur.robot_state_publisher]: got segment camera_camera_link_frame
[INFO] [1684223089.064085333] [nanosaur.robot_state_publisher]: got segment camera_optical_frame
[INFO] [1684223089.064089070] [nanosaur.robot_state_publisher]: got segment cover
[INFO] [1684223089.064092857] [nanosaur.robot_state_publisher]: got segment display_left
[INFO] [1684223089.064096604] [nanosaur.robot_state_publisher]: got segment display_right
[INFO] [1684223089.064100311] [nanosaur.robot_state_publisher]: got segment flap_bottom
[INFO] [1684223089.064104018] [nanosaur.robot_state_publisher]: got segment flap_top
[INFO] [1684223089.064107705] [nanosaur.robot_state_publisher]: got segment front_wheel_left
[INFO] [1684223089.064111443] [nanosaur.robot_state_publisher]: got segment front_wheel_right
[INFO] [1684223089.064115470] [nanosaur.robot_state_publisher]: got segment motor_board
[INFO] [1684223089.064119247] [nanosaur.robot_state_publisher]: got segment motor_left
[INFO] [1684223089.064123155] [nanosaur.robot_state_publisher]: got segment motor_right
[INFO] [1684223089.064126902] [nanosaur.robot_state_publisher]: got segment pb_holder
[INFO] [1684223089.064130639] [nanosaur.robot_state_publisher]: got segment power_bank
[INFO] [1684223089.064134346] [nanosaur.robot_state_publisher]: got segment slider_left
[INFO] [1684223089.064138043] [nanosaur.robot_state_publisher]: got segment slider_right
[INFO] [1684223089.064141760] [nanosaur.robot_state_publisher]: got segment sprocket_left
[INFO] [1684223089.064145537] [nanosaur.robot_state_publisher]: got segment sprocket_right
[INFO] [1684223089.064149294] [nanosaur.robot_state_publisher]: got segment track_left
[INFO] [1684223089.064153112] [nanosaur.robot_state_publisher]: got segment track_right
[INFO] [1684223089.064156809] [nanosaur.robot_state_publisher]: got segment wheel_left
[INFO] [1684223089.064160546] [nanosaur.robot_state_publisher]: got segment wheel_right
[INFO] [1684223144.495779941] [rclcpp]: signal_handler(signum=2)
