[INFO] [1684574402.595978342] [nanosaur.robot_state_publisher]: got segment NVIDIA_jetson
[INFO] [1684574402.596082164] [nanosaur.robot_state_publisher]: got segment base_front
[INFO] [1684574402.596088636] [nanosaur.robot_state_publisher]: got segment base_link
[INFO] [1684574402.596092794] [nanosaur.robot_state_publisher]: got segment base_rear
[INFO] [1684574402.596096631] [nanosaur.robot_state_publisher]: got segment board_expansion
[INFO] [1684574402.596100559] [nanosaur.robot_state_publisher]: got segment camera_board
[INFO] [1684574402.596104396] [nanosaur.robot_state_publisher]: got segment camera_camera_link
[INFO] [1684574402.596108193] [nanosaur.robot_state_publisher]: got segment camera_camera_link_frame
[INFO] [1684574402.596112270] [nanosaur.robot_state_publisher]: got segment camera_optical_frame
[INFO] [1684574402.596116147] [nanosaur.robot_state_publisher]: got segment cover
[INFO] [1684574402.596120085] [nanosaur.robot_state_publisher]: got segment display_left
[INFO] [1684574402.596124042] [nanosaur.robot_state_publisher]: got segment display_right
[INFO] [1684574402.596127929] [nanosaur.robot_state_publisher]: got segment flap_bottom
[INFO] [1684574402.596131796] [nanosaur.robot_state_publisher]: got segment flap_top
[INFO] [1684574402.596135573] [nanosaur.robot_state_publisher]: got segment front_wheel_left
[INFO] [1684574402.596139230] [nanosaur.robot_state_publisher]: got segment front_wheel_right
[INFO] [1684574402.596142877] [nanosaur.robot_state_publisher]: got segment motor_board
[INFO] [1684574402.596146624] [nanosaur.robot_state_publisher]: got segment motor_left
[INFO] [1684574402.596150231] [nanosaur.robot_state_publisher]: got segment motor_right
[INFO] [1684574402.596153947] [nanosaur.robot_state_publisher]: got segment pb_holder
[INFO] [1684574402.596157634] [nanosaur.robot_state_publisher]: got segment power_bank
[INFO] [1684574402.596161341] [nanosaur.robot_state_publisher]: got segment slider_left
[INFO] [1684574402.596164948] [nanosaur.robot_state_publisher]: got segment slider_right
[INFO] [1684574402.596169015] [nanosaur.robot_state_publisher]: got segment sprocket_left
[INFO] [1684574402.596172702] [nanosaur.robot_state_publisher]: got segment sprocket_right
[INFO] [1684574402.596176800] [nanosaur.robot_state_publisher]: got segment track_left
[INFO] [1684574402.596180537] [nanosaur.robot_state_publisher]: got segment track_right
[INFO] [1684574402.596184324] [nanosaur.robot_state_publisher]: got segment wheel_left
[INFO] [1684574402.596187980] [nanosaur.robot_state_publisher]: got segment wheel_right
[INFO] [1684574415.197197718] [rclcpp]: signal_handler(signum=2)
