[0.283s] DEBUG:colcon:Command line arguments: ['/usr/bin/colcon', 'build']
[0.283s] DEBUG:colcon:Parsed command line arguments: Namespace(log_base=None, log_level=None, verb_name='build', build_base='build', install_base='install', merge_install=False, symlink_install=False, test_result_base=None, continue_on_error=False, executor='parallel', parallel_workers=16, event_handlers=None, ignore_user_meta=False, metas=['./colcon.meta'], base_paths=['.'], packages_ignore=None, packages_ignore_regex=None, paths=None, packages_up_to=None, packages_up_to_regex=None, packages_above=None, packages_above_and_dependencies=None, packages_above_depth=None, packages_select_by_dep=None, packages_skip_by_dep=None, packages_skip_up_to=None, packages_select_build_failed=False, packages_skip_build_finished=False, packages_select_test_failures=False, packages_skip_test_passed=False, packages_select=None, packages_skip=None, packages_select_regex=None, packages_skip_regex=None, packages_start=None, packages_end=None, cmake_args=None, cmake_target=None, cmake_target_skip_unavailable=False, cmake_clean_cache=False, cmake_clean_first=False, cmake_force_configure=False, ament_cmake_args=None, catkin_cmake_args=None, catkin_skip_building_tests=False, mixin_files=None, mixin=None, verb_parser=<colcon_mixin.mixin.mixin_argument.MixinArgumentDecorator object at 0x7ff98e4bd5a0>, verb_extension=<colcon_core.verb.build.BuildVerb object at 0x7ff98ec94f70>, main=<bound method BuildVerb.main of <colcon_core.verb.build.BuildVerb object at 0x7ff98ec94f70>>, mixin_verb=('build',))
[0.326s] Level 1:colcon.colcon_core.package_discovery:discover_packages(colcon_meta) check parameters
[0.327s] Level 1:colcon.colcon_core.package_discovery:discover_packages(recursive) check parameters
[0.327s] Level 1:colcon.colcon_core.package_discovery:discover_packages(ignore) check parameters
[0.327s] Level 1:colcon.colcon_core.package_discovery:discover_packages(path) check parameters
[0.327s] Level 1:colcon.colcon_core.package_discovery:discover_packages(colcon_meta) discover
[0.327s] Level 1:colcon.colcon_core.package_discovery:discover_packages(recursive) discover
[0.327s] INFO:colcon.colcon_core.package_discovery:Crawling recursively for packages in '/home/user/nanosaur'
[0.327s] Level 1:colcon.colcon_core.package_identification:_identify(.) by extensions ['ignore', 'ignore_ament_install']
[0.327s] Level 1:colcon.colcon_core.package_identification:_identify(.) by extension 'ignore'
[0.327s] Level 1:colcon.colcon_core.package_identification:_identify(.) by extension 'ignore_ament_install'
[0.327s] Level 1:colcon.colcon_core.package_identification:_identify(.) by extensions ['colcon_pkg']
[0.327s] Level 1:colcon.colcon_core.package_identification:_identify(.) by extension 'colcon_pkg'
[0.327s] Level 1:colcon.colcon_core.package_identification:_identify(.) by extensions ['colcon_meta']
[0.327s] Level 1:colcon.colcon_core.package_identification:_identify(.) by extension 'colcon_meta'
[0.327s] Level 1:colcon.colcon_core.package_identification:_identify(.) by extensions ['ros']
[0.327s] Level 1:colcon.colcon_core.package_identification:_identify(.) by extension 'ros'
[0.339s] Level 1:colcon.colcon_core.package_identification:_identify(.) by extensions ['cmake', 'python']
[0.339s] Level 1:colcon.colcon_core.package_identification:_identify(.) by extension 'cmake'
[0.339s] Level 1:colcon.colcon_core.package_identification:_identify(.) by extension 'python'
[0.339s] Level 1:colcon.colcon_core.package_identification:_identify(.) by extensions ['python_setup_py']
[0.339s] Level 1:colcon.colcon_core.package_identification:_identify(.) by extension 'python_setup_py'
[0.339s] Level 1:colcon.colcon_core.package_identification:_identify(build) by extensions ['ignore', 'ignore_ament_install']
[0.339s] Level 1:colcon.colcon_core.package_identification:_identify(build) by extension 'ignore'
[0.339s] Level 1:colcon.colcon_core.package_identification:_identify(build) ignored
[0.339s] Level 1:colcon.colcon_core.package_identification:_identify(install) by extensions ['ignore', 'ignore_ament_install']
[0.339s] Level 1:colcon.colcon_core.package_identification:_identify(install) by extension 'ignore'
[0.339s] Level 1:colcon.colcon_core.package_identification:_identify(install) ignored
[0.339s] Level 1:colcon.colcon_core.package_identification:_identify(log) by extensions ['ignore', 'ignore_ament_install']
[0.339s] Level 1:colcon.colcon_core.package_identification:_identify(log) by extension 'ignore'
[0.339s] Level 1:colcon.colcon_core.package_identification:_identify(log) ignored
[0.340s] Level 1:colcon.colcon_core.package_identification:_identify(src) by extensions ['ignore', 'ignore_ament_install']
[0.340s] Level 1:colcon.colcon_core.package_identification:_identify(src) by extension 'ignore'
[0.340s] Level 1:colcon.colcon_core.package_identification:_identify(src) by extension 'ignore_ament_install'
[0.340s] Level 1:colcon.colcon_core.package_identification:_identify(src) by extensions ['colcon_pkg']
[0.340s] Level 1:colcon.colcon_core.package_identification:_identify(src) by extension 'colcon_pkg'
[0.340s] Level 1:colcon.colcon_core.package_identification:_identify(src) by extensions ['colcon_meta']
[0.340s] Level 1:colcon.colcon_core.package_identification:_identify(src) by extension 'colcon_meta'
[0.340s] Level 1:colcon.colcon_core.package_identification:_identify(src) by extensions ['ros']
[0.340s] Level 1:colcon.colcon_core.package_identification:_identify(src) by extension 'ros'
[0.340s] Level 1:colcon.colcon_core.package_identification:_identify(src) by extensions ['cmake', 'python']
[0.340s] Level 1:colcon.colcon_core.package_identification:_identify(src) by extension 'cmake'
[0.340s] Level 1:colcon.colcon_core.package_identification:_identify(src) by extension 'python'
[0.340s] Level 1:colcon.colcon_core.package_identification:_identify(src) by extensions ['python_setup_py']
[0.340s] Level 1:colcon.colcon_core.package_identification:_identify(src) by extension 'python_setup_py'
[0.340s] Level 1:colcon.colcon_core.package_identification:_identify(src/nanosaur) by extensions ['ignore', 'ignore_ament_install']
[0.340s] Level 1:colcon.colcon_core.package_identification:_identify(src/nanosaur) by extension 'ignore'
[0.340s] Level 1:colcon.colcon_core.package_identification:_identify(src/nanosaur) by extension 'ignore_ament_install'
[0.340s] Level 1:colcon.colcon_core.package_identification:_identify(src/nanosaur) by extensions ['colcon_pkg']
[0.340s] Level 1:colcon.colcon_core.package_identification:_identify(src/nanosaur) by extension 'colcon_pkg'
[0.340s] Level 1:colcon.colcon_core.package_identification:_identify(src/nanosaur) by extensions ['colcon_meta']
[0.340s] Level 1:colcon.colcon_core.package_identification:_identify(src/nanosaur) by extension 'colcon_meta'
[0.340s] Level 1:colcon.colcon_core.package_identification:_identify(src/nanosaur) by extensions ['ros']
[0.340s] Level 1:colcon.colcon_core.package_identification:_identify(src/nanosaur) by extension 'ros'
[0.341s] Level 1:colcon.colcon_core.package_identification:_identify(src/nanosaur) by extensions ['cmake', 'python']
[0.341s] Level 1:colcon.colcon_core.package_identification:_identify(src/nanosaur) by extension 'cmake'
[0.341s] Level 1:colcon.colcon_core.package_identification:_identify(src/nanosaur) by extension 'python'
[0.341s] Level 1:colcon.colcon_core.package_identification:_identify(src/nanosaur) by extensions ['python_setup_py']
[0.341s] Level 1:colcon.colcon_core.package_identification:_identify(src/nanosaur) by extension 'python_setup_py'
[0.341s] Level 1:colcon.colcon_core.package_identification:_identify(src/nanosaur/nanosaur) by extensions ['ignore', 'ignore_ament_install']
[0.341s] Level 1:colcon.colcon_core.package_identification:_identify(src/nanosaur/nanosaur) by extension 'ignore'
[0.341s] Level 1:colcon.colcon_core.package_identification:_identify(src/nanosaur/nanosaur) by extension 'ignore_ament_install'
[0.341s] Level 1:colcon.colcon_core.package_identification:_identify(src/nanosaur/nanosaur) by extensions ['colcon_pkg']
[0.341s] Level 1:colcon.colcon_core.package_identification:_identify(src/nanosaur/nanosaur) by extension 'colcon_pkg'
[0.341s] Level 1:colcon.colcon_core.package_identification:_identify(src/nanosaur/nanosaur) by extensions ['colcon_meta']
[0.341s] Level 1:colcon.colcon_core.package_identification:_identify(src/nanosaur/nanosaur) by extension 'colcon_meta'
[0.341s] Level 1:colcon.colcon_core.package_identification:_identify(src/nanosaur/nanosaur) by extensions ['ros']
[0.341s] Level 1:colcon.colcon_core.package_identification:_identify(src/nanosaur/nanosaur) by extension 'ros'
[0.344s] DEBUG:colcon.colcon_core.package_identification:Package 'src/nanosaur/nanosaur' with type 'ros.ament_cmake' and name 'nanosaur'
[0.344s] Level 1:colcon.colcon_core.package_identification:_identify(src/nanosaur/nanosaur_control) by extensions ['ignore', 'ignore_ament_install']
[0.344s] Level 1:colcon.colcon_core.package_identification:_identify(src/nanosaur/nanosaur_control) by extension 'ignore'
[0.344s] Level 1:colcon.colcon_core.package_identification:_identify(src/nanosaur/nanosaur_control) by extension 'ignore_ament_install'
[0.344s] Level 1:colcon.colcon_core.package_identification:_identify(src/nanosaur/nanosaur_control) by extensions ['colcon_pkg']
[0.344s] Level 1:colcon.colcon_core.package_identification:_identify(src/nanosaur/nanosaur_control) by extension 'colcon_pkg'
[0.344s] Level 1:colcon.colcon_core.package_identification:_identify(src/nanosaur/nanosaur_control) by extensions ['colcon_meta']
[0.344s] Level 1:colcon.colcon_core.package_identification:_identify(src/nanosaur/nanosaur_control) by extension 'colcon_meta'
[0.344s] Level 1:colcon.colcon_core.package_identification:_identify(src/nanosaur/nanosaur_control) by extensions ['ros']
[0.344s] Level 1:colcon.colcon_core.package_identification:_identify(src/nanosaur/nanosaur_control) by extension 'ros'
[0.345s] DEBUG:colcon.colcon_core.package_identification:Package 'src/nanosaur/nanosaur_control' with type 'ros.ament_cmake' and name 'nanosaur_control'
[0.345s] Level 1:colcon.colcon_core.package_identification:_identify(src/nanosaur/nanosaur_description) by extensions ['ignore', 'ignore_ament_install']
[0.345s] Level 1:colcon.colcon_core.package_identification:_identify(src/nanosaur/nanosaur_description) by extension 'ignore'
[0.345s] Level 1:colcon.colcon_core.package_identification:_identify(src/nanosaur/nanosaur_description) by extension 'ignore_ament_install'
[0.345s] Level 1:colcon.colcon_core.package_identification:_identify(src/nanosaur/nanosaur_description) by extensions ['colcon_pkg']
[0.345s] Level 1:colcon.colcon_core.package_identification:_identify(src/nanosaur/nanosaur_description) by extension 'colcon_pkg'
[0.345s] Level 1:colcon.colcon_core.package_identification:_identify(src/nanosaur/nanosaur_description) by extensions ['colcon_meta']
[0.345s] Level 1:colcon.colcon_core.package_identification:_identify(src/nanosaur/nanosaur_description) by extension 'colcon_meta'
[0.345s] Level 1:colcon.colcon_core.package_identification:_identify(src/nanosaur/nanosaur_description) by extensions ['ros']
[0.345s] Level 1:colcon.colcon_core.package_identification:_identify(src/nanosaur/nanosaur_description) by extension 'ros'
[0.346s] DEBUG:colcon.colcon_core.package_identification:Package 'src/nanosaur/nanosaur_description' with type 'ros.ament_cmake' and name 'nanosaur_description'
[0.346s] Level 1:colcon.colcon_core.package_identification:_identify(src/nanosaur/nanosaur_msgs) by extensions ['ignore', 'ignore_ament_install']
[0.346s] Level 1:colcon.colcon_core.package_identification:_identify(src/nanosaur/nanosaur_msgs) by extension 'ignore'
[0.346s] Level 1:colcon.colcon_core.package_identification:_identify(src/nanosaur/nanosaur_msgs) by extension 'ignore_ament_install'
[0.346s] Level 1:colcon.colcon_core.package_identification:_identify(src/nanosaur/nanosaur_msgs) by extensions ['colcon_pkg']
[0.346s] Level 1:colcon.colcon_core.package_identification:_identify(src/nanosaur/nanosaur_msgs) by extension 'colcon_pkg'
[0.346s] Level 1:colcon.colcon_core.package_identification:_identify(src/nanosaur/nanosaur_msgs) by extensions ['colcon_meta']
[0.346s] Level 1:colcon.colcon_core.package_identification:_identify(src/nanosaur/nanosaur_msgs) by extension 'colcon_meta'
[0.346s] Level 1:colcon.colcon_core.package_identification:_identify(src/nanosaur/nanosaur_msgs) by extensions ['ros']
[0.346s] Level 1:colcon.colcon_core.package_identification:_identify(src/nanosaur/nanosaur_msgs) by extension 'ros'
[0.347s] DEBUG:colcon.colcon_core.package_identification:Package 'src/nanosaur/nanosaur_msgs' with type 'ros.ament_cmake' and name 'nanosaur_msgs'
[0.347s] Level 1:colcon.colcon_core.package_identification:_identify(src/nanosaur_simulations) by extensions ['ignore', 'ignore_ament_install']
[0.347s] Level 1:colcon.colcon_core.package_identification:_identify(src/nanosaur_simulations) by extension 'ignore'
[0.348s] Level 1:colcon.colcon_core.package_identification:_identify(src/nanosaur_simulations) by extension 'ignore_ament_install'
[0.348s] Level 1:colcon.colcon_core.package_identification:_identify(src/nanosaur_simulations) by extensions ['colcon_pkg']
[0.348s] Level 1:colcon.colcon_core.package_identification:_identify(src/nanosaur_simulations) by extension 'colcon_pkg'
[0.348s] Level 1:colcon.colcon_core.package_identification:_identify(src/nanosaur_simulations) by extensions ['colcon_meta']
[0.348s] Level 1:colcon.colcon_core.package_identification:_identify(src/nanosaur_simulations) by extension 'colcon_meta'
[0.348s] Level 1:colcon.colcon_core.package_identification:_identify(src/nanosaur_simulations) by extensions ['ros']
[0.348s] Level 1:colcon.colcon_core.package_identification:_identify(src/nanosaur_simulations) by extension 'ros'
[0.348s] Level 1:colcon.colcon_core.package_identification:_identify(src/nanosaur_simulations) by extensions ['cmake', 'python']
[0.348s] Level 1:colcon.colcon_core.package_identification:_identify(src/nanosaur_simulations) by extension 'cmake'
[0.348s] Level 1:colcon.colcon_core.package_identification:_identify(src/nanosaur_simulations) by extension 'python'
[0.348s] Level 1:colcon.colcon_core.package_identification:_identify(src/nanosaur_simulations) by extensions ['python_setup_py']
[0.348s] Level 1:colcon.colcon_core.package_identification:_identify(src/nanosaur_simulations) by extension 'python_setup_py'
[0.348s] Level 1:colcon.colcon_core.package_identification:_identify(src/nanosaur_simulations/nanosaur_gazebo) by extensions ['ignore', 'ignore_ament_install']
[0.348s] Level 1:colcon.colcon_core.package_identification:_identify(src/nanosaur_simulations/nanosaur_gazebo) by extension 'ignore'
[0.348s] Level 1:colcon.colcon_core.package_identification:_identify(src/nanosaur_simulations/nanosaur_gazebo) by extension 'ignore_ament_install'
[0.348s] Level 1:colcon.colcon_core.package_identification:_identify(src/nanosaur_simulations/nanosaur_gazebo) by extensions ['colcon_pkg']
[0.348s] Level 1:colcon.colcon_core.package_identification:_identify(src/nanosaur_simulations/nanosaur_gazebo) by extension 'colcon_pkg'
[0.348s] Level 1:colcon.colcon_core.package_identification:_identify(src/nanosaur_simulations/nanosaur_gazebo) by extensions ['colcon_meta']
[0.348s] Level 1:colcon.colcon_core.package_identification:_identify(src/nanosaur_simulations/nanosaur_gazebo) by extension 'colcon_meta'
[0.348s] Level 1:colcon.colcon_core.package_identification:_identify(src/nanosaur_simulations/nanosaur_gazebo) by extensions ['ros']
[0.348s] Level 1:colcon.colcon_core.package_identification:_identify(src/nanosaur_simulations/nanosaur_gazebo) by extension 'ros'
[0.349s] DEBUG:colcon.colcon_core.package_identification:Package 'src/nanosaur_simulations/nanosaur_gazebo' with type 'ros.ament_cmake' and name 'nanosaur_gazebo'
[0.350s] Level 1:colcon.colcon_core.package_identification:_identify(src/nanosaur_simulations/nanosaur_simulations) by extensions ['ignore', 'ignore_ament_install']
[0.350s] Level 1:colcon.colcon_core.package_identification:_identify(src/nanosaur_simulations/nanosaur_simulations) by extension 'ignore'
[0.350s] Level 1:colcon.colcon_core.package_identification:_identify(src/nanosaur_simulations/nanosaur_simulations) by extension 'ignore_ament_install'
[0.350s] Level 1:colcon.colcon_core.package_identification:_identify(src/nanosaur_simulations/nanosaur_simulations) by extensions ['colcon_pkg']
[0.350s] Level 1:colcon.colcon_core.package_identification:_identify(src/nanosaur_simulations/nanosaur_simulations) by extension 'colcon_pkg'
[0.350s] Level 1:colcon.colcon_core.package_identification:_identify(src/nanosaur_simulations/nanosaur_simulations) by extensions ['colcon_meta']
[0.350s] Level 1:colcon.colcon_core.package_identification:_identify(src/nanosaur_simulations/nanosaur_simulations) by extension 'colcon_meta'
[0.350s] Level 1:colcon.colcon_core.package_identification:_identify(src/nanosaur_simulations/nanosaur_simulations) by extensions ['ros']
[0.350s] Level 1:colcon.colcon_core.package_identification:_identify(src/nanosaur_simulations/nanosaur_simulations) by extension 'ros'
[0.351s] DEBUG:colcon.colcon_core.package_identification:Package 'src/nanosaur_simulations/nanosaur_simulations' with type 'ros.ament_cmake' and name 'nanosaur_simulations'
[0.351s] Level 1:colcon.colcon_core.package_identification:_identify(src/nanosaur_simulations/nanosaur_worlds) by extensions ['ignore', 'ignore_ament_install']
[0.351s] Level 1:colcon.colcon_core.package_identification:_identify(src/nanosaur_simulations/nanosaur_worlds) by extension 'ignore'
[0.351s] Level 1:colcon.colcon_core.package_identification:_identify(src/nanosaur_simulations/nanosaur_worlds) by extension 'ignore_ament_install'
[0.351s] Level 1:colcon.colcon_core.package_identification:_identify(src/nanosaur_simulations/nanosaur_worlds) by extensions ['colcon_pkg']
[0.351s] Level 1:colcon.colcon_core.package_identification:_identify(src/nanosaur_simulations/nanosaur_worlds) by extension 'colcon_pkg'
[0.351s] Level 1:colcon.colcon_core.package_identification:_identify(src/nanosaur_simulations/nanosaur_worlds) by extensions ['colcon_meta']
[0.351s] Level 1:colcon.colcon_core.package_identification:_identify(src/nanosaur_simulations/nanosaur_worlds) by extension 'colcon_meta'
[0.351s] Level 1:colcon.colcon_core.package_identification:_identify(src/nanosaur_simulations/nanosaur_worlds) by extensions ['ros']
[0.351s] Level 1:colcon.colcon_core.package_identification:_identify(src/nanosaur_simulations/nanosaur_worlds) by extension 'ros'
[0.352s] DEBUG:colcon.colcon_core.package_identification:Package 'src/nanosaur_simulations/nanosaur_worlds' with type 'ros.ament_cmake' and name 'nanosaur_worlds'
[0.352s] Level 1:colcon.colcon_core.package_identification:_identify(src/ros2_camera_receiver) by extensions ['ignore', 'ignore_ament_install']
[0.352s] Level 1:colcon.colcon_core.package_identification:_identify(src/ros2_camera_receiver) by extension 'ignore'
[0.352s] Level 1:colcon.colcon_core.package_identification:_identify(src/ros2_camera_receiver) by extension 'ignore_ament_install'
[0.352s] Level 1:colcon.colcon_core.package_identification:_identify(src/ros2_camera_receiver) by extensions ['colcon_pkg']
[0.352s] Level 1:colcon.colcon_core.package_identification:_identify(src/ros2_camera_receiver) by extension 'colcon_pkg'
[0.352s] Level 1:colcon.colcon_core.package_identification:_identify(src/ros2_camera_receiver) by extensions ['colcon_meta']
[0.352s] Level 1:colcon.colcon_core.package_identification:_identify(src/ros2_camera_receiver) by extension 'colcon_meta'
[0.352s] Level 1:colcon.colcon_core.package_identification:_identify(src/ros2_camera_receiver) by extensions ['ros']
[0.352s] Level 1:colcon.colcon_core.package_identification:_identify(src/ros2_camera_receiver) by extension 'ros'
[0.353s] DEBUG:colcon.colcon_core.package_identification:Package 'src/ros2_camera_receiver' with type 'ros.ament_python' and name 'ros2_camera_receiver'
[0.353s] Level 1:colcon.colcon_core.package_discovery:discover_packages(recursive) using defaults
[0.353s] Level 1:colcon.colcon_core.package_discovery:discover_packages(ignore) discover
[0.353s] Level 1:colcon.colcon_core.package_discovery:discover_packages(ignore) using defaults
[0.353s] Level 1:colcon.colcon_core.package_discovery:discover_packages(path) discover
[0.353s] Level 1:colcon.colcon_core.package_discovery:discover_packages(path) using defaults
[0.377s] Level 5:colcon.colcon_core.verb:set package 'nanosaur_control' build argument 'cmake_args' from command line to 'None'
[0.377s] Level 5:colcon.colcon_core.verb:set package 'nanosaur_control' build argument 'cmake_target' from command line to 'None'
[0.377s] Level 5:colcon.colcon_core.verb:set package 'nanosaur_control' build argument 'cmake_target_skip_unavailable' from command line to 'False'
[0.377s] Level 5:colcon.colcon_core.verb:set package 'nanosaur_control' build argument 'cmake_clean_cache' from command line to 'False'
[0.377s] Level 5:colcon.colcon_core.verb:set package 'nanosaur_control' build argument 'cmake_clean_first' from command line to 'False'
[0.377s] Level 5:colcon.colcon_core.verb:set package 'nanosaur_control' build argument 'cmake_force_configure' from command line to 'False'
[0.377s] Level 5:colcon.colcon_core.verb:set package 'nanosaur_control' build argument 'ament_cmake_args' from command line to 'None'
[0.377s] Level 5:colcon.colcon_core.verb:set package 'nanosaur_control' build argument 'catkin_cmake_args' from command line to 'None'
[0.377s] Level 5:colcon.colcon_core.verb:set package 'nanosaur_control' build argument 'catkin_skip_building_tests' from command line to 'False'
[0.377s] DEBUG:colcon.colcon_core.verb:Building package 'nanosaur_control' with the following arguments: {'ament_cmake_args': None, 'build_base': '/home/user/nanosaur/build/nanosaur_control', 'catkin_cmake_args': None, 'catkin_skip_building_tests': False, 'cmake_args': None, 'cmake_clean_cache': False, 'cmake_clean_first': False, 'cmake_force_configure': False, 'cmake_target': None, 'cmake_target_skip_unavailable': False, 'install_base': '/home/user/nanosaur/install/nanosaur_control', 'merge_install': False, 'path': '/home/user/nanosaur/src/nanosaur/nanosaur_control', 'symlink_install': False, 'test_result_base': None}
[0.378s] Level 5:colcon.colcon_core.verb:set package 'nanosaur_description' build argument 'cmake_args' from command line to 'None'
[0.378s] Level 5:colcon.colcon_core.verb:set package 'nanosaur_description' build argument 'cmake_target' from command line to 'None'
[0.378s] Level 5:colcon.colcon_core.verb:set package 'nanosaur_description' build argument 'cmake_target_skip_unavailable' from command line to 'False'
[0.378s] Level 5:colcon.colcon_core.verb:set package 'nanosaur_description' build argument 'cmake_clean_cache' from command line to 'False'
[0.378s] Level 5:colcon.colcon_core.verb:set package 'nanosaur_description' build argument 'cmake_clean_first' from command line to 'False'
[0.378s] Level 5:colcon.colcon_core.verb:set package 'nanosaur_description' build argument 'cmake_force_configure' from command line to 'False'
[0.378s] Level 5:colcon.colcon_core.verb:set package 'nanosaur_description' build argument 'ament_cmake_args' from command line to 'None'
[0.378s] Level 5:colcon.colcon_core.verb:set package 'nanosaur_description' build argument 'catkin_cmake_args' from command line to 'None'
[0.378s] Level 5:colcon.colcon_core.verb:set package 'nanosaur_description' build argument 'catkin_skip_building_tests' from command line to 'False'
[0.378s] DEBUG:colcon.colcon_core.verb:Building package 'nanosaur_description' with the following arguments: {'ament_cmake_args': None, 'build_base': '/home/user/nanosaur/build/nanosaur_description', 'catkin_cmake_args': None, 'catkin_skip_building_tests': False, 'cmake_args': None, 'cmake_clean_cache': False, 'cmake_clean_first': False, 'cmake_force_configure': False, 'cmake_target': None, 'cmake_target_skip_unavailable': False, 'install_base': '/home/user/nanosaur/install/nanosaur_description', 'merge_install': False, 'path': '/home/user/nanosaur/src/nanosaur/nanosaur_description', 'symlink_install': False, 'test_result_base': None}
[0.378s] Level 5:colcon.colcon_core.verb:set package 'nanosaur_msgs' build argument 'cmake_args' from command line to 'None'
[0.378s] Level 5:colcon.colcon_core.verb:set package 'nanosaur_msgs' build argument 'cmake_target' from command line to 'None'
[0.379s] Level 5:colcon.colcon_core.verb:set package 'nanosaur_msgs' build argument 'cmake_target_skip_unavailable' from command line to 'False'
[0.379s] Level 5:colcon.colcon_core.verb:set package 'nanosaur_msgs' build argument 'cmake_clean_cache' from command line to 'False'
[0.379s] Level 5:colcon.colcon_core.verb:set package 'nanosaur_msgs' build argument 'cmake_clean_first' from command line to 'False'
[0.379s] Level 5:colcon.colcon_core.verb:set package 'nanosaur_msgs' build argument 'cmake_force_configure' from command line to 'False'
[0.379s] Level 5:colcon.colcon_core.verb:set package 'nanosaur_msgs' build argument 'ament_cmake_args' from command line to 'None'
[0.379s] Level 5:colcon.colcon_core.verb:set package 'nanosaur_msgs' build argument 'catkin_cmake_args' from command line to 'None'
[0.379s] Level 5:colcon.colcon_core.verb:set package 'nanosaur_msgs' build argument 'catkin_skip_building_tests' from command line to 'False'
[0.379s] DEBUG:colcon.colcon_core.verb:Building package 'nanosaur_msgs' with the following arguments: {'ament_cmake_args': None, 'build_base': '/home/user/nanosaur/build/nanosaur_msgs', 'catkin_cmake_args': None, 'catkin_skip_building_tests': False, 'cmake_args': None, 'cmake_clean_cache': False, 'cmake_clean_first': False, 'cmake_force_configure': False, 'cmake_target': None, 'cmake_target_skip_unavailable': False, 'install_base': '/home/user/nanosaur/install/nanosaur_msgs', 'merge_install': False, 'path': '/home/user/nanosaur/src/nanosaur/nanosaur_msgs', 'symlink_install': False, 'test_result_base': None}
[0.379s] Level 5:colcon.colcon_core.verb:set package 'nanosaur_simulations' build argument 'cmake_args' from command line to 'None'
[0.379s] Level 5:colcon.colcon_core.verb:set package 'nanosaur_simulations' build argument 'cmake_target' from command line to 'None'
[0.379s] Level 5:colcon.colcon_core.verb:set package 'nanosaur_simulations' build argument 'cmake_target_skip_unavailable' from command line to 'False'
[0.379s] Level 5:colcon.colcon_core.verb:set package 'nanosaur_simulations' build argument 'cmake_clean_cache' from command line to 'False'
[0.379s] Level 5:colcon.colcon_core.verb:set package 'nanosaur_simulations' build argument 'cmake_clean_first' from command line to 'False'
[0.379s] Level 5:colcon.colcon_core.verb:set package 'nanosaur_simulations' build argument 'cmake_force_configure' from command line to 'False'
[0.379s] Level 5:colcon.colcon_core.verb:set package 'nanosaur_simulations' build argument 'ament_cmake_args' from command line to 'None'
[0.379s] Level 5:colcon.colcon_core.verb:set package 'nanosaur_simulations' build argument 'catkin_cmake_args' from command line to 'None'
[0.379s] Level 5:colcon.colcon_core.verb:set package 'nanosaur_simulations' build argument 'catkin_skip_building_tests' from command line to 'False'
[0.379s] DEBUG:colcon.colcon_core.verb:Building package 'nanosaur_simulations' with the following arguments: {'ament_cmake_args': None, 'build_base': '/home/user/nanosaur/build/nanosaur_simulations', 'catkin_cmake_args': None, 'catkin_skip_building_tests': False, 'cmake_args': None, 'cmake_clean_cache': False, 'cmake_clean_first': False, 'cmake_force_configure': False, 'cmake_target': None, 'cmake_target_skip_unavailable': False, 'install_base': '/home/user/nanosaur/install/nanosaur_simulations', 'merge_install': False, 'path': '/home/user/nanosaur/src/nanosaur_simulations/nanosaur_simulations', 'symlink_install': False, 'test_result_base': None}
[0.380s] Level 5:colcon.colcon_core.verb:set package 'nanosaur_worlds' build argument 'cmake_args' from command line to 'None'
[0.380s] Level 5:colcon.colcon_core.verb:set package 'nanosaur_worlds' build argument 'cmake_target' from command line to 'None'
[0.380s] Level 5:colcon.colcon_core.verb:set package 'nanosaur_worlds' build argument 'cmake_target_skip_unavailable' from command line to 'False'
[0.380s] Level 5:colcon.colcon_core.verb:set package 'nanosaur_worlds' build argument 'cmake_clean_cache' from command line to 'False'
[0.380s] Level 5:colcon.colcon_core.verb:set package 'nanosaur_worlds' build argument 'cmake_clean_first' from command line to 'False'
[0.380s] Level 5:colcon.colcon_core.verb:set package 'nanosaur_worlds' build argument 'cmake_force_configure' from command line to 'False'
[0.380s] Level 5:colcon.colcon_core.verb:set package 'nanosaur_worlds' build argument 'ament_cmake_args' from command line to 'None'
[0.380s] Level 5:colcon.colcon_core.verb:set package 'nanosaur_worlds' build argument 'catkin_cmake_args' from command line to 'None'
[0.380s] Level 5:colcon.colcon_core.verb:set package 'nanosaur_worlds' build argument 'catkin_skip_building_tests' from command line to 'False'
[0.380s] DEBUG:colcon.colcon_core.verb:Building package 'nanosaur_worlds' with the following arguments: {'ament_cmake_args': None, 'build_base': '/home/user/nanosaur/build/nanosaur_worlds', 'catkin_cmake_args': None, 'catkin_skip_building_tests': False, 'cmake_args': None, 'cmake_clean_cache': False, 'cmake_clean_first': False, 'cmake_force_configure': False, 'cmake_target': None, 'cmake_target_skip_unavailable': False, 'install_base': '/home/user/nanosaur/install/nanosaur_worlds', 'merge_install': False, 'path': '/home/user/nanosaur/src/nanosaur_simulations/nanosaur_worlds', 'symlink_install': False, 'test_result_base': None}
[0.381s] Level 5:colcon.colcon_core.verb:set package 'ros2_camera_receiver' build argument 'cmake_args' from command line to 'None'
[0.381s] Level 5:colcon.colcon_core.verb:set package 'ros2_camera_receiver' build argument 'cmake_target' from command line to 'None'
[0.381s] Level 5:colcon.colcon_core.verb:set package 'ros2_camera_receiver' build argument 'cmake_target_skip_unavailable' from command line to 'False'
[0.381s] Level 5:colcon.colcon_core.verb:set package 'ros2_camera_receiver' build argument 'cmake_clean_cache' from command line to 'False'
[0.381s] Level 5:colcon.colcon_core.verb:set package 'ros2_camera_receiver' build argument 'cmake_clean_first' from command line to 'False'
[0.381s] Level 5:colcon.colcon_core.verb:set package 'ros2_camera_receiver' build argument 'cmake_force_configure' from command line to 'False'
[0.381s] Level 5:colcon.colcon_core.verb:set package 'ros2_camera_receiver' build argument 'ament_cmake_args' from command line to 'None'
[0.381s] Level 5:colcon.colcon_core.verb:set package 'ros2_camera_receiver' build argument 'catkin_cmake_args' from command line to 'None'
[0.381s] Level 5:colcon.colcon_core.verb:set package 'ros2_camera_receiver' build argument 'catkin_skip_building_tests' from command line to 'False'
[0.382s] DEBUG:colcon.colcon_core.verb:Building package 'ros2_camera_receiver' with the following arguments: {'ament_cmake_args': None, 'build_base': '/home/user/nanosaur/build/ros2_camera_receiver', 'catkin_cmake_args': None, 'catkin_skip_building_tests': False, 'cmake_args': None, 'cmake_clean_cache': False, 'cmake_clean_first': False, 'cmake_force_configure': False, 'cmake_target': None, 'cmake_target_skip_unavailable': False, 'install_base': '/home/user/nanosaur/install/ros2_camera_receiver', 'merge_install': False, 'path': '/home/user/nanosaur/src/ros2_camera_receiver', 'symlink_install': False, 'test_result_base': None}
[0.382s] Level 5:colcon.colcon_core.verb:set package 'nanosaur' build argument 'cmake_args' from command line to 'None'
[0.382s] Level 5:colcon.colcon_core.verb:set package 'nanosaur' build argument 'cmake_target' from command line to 'None'
[0.382s] Level 5:colcon.colcon_core.verb:set package 'nanosaur' build argument 'cmake_target_skip_unavailable' from command line to 'False'
[0.382s] Level 5:colcon.colcon_core.verb:set package 'nanosaur' build argument 'cmake_clean_cache' from command line to 'False'
[0.382s] Level 5:colcon.colcon_core.verb:set package 'nanosaur' build argument 'cmake_clean_first' from command line to 'False'
[0.382s] Level 5:colcon.colcon_core.verb:set package 'nanosaur' build argument 'cmake_force_configure' from command line to 'False'
[0.382s] Level 5:colcon.colcon_core.verb:set package 'nanosaur' build argument 'ament_cmake_args' from command line to 'None'
[0.382s] Level 5:colcon.colcon_core.verb:set package 'nanosaur' build argument 'catkin_cmake_args' from command line to 'None'
[0.382s] Level 5:colcon.colcon_core.verb:set package 'nanosaur' build argument 'catkin_skip_building_tests' from command line to 'False'
[0.383s] DEBUG:colcon.colcon_core.verb:Building package 'nanosaur' with the following arguments: {'ament_cmake_args': None, 'build_base': '/home/user/nanosaur/build/nanosaur', 'catkin_cmake_args': None, 'catkin_skip_building_tests': False, 'cmake_args': None, 'cmake_clean_cache': False, 'cmake_clean_first': False, 'cmake_force_configure': False, 'cmake_target': None, 'cmake_target_skip_unavailable': False, 'install_base': '/home/user/nanosaur/install/nanosaur', 'merge_install': False, 'path': '/home/user/nanosaur/src/nanosaur/nanosaur', 'symlink_install': False, 'test_result_base': None}
[0.383s] Level 5:colcon.colcon_core.verb:set package 'nanosaur_gazebo' build argument 'cmake_args' from command line to 'None'
[0.383s] Level 5:colcon.colcon_core.verb:set package 'nanosaur_gazebo' build argument 'cmake_target' from command line to 'None'
[0.383s] Level 5:colcon.colcon_core.verb:set package 'nanosaur_gazebo' build argument 'cmake_target_skip_unavailable' from command line to 'False'
[0.383s] Level 5:colcon.colcon_core.verb:set package 'nanosaur_gazebo' build argument 'cmake_clean_cache' from command line to 'False'
[0.383s] Level 5:colcon.colcon_core.verb:set package 'nanosaur_gazebo' build argument 'cmake_clean_first' from command line to 'False'
[0.383s] Level 5:colcon.colcon_core.verb:set package 'nanosaur_gazebo' build argument 'cmake_force_configure' from command line to 'False'
[0.383s] Level 5:colcon.colcon_core.verb:set package 'nanosaur_gazebo' build argument 'ament_cmake_args' from command line to 'None'
[0.383s] Level 5:colcon.colcon_core.verb:set package 'nanosaur_gazebo' build argument 'catkin_cmake_args' from command line to 'None'
[0.383s] Level 5:colcon.colcon_core.verb:set package 'nanosaur_gazebo' build argument 'catkin_skip_building_tests' from command line to 'False'
[0.383s] DEBUG:colcon.colcon_core.verb:Building package 'nanosaur_gazebo' with the following arguments: {'ament_cmake_args': None, 'build_base': '/home/user/nanosaur/build/nanosaur_gazebo', 'catkin_cmake_args': None, 'catkin_skip_building_tests': False, 'cmake_args': None, 'cmake_clean_cache': False, 'cmake_clean_first': False, 'cmake_force_configure': False, 'cmake_target': None, 'cmake_target_skip_unavailable': False, 'install_base': '/home/user/nanosaur/install/nanosaur_gazebo', 'merge_install': False, 'path': '/home/user/nanosaur/src/nanosaur_simulations/nanosaur_gazebo', 'symlink_install': False, 'test_result_base': None}
[0.384s] INFO:colcon.colcon_core.executor:Executing jobs using 'parallel' executor
[0.387s] DEBUG:colcon.colcon_parallel_executor.executor.parallel:run_until_complete
[0.388s] INFO:colcon.colcon_ros.task.ament_cmake.build:Building ROS package in '/home/user/nanosaur/src/nanosaur/nanosaur_control' with build type 'ament_cmake'
[0.388s] INFO:colcon.colcon_cmake.task.cmake.build:Building CMake package in '/home/user/nanosaur/src/nanosaur/nanosaur_control'
[0.395s] INFO:colcon.colcon_core.plugin_system:Skipping extension 'colcon_core.shell.bat': Not used on non-Windows systems
[0.395s] INFO:colcon.colcon_core.shell:Skip shell extension 'powershell' for command environment: Not usable outside of PowerShell
[0.395s] DEBUG:colcon.colcon_core.shell:Skip shell extension 'dsv' for command environment
[0.402s] INFO:colcon.colcon_ros.task.ament_cmake.build:Building ROS package in '/home/user/nanosaur/src/nanosaur/nanosaur_description' with build type 'ament_cmake'
[0.402s] INFO:colcon.colcon_cmake.task.cmake.build:Building CMake package in '/home/user/nanosaur/src/nanosaur/nanosaur_description'
[0.404s] INFO:colcon.colcon_core.shell:Skip shell extension 'powershell' for command environment: Not usable outside of PowerShell
[0.404s] DEBUG:colcon.colcon_core.shell:Skip shell extension 'dsv' for command environment
[0.410s] INFO:colcon.colcon_ros.task.ament_cmake.build:Building ROS package in '/home/user/nanosaur/src/nanosaur/nanosaur_msgs' with build type 'ament_cmake'
[0.410s] INFO:colcon.colcon_cmake.task.cmake.build:Building CMake package in '/home/user/nanosaur/src/nanosaur/nanosaur_msgs'
[0.412s] INFO:colcon.colcon_core.shell:Skip shell extension 'powershell' for command environment: Not usable outside of PowerShell
[0.412s] DEBUG:colcon.colcon_core.shell:Skip shell extension 'dsv' for command environment
[0.418s] INFO:colcon.colcon_ros.task.ament_cmake.build:Building ROS package in '/home/user/nanosaur/src/nanosaur_simulations/nanosaur_simulations' with build type 'ament_cmake'
[0.418s] INFO:colcon.colcon_cmake.task.cmake.build:Building CMake package in '/home/user/nanosaur/src/nanosaur_simulations/nanosaur_simulations'
[0.419s] INFO:colcon.colcon_core.shell:Skip shell extension 'powershell' for command environment: Not usable outside of PowerShell
[0.419s] DEBUG:colcon.colcon_core.shell:Skip shell extension 'dsv' for command environment
[0.428s] INFO:colcon.colcon_ros.task.ament_cmake.build:Building ROS package in '/home/user/nanosaur/src/nanosaur_simulations/nanosaur_worlds' with build type 'ament_cmake'
[0.428s] INFO:colcon.colcon_cmake.task.cmake.build:Building CMake package in '/home/user/nanosaur/src/nanosaur_simulations/nanosaur_worlds'
[0.430s] INFO:colcon.colcon_core.shell:Skip shell extension 'powershell' for command environment: Not usable outside of PowerShell
[0.430s] DEBUG:colcon.colcon_core.shell:Skip shell extension 'dsv' for command environment
[0.436s] INFO:colcon.colcon_ros.task.ament_python.build:Building ROS package in '/home/user/nanosaur/src/ros2_camera_receiver' with build type 'ament_python'
[0.436s] Level 1:colcon.colcon_core.shell:create_environment_hook('ros2_camera_receiver', 'ament_prefix_path')
[0.440s] INFO:colcon.colcon_core.shell:Creating environment hook '/home/user/nanosaur/install/ros2_camera_receiver/share/ros2_camera_receiver/hook/ament_prefix_path.ps1'
[0.441s] INFO:colcon.colcon_core.shell:Creating environment descriptor '/home/user/nanosaur/install/ros2_camera_receiver/share/ros2_camera_receiver/hook/ament_prefix_path.dsv'
[0.442s] INFO:colcon.colcon_core.shell:Creating environment hook '/home/user/nanosaur/install/ros2_camera_receiver/share/ros2_camera_receiver/hook/ament_prefix_path.sh'
[0.444s] INFO:colcon.colcon_core.shell:Skip shell extension 'powershell' for command environment: Not usable outside of PowerShell
[0.444s] DEBUG:colcon.colcon_core.shell:Skip shell extension 'dsv' for command environment
[0.457s] DEBUG:colcon.colcon_core.event_handler.log_command:Invoking command in '/home/user/nanosaur/build/nanosaur_control': CMAKE_PREFIX_PATH=${CMAKE_PREFIX_PATH}:/home/user/nanosaur/install/ros2_camera_receiver:/opt/ros/humble /usr/bin/cmake --build /home/user/nanosaur/build/nanosaur_control -- -j16 -l16
[0.461s] DEBUG:colcon.colcon_core.event_handler.log_command:Invoking command in '/home/user/nanosaur/build/nanosaur_description': CMAKE_PREFIX_PATH=${CMAKE_PREFIX_PATH}:/home/user/nanosaur/install/ros2_camera_receiver:/opt/ros/humble /usr/bin/cmake --build /home/user/nanosaur/build/nanosaur_description -- -j16 -l16
[0.465s] DEBUG:colcon.colcon_core.event_handler.log_command:Invoking command in '/home/user/nanosaur/build/nanosaur_msgs': CMAKE_PREFIX_PATH=${CMAKE_PREFIX_PATH}:/home/user/nanosaur/install/ros2_camera_receiver:/opt/ros/humble /usr/bin/cmake --build /home/user/nanosaur/build/nanosaur_msgs -- -j16 -l16
[0.469s] DEBUG:colcon.colcon_core.event_handler.log_command:Invoking command in '/home/user/nanosaur/build/nanosaur_simulations': CMAKE_PREFIX_PATH=${CMAKE_PREFIX_PATH}:/home/user/nanosaur/install/ros2_camera_receiver:/opt/ros/humble /usr/bin/cmake --build /home/user/nanosaur/build/nanosaur_simulations -- -j16 -l16
[0.474s] DEBUG:colcon.colcon_core.event_handler.log_command:Invoking command in '/home/user/nanosaur/build/nanosaur_worlds': CMAKE_PREFIX_PATH=${CMAKE_PREFIX_PATH}:/home/user/nanosaur/install/ros2_camera_receiver:/opt/ros/humble /usr/bin/cmake --build /home/user/nanosaur/build/nanosaur_worlds -- -j16 -l16
[0.740s] INFO:colcon.colcon_core.task.python.build:Building Python package in '/home/user/nanosaur/src/ros2_camera_receiver'
[0.742s] INFO:colcon.colcon_core.shell:Skip shell extension 'powershell' for command environment: Not usable outside of PowerShell
[0.742s] DEBUG:colcon.colcon_core.shell:Skip shell extension 'dsv' for command environment
[0.750s] DEBUG:colcon.colcon_core.event_handler.log_command:Invoked command in '/home/user/nanosaur/build/nanosaur_simulations' returned '0': CMAKE_PREFIX_PATH=${CMAKE_PREFIX_PATH}:/home/user/nanosaur/install/ros2_camera_receiver:/opt/ros/humble /usr/bin/cmake --build /home/user/nanosaur/build/nanosaur_simulations -- -j16 -l16
[0.752s] DEBUG:colcon.colcon_core.event_handler.log_command:Invoked command in '/home/user/nanosaur/build/nanosaur_control' returned '0': CMAKE_PREFIX_PATH=${CMAKE_PREFIX_PATH}:/home/user/nanosaur/install/ros2_camera_receiver:/opt/ros/humble /usr/bin/cmake --build /home/user/nanosaur/build/nanosaur_control -- -j16 -l16
[0.753s] DEBUG:colcon.colcon_core.event_handler.log_command:Invoked command in '/home/user/nanosaur/build/nanosaur_worlds' returned '0': CMAKE_PREFIX_PATH=${CMAKE_PREFIX_PATH}:/home/user/nanosaur/install/ros2_camera_receiver:/opt/ros/humble /usr/bin/cmake --build /home/user/nanosaur/build/nanosaur_worlds -- -j16 -l16
[0.755s] DEBUG:colcon.colcon_core.event_handler.log_command:Invoked command in '/home/user/nanosaur/build/nanosaur_description' returned '0': CMAKE_PREFIX_PATH=${CMAKE_PREFIX_PATH}:/home/user/nanosaur/install/ros2_camera_receiver:/opt/ros/humble /usr/bin/cmake --build /home/user/nanosaur/build/nanosaur_description -- -j16 -l16
[0.787s] DEBUG:colcon.colcon_core.event_handler.log_command:Invoking command in '/home/user/nanosaur/build/nanosaur_simulations': CMAKE_PREFIX_PATH=${CMAKE_PREFIX_PATH}:/home/user/nanosaur/install/ros2_camera_receiver:/opt/ros/humble /usr/bin/cmake --install /home/user/nanosaur/build/nanosaur_simulations
[0.791s] DEBUG:colcon.colcon_core.event_handler.log_command:Invoking command in '/home/user/nanosaur/build/nanosaur_control': CMAKE_PREFIX_PATH=${CMAKE_PREFIX_PATH}:/home/user/nanosaur/install/ros2_camera_receiver:/opt/ros/humble /usr/bin/cmake --install /home/user/nanosaur/build/nanosaur_control
[0.794s] DEBUG:colcon.colcon_core.event_handler.log_command:Invoking command in '/home/user/nanosaur/build/nanosaur_worlds': CMAKE_PREFIX_PATH=${CMAKE_PREFIX_PATH}:/home/user/nanosaur/install/ros2_camera_receiver:/opt/ros/humble /usr/bin/cmake --install /home/user/nanosaur/build/nanosaur_worlds
[0.797s] DEBUG:colcon.colcon_core.event_handler.log_command:Invoking command in '/home/user/nanosaur/build/nanosaur_description': CMAKE_PREFIX_PATH=${CMAKE_PREFIX_PATH}:/home/user/nanosaur/install/ros2_camera_receiver:/opt/ros/humble /usr/bin/cmake --install /home/user/nanosaur/build/nanosaur_description
[0.806s] Level 1:colcon.colcon_core.environment:create_environment_scripts_only(nanosaur_simulations)
[0.836s] DEBUG:colcon.colcon_core.event_handler.log_command:Invoked command in '/home/user/nanosaur/build/nanosaur_simulations' returned '0': CMAKE_PREFIX_PATH=${CMAKE_PREFIX_PATH}:/home/user/nanosaur/install/ros2_camera_receiver:/opt/ros/humble /usr/bin/cmake --install /home/user/nanosaur/build/nanosaur_simulations
[0.841s] Level 1:colcon.colcon_core.environment:checking '/home/user/nanosaur/install/nanosaur_simulations' for CMake module files
[0.844s] Level 1:colcon.colcon_core.environment:checking '/home/user/nanosaur/install/nanosaur_simulations' for CMake config files
[0.844s] Level 1:colcon.colcon_core.shell:create_environment_hook('nanosaur_simulations', 'cmake_prefix_path')
[0.847s] INFO:colcon.colcon_core.shell:Creating environment hook '/home/user/nanosaur/install/nanosaur_simulations/share/nanosaur_simulations/hook/cmake_prefix_path.ps1'
[0.848s] INFO:colcon.colcon_core.shell:Creating environment descriptor '/home/user/nanosaur/install/nanosaur_simulations/share/nanosaur_simulations/hook/cmake_prefix_path.dsv'
[0.849s] INFO:colcon.colcon_core.shell:Creating environment hook '/home/user/nanosaur/install/nanosaur_simulations/share/nanosaur_simulations/hook/cmake_prefix_path.sh'
[0.850s] Level 1:colcon.colcon_core.environment:checking '/home/user/nanosaur/install/nanosaur_simulations/bin'
[0.850s] Level 1:colcon.colcon_core.environment:checking '/home/user/nanosaur/install/nanosaur_simulations/lib/pkgconfig/nanosaur_simulations.pc'
[0.850s] Level 1:colcon.colcon_core.environment:checking '/home/user/nanosaur/install/nanosaur_simulations/lib/python3.10/site-packages'
[0.851s] Level 1:colcon.colcon_core.environment:checking '/home/user/nanosaur/install/nanosaur_simulations/bin'
[0.853s] INFO:colcon.colcon_core.shell:Creating package script '/home/user/nanosaur/install/nanosaur_simulations/share/nanosaur_simulations/package.ps1'
[0.854s] INFO:colcon.colcon_core.shell:Creating package descriptor '/home/user/nanosaur/install/nanosaur_simulations/share/nanosaur_simulations/package.dsv'
[0.854s] INFO:colcon.colcon_core.shell:Creating package script '/home/user/nanosaur/install/nanosaur_simulations/share/nanosaur_simulations/package.sh'
[0.855s] INFO:colcon.colcon_core.shell:Creating package script '/home/user/nanosaur/install/nanosaur_simulations/share/nanosaur_simulations/package.bash'
[0.856s] INFO:colcon.colcon_core.shell:Creating package script '/home/user/nanosaur/install/nanosaur_simulations/share/nanosaur_simulations/package.zsh'
[0.856s] Level 1:colcon.colcon_core.environment:create_file_with_runtime_dependencies(/home/user/nanosaur/install/nanosaur_simulations/share/colcon-core/packages/nanosaur_simulations)
[0.858s] Level 1:colcon.colcon_core.environment:create_environment_scripts_only(nanosaur_control)
[0.860s] Level 1:colcon.colcon_core.environment:checking '/home/user/nanosaur/install/nanosaur_control' for CMake module files
[0.861s] DEBUG:colcon.colcon_core.event_handler.log_command:Invoked command in '/home/user/nanosaur/build/nanosaur_control' returned '0': CMAKE_PREFIX_PATH=${CMAKE_PREFIX_PATH}:/home/user/nanosaur/install/ros2_camera_receiver:/opt/ros/humble /usr/bin/cmake --install /home/user/nanosaur/build/nanosaur_control
[0.861s] Level 1:colcon.colcon_core.environment:checking '/home/user/nanosaur/install/nanosaur_control' for CMake config files
[0.862s] Level 1:colcon.colcon_core.shell:create_environment_hook('nanosaur_control', 'cmake_prefix_path')
[0.864s] INFO:colcon.colcon_core.shell:Creating environment hook '/home/user/nanosaur/install/nanosaur_control/share/nanosaur_control/hook/cmake_prefix_path.ps1'
[0.865s] INFO:colcon.colcon_core.shell:Creating environment descriptor '/home/user/nanosaur/install/nanosaur_control/share/nanosaur_control/hook/cmake_prefix_path.dsv'
[0.866s] INFO:colcon.colcon_core.shell:Creating environment hook '/home/user/nanosaur/install/nanosaur_control/share/nanosaur_control/hook/cmake_prefix_path.sh'
[0.867s] Level 1:colcon.colcon_core.environment:checking '/home/user/nanosaur/install/nanosaur_control/bin'
[0.867s] Level 1:colcon.colcon_core.environment:checking '/home/user/nanosaur/install/nanosaur_control/lib/pkgconfig/nanosaur_control.pc'
[0.868s] Level 1:colcon.colcon_core.environment:checking '/home/user/nanosaur/install/nanosaur_control/lib/python3.10/site-packages'
[0.868s] Level 1:colcon.colcon_core.environment:checking '/home/user/nanosaur/install/nanosaur_control/bin'
[0.870s] INFO:colcon.colcon_core.shell:Creating package script '/home/user/nanosaur/install/nanosaur_control/share/nanosaur_control/package.ps1'
[0.871s] INFO:colcon.colcon_core.shell:Creating package descriptor '/home/user/nanosaur/install/nanosaur_control/share/nanosaur_control/package.dsv'
[0.871s] INFO:colcon.colcon_core.shell:Creating package script '/home/user/nanosaur/install/nanosaur_control/share/nanosaur_control/package.sh'
[0.871s] INFO:colcon.colcon_core.shell:Creating package script '/home/user/nanosaur/install/nanosaur_control/share/nanosaur_control/package.bash'
[0.872s] INFO:colcon.colcon_core.shell:Creating package script '/home/user/nanosaur/install/nanosaur_control/share/nanosaur_control/package.zsh'
[0.872s] Level 1:colcon.colcon_core.environment:create_file_with_runtime_dependencies(/home/user/nanosaur/install/nanosaur_control/share/colcon-core/packages/nanosaur_control)
[0.873s] Level 1:colcon.colcon_core.environment:create_environment_scripts_only(nanosaur_description)
[0.875s] Level 1:colcon.colcon_core.environment:checking '/home/user/nanosaur/install/nanosaur_description' for CMake module files
[0.876s] DEBUG:colcon.colcon_core.event_handler.log_command:Invoked command in '/home/user/nanosaur/build/nanosaur_description' returned '0': CMAKE_PREFIX_PATH=${CMAKE_PREFIX_PATH}:/home/user/nanosaur/install/ros2_camera_receiver:/opt/ros/humble /usr/bin/cmake --install /home/user/nanosaur/build/nanosaur_description
[0.876s] Level 1:colcon.colcon_core.environment:checking '/home/user/nanosaur/install/nanosaur_description' for CMake config files
[0.876s] Level 1:colcon.colcon_core.shell:create_environment_hook('nanosaur_description', 'cmake_prefix_path')
[0.878s] INFO:colcon.colcon_core.shell:Creating environment hook '/home/user/nanosaur/install/nanosaur_description/share/nanosaur_description/hook/cmake_prefix_path.ps1'
[0.878s] INFO:colcon.colcon_core.shell:Creating environment descriptor '/home/user/nanosaur/install/nanosaur_description/share/nanosaur_description/hook/cmake_prefix_path.dsv'
[0.879s] INFO:colcon.colcon_core.shell:Creating environment hook '/home/user/nanosaur/install/nanosaur_description/share/nanosaur_description/hook/cmake_prefix_path.sh'
[0.880s] Level 1:colcon.colcon_core.environment:checking '/home/user/nanosaur/install/nanosaur_description/bin'
[0.880s] Level 1:colcon.colcon_core.environment:checking '/home/user/nanosaur/install/nanosaur_description/lib/pkgconfig/nanosaur_description.pc'
[0.881s] Level 1:colcon.colcon_core.environment:checking '/home/user/nanosaur/install/nanosaur_description/lib/python3.10/site-packages'
[0.881s] Level 1:colcon.colcon_core.environment:checking '/home/user/nanosaur/install/nanosaur_description/bin'
[0.882s] INFO:colcon.colcon_core.shell:Creating package script '/home/user/nanosaur/install/nanosaur_description/share/nanosaur_description/package.ps1'
[0.883s] INFO:colcon.colcon_core.shell:Creating package descriptor '/home/user/nanosaur/install/nanosaur_description/share/nanosaur_description/package.dsv'
[0.883s] INFO:colcon.colcon_core.shell:Creating package script '/home/user/nanosaur/install/nanosaur_description/share/nanosaur_description/package.sh'
[0.884s] INFO:colcon.colcon_core.shell:Creating package script '/home/user/nanosaur/install/nanosaur_description/share/nanosaur_description/package.bash'
[0.884s] INFO:colcon.colcon_core.shell:Creating package script '/home/user/nanosaur/install/nanosaur_description/share/nanosaur_description/package.zsh'
[0.884s] Level 1:colcon.colcon_core.environment:create_file_with_runtime_dependencies(/home/user/nanosaur/install/nanosaur_description/share/colcon-core/packages/nanosaur_description)
[0.886s] DEBUG:colcon.colcon_core.event_handler.log_command:Invoked command in '/home/user/nanosaur/build/nanosaur_msgs' returned '0': CMAKE_PREFIX_PATH=${CMAKE_PREFIX_PATH}:/home/user/nanosaur/install/ros2_camera_receiver:/opt/ros/humble /usr/bin/cmake --build /home/user/nanosaur/build/nanosaur_msgs -- -j16 -l16
[0.888s] Level 1:colcon.colcon_core.environment:create_environment_scripts_only(nanosaur_worlds)
[0.893s] Level 1:colcon.colcon_core.environment:checking '/home/user/nanosaur/install/nanosaur_worlds' for CMake module files
[0.894s] DEBUG:colcon.colcon_core.event_handler.log_command:Invoked command in '/home/user/nanosaur/build/nanosaur_worlds' returned '0': CMAKE_PREFIX_PATH=${CMAKE_PREFIX_PATH}:/home/user/nanosaur/install/ros2_camera_receiver:/opt/ros/humble /usr/bin/cmake --install /home/user/nanosaur/build/nanosaur_worlds
[0.895s] Level 1:colcon.colcon_core.environment:checking '/home/user/nanosaur/install/nanosaur_worlds' for CMake config files
[0.895s] Level 1:colcon.colcon_core.shell:create_environment_hook('nanosaur_worlds', 'cmake_prefix_path')
[0.896s] INFO:colcon.colcon_core.shell:Creating environment hook '/home/user/nanosaur/install/nanosaur_worlds/share/nanosaur_worlds/hook/cmake_prefix_path.ps1'
[0.896s] INFO:colcon.colcon_core.shell:Creating environment descriptor '/home/user/nanosaur/install/nanosaur_worlds/share/nanosaur_worlds/hook/cmake_prefix_path.dsv'
[0.897s] INFO:colcon.colcon_core.shell:Creating environment hook '/home/user/nanosaur/install/nanosaur_worlds/share/nanosaur_worlds/hook/cmake_prefix_path.sh'
[0.898s] Level 1:colcon.colcon_core.environment:checking '/home/user/nanosaur/install/nanosaur_worlds/bin'
[0.898s] Level 1:colcon.colcon_core.environment:checking '/home/user/nanosaur/install/nanosaur_worlds/lib/pkgconfig/nanosaur_worlds.pc'
[0.898s] Level 1:colcon.colcon_core.environment:checking '/home/user/nanosaur/install/nanosaur_worlds/lib/python3.10/site-packages'
[0.898s] Level 1:colcon.colcon_core.environment:checking '/home/user/nanosaur/install/nanosaur_worlds/bin'
[0.899s] INFO:colcon.colcon_core.shell:Creating package script '/home/user/nanosaur/install/nanosaur_worlds/share/nanosaur_worlds/package.ps1'
[0.900s] INFO:colcon.colcon_core.shell:Creating package descriptor '/home/user/nanosaur/install/nanosaur_worlds/share/nanosaur_worlds/package.dsv'
[0.900s] INFO:colcon.colcon_core.shell:Creating package script '/home/user/nanosaur/install/nanosaur_worlds/share/nanosaur_worlds/package.sh'
[0.901s] INFO:colcon.colcon_core.shell:Creating package script '/home/user/nanosaur/install/nanosaur_worlds/share/nanosaur_worlds/package.bash'
[0.901s] INFO:colcon.colcon_core.shell:Creating package script '/home/user/nanosaur/install/nanosaur_worlds/share/nanosaur_worlds/package.zsh'
[0.901s] Level 1:colcon.colcon_core.environment:create_file_with_runtime_dependencies(/home/user/nanosaur/install/nanosaur_worlds/share/colcon-core/packages/nanosaur_worlds)
[0.904s] Level 1:colcon.colcon_core.environment:create_environment_scripts_only(nanosaur_simulations)
[0.906s] Level 1:colcon.colcon_core.environment:checking '/home/user/nanosaur/install/nanosaur_simulations' for CMake module files
[0.907s] Level 1:colcon.colcon_core.environment:checking '/home/user/nanosaur/install/nanosaur_simulations' for CMake config files
[0.907s] Level 1:colcon.colcon_core.shell:create_environment_hook('nanosaur_simulations', 'cmake_prefix_path')
[0.909s] INFO:colcon.colcon_core.shell:Creating environment hook '/home/user/nanosaur/install/nanosaur_simulations/share/nanosaur_simulations/hook/cmake_prefix_path.ps1'
[0.910s] INFO:colcon.colcon_core.shell:Creating environment descriptor '/home/user/nanosaur/install/nanosaur_simulations/share/nanosaur_simulations/hook/cmake_prefix_path.dsv'
[0.910s] INFO:colcon.colcon_core.shell:Creating environment hook '/home/user/nanosaur/install/nanosaur_simulations/share/nanosaur_simulations/hook/cmake_prefix_path.sh'
[0.911s] Level 1:colcon.colcon_core.environment:checking '/home/user/nanosaur/install/nanosaur_simulations/bin'
[0.911s] Level 1:colcon.colcon_core.environment:checking '/home/user/nanosaur/install/nanosaur_simulations/lib/pkgconfig/nanosaur_simulations.pc'
[0.912s] Level 1:colcon.colcon_core.environment:checking '/home/user/nanosaur/install/nanosaur_simulations/lib/python3.10/site-packages'
[0.912s] Level 1:colcon.colcon_core.environment:checking '/home/user/nanosaur/install/nanosaur_simulations/bin'
[0.913s] INFO:colcon.colcon_core.shell:Creating package script '/home/user/nanosaur/install/nanosaur_simulations/share/nanosaur_simulations/package.ps1'
[0.914s] INFO:colcon.colcon_core.shell:Creating package descriptor '/home/user/nanosaur/install/nanosaur_simulations/share/nanosaur_simulations/package.dsv'
[0.915s] INFO:colcon.colcon_core.shell:Creating package script '/home/user/nanosaur/install/nanosaur_simulations/share/nanosaur_simulations/package.sh'
[0.915s] INFO:colcon.colcon_core.shell:Creating package script '/home/user/nanosaur/install/nanosaur_simulations/share/nanosaur_simulations/package.bash'
[0.915s] INFO:colcon.colcon_core.shell:Creating package script '/home/user/nanosaur/install/nanosaur_simulations/share/nanosaur_simulations/package.zsh'
[0.916s] Level 1:colcon.colcon_core.environment:create_file_with_runtime_dependencies(/home/user/nanosaur/install/nanosaur_simulations/share/colcon-core/packages/nanosaur_simulations)
[0.917s] Level 1:colcon.colcon_core.environment:create_environment_scripts_only(nanosaur_control)
[0.919s] Level 1:colcon.colcon_core.environment:checking '/home/user/nanosaur/install/nanosaur_control' for CMake module files
[0.919s] Level 1:colcon.colcon_core.environment:checking '/home/user/nanosaur/install/nanosaur_control' for CMake config files
[0.920s] Level 1:colcon.colcon_core.shell:create_environment_hook('nanosaur_control', 'cmake_prefix_path')
[0.921s] INFO:colcon.colcon_core.shell:Creating environment hook '/home/user/nanosaur/install/nanosaur_control/share/nanosaur_control/hook/cmake_prefix_path.ps1'
[0.921s] INFO:colcon.colcon_core.shell:Creating environment descriptor '/home/user/nanosaur/install/nanosaur_control/share/nanosaur_control/hook/cmake_prefix_path.dsv'
[0.921s] INFO:colcon.colcon_core.shell:Creating environment hook '/home/user/nanosaur/install/nanosaur_control/share/nanosaur_control/hook/cmake_prefix_path.sh'
[0.922s] Level 1:colcon.colcon_core.environment:checking '/home/user/nanosaur/install/nanosaur_control/bin'
[0.922s] Level 1:colcon.colcon_core.environment:checking '/home/user/nanosaur/install/nanosaur_control/lib/pkgconfig/nanosaur_control.pc'
[0.922s] Level 1:colcon.colcon_core.environment:checking '/home/user/nanosaur/install/nanosaur_control/lib/python3.10/site-packages'
[0.922s] Level 1:colcon.colcon_core.environment:checking '/home/user/nanosaur/install/nanosaur_control/bin'
[0.924s] INFO:colcon.colcon_core.shell:Creating package script '/home/user/nanosaur/install/nanosaur_control/share/nanosaur_control/package.ps1'
[0.924s] INFO:colcon.colcon_core.shell:Creating package descriptor '/home/user/nanosaur/install/nanosaur_control/share/nanosaur_control/package.dsv'
[0.925s] INFO:colcon.colcon_core.shell:Creating package script '/home/user/nanosaur/install/nanosaur_control/share/nanosaur_control/package.sh'
[0.925s] INFO:colcon.colcon_core.shell:Creating package script '/home/user/nanosaur/install/nanosaur_control/share/nanosaur_control/package.bash'
[0.925s] INFO:colcon.colcon_core.shell:Creating package script '/home/user/nanosaur/install/nanosaur_control/share/nanosaur_control/package.zsh'
[0.926s] Level 1:colcon.colcon_core.environment:create_file_with_runtime_dependencies(/home/user/nanosaur/install/nanosaur_control/share/colcon-core/packages/nanosaur_control)
[0.929s] Level 1:colcon.colcon_core.environment:create_environment_scripts_only(nanosaur_description)
[0.931s] Level 1:colcon.colcon_core.environment:checking '/home/user/nanosaur/install/nanosaur_description' for CMake module files
[0.933s] Level 1:colcon.colcon_core.environment:checking '/home/user/nanosaur/install/nanosaur_description' for CMake config files
[0.933s] Level 1:colcon.colcon_core.shell:create_environment_hook('nanosaur_description', 'cmake_prefix_path')
[0.934s] INFO:colcon.colcon_core.shell:Creating environment hook '/home/user/nanosaur/install/nanosaur_description/share/nanosaur_description/hook/cmake_prefix_path.ps1'
[0.935s] INFO:colcon.colcon_core.shell:Creating environment descriptor '/home/user/nanosaur/install/nanosaur_description/share/nanosaur_description/hook/cmake_prefix_path.dsv'
[0.935s] INFO:colcon.colcon_core.shell:Creating environment hook '/home/user/nanosaur/install/nanosaur_description/share/nanosaur_description/hook/cmake_prefix_path.sh'
[0.936s] Level 1:colcon.colcon_core.environment:checking '/home/user/nanosaur/install/nanosaur_description/bin'
[0.936s] Level 1:colcon.colcon_core.environment:checking '/home/user/nanosaur/install/nanosaur_description/lib/pkgconfig/nanosaur_description.pc'
[0.936s] Level 1:colcon.colcon_core.environment:checking '/home/user/nanosaur/install/nanosaur_description/lib/python3.10/site-packages'
[0.936s] Level 1:colcon.colcon_core.environment:checking '/home/user/nanosaur/install/nanosaur_description/bin'
[0.937s] INFO:colcon.colcon_core.shell:Creating package script '/home/user/nanosaur/install/nanosaur_description/share/nanosaur_description/package.ps1'
[0.938s] INFO:colcon.colcon_core.shell:Creating package descriptor '/home/user/nanosaur/install/nanosaur_description/share/nanosaur_description/package.dsv'
[0.938s] INFO:colcon.colcon_core.shell:Creating package script '/home/user/nanosaur/install/nanosaur_description/share/nanosaur_description/package.sh'
[0.938s] INFO:colcon.colcon_core.shell:Creating package script '/home/user/nanosaur/install/nanosaur_description/share/nanosaur_description/package.bash'
[0.939s] INFO:colcon.colcon_core.shell:Creating package script '/home/user/nanosaur/install/nanosaur_description/share/nanosaur_description/package.zsh'
[0.939s] Level 1:colcon.colcon_core.environment:create_file_with_runtime_dependencies(/home/user/nanosaur/install/nanosaur_description/share/colcon-core/packages/nanosaur_description)
[0.940s] INFO:colcon.colcon_ros.task.ament_cmake.build:Building ROS package in '/home/user/nanosaur/src/nanosaur_simulations/nanosaur_gazebo' with build type 'ament_cmake'
[0.940s] INFO:colcon.colcon_cmake.task.cmake.build:Building CMake package in '/home/user/nanosaur/src/nanosaur_simulations/nanosaur_gazebo'
[0.941s] INFO:colcon.colcon_core.shell:Skip shell extension 'powershell' for command environment: Not usable outside of PowerShell
[0.941s] DEBUG:colcon.colcon_core.shell:Skip shell extension 'dsv' for command environment
[0.949s] Level 1:colcon.colcon_core.environment:create_environment_scripts_only(nanosaur_worlds)
[0.951s] Level 1:colcon.colcon_core.environment:checking '/home/user/nanosaur/install/nanosaur_worlds' for CMake module files
[0.952s] Level 1:colcon.colcon_core.environment:checking '/home/user/nanosaur/install/nanosaur_worlds' for CMake config files
[0.952s] Level 1:colcon.colcon_core.shell:create_environment_hook('nanosaur_worlds', 'cmake_prefix_path')
[0.954s] INFO:colcon.colcon_core.shell:Creating environment hook '/home/user/nanosaur/install/nanosaur_worlds/share/nanosaur_worlds/hook/cmake_prefix_path.ps1'
[0.954s] INFO:colcon.colcon_core.shell:Creating environment descriptor '/home/user/nanosaur/install/nanosaur_worlds/share/nanosaur_worlds/hook/cmake_prefix_path.dsv'
[0.955s] INFO:colcon.colcon_core.shell:Creating environment hook '/home/user/nanosaur/install/nanosaur_worlds/share/nanosaur_worlds/hook/cmake_prefix_path.sh'
[0.955s] Level 1:colcon.colcon_core.environment:checking '/home/user/nanosaur/install/nanosaur_worlds/bin'
[0.955s] Level 1:colcon.colcon_core.environment:checking '/home/user/nanosaur/install/nanosaur_worlds/lib/pkgconfig/nanosaur_worlds.pc'
[0.955s] Level 1:colcon.colcon_core.environment:checking '/home/user/nanosaur/install/nanosaur_worlds/lib/python3.10/site-packages'
[0.955s] Level 1:colcon.colcon_core.environment:checking '/home/user/nanosaur/install/nanosaur_worlds/bin'
[0.957s] INFO:colcon.colcon_core.shell:Creating package script '/home/user/nanosaur/install/nanosaur_worlds/share/nanosaur_worlds/package.ps1'
[0.958s] INFO:colcon.colcon_core.shell:Creating package descriptor '/home/user/nanosaur/install/nanosaur_worlds/share/nanosaur_worlds/package.dsv'
[0.958s] INFO:colcon.colcon_core.shell:Creating package script '/home/user/nanosaur/install/nanosaur_worlds/share/nanosaur_worlds/package.sh'
[0.958s] INFO:colcon.colcon_core.shell:Creating package script '/home/user/nanosaur/install/nanosaur_worlds/share/nanosaur_worlds/package.bash'
[0.959s] INFO:colcon.colcon_core.shell:Creating package script '/home/user/nanosaur/install/nanosaur_worlds/share/nanosaur_worlds/package.zsh'
[0.959s] Level 1:colcon.colcon_core.environment:create_file_with_runtime_dependencies(/home/user/nanosaur/install/nanosaur_worlds/share/colcon-core/packages/nanosaur_worlds)
[0.963s] DEBUG:colcon.colcon_core.event_handler.log_command:Invoking command in '/home/user/nanosaur/build/nanosaur_gazebo': CMAKE_PREFIX_PATH=/home/user/nanosaur/install/nanosaur_description:/home/user/nanosaur/install/nanosaur_control:/home/user/nanosaur/install/nanosaur_worlds:/home/user/nanosaur/install/nanosaur_simulations:/home/user/nanosaur/install/nanosaur:/home/user/nanosaur/install/nanosaur_msgs:/home/user/nanosaur/install/nanosaur_gazebo:/home/user/nanosaur/install/ros2_camera_receiver:/opt/ros/humble /usr/bin/cmake --build /home/user/nanosaur/build/nanosaur_gazebo -- -j16 -l16
[0.981s] DEBUG:colcon.colcon_core.event_handler.log_command:Invoking command in '/home/user/nanosaur/build/nanosaur_msgs': CMAKE_PREFIX_PATH=${CMAKE_PREFIX_PATH}:/home/user/nanosaur/install/ros2_camera_receiver:/opt/ros/humble /usr/bin/cmake --install /home/user/nanosaur/build/nanosaur_msgs
[1.012s] DEBUG:colcon.colcon_core.event_handler.log_command:Invoked command in '/home/user/nanosaur/build/nanosaur_gazebo' returned '0': CMAKE_PREFIX_PATH=/home/user/nanosaur/install/nanosaur_description:/home/user/nanosaur/install/nanosaur_control:/home/user/nanosaur/install/nanosaur_worlds:/home/user/nanosaur/install/nanosaur_simulations:/home/user/nanosaur/install/nanosaur:/home/user/nanosaur/install/nanosaur_msgs:/home/user/nanosaur/install/nanosaur_gazebo:/home/user/nanosaur/install/ros2_camera_receiver:/opt/ros/humble /usr/bin/cmake --build /home/user/nanosaur/build/nanosaur_gazebo -- -j16 -l16
[1.038s] Level 1:colcon.colcon_core.environment:create_environment_scripts_only(nanosaur_msgs)
[1.040s] Level 1:colcon.colcon_core.environment:checking '/home/user/nanosaur/install/nanosaur_msgs' for CMake module files
[1.041s] DEBUG:colcon.colcon_core.event_handler.log_command:Invoked command in '/home/user/nanosaur/build/nanosaur_msgs' returned '0': CMAKE_PREFIX_PATH=${CMAKE_PREFIX_PATH}:/home/user/nanosaur/install/ros2_camera_receiver:/opt/ros/humble /usr/bin/cmake --install /home/user/nanosaur/build/nanosaur_msgs
[1.041s] Level 1:colcon.colcon_core.environment:checking '/home/user/nanosaur/install/nanosaur_msgs' for CMake config files
[1.042s] Level 1:colcon.colcon_core.shell:create_environment_hook('nanosaur_msgs', 'cmake_prefix_path')
[1.043s] INFO:colcon.colcon_core.shell:Creating environment hook '/home/user/nanosaur/install/nanosaur_msgs/share/nanosaur_msgs/hook/cmake_prefix_path.ps1'
[1.044s] INFO:colcon.colcon_core.shell:Creating environment descriptor '/home/user/nanosaur/install/nanosaur_msgs/share/nanosaur_msgs/hook/cmake_prefix_path.dsv'
[1.044s] INFO:colcon.colcon_core.shell:Creating environment hook '/home/user/nanosaur/install/nanosaur_msgs/share/nanosaur_msgs/hook/cmake_prefix_path.sh'
[1.044s] Level 1:colcon.colcon_core.environment:checking '/home/user/nanosaur/install/nanosaur_msgs/lib'
[1.045s] Level 1:colcon.colcon_core.shell:create_environment_hook('nanosaur_msgs', 'ld_library_path_lib')
[1.046s] INFO:colcon.colcon_core.shell:Creating environment hook '/home/user/nanosaur/install/nanosaur_msgs/share/nanosaur_msgs/hook/ld_library_path_lib.ps1'
[1.047s] INFO:colcon.colcon_core.shell:Creating environment descriptor '/home/user/nanosaur/install/nanosaur_msgs/share/nanosaur_msgs/hook/ld_library_path_lib.dsv'
[1.047s] INFO:colcon.colcon_core.shell:Creating environment hook '/home/user/nanosaur/install/nanosaur_msgs/share/nanosaur_msgs/hook/ld_library_path_lib.sh'
[1.048s] Level 1:colcon.colcon_core.environment:checking '/home/user/nanosaur/install/nanosaur_msgs/bin'
[1.049s] Level 1:colcon.colcon_core.environment:checking '/home/user/nanosaur/install/nanosaur_msgs/lib/pkgconfig/nanosaur_msgs.pc'
[1.049s] Level 1:colcon.colcon_core.environment:checking '/home/user/nanosaur/install/nanosaur_msgs/lib/python3.10/site-packages'
[1.049s] Level 1:colcon.colcon_core.environment:checking '/home/user/nanosaur/install/nanosaur_msgs/bin'
[1.050s] INFO:colcon.colcon_core.shell:Creating package script '/home/user/nanosaur/install/nanosaur_msgs/share/nanosaur_msgs/package.ps1'
[1.051s] INFO:colcon.colcon_core.shell:Creating package descriptor '/home/user/nanosaur/install/nanosaur_msgs/share/nanosaur_msgs/package.dsv'
[1.051s] INFO:colcon.colcon_core.shell:Creating package script '/home/user/nanosaur/install/nanosaur_msgs/share/nanosaur_msgs/package.sh'
[1.052s] INFO:colcon.colcon_core.shell:Creating package script '/home/user/nanosaur/install/nanosaur_msgs/share/nanosaur_msgs/package.bash'
[1.052s] INFO:colcon.colcon_core.shell:Creating package script '/home/user/nanosaur/install/nanosaur_msgs/share/nanosaur_msgs/package.zsh'
[1.053s] Level 1:colcon.colcon_core.environment:create_file_with_runtime_dependencies(/home/user/nanosaur/install/nanosaur_msgs/share/colcon-core/packages/nanosaur_msgs)
[1.055s] DEBUG:colcon.colcon_core.event_handler.log_command:Invoking command in '/home/user/nanosaur/build/nanosaur_gazebo': CMAKE_PREFIX_PATH=/home/user/nanosaur/install/nanosaur_description:/home/user/nanosaur/install/nanosaur_control:/home/user/nanosaur/install/nanosaur_worlds:/home/user/nanosaur/install/nanosaur_simulations:/home/user/nanosaur/install/nanosaur:/home/user/nanosaur/install/nanosaur_msgs:/home/user/nanosaur/install/nanosaur_gazebo:/home/user/nanosaur/install/ros2_camera_receiver:/opt/ros/humble /usr/bin/cmake --install /home/user/nanosaur/build/nanosaur_gazebo
[1.071s] Level 1:colcon.colcon_core.environment:create_environment_scripts_only(nanosaur_gazebo)
[1.075s] Level 1:colcon.colcon_core.environment:checking '/home/user/nanosaur/install/nanosaur_gazebo' for CMake module files
[1.076s] DEBUG:colcon.colcon_core.event_handler.log_command:Invoked command in '/home/user/nanosaur/build/nanosaur_gazebo' returned '0': CMAKE_PREFIX_PATH=/home/user/nanosaur/install/nanosaur_description:/home/user/nanosaur/install/nanosaur_control:/home/user/nanosaur/install/nanosaur_worlds:/home/user/nanosaur/install/nanosaur_simulations:/home/user/nanosaur/install/nanosaur:/home/user/nanosaur/install/nanosaur_msgs:/home/user/nanosaur/install/nanosaur_gazebo:/home/user/nanosaur/install/ros2_camera_receiver:/opt/ros/humble /usr/bin/cmake --install /home/user/nanosaur/build/nanosaur_gazebo
[1.077s] Level 1:colcon.colcon_core.environment:checking '/home/user/nanosaur/install/nanosaur_gazebo' for CMake config files
[1.077s] Level 1:colcon.colcon_core.shell:create_environment_hook('nanosaur_gazebo', 'cmake_prefix_path')
[1.078s] INFO:colcon.colcon_core.shell:Creating environment hook '/home/user/nanosaur/install/nanosaur_gazebo/share/nanosaur_gazebo/hook/cmake_prefix_path.ps1'
[1.079s] INFO:colcon.colcon_core.shell:Creating environment descriptor '/home/user/nanosaur/install/nanosaur_gazebo/share/nanosaur_gazebo/hook/cmake_prefix_path.dsv'
[1.079s] INFO:colcon.colcon_core.shell:Creating environment hook '/home/user/nanosaur/install/nanosaur_gazebo/share/nanosaur_gazebo/hook/cmake_prefix_path.sh'
[1.079s] Level 1:colcon.colcon_core.environment:checking '/home/user/nanosaur/install/nanosaur_gazebo/bin'
[1.079s] Level 1:colcon.colcon_core.environment:checking '/home/user/nanosaur/install/nanosaur_gazebo/lib/pkgconfig/nanosaur_gazebo.pc'
[1.080s] Level 1:colcon.colcon_core.environment:checking '/home/user/nanosaur/install/nanosaur_gazebo/lib/python3.10/site-packages'
[1.080s] Level 1:colcon.colcon_core.environment:checking '/home/user/nanosaur/install/nanosaur_gazebo/bin'
[1.081s] INFO:colcon.colcon_core.shell:Creating package script '/home/user/nanosaur/install/nanosaur_gazebo/share/nanosaur_gazebo/package.ps1'
[1.081s] INFO:colcon.colcon_core.shell:Creating package descriptor '/home/user/nanosaur/install/nanosaur_gazebo/share/nanosaur_gazebo/package.dsv'
[1.082s] INFO:colcon.colcon_core.shell:Creating package script '/home/user/nanosaur/install/nanosaur_gazebo/share/nanosaur_gazebo/package.sh'
[1.082s] INFO:colcon.colcon_core.shell:Creating package script '/home/user/nanosaur/install/nanosaur_gazebo/share/nanosaur_gazebo/package.bash'
[1.082s] INFO:colcon.colcon_core.shell:Creating package script '/home/user/nanosaur/install/nanosaur_gazebo/share/nanosaur_gazebo/package.zsh'
[1.082s] Level 1:colcon.colcon_core.environment:create_file_with_runtime_dependencies(/home/user/nanosaur/install/nanosaur_gazebo/share/colcon-core/packages/nanosaur_gazebo)
[1.104s] DEBUG:colcon.colcon_core.event_handler.log_command:Invoking command in '/home/user/nanosaur/src/ros2_camera_receiver': PYTHONPATH=/home/user/nanosaur/build/ros2_camera_receiver/prefix_override:/home/user/nanosaur/install/ros2_camera_receiver/lib/python3.10/site-packages:${PYTHONPATH} /usr/bin/python3 setup.py egg_info --egg-base ../../build/ros2_camera_receiver build --build-base /home/user/nanosaur/build/ros2_camera_receiver/build install --record /home/user/nanosaur/build/ros2_camera_receiver/install.log --single-version-externally-managed
[1.112s] Level 1:colcon.colcon_core.environment:create_environment_scripts_only(nanosaur_gazebo)
[1.114s] Level 1:colcon.colcon_core.environment:checking '/home/user/nanosaur/install/nanosaur_gazebo' for CMake module files
[1.115s] Level 1:colcon.colcon_core.environment:checking '/home/user/nanosaur/install/nanosaur_gazebo' for CMake config files
[1.115s] Level 1:colcon.colcon_core.shell:create_environment_hook('nanosaur_gazebo', 'cmake_prefix_path')
[1.116s] INFO:colcon.colcon_core.shell:Creating environment hook '/home/user/nanosaur/install/nanosaur_gazebo/share/nanosaur_gazebo/hook/cmake_prefix_path.ps1'
[1.117s] INFO:colcon.colcon_core.shell:Creating environment descriptor '/home/user/nanosaur/install/nanosaur_gazebo/share/nanosaur_gazebo/hook/cmake_prefix_path.dsv'
[1.117s] INFO:colcon.colcon_core.shell:Creating environment hook '/home/user/nanosaur/install/nanosaur_gazebo/share/nanosaur_gazebo/hook/cmake_prefix_path.sh'
[1.117s] Level 1:colcon.colcon_core.environment:checking '/home/user/nanosaur/install/nanosaur_gazebo/bin'
[1.117s] Level 1:colcon.colcon_core.environment:checking '/home/user/nanosaur/install/nanosaur_gazebo/lib/pkgconfig/nanosaur_gazebo.pc'
[1.118s] Level 1:colcon.colcon_core.environment:checking '/home/user/nanosaur/install/nanosaur_gazebo/lib/python3.10/site-packages'
[1.118s] Level 1:colcon.colcon_core.environment:checking '/home/user/nanosaur/install/nanosaur_gazebo/bin'
[1.119s] INFO:colcon.colcon_core.shell:Creating package script '/home/user/nanosaur/install/nanosaur_gazebo/share/nanosaur_gazebo/package.ps1'
[1.119s] INFO:colcon.colcon_core.shell:Creating package descriptor '/home/user/nanosaur/install/nanosaur_gazebo/share/nanosaur_gazebo/package.dsv'
[1.120s] INFO:colcon.colcon_core.shell:Creating package script '/home/user/nanosaur/install/nanosaur_gazebo/share/nanosaur_gazebo/package.sh'
[1.120s] INFO:colcon.colcon_core.shell:Creating package script '/home/user/nanosaur/install/nanosaur_gazebo/share/nanosaur_gazebo/package.bash'
[1.120s] INFO:colcon.colcon_core.shell:Creating package script '/home/user/nanosaur/install/nanosaur_gazebo/share/nanosaur_gazebo/package.zsh'
[1.121s] Level 1:colcon.colcon_core.environment:create_file_with_runtime_dependencies(/home/user/nanosaur/install/nanosaur_gazebo/share/colcon-core/packages/nanosaur_gazebo)
[1.159s] Level 1:colcon.colcon_core.environment:create_environment_scripts_only(nanosaur_msgs)
[1.160s] Level 1:colcon.colcon_core.environment:checking '/home/user/nanosaur/install/nanosaur_msgs' for CMake module files
[1.161s] Level 1:colcon.colcon_core.environment:checking '/home/user/nanosaur/install/nanosaur_msgs' for CMake config files
[1.162s] Level 1:colcon.colcon_core.shell:create_environment_hook('nanosaur_msgs', 'cmake_prefix_path')
[1.163s] INFO:colcon.colcon_core.shell:Creating environment hook '/home/user/nanosaur/install/nanosaur_msgs/share/nanosaur_msgs/hook/cmake_prefix_path.ps1'
[1.164s] INFO:colcon.colcon_core.shell:Creating environment descriptor '/home/user/nanosaur/install/nanosaur_msgs/share/nanosaur_msgs/hook/cmake_prefix_path.dsv'
[1.164s] INFO:colcon.colcon_core.shell:Creating environment hook '/home/user/nanosaur/install/nanosaur_msgs/share/nanosaur_msgs/hook/cmake_prefix_path.sh'
[1.164s] Level 1:colcon.colcon_core.environment:checking '/home/user/nanosaur/install/nanosaur_msgs/lib'
[1.164s] Level 1:colcon.colcon_core.shell:create_environment_hook('nanosaur_msgs', 'ld_library_path_lib')
[1.165s] INFO:colcon.colcon_core.shell:Creating environment hook '/home/user/nanosaur/install/nanosaur_msgs/share/nanosaur_msgs/hook/ld_library_path_lib.ps1'
[1.166s] INFO:colcon.colcon_core.shell:Creating environment descriptor '/home/user/nanosaur/install/nanosaur_msgs/share/nanosaur_msgs/hook/ld_library_path_lib.dsv'
[1.166s] INFO:colcon.colcon_core.shell:Creating environment hook '/home/user/nanosaur/install/nanosaur_msgs/share/nanosaur_msgs/hook/ld_library_path_lib.sh'
[1.166s] Level 1:colcon.colcon_core.environment:checking '/home/user/nanosaur/install/nanosaur_msgs/bin'
[1.166s] Level 1:colcon.colcon_core.environment:checking '/home/user/nanosaur/install/nanosaur_msgs/lib/pkgconfig/nanosaur_msgs.pc'
[1.167s] Level 1:colcon.colcon_core.environment:checking '/home/user/nanosaur/install/nanosaur_msgs/lib/python3.10/site-packages'
[1.167s] Level 1:colcon.colcon_core.environment:checking '/home/user/nanosaur/install/nanosaur_msgs/bin'
[1.168s] INFO:colcon.colcon_core.shell:Creating package script '/home/user/nanosaur/install/nanosaur_msgs/share/nanosaur_msgs/package.ps1'
[1.168s] INFO:colcon.colcon_core.shell:Creating package descriptor '/home/user/nanosaur/install/nanosaur_msgs/share/nanosaur_msgs/package.dsv'
[1.169s] INFO:colcon.colcon_core.shell:Creating package script '/home/user/nanosaur/install/nanosaur_msgs/share/nanosaur_msgs/package.sh'
[1.169s] INFO:colcon.colcon_core.shell:Creating package script '/home/user/nanosaur/install/nanosaur_msgs/share/nanosaur_msgs/package.bash'
[1.169s] INFO:colcon.colcon_core.shell:Creating package script '/home/user/nanosaur/install/nanosaur_msgs/share/nanosaur_msgs/package.zsh'
[1.169s] Level 1:colcon.colcon_core.environment:create_file_with_runtime_dependencies(/home/user/nanosaur/install/nanosaur_msgs/share/colcon-core/packages/nanosaur_msgs)
[1.170s] INFO:colcon.colcon_ros.task.ament_cmake.build:Building ROS package in '/home/user/nanosaur/src/nanosaur/nanosaur' with build type 'ament_cmake'
[1.170s] INFO:colcon.colcon_cmake.task.cmake.build:Building CMake package in '/home/user/nanosaur/src/nanosaur/nanosaur'
[1.171s] INFO:colcon.colcon_core.shell:Skip shell extension 'powershell' for command environment: Not usable outside of PowerShell
[1.171s] DEBUG:colcon.colcon_core.shell:Skip shell extension 'dsv' for command environment
[1.189s] DEBUG:colcon.colcon_core.event_handler.log_command:Invoking command in '/home/user/nanosaur/build/nanosaur': CMAKE_PREFIX_PATH=/home/user/nanosaur/install/nanosaur_msgs:/home/user/nanosaur/install/nanosaur_description:/home/user/nanosaur/install/nanosaur_control:/home/user/nanosaur/install/nanosaur_worlds:/home/user/nanosaur/install/nanosaur_simulations:/home/user/nanosaur/install/nanosaur:/home/user/nanosaur/install/nanosaur_gazebo:/home/user/nanosaur/install/ros2_camera_receiver:/opt/ros/humble /usr/bin/cmake --build /home/user/nanosaur/build/nanosaur -- -j16 -l16
[1.240s] DEBUG:colcon.colcon_core.event_handler.log_command:Invoked command in '/home/user/nanosaur/build/nanosaur' returned '0': CMAKE_PREFIX_PATH=/home/user/nanosaur/install/nanosaur_msgs:/home/user/nanosaur/install/nanosaur_description:/home/user/nanosaur/install/nanosaur_control:/home/user/nanosaur/install/nanosaur_worlds:/home/user/nanosaur/install/nanosaur_simulations:/home/user/nanosaur/install/nanosaur:/home/user/nanosaur/install/nanosaur_gazebo:/home/user/nanosaur/install/ros2_camera_receiver:/opt/ros/humble /usr/bin/cmake --build /home/user/nanosaur/build/nanosaur -- -j16 -l16
[1.276s] DEBUG:colcon.colcon_core.event_handler.log_command:Invoking command in '/home/user/nanosaur/build/nanosaur': CMAKE_PREFIX_PATH=/home/user/nanosaur/install/nanosaur_msgs:/home/user/nanosaur/install/nanosaur_description:/home/user/nanosaur/install/nanosaur_control:/home/user/nanosaur/install/nanosaur_worlds:/home/user/nanosaur/install/nanosaur_simulations:/home/user/nanosaur/install/nanosaur:/home/user/nanosaur/install/nanosaur_gazebo:/home/user/nanosaur/install/ros2_camera_receiver:/opt/ros/humble /usr/bin/cmake --install /home/user/nanosaur/build/nanosaur
[1.289s] Level 1:colcon.colcon_core.environment:create_environment_scripts_only(nanosaur)
[1.293s] Level 1:colcon.colcon_core.environment:checking '/home/user/nanosaur/install/nanosaur' for CMake module files
[1.294s] DEBUG:colcon.colcon_core.event_handler.log_command:Invoked command in '/home/user/nanosaur/build/nanosaur' returned '0': CMAKE_PREFIX_PATH=/home/user/nanosaur/install/nanosaur_msgs:/home/user/nanosaur/install/nanosaur_description:/home/user/nanosaur/install/nanosaur_control:/home/user/nanosaur/install/nanosaur_worlds:/home/user/nanosaur/install/nanosaur_simulations:/home/user/nanosaur/install/nanosaur:/home/user/nanosaur/install/nanosaur_gazebo:/home/user/nanosaur/install/ros2_camera_receiver:/opt/ros/humble /usr/bin/cmake --install /home/user/nanosaur/build/nanosaur
[1.294s] Level 1:colcon.colcon_core.environment:checking '/home/user/nanosaur/install/nanosaur' for CMake config files
[1.295s] Level 1:colcon.colcon_core.shell:create_environment_hook('nanosaur', 'cmake_prefix_path')
[1.297s] INFO:colcon.colcon_core.shell:Creating environment hook '/home/user/nanosaur/install/nanosaur/share/nanosaur/hook/cmake_prefix_path.ps1'
[1.298s] INFO:colcon.colcon_core.shell:Creating environment descriptor '/home/user/nanosaur/install/nanosaur/share/nanosaur/hook/cmake_prefix_path.dsv'
[1.298s] INFO:colcon.colcon_core.shell:Creating environment hook '/home/user/nanosaur/install/nanosaur/share/nanosaur/hook/cmake_prefix_path.sh'
[1.299s] Level 1:colcon.colcon_core.environment:checking '/home/user/nanosaur/install/nanosaur/bin'
[1.299s] Level 1:colcon.colcon_core.environment:checking '/home/user/nanosaur/install/nanosaur/lib/pkgconfig/nanosaur.pc'
[1.299s] Level 1:colcon.colcon_core.environment:checking '/home/user/nanosaur/install/nanosaur/lib/python3.10/site-packages'
[1.300s] Level 1:colcon.colcon_core.environment:checking '/home/user/nanosaur/install/nanosaur/bin'
[1.301s] INFO:colcon.colcon_core.shell:Creating package script '/home/user/nanosaur/install/nanosaur/share/nanosaur/package.ps1'
[1.302s] INFO:colcon.colcon_core.shell:Creating package descriptor '/home/user/nanosaur/install/nanosaur/share/nanosaur/package.dsv'
[1.303s] INFO:colcon.colcon_core.shell:Creating package script '/home/user/nanosaur/install/nanosaur/share/nanosaur/package.sh'
[1.304s] INFO:colcon.colcon_core.shell:Creating package script '/home/user/nanosaur/install/nanosaur/share/nanosaur/package.bash'
[1.305s] INFO:colcon.colcon_core.shell:Creating package script '/home/user/nanosaur/install/nanosaur/share/nanosaur/package.zsh'
[1.305s] Level 1:colcon.colcon_core.environment:create_file_with_runtime_dependencies(/home/user/nanosaur/install/nanosaur/share/colcon-core/packages/nanosaur)
[1.336s] Level 1:colcon.colcon_core.environment:create_environment_scripts_only(nanosaur)
[1.340s] Level 1:colcon.colcon_core.environment:checking '/home/user/nanosaur/install/nanosaur' for CMake module files
[1.341s] Level 1:colcon.colcon_core.environment:checking '/home/user/nanosaur/install/nanosaur' for CMake config files
[1.342s] Level 1:colcon.colcon_core.shell:create_environment_hook('nanosaur', 'cmake_prefix_path')
[1.344s] INFO:colcon.colcon_core.shell:Creating environment hook '/home/user/nanosaur/install/nanosaur/share/nanosaur/hook/cmake_prefix_path.ps1'
[1.345s] INFO:colcon.colcon_core.shell:Creating environment descriptor '/home/user/nanosaur/install/nanosaur/share/nanosaur/hook/cmake_prefix_path.dsv'
[1.346s] INFO:colcon.colcon_core.shell:Creating environment hook '/home/user/nanosaur/install/nanosaur/share/nanosaur/hook/cmake_prefix_path.sh'
[1.347s] Level 1:colcon.colcon_core.environment:checking '/home/user/nanosaur/install/nanosaur/bin'
[1.347s] Level 1:colcon.colcon_core.environment:checking '/home/user/nanosaur/install/nanosaur/lib/pkgconfig/nanosaur.pc'
[1.347s] Level 1:colcon.colcon_core.environment:checking '/home/user/nanosaur/install/nanosaur/lib/python3.10/site-packages'
[1.348s] Level 1:colcon.colcon_core.environment:checking '/home/user/nanosaur/install/nanosaur/bin'
[1.350s] INFO:colcon.colcon_core.shell:Creating package script '/home/user/nanosaur/install/nanosaur/share/nanosaur/package.ps1'
[1.351s] INFO:colcon.colcon_core.shell:Creating package descriptor '/home/user/nanosaur/install/nanosaur/share/nanosaur/package.dsv'
[1.351s] INFO:colcon.colcon_core.shell:Creating package script '/home/user/nanosaur/install/nanosaur/share/nanosaur/package.sh'
[1.352s] INFO:colcon.colcon_core.shell:Creating package script '/home/user/nanosaur/install/nanosaur/share/nanosaur/package.bash'
[1.352s] INFO:colcon.colcon_core.shell:Creating package script '/home/user/nanosaur/install/nanosaur/share/nanosaur/package.zsh'
[1.353s] Level 1:colcon.colcon_core.environment:create_file_with_runtime_dependencies(/home/user/nanosaur/install/nanosaur/share/colcon-core/packages/nanosaur)
[1.382s] Level 1:colcon.colcon_core.environment:checking '/home/user/nanosaur/install/ros2_camera_receiver' for CMake module files
[1.383s] DEBUG:colcon.colcon_core.event_handler.log_command:Invoked command in '/home/user/nanosaur/src/ros2_camera_receiver' returned '0': PYTHONPATH=/home/user/nanosaur/build/ros2_camera_receiver/prefix_override:/home/user/nanosaur/install/ros2_camera_receiver/lib/python3.10/site-packages:${PYTHONPATH} /usr/bin/python3 setup.py egg_info --egg-base ../../build/ros2_camera_receiver build --build-base /home/user/nanosaur/build/ros2_camera_receiver/build install --record /home/user/nanosaur/build/ros2_camera_receiver/install.log --single-version-externally-managed
[1.383s] Level 1:colcon.colcon_core.environment:checking '/home/user/nanosaur/install/ros2_camera_receiver' for CMake config files
[1.384s] Level 1:colcon.colcon_core.environment:checking '/home/user/nanosaur/install/ros2_camera_receiver/lib'
[1.384s] Level 1:colcon.colcon_core.environment:checking '/home/user/nanosaur/install/ros2_camera_receiver/bin'
[1.385s] Level 1:colcon.colcon_core.environment:checking '/home/user/nanosaur/install/ros2_camera_receiver/lib/pkgconfig/ros2_camera_receiver.pc'
[1.385s] Level 1:colcon.colcon_core.environment:checking '/home/user/nanosaur/install/ros2_camera_receiver/lib/python3.10/site-packages'
[1.385s] Level 1:colcon.colcon_core.shell:create_environment_hook('ros2_camera_receiver', 'pythonpath')
[1.388s] INFO:colcon.colcon_core.shell:Creating environment hook '/home/user/nanosaur/install/ros2_camera_receiver/share/ros2_camera_receiver/hook/pythonpath.ps1'
[1.388s] INFO:colcon.colcon_core.shell:Creating environment descriptor '/home/user/nanosaur/install/ros2_camera_receiver/share/ros2_camera_receiver/hook/pythonpath.dsv'
[1.389s] INFO:colcon.colcon_core.shell:Creating environment hook '/home/user/nanosaur/install/ros2_camera_receiver/share/ros2_camera_receiver/hook/pythonpath.sh'
[1.390s] Level 1:colcon.colcon_core.environment:checking '/home/user/nanosaur/install/ros2_camera_receiver/bin'
[1.391s] Level 1:colcon.colcon_core.environment:create_environment_scripts_only(ros2_camera_receiver)
[1.393s] INFO:colcon.colcon_core.shell:Creating package script '/home/user/nanosaur/install/ros2_camera_receiver/share/ros2_camera_receiver/package.ps1'
[1.394s] INFO:colcon.colcon_core.shell:Creating package descriptor '/home/user/nanosaur/install/ros2_camera_receiver/share/ros2_camera_receiver/package.dsv'
[1.394s] INFO:colcon.colcon_core.shell:Creating package script '/home/user/nanosaur/install/ros2_camera_receiver/share/ros2_camera_receiver/package.sh'
[1.395s] INFO:colcon.colcon_core.shell:Creating package script '/home/user/nanosaur/install/ros2_camera_receiver/share/ros2_camera_receiver/package.bash'
[1.395s] INFO:colcon.colcon_core.shell:Creating package script '/home/user/nanosaur/install/ros2_camera_receiver/share/ros2_camera_receiver/package.zsh'
[1.395s] Level 1:colcon.colcon_core.environment:create_file_with_runtime_dependencies(/home/user/nanosaur/install/ros2_camera_receiver/share/colcon-core/packages/ros2_camera_receiver)
[1.396s] DEBUG:colcon.colcon_parallel_executor.executor.parallel:closing loop
[1.396s] DEBUG:colcon.colcon_parallel_executor.executor.parallel:loop closed
[1.396s] DEBUG:colcon.colcon_parallel_executor.executor.parallel:run_until_complete finished with '0'
[1.396s] DEBUG:colcon.colcon_core.event_reactor:joining thread
[1.405s] INFO:colcon.colcon_core.plugin_system:Skipping extension 'colcon_notification.desktop_notification.notify_send': Could not find 'notify-send'
[1.406s] INFO:colcon.colcon_core.plugin_system:Skipping extension 'colcon_notification.desktop_notification.terminal_notifier': Not used on non-Darwin systems
[1.406s] INFO:colcon.colcon_core.plugin_system:Skipping extension 'colcon_notification.desktop_notification.win32': Not used on non-Windows systems
[1.406s] INFO:colcon.colcon_notification.desktop_notification:Sending desktop notification using 'notify2'
[1.409s] DEBUG:colcon.colcon_notification.desktop_notification.notify2:Failed to initialize notify2: org.freedesktop.DBus.Error.Spawn.ExecFailed: /usr/bin/dbus-launch terminated abnormally without any error message
[1.410s] DEBUG:colcon.colcon_core.event_reactor:joined thread
[1.413s] INFO:colcon.colcon_core.shell:Creating prefix script '/home/user/nanosaur/install/local_setup.ps1'
[1.415s] INFO:colcon.colcon_core.shell:Creating prefix util module '/home/user/nanosaur/install/_local_setup_util_ps1.py'
[1.418s] INFO:colcon.colcon_core.shell:Creating prefix chain script '/home/user/nanosaur/install/setup.ps1'
[1.421s] INFO:colcon.colcon_core.shell:Creating prefix script '/home/user/nanosaur/install/local_setup.sh'
[1.422s] INFO:colcon.colcon_core.shell:Creating prefix util module '/home/user/nanosaur/install/_local_setup_util_sh.py'
[1.422s] INFO:colcon.colcon_core.shell:Creating prefix chain script '/home/user/nanosaur/install/setup.sh'
[1.424s] INFO:colcon.colcon_core.shell:Creating prefix script '/home/user/nanosaur/install/local_setup.bash'
[1.424s] INFO:colcon.colcon_core.shell:Creating prefix chain script '/home/user/nanosaur/install/setup.bash'
[1.427s] INFO:colcon.colcon_core.shell:Creating prefix script '/home/user/nanosaur/install/local_setup.zsh'
[1.428s] INFO:colcon.colcon_core.shell:Creating prefix chain script '/home/user/nanosaur/install/setup.zsh'
