[0.211s] DEBUG:colcon:Command line arguments: ['/usr/bin/colcon', 'build']
[0.211s] DEBUG:colcon:Parsed command line arguments: Namespace(log_base=None, log_level=None, verb_name='build', build_base='build', install_base='install', merge_install=False, symlink_install=False, test_result_base=None, continue_on_error=False, executor='parallel', parallel_workers=16, event_handlers=None, ignore_user_meta=False, metas=['./colcon.meta'], base_paths=['.'], packages_ignore=None, packages_ignore_regex=None, paths=None, packages_up_to=None, packages_up_to_regex=None, packages_above=None, packages_above_and_dependencies=None, packages_above_depth=None, packages_select_by_dep=None, packages_skip_by_dep=None, packages_skip_up_to=None, packages_select_build_failed=False, packages_skip_build_finished=False, packages_select_test_failures=False, packages_skip_test_passed=False, packages_select=None, packages_skip=None, packages_select_regex=None, packages_skip_regex=None, packages_start=None, packages_end=None, cmake_args=None, cmake_target=None, cmake_target_skip_unavailable=False, cmake_clean_cache=False, cmake_clean_first=False, cmake_force_configure=False, ament_cmake_args=None, catkin_cmake_args=None, catkin_skip_building_tests=False, mixin_files=None, mixin=None, verb_parser=<colcon_mixin.mixin.mixin_argument.MixinArgumentDecorator object at 0x7fea527e87c0>, verb_extension=<colcon_core.verb.build.BuildVerb object at 0x7fea52fc0160>, main=<bound method BuildVerb.main of <colcon_core.verb.build.BuildVerb object at 0x7fea52fc0160>>, mixin_verb=('build',))
[0.238s] Level 1:colcon.colcon_core.package_discovery:discover_packages(colcon_meta) check parameters
[0.238s] Level 1:colcon.colcon_core.package_discovery:discover_packages(recursive) check parameters
[0.238s] Level 1:colcon.colcon_core.package_discovery:discover_packages(ignore) check parameters
[0.238s] Level 1:colcon.colcon_core.package_discovery:discover_packages(path) check parameters
[0.238s] Level 1:colcon.colcon_core.package_discovery:discover_packages(colcon_meta) discover
[0.238s] Level 1:colcon.colcon_core.package_discovery:discover_packages(recursive) discover
[0.238s] INFO:colcon.colcon_core.package_discovery:Crawling recursively for packages in '/home/user/nanosaur'
[0.238s] Level 1:colcon.colcon_core.package_identification:_identify(.) by extensions ['ignore', 'ignore_ament_install']
[0.238s] Level 1:colcon.colcon_core.package_identification:_identify(.) by extension 'ignore'
[0.238s] Level 1:colcon.colcon_core.package_identification:_identify(.) by extension 'ignore_ament_install'
[0.238s] Level 1:colcon.colcon_core.package_identification:_identify(.) by extensions ['colcon_pkg']
[0.238s] Level 1:colcon.colcon_core.package_identification:_identify(.) by extension 'colcon_pkg'
[0.238s] Level 1:colcon.colcon_core.package_identification:_identify(.) by extensions ['colcon_meta']
[0.238s] Level 1:colcon.colcon_core.package_identification:_identify(.) by extension 'colcon_meta'
[0.238s] Level 1:colcon.colcon_core.package_identification:_identify(.) by extensions ['ros']
[0.238s] Level 1:colcon.colcon_core.package_identification:_identify(.) by extension 'ros'
[0.246s] Level 1:colcon.colcon_core.package_identification:_identify(.) by extensions ['cmake', 'python']
[0.246s] Level 1:colcon.colcon_core.package_identification:_identify(.) by extension 'cmake'
[0.246s] Level 1:colcon.colcon_core.package_identification:_identify(.) by extension 'python'
[0.246s] Level 1:colcon.colcon_core.package_identification:_identify(.) by extensions ['python_setup_py']
[0.246s] Level 1:colcon.colcon_core.package_identification:_identify(.) by extension 'python_setup_py'
[0.246s] Level 1:colcon.colcon_core.package_identification:_identify(build) by extensions ['ignore', 'ignore_ament_install']
[0.246s] Level 1:colcon.colcon_core.package_identification:_identify(build) by extension 'ignore'
[0.246s] Level 1:colcon.colcon_core.package_identification:_identify(build) ignored
[0.247s] Level 1:colcon.colcon_core.package_identification:_identify(install) by extensions ['ignore', 'ignore_ament_install']
[0.247s] Level 1:colcon.colcon_core.package_identification:_identify(install) by extension 'ignore'
[0.247s] Level 1:colcon.colcon_core.package_identification:_identify(install) ignored
[0.247s] Level 1:colcon.colcon_core.package_identification:_identify(log) by extensions ['ignore', 'ignore_ament_install']
[0.247s] Level 1:colcon.colcon_core.package_identification:_identify(log) by extension 'ignore'
[0.247s] Level 1:colcon.colcon_core.package_identification:_identify(log) ignored
[0.247s] Level 1:colcon.colcon_core.package_identification:_identify(src) by extensions ['ignore', 'ignore_ament_install']
[0.247s] Level 1:colcon.colcon_core.package_identification:_identify(src) by extension 'ignore'
[0.247s] Level 1:colcon.colcon_core.package_identification:_identify(src) by extension 'ignore_ament_install'
[0.247s] Level 1:colcon.colcon_core.package_identification:_identify(src) by extensions ['colcon_pkg']
[0.247s] Level 1:colcon.colcon_core.package_identification:_identify(src) by extension 'colcon_pkg'
[0.247s] Level 1:colcon.colcon_core.package_identification:_identify(src) by extensions ['colcon_meta']
[0.247s] Level 1:colcon.colcon_core.package_identification:_identify(src) by extension 'colcon_meta'
[0.247s] Level 1:colcon.colcon_core.package_identification:_identify(src) by extensions ['ros']
[0.247s] Level 1:colcon.colcon_core.package_identification:_identify(src) by extension 'ros'
[0.247s] Level 1:colcon.colcon_core.package_identification:_identify(src) by extensions ['cmake', 'python']
[0.247s] Level 1:colcon.colcon_core.package_identification:_identify(src) by extension 'cmake'
[0.247s] Level 1:colcon.colcon_core.package_identification:_identify(src) by extension 'python'
[0.247s] Level 1:colcon.colcon_core.package_identification:_identify(src) by extensions ['python_setup_py']
[0.247s] Level 1:colcon.colcon_core.package_identification:_identify(src) by extension 'python_setup_py'
[0.247s] Level 1:colcon.colcon_core.package_identification:_identify(src/nanosaur) by extensions ['ignore', 'ignore_ament_install']
[0.247s] Level 1:colcon.colcon_core.package_identification:_identify(src/nanosaur) by extension 'ignore'
[0.248s] Level 1:colcon.colcon_core.package_identification:_identify(src/nanosaur) by extension 'ignore_ament_install'
[0.248s] Level 1:colcon.colcon_core.package_identification:_identify(src/nanosaur) by extensions ['colcon_pkg']
[0.248s] Level 1:colcon.colcon_core.package_identification:_identify(src/nanosaur) by extension 'colcon_pkg'
[0.248s] Level 1:colcon.colcon_core.package_identification:_identify(src/nanosaur) by extensions ['colcon_meta']
[0.248s] Level 1:colcon.colcon_core.package_identification:_identify(src/nanosaur) by extension 'colcon_meta'
[0.248s] Level 1:colcon.colcon_core.package_identification:_identify(src/nanosaur) by extensions ['ros']
[0.248s] Level 1:colcon.colcon_core.package_identification:_identify(src/nanosaur) by extension 'ros'
[0.248s] Level 1:colcon.colcon_core.package_identification:_identify(src/nanosaur) by extensions ['cmake', 'python']
[0.248s] Level 1:colcon.colcon_core.package_identification:_identify(src/nanosaur) by extension 'cmake'
[0.248s] Level 1:colcon.colcon_core.package_identification:_identify(src/nanosaur) by extension 'python'
[0.248s] Level 1:colcon.colcon_core.package_identification:_identify(src/nanosaur) by extensions ['python_setup_py']
[0.248s] Level 1:colcon.colcon_core.package_identification:_identify(src/nanosaur) by extension 'python_setup_py'
[0.248s] Level 1:colcon.colcon_core.package_identification:_identify(src/nanosaur/nanosaur) by extensions ['ignore', 'ignore_ament_install']
[0.248s] Level 1:colcon.colcon_core.package_identification:_identify(src/nanosaur/nanosaur) by extension 'ignore'
[0.248s] Level 1:colcon.colcon_core.package_identification:_identify(src/nanosaur/nanosaur) by extension 'ignore_ament_install'
[0.248s] Level 1:colcon.colcon_core.package_identification:_identify(src/nanosaur/nanosaur) by extensions ['colcon_pkg']
[0.248s] Level 1:colcon.colcon_core.package_identification:_identify(src/nanosaur/nanosaur) by extension 'colcon_pkg'
[0.248s] Level 1:colcon.colcon_core.package_identification:_identify(src/nanosaur/nanosaur) by extensions ['colcon_meta']
[0.248s] Level 1:colcon.colcon_core.package_identification:_identify(src/nanosaur/nanosaur) by extension 'colcon_meta'
[0.248s] Level 1:colcon.colcon_core.package_identification:_identify(src/nanosaur/nanosaur) by extensions ['ros']
[0.248s] Level 1:colcon.colcon_core.package_identification:_identify(src/nanosaur/nanosaur) by extension 'ros'
[0.251s] DEBUG:colcon.colcon_core.package_identification:Package 'src/nanosaur/nanosaur' with type 'ros.ament_cmake' and name 'nanosaur'
[0.251s] Level 1:colcon.colcon_core.package_identification:_identify(src/nanosaur/nanosaur_control) by extensions ['ignore', 'ignore_ament_install']
[0.251s] Level 1:colcon.colcon_core.package_identification:_identify(src/nanosaur/nanosaur_control) by extension 'ignore'
[0.251s] Level 1:colcon.colcon_core.package_identification:_identify(src/nanosaur/nanosaur_control) by extension 'ignore_ament_install'
[0.251s] Level 1:colcon.colcon_core.package_identification:_identify(src/nanosaur/nanosaur_control) by extensions ['colcon_pkg']
[0.251s] Level 1:colcon.colcon_core.package_identification:_identify(src/nanosaur/nanosaur_control) by extension 'colcon_pkg'
[0.251s] Level 1:colcon.colcon_core.package_identification:_identify(src/nanosaur/nanosaur_control) by extensions ['colcon_meta']
[0.251s] Level 1:colcon.colcon_core.package_identification:_identify(src/nanosaur/nanosaur_control) by extension 'colcon_meta'
[0.251s] Level 1:colcon.colcon_core.package_identification:_identify(src/nanosaur/nanosaur_control) by extensions ['ros']
[0.251s] Level 1:colcon.colcon_core.package_identification:_identify(src/nanosaur/nanosaur_control) by extension 'ros'
[0.252s] DEBUG:colcon.colcon_core.package_identification:Package 'src/nanosaur/nanosaur_control' with type 'ros.ament_cmake' and name 'nanosaur_control'
[0.252s] Level 1:colcon.colcon_core.package_identification:_identify(src/nanosaur/nanosaur_description) by extensions ['ignore', 'ignore_ament_install']
[0.252s] Level 1:colcon.colcon_core.package_identification:_identify(src/nanosaur/nanosaur_description) by extension 'ignore'
[0.252s] Level 1:colcon.colcon_core.package_identification:_identify(src/nanosaur/nanosaur_description) by extension 'ignore_ament_install'
[0.252s] Level 1:colcon.colcon_core.package_identification:_identify(src/nanosaur/nanosaur_description) by extensions ['colcon_pkg']
[0.252s] Level 1:colcon.colcon_core.package_identification:_identify(src/nanosaur/nanosaur_description) by extension 'colcon_pkg'
[0.252s] Level 1:colcon.colcon_core.package_identification:_identify(src/nanosaur/nanosaur_description) by extensions ['colcon_meta']
[0.252s] Level 1:colcon.colcon_core.package_identification:_identify(src/nanosaur/nanosaur_description) by extension 'colcon_meta'
[0.252s] Level 1:colcon.colcon_core.package_identification:_identify(src/nanosaur/nanosaur_description) by extensions ['ros']
[0.252s] Level 1:colcon.colcon_core.package_identification:_identify(src/nanosaur/nanosaur_description) by extension 'ros'
[0.252s] DEBUG:colcon.colcon_core.package_identification:Package 'src/nanosaur/nanosaur_description' with type 'ros.ament_cmake' and name 'nanosaur_description'
[0.252s] Level 1:colcon.colcon_core.package_identification:_identify(src/nanosaur/nanosaur_msgs) by extensions ['ignore', 'ignore_ament_install']
[0.252s] Level 1:colcon.colcon_core.package_identification:_identify(src/nanosaur/nanosaur_msgs) by extension 'ignore'
[0.252s] Level 1:colcon.colcon_core.package_identification:_identify(src/nanosaur/nanosaur_msgs) by extension 'ignore_ament_install'
[0.253s] Level 1:colcon.colcon_core.package_identification:_identify(src/nanosaur/nanosaur_msgs) by extensions ['colcon_pkg']
[0.253s] Level 1:colcon.colcon_core.package_identification:_identify(src/nanosaur/nanosaur_msgs) by extension 'colcon_pkg'
[0.253s] Level 1:colcon.colcon_core.package_identification:_identify(src/nanosaur/nanosaur_msgs) by extensions ['colcon_meta']
[0.253s] Level 1:colcon.colcon_core.package_identification:_identify(src/nanosaur/nanosaur_msgs) by extension 'colcon_meta'
[0.253s] Level 1:colcon.colcon_core.package_identification:_identify(src/nanosaur/nanosaur_msgs) by extensions ['ros']
[0.253s] Level 1:colcon.colcon_core.package_identification:_identify(src/nanosaur/nanosaur_msgs) by extension 'ros'
[0.253s] DEBUG:colcon.colcon_core.package_identification:Package 'src/nanosaur/nanosaur_msgs' with type 'ros.ament_cmake' and name 'nanosaur_msgs'
[0.253s] Level 1:colcon.colcon_core.package_identification:_identify(src/nanosaur_simulations) by extensions ['ignore', 'ignore_ament_install']
[0.253s] Level 1:colcon.colcon_core.package_identification:_identify(src/nanosaur_simulations) by extension 'ignore'
[0.253s] Level 1:colcon.colcon_core.package_identification:_identify(src/nanosaur_simulations) by extension 'ignore_ament_install'
[0.253s] Level 1:colcon.colcon_core.package_identification:_identify(src/nanosaur_simulations) by extensions ['colcon_pkg']
[0.253s] Level 1:colcon.colcon_core.package_identification:_identify(src/nanosaur_simulations) by extension 'colcon_pkg'
[0.253s] Level 1:colcon.colcon_core.package_identification:_identify(src/nanosaur_simulations) by extensions ['colcon_meta']
[0.253s] Level 1:colcon.colcon_core.package_identification:_identify(src/nanosaur_simulations) by extension 'colcon_meta'
[0.253s] Level 1:colcon.colcon_core.package_identification:_identify(src/nanosaur_simulations) by extensions ['ros']
[0.253s] Level 1:colcon.colcon_core.package_identification:_identify(src/nanosaur_simulations) by extension 'ros'
[0.253s] Level 1:colcon.colcon_core.package_identification:_identify(src/nanosaur_simulations) by extensions ['cmake', 'python']
[0.253s] Level 1:colcon.colcon_core.package_identification:_identify(src/nanosaur_simulations) by extension 'cmake'
[0.254s] Level 1:colcon.colcon_core.package_identification:_identify(src/nanosaur_simulations) by extension 'python'
[0.254s] Level 1:colcon.colcon_core.package_identification:_identify(src/nanosaur_simulations) by extensions ['python_setup_py']
[0.254s] Level 1:colcon.colcon_core.package_identification:_identify(src/nanosaur_simulations) by extension 'python_setup_py'
[0.254s] Level 1:colcon.colcon_core.package_identification:_identify(src/nanosaur_simulations/nanosaur_gazebo) by extensions ['ignore', 'ignore_ament_install']
[0.254s] Level 1:colcon.colcon_core.package_identification:_identify(src/nanosaur_simulations/nanosaur_gazebo) by extension 'ignore'
[0.254s] Level 1:colcon.colcon_core.package_identification:_identify(src/nanosaur_simulations/nanosaur_gazebo) by extension 'ignore_ament_install'
[0.254s] Level 1:colcon.colcon_core.package_identification:_identify(src/nanosaur_simulations/nanosaur_gazebo) by extensions ['colcon_pkg']
[0.254s] Level 1:colcon.colcon_core.package_identification:_identify(src/nanosaur_simulations/nanosaur_gazebo) by extension 'colcon_pkg'
[0.254s] Level 1:colcon.colcon_core.package_identification:_identify(src/nanosaur_simulations/nanosaur_gazebo) by extensions ['colcon_meta']
[0.254s] Level 1:colcon.colcon_core.package_identification:_identify(src/nanosaur_simulations/nanosaur_gazebo) by extension 'colcon_meta'
[0.254s] Level 1:colcon.colcon_core.package_identification:_identify(src/nanosaur_simulations/nanosaur_gazebo) by extensions ['ros']
[0.254s] Level 1:colcon.colcon_core.package_identification:_identify(src/nanosaur_simulations/nanosaur_gazebo) by extension 'ros'
[0.254s] DEBUG:colcon.colcon_core.package_identification:Package 'src/nanosaur_simulations/nanosaur_gazebo' with type 'ros.ament_cmake' and name 'nanosaur_gazebo'
[0.254s] Level 1:colcon.colcon_core.package_identification:_identify(src/nanosaur_simulations/nanosaur_simulations) by extensions ['ignore', 'ignore_ament_install']
[0.255s] Level 1:colcon.colcon_core.package_identification:_identify(src/nanosaur_simulations/nanosaur_simulations) by extension 'ignore'
[0.255s] Level 1:colcon.colcon_core.package_identification:_identify(src/nanosaur_simulations/nanosaur_simulations) by extension 'ignore_ament_install'
[0.255s] Level 1:colcon.colcon_core.package_identification:_identify(src/nanosaur_simulations/nanosaur_simulations) by extensions ['colcon_pkg']
[0.255s] Level 1:colcon.colcon_core.package_identification:_identify(src/nanosaur_simulations/nanosaur_simulations) by extension 'colcon_pkg'
[0.255s] Level 1:colcon.colcon_core.package_identification:_identify(src/nanosaur_simulations/nanosaur_simulations) by extensions ['colcon_meta']
[0.255s] Level 1:colcon.colcon_core.package_identification:_identify(src/nanosaur_simulations/nanosaur_simulations) by extension 'colcon_meta'
[0.255s] Level 1:colcon.colcon_core.package_identification:_identify(src/nanosaur_simulations/nanosaur_simulations) by extensions ['ros']
[0.255s] Level 1:colcon.colcon_core.package_identification:_identify(src/nanosaur_simulations/nanosaur_simulations) by extension 'ros'
[0.255s] DEBUG:colcon.colcon_core.package_identification:Package 'src/nanosaur_simulations/nanosaur_simulations' with type 'ros.ament_cmake' and name 'nanosaur_simulations'
[0.255s] Level 1:colcon.colcon_core.package_identification:_identify(src/nanosaur_simulations/nanosaur_worlds) by extensions ['ignore', 'ignore_ament_install']
[0.255s] Level 1:colcon.colcon_core.package_identification:_identify(src/nanosaur_simulations/nanosaur_worlds) by extension 'ignore'
[0.255s] Level 1:colcon.colcon_core.package_identification:_identify(src/nanosaur_simulations/nanosaur_worlds) by extension 'ignore_ament_install'
[0.255s] Level 1:colcon.colcon_core.package_identification:_identify(src/nanosaur_simulations/nanosaur_worlds) by extensions ['colcon_pkg']
[0.255s] Level 1:colcon.colcon_core.package_identification:_identify(src/nanosaur_simulations/nanosaur_worlds) by extension 'colcon_pkg'
[0.255s] Level 1:colcon.colcon_core.package_identification:_identify(src/nanosaur_simulations/nanosaur_worlds) by extensions ['colcon_meta']
[0.255s] Level 1:colcon.colcon_core.package_identification:_identify(src/nanosaur_simulations/nanosaur_worlds) by extension 'colcon_meta'
[0.255s] Level 1:colcon.colcon_core.package_identification:_identify(src/nanosaur_simulations/nanosaur_worlds) by extensions ['ros']
[0.255s] Level 1:colcon.colcon_core.package_identification:_identify(src/nanosaur_simulations/nanosaur_worlds) by extension 'ros'
[0.256s] DEBUG:colcon.colcon_core.package_identification:Package 'src/nanosaur_simulations/nanosaur_worlds' with type 'ros.ament_cmake' and name 'nanosaur_worlds'
[0.256s] Level 1:colcon.colcon_core.package_discovery:discover_packages(recursive) using defaults
[0.256s] Level 1:colcon.colcon_core.package_discovery:discover_packages(ignore) discover
[0.256s] Level 1:colcon.colcon_core.package_discovery:discover_packages(ignore) using defaults
[0.256s] Level 1:colcon.colcon_core.package_discovery:discover_packages(path) discover
[0.256s] Level 1:colcon.colcon_core.package_discovery:discover_packages(path) using defaults
[0.273s] Level 5:colcon.colcon_core.verb:set package 'nanosaur_control' build argument 'cmake_args' from command line to 'None'
[0.273s] Level 5:colcon.colcon_core.verb:set package 'nanosaur_control' build argument 'cmake_target' from command line to 'None'
[0.273s] Level 5:colcon.colcon_core.verb:set package 'nanosaur_control' build argument 'cmake_target_skip_unavailable' from command line to 'False'
[0.273s] Level 5:colcon.colcon_core.verb:set package 'nanosaur_control' build argument 'cmake_clean_cache' from command line to 'False'
[0.273s] Level 5:colcon.colcon_core.verb:set package 'nanosaur_control' build argument 'cmake_clean_first' from command line to 'False'
[0.273s] Level 5:colcon.colcon_core.verb:set package 'nanosaur_control' build argument 'cmake_force_configure' from command line to 'False'
[0.273s] Level 5:colcon.colcon_core.verb:set package 'nanosaur_control' build argument 'ament_cmake_args' from command line to 'None'
[0.273s] Level 5:colcon.colcon_core.verb:set package 'nanosaur_control' build argument 'catkin_cmake_args' from command line to 'None'
[0.273s] Level 5:colcon.colcon_core.verb:set package 'nanosaur_control' build argument 'catkin_skip_building_tests' from command line to 'False'
[0.273s] DEBUG:colcon.colcon_core.verb:Building package 'nanosaur_control' with the following arguments: {'ament_cmake_args': None, 'build_base': '/home/user/nanosaur/build/nanosaur_control', 'catkin_cmake_args': None, 'catkin_skip_building_tests': False, 'cmake_args': None, 'cmake_clean_cache': False, 'cmake_clean_first': False, 'cmake_force_configure': False, 'cmake_target': None, 'cmake_target_skip_unavailable': False, 'install_base': '/home/user/nanosaur/install/nanosaur_control', 'merge_install': False, 'path': '/home/user/nanosaur/src/nanosaur/nanosaur_control', 'symlink_install': False, 'test_result_base': None}
[0.274s] Level 5:colcon.colcon_core.verb:set package 'nanosaur_description' build argument 'cmake_args' from command line to 'None'
[0.274s] Level 5:colcon.colcon_core.verb:set package 'nanosaur_description' build argument 'cmake_target' from command line to 'None'
[0.274s] Level 5:colcon.colcon_core.verb:set package 'nanosaur_description' build argument 'cmake_target_skip_unavailable' from command line to 'False'
[0.274s] Level 5:colcon.colcon_core.verb:set package 'nanosaur_description' build argument 'cmake_clean_cache' from command line to 'False'
[0.274s] Level 5:colcon.colcon_core.verb:set package 'nanosaur_description' build argument 'cmake_clean_first' from command line to 'False'
[0.274s] Level 5:colcon.colcon_core.verb:set package 'nanosaur_description' build argument 'cmake_force_configure' from command line to 'False'
[0.274s] Level 5:colcon.colcon_core.verb:set package 'nanosaur_description' build argument 'ament_cmake_args' from command line to 'None'
[0.274s] Level 5:colcon.colcon_core.verb:set package 'nanosaur_description' build argument 'catkin_cmake_args' from command line to 'None'
[0.274s] Level 5:colcon.colcon_core.verb:set package 'nanosaur_description' build argument 'catkin_skip_building_tests' from command line to 'False'
[0.274s] DEBUG:colcon.colcon_core.verb:Building package 'nanosaur_description' with the following arguments: {'ament_cmake_args': None, 'build_base': '/home/user/nanosaur/build/nanosaur_description', 'catkin_cmake_args': None, 'catkin_skip_building_tests': False, 'cmake_args': None, 'cmake_clean_cache': False, 'cmake_clean_first': False, 'cmake_force_configure': False, 'cmake_target': None, 'cmake_target_skip_unavailable': False, 'install_base': '/home/user/nanosaur/install/nanosaur_description', 'merge_install': False, 'path': '/home/user/nanosaur/src/nanosaur/nanosaur_description', 'symlink_install': False, 'test_result_base': None}
[0.274s] Level 5:colcon.colcon_core.verb:set package 'nanosaur_msgs' build argument 'cmake_args' from command line to 'None'
[0.274s] Level 5:colcon.colcon_core.verb:set package 'nanosaur_msgs' build argument 'cmake_target' from command line to 'None'
[0.274s] Level 5:colcon.colcon_core.verb:set package 'nanosaur_msgs' build argument 'cmake_target_skip_unavailable' from command line to 'False'
[0.274s] Level 5:colcon.colcon_core.verb:set package 'nanosaur_msgs' build argument 'cmake_clean_cache' from command line to 'False'
[0.274s] Level 5:colcon.colcon_core.verb:set package 'nanosaur_msgs' build argument 'cmake_clean_first' from command line to 'False'
[0.274s] Level 5:colcon.colcon_core.verb:set package 'nanosaur_msgs' build argument 'cmake_force_configure' from command line to 'False'
[0.274s] Level 5:colcon.colcon_core.verb:set package 'nanosaur_msgs' build argument 'ament_cmake_args' from command line to 'None'
[0.274s] Level 5:colcon.colcon_core.verb:set package 'nanosaur_msgs' build argument 'catkin_cmake_args' from command line to 'None'
[0.275s] Level 5:colcon.colcon_core.verb:set package 'nanosaur_msgs' build argument 'catkin_skip_building_tests' from command line to 'False'
[0.275s] DEBUG:colcon.colcon_core.verb:Building package 'nanosaur_msgs' with the following arguments: {'ament_cmake_args': None, 'build_base': '/home/user/nanosaur/build/nanosaur_msgs', 'catkin_cmake_args': None, 'catkin_skip_building_tests': False, 'cmake_args': None, 'cmake_clean_cache': False, 'cmake_clean_first': False, 'cmake_force_configure': False, 'cmake_target': None, 'cmake_target_skip_unavailable': False, 'install_base': '/home/user/nanosaur/install/nanosaur_msgs', 'merge_install': False, 'path': '/home/user/nanosaur/src/nanosaur/nanosaur_msgs', 'symlink_install': False, 'test_result_base': None}
[0.275s] Level 5:colcon.colcon_core.verb:set package 'nanosaur_simulations' build argument 'cmake_args' from command line to 'None'
[0.275s] Level 5:colcon.colcon_core.verb:set package 'nanosaur_simulations' build argument 'cmake_target' from command line to 'None'
[0.275s] Level 5:colcon.colcon_core.verb:set package 'nanosaur_simulations' build argument 'cmake_target_skip_unavailable' from command line to 'False'
[0.275s] Level 5:colcon.colcon_core.verb:set package 'nanosaur_simulations' build argument 'cmake_clean_cache' from command line to 'False'
[0.275s] Level 5:colcon.colcon_core.verb:set package 'nanosaur_simulations' build argument 'cmake_clean_first' from command line to 'False'
[0.275s] Level 5:colcon.colcon_core.verb:set package 'nanosaur_simulations' build argument 'cmake_force_configure' from command line to 'False'
[0.275s] Level 5:colcon.colcon_core.verb:set package 'nanosaur_simulations' build argument 'ament_cmake_args' from command line to 'None'
[0.275s] Level 5:colcon.colcon_core.verb:set package 'nanosaur_simulations' build argument 'catkin_cmake_args' from command line to 'None'
[0.275s] Level 5:colcon.colcon_core.verb:set package 'nanosaur_simulations' build argument 'catkin_skip_building_tests' from command line to 'False'
[0.275s] DEBUG:colcon.colcon_core.verb:Building package 'nanosaur_simulations' with the following arguments: {'ament_cmake_args': None, 'build_base': '/home/user/nanosaur/build/nanosaur_simulations', 'catkin_cmake_args': None, 'catkin_skip_building_tests': False, 'cmake_args': None, 'cmake_clean_cache': False, 'cmake_clean_first': False, 'cmake_force_configure': False, 'cmake_target': None, 'cmake_target_skip_unavailable': False, 'install_base': '/home/user/nanosaur/install/nanosaur_simulations', 'merge_install': False, 'path': '/home/user/nanosaur/src/nanosaur_simulations/nanosaur_simulations', 'symlink_install': False, 'test_result_base': None}
[0.276s] Level 5:colcon.colcon_core.verb:set package 'nanosaur_worlds' build argument 'cmake_args' from command line to 'None'
[0.276s] Level 5:colcon.colcon_core.verb:set package 'nanosaur_worlds' build argument 'cmake_target' from command line to 'None'
[0.276s] Level 5:colcon.colcon_core.verb:set package 'nanosaur_worlds' build argument 'cmake_target_skip_unavailable' from command line to 'False'
[0.276s] Level 5:colcon.colcon_core.verb:set package 'nanosaur_worlds' build argument 'cmake_clean_cache' from command line to 'False'
[0.276s] Level 5:colcon.colcon_core.verb:set package 'nanosaur_worlds' build argument 'cmake_clean_first' from command line to 'False'
[0.276s] Level 5:colcon.colcon_core.verb:set package 'nanosaur_worlds' build argument 'cmake_force_configure' from command line to 'False'
[0.276s] Level 5:colcon.colcon_core.verb:set package 'nanosaur_worlds' build argument 'ament_cmake_args' from command line to 'None'
[0.276s] Level 5:colcon.colcon_core.verb:set package 'nanosaur_worlds' build argument 'catkin_cmake_args' from command line to 'None'
[0.276s] Level 5:colcon.colcon_core.verb:set package 'nanosaur_worlds' build argument 'catkin_skip_building_tests' from command line to 'False'
[0.276s] DEBUG:colcon.colcon_core.verb:Building package 'nanosaur_worlds' with the following arguments: {'ament_cmake_args': None, 'build_base': '/home/user/nanosaur/build/nanosaur_worlds', 'catkin_cmake_args': None, 'catkin_skip_building_tests': False, 'cmake_args': None, 'cmake_clean_cache': False, 'cmake_clean_first': False, 'cmake_force_configure': False, 'cmake_target': None, 'cmake_target_skip_unavailable': False, 'install_base': '/home/user/nanosaur/install/nanosaur_worlds', 'merge_install': False, 'path': '/home/user/nanosaur/src/nanosaur_simulations/nanosaur_worlds', 'symlink_install': False, 'test_result_base': None}
[0.277s] Level 5:colcon.colcon_core.verb:set package 'nanosaur' build argument 'cmake_args' from command line to 'None'
[0.277s] Level 5:colcon.colcon_core.verb:set package 'nanosaur' build argument 'cmake_target' from command line to 'None'
[0.277s] Level 5:colcon.colcon_core.verb:set package 'nanosaur' build argument 'cmake_target_skip_unavailable' from command line to 'False'
[0.277s] Level 5:colcon.colcon_core.verb:set package 'nanosaur' build argument 'cmake_clean_cache' from command line to 'False'
[0.277s] Level 5:colcon.colcon_core.verb:set package 'nanosaur' build argument 'cmake_clean_first' from command line to 'False'
[0.277s] Level 5:colcon.colcon_core.verb:set package 'nanosaur' build argument 'cmake_force_configure' from command line to 'False'
[0.277s] Level 5:colcon.colcon_core.verb:set package 'nanosaur' build argument 'ament_cmake_args' from command line to 'None'
[0.277s] Level 5:colcon.colcon_core.verb:set package 'nanosaur' build argument 'catkin_cmake_args' from command line to 'None'
[0.277s] Level 5:colcon.colcon_core.verb:set package 'nanosaur' build argument 'catkin_skip_building_tests' from command line to 'False'
[0.277s] DEBUG:colcon.colcon_core.verb:Building package 'nanosaur' with the following arguments: {'ament_cmake_args': None, 'build_base': '/home/user/nanosaur/build/nanosaur', 'catkin_cmake_args': None, 'catkin_skip_building_tests': False, 'cmake_args': None, 'cmake_clean_cache': False, 'cmake_clean_first': False, 'cmake_force_configure': False, 'cmake_target': None, 'cmake_target_skip_unavailable': False, 'install_base': '/home/user/nanosaur/install/nanosaur', 'merge_install': False, 'path': '/home/user/nanosaur/src/nanosaur/nanosaur', 'symlink_install': False, 'test_result_base': None}
[0.277s] Level 5:colcon.colcon_core.verb:set package 'nanosaur_gazebo' build argument 'cmake_args' from command line to 'None'
[0.278s] Level 5:colcon.colcon_core.verb:set package 'nanosaur_gazebo' build argument 'cmake_target' from command line to 'None'
[0.278s] Level 5:colcon.colcon_core.verb:set package 'nanosaur_gazebo' build argument 'cmake_target_skip_unavailable' from command line to 'False'
[0.278s] Level 5:colcon.colcon_core.verb:set package 'nanosaur_gazebo' build argument 'cmake_clean_cache' from command line to 'False'
[0.278s] Level 5:colcon.colcon_core.verb:set package 'nanosaur_gazebo' build argument 'cmake_clean_first' from command line to 'False'
[0.278s] Level 5:colcon.colcon_core.verb:set package 'nanosaur_gazebo' build argument 'cmake_force_configure' from command line to 'False'
[0.278s] Level 5:colcon.colcon_core.verb:set package 'nanosaur_gazebo' build argument 'ament_cmake_args' from command line to 'None'
[0.278s] Level 5:colcon.colcon_core.verb:set package 'nanosaur_gazebo' build argument 'catkin_cmake_args' from command line to 'None'
[0.278s] Level 5:colcon.colcon_core.verb:set package 'nanosaur_gazebo' build argument 'catkin_skip_building_tests' from command line to 'False'
[0.278s] DEBUG:colcon.colcon_core.verb:Building package 'nanosaur_gazebo' with the following arguments: {'ament_cmake_args': None, 'build_base': '/home/user/nanosaur/build/nanosaur_gazebo', 'catkin_cmake_args': None, 'catkin_skip_building_tests': False, 'cmake_args': None, 'cmake_clean_cache': False, 'cmake_clean_first': False, 'cmake_force_configure': False, 'cmake_target': None, 'cmake_target_skip_unavailable': False, 'install_base': '/home/user/nanosaur/install/nanosaur_gazebo', 'merge_install': False, 'path': '/home/user/nanosaur/src/nanosaur_simulations/nanosaur_gazebo', 'symlink_install': False, 'test_result_base': None}
[0.278s] INFO:colcon.colcon_core.executor:Executing jobs using 'parallel' executor
[0.280s] DEBUG:colcon.colcon_parallel_executor.executor.parallel:run_until_complete
[0.281s] INFO:colcon.colcon_ros.task.ament_cmake.build:Building ROS package in '/home/user/nanosaur/src/nanosaur/nanosaur_control' with build type 'ament_cmake'
[0.281s] INFO:colcon.colcon_cmake.task.cmake.build:Building CMake package in '/home/user/nanosaur/src/nanosaur/nanosaur_control'
[0.285s] INFO:colcon.colcon_core.plugin_system:Skipping extension 'colcon_core.shell.bat': Not used on non-Windows systems
[0.285s] INFO:colcon.colcon_core.shell:Skip shell extension 'powershell' for command environment: Not usable outside of PowerShell
[0.285s] DEBUG:colcon.colcon_core.shell:Skip shell extension 'dsv' for command environment
[0.290s] INFO:colcon.colcon_ros.task.ament_cmake.build:Building ROS package in '/home/user/nanosaur/src/nanosaur/nanosaur_description' with build type 'ament_cmake'
[0.291s] INFO:colcon.colcon_cmake.task.cmake.build:Building CMake package in '/home/user/nanosaur/src/nanosaur/nanosaur_description'
[0.293s] INFO:colcon.colcon_core.shell:Skip shell extension 'powershell' for command environment: Not usable outside of PowerShell
[0.293s] DEBUG:colcon.colcon_core.shell:Skip shell extension 'dsv' for command environment
[0.301s] INFO:colcon.colcon_ros.task.ament_cmake.build:Building ROS package in '/home/user/nanosaur/src/nanosaur/nanosaur_msgs' with build type 'ament_cmake'
[0.301s] INFO:colcon.colcon_cmake.task.cmake.build:Building CMake package in '/home/user/nanosaur/src/nanosaur/nanosaur_msgs'
[0.303s] INFO:colcon.colcon_core.shell:Skip shell extension 'powershell' for command environment: Not usable outside of PowerShell
[0.303s] DEBUG:colcon.colcon_core.shell:Skip shell extension 'dsv' for command environment
[0.307s] INFO:colcon.colcon_ros.task.ament_cmake.build:Building ROS package in '/home/user/nanosaur/src/nanosaur_simulations/nanosaur_simulations' with build type 'ament_cmake'
[0.307s] INFO:colcon.colcon_cmake.task.cmake.build:Building CMake package in '/home/user/nanosaur/src/nanosaur_simulations/nanosaur_simulations'
[0.308s] INFO:colcon.colcon_core.shell:Skip shell extension 'powershell' for command environment: Not usable outside of PowerShell
[0.308s] DEBUG:colcon.colcon_core.shell:Skip shell extension 'dsv' for command environment
[0.315s] INFO:colcon.colcon_ros.task.ament_cmake.build:Building ROS package in '/home/user/nanosaur/src/nanosaur_simulations/nanosaur_worlds' with build type 'ament_cmake'
[0.315s] INFO:colcon.colcon_cmake.task.cmake.build:Building CMake package in '/home/user/nanosaur/src/nanosaur_simulations/nanosaur_worlds'
[0.316s] INFO:colcon.colcon_core.shell:Skip shell extension 'powershell' for command environment: Not usable outside of PowerShell
[0.317s] DEBUG:colcon.colcon_core.shell:Skip shell extension 'dsv' for command environment
[0.325s] DEBUG:colcon.colcon_core.event_handler.log_command:Invoking command in '/home/user/nanosaur/build/nanosaur_control': CMAKE_PREFIX_PATH=${CMAKE_PREFIX_PATH}:/opt/ros/humble /usr/bin/cmake --build /home/user/nanosaur/build/nanosaur_control -- -j16 -l16
[0.329s] DEBUG:colcon.colcon_core.event_handler.log_command:Invoking command in '/home/user/nanosaur/build/nanosaur_description': CMAKE_PREFIX_PATH=${CMAKE_PREFIX_PATH}:/opt/ros/humble /usr/bin/cmake --build /home/user/nanosaur/build/nanosaur_description -- -j16 -l16
[0.331s] DEBUG:colcon.colcon_core.event_handler.log_command:Invoking command in '/home/user/nanosaur/build/nanosaur_msgs': CMAKE_PREFIX_PATH=${CMAKE_PREFIX_PATH}:/opt/ros/humble /usr/bin/cmake --build /home/user/nanosaur/build/nanosaur_msgs -- -j16 -l16
[0.334s] DEBUG:colcon.colcon_core.event_handler.log_command:Invoking command in '/home/user/nanosaur/build/nanosaur_simulations': CMAKE_PREFIX_PATH=${CMAKE_PREFIX_PATH}:/opt/ros/humble /usr/bin/cmake --build /home/user/nanosaur/build/nanosaur_simulations -- -j16 -l16
[0.339s] DEBUG:colcon.colcon_core.event_handler.log_command:Invoking command in '/home/user/nanosaur/build/nanosaur_worlds': CMAKE_PREFIX_PATH=${CMAKE_PREFIX_PATH}:/opt/ros/humble /usr/bin/cmake --build /home/user/nanosaur/build/nanosaur_worlds -- -j16 -l16
[0.358s] DEBUG:colcon.colcon_core.event_handler.log_command:Invoked command in '/home/user/nanosaur/build/nanosaur_control' returned '0': CMAKE_PREFIX_PATH=${CMAKE_PREFIX_PATH}:/opt/ros/humble /usr/bin/cmake --build /home/user/nanosaur/build/nanosaur_control -- -j16 -l16
[0.361s] DEBUG:colcon.colcon_core.event_handler.log_command:Invoked command in '/home/user/nanosaur/build/nanosaur_description' returned '0': CMAKE_PREFIX_PATH=${CMAKE_PREFIX_PATH}:/opt/ros/humble /usr/bin/cmake --build /home/user/nanosaur/build/nanosaur_description -- -j16 -l16
[0.367s] DEBUG:colcon.colcon_core.event_handler.log_command:Invoked command in '/home/user/nanosaur/build/nanosaur_simulations' returned '0': CMAKE_PREFIX_PATH=${CMAKE_PREFIX_PATH}:/opt/ros/humble /usr/bin/cmake --build /home/user/nanosaur/build/nanosaur_simulations -- -j16 -l16
[0.371s] DEBUG:colcon.colcon_core.event_handler.log_command:Invoked command in '/home/user/nanosaur/build/nanosaur_worlds' returned '0': CMAKE_PREFIX_PATH=${CMAKE_PREFIX_PATH}:/opt/ros/humble /usr/bin/cmake --build /home/user/nanosaur/build/nanosaur_worlds -- -j16 -l16
[0.386s] DEBUG:colcon.colcon_core.event_handler.log_command:Invoking command in '/home/user/nanosaur/build/nanosaur_control': CMAKE_PREFIX_PATH=${CMAKE_PREFIX_PATH}:/opt/ros/humble /usr/bin/cmake --install /home/user/nanosaur/build/nanosaur_control
[0.389s] DEBUG:colcon.colcon_core.event_handler.log_command:Invoking command in '/home/user/nanosaur/build/nanosaur_description': CMAKE_PREFIX_PATH=${CMAKE_PREFIX_PATH}:/opt/ros/humble /usr/bin/cmake --install /home/user/nanosaur/build/nanosaur_description
[0.389s] DEBUG:colcon.colcon_core.event_handler.log_command:Invoking command in '/home/user/nanosaur/build/nanosaur_simulations': CMAKE_PREFIX_PATH=${CMAKE_PREFIX_PATH}:/opt/ros/humble /usr/bin/cmake --install /home/user/nanosaur/build/nanosaur_simulations
[0.398s] DEBUG:colcon.colcon_core.event_handler.log_command:Invoking command in '/home/user/nanosaur/build/nanosaur_worlds': CMAKE_PREFIX_PATH=${CMAKE_PREFIX_PATH}:/opt/ros/humble /usr/bin/cmake --install /home/user/nanosaur/build/nanosaur_worlds
[0.398s] Level 1:colcon.colcon_core.environment:create_environment_scripts_only(nanosaur_control)
[0.417s] DEBUG:colcon.colcon_core.event_handler.log_command:Invoked command in '/home/user/nanosaur/build/nanosaur_control' returned '0': CMAKE_PREFIX_PATH=${CMAKE_PREFIX_PATH}:/opt/ros/humble /usr/bin/cmake --install /home/user/nanosaur/build/nanosaur_control
[0.426s] Level 1:colcon.colcon_core.environment:checking '/home/user/nanosaur/install/nanosaur_control' for CMake module files
[0.429s] Level 1:colcon.colcon_core.environment:checking '/home/user/nanosaur/install/nanosaur_control' for CMake config files
[0.432s] Level 1:colcon.colcon_core.shell:create_environment_hook('nanosaur_control', 'cmake_prefix_path')
[0.433s] INFO:colcon.colcon_core.shell:Creating environment hook '/home/user/nanosaur/install/nanosaur_control/share/nanosaur_control/hook/cmake_prefix_path.ps1'
[0.434s] INFO:colcon.colcon_core.shell:Creating environment descriptor '/home/user/nanosaur/install/nanosaur_control/share/nanosaur_control/hook/cmake_prefix_path.dsv'
[0.435s] INFO:colcon.colcon_core.shell:Creating environment hook '/home/user/nanosaur/install/nanosaur_control/share/nanosaur_control/hook/cmake_prefix_path.sh'
[0.435s] Level 1:colcon.colcon_core.environment:checking '/home/user/nanosaur/install/nanosaur_control/bin'
[0.435s] Level 1:colcon.colcon_core.environment:checking '/home/user/nanosaur/install/nanosaur_control/lib/pkgconfig/nanosaur_control.pc'
[0.437s] Level 1:colcon.colcon_core.environment:checking '/home/user/nanosaur/install/nanosaur_control/lib/python3.10/site-packages'
[0.437s] Level 1:colcon.colcon_core.environment:checking '/home/user/nanosaur/install/nanosaur_control/bin'
[0.438s] INFO:colcon.colcon_core.shell:Creating package script '/home/user/nanosaur/install/nanosaur_control/share/nanosaur_control/package.ps1'
[0.439s] INFO:colcon.colcon_core.shell:Creating package descriptor '/home/user/nanosaur/install/nanosaur_control/share/nanosaur_control/package.dsv'
[0.439s] INFO:colcon.colcon_core.shell:Creating package script '/home/user/nanosaur/install/nanosaur_control/share/nanosaur_control/package.sh'
[0.440s] INFO:colcon.colcon_core.shell:Creating package script '/home/user/nanosaur/install/nanosaur_control/share/nanosaur_control/package.bash'
[0.440s] INFO:colcon.colcon_core.shell:Creating package script '/home/user/nanosaur/install/nanosaur_control/share/nanosaur_control/package.zsh'
[0.441s] Level 1:colcon.colcon_core.environment:create_file_with_runtime_dependencies(/home/user/nanosaur/install/nanosaur_control/share/colcon-core/packages/nanosaur_control)
[0.443s] Level 1:colcon.colcon_core.environment:create_environment_scripts_only(nanosaur_simulations)
[0.444s] Level 1:colcon.colcon_core.environment:checking '/home/user/nanosaur/install/nanosaur_simulations' for CMake module files
[0.445s] DEBUG:colcon.colcon_core.event_handler.log_command:Invoked command in '/home/user/nanosaur/build/nanosaur_simulations' returned '0': CMAKE_PREFIX_PATH=${CMAKE_PREFIX_PATH}:/opt/ros/humble /usr/bin/cmake --install /home/user/nanosaur/build/nanosaur_simulations
[0.445s] Level 1:colcon.colcon_core.environment:checking '/home/user/nanosaur/install/nanosaur_simulations' for CMake config files
[0.445s] Level 1:colcon.colcon_core.shell:create_environment_hook('nanosaur_simulations', 'cmake_prefix_path')
[0.446s] INFO:colcon.colcon_core.shell:Creating environment hook '/home/user/nanosaur/install/nanosaur_simulations/share/nanosaur_simulations/hook/cmake_prefix_path.ps1'
[0.447s] INFO:colcon.colcon_core.shell:Creating environment descriptor '/home/user/nanosaur/install/nanosaur_simulations/share/nanosaur_simulations/hook/cmake_prefix_path.dsv'
[0.447s] INFO:colcon.colcon_core.shell:Creating environment hook '/home/user/nanosaur/install/nanosaur_simulations/share/nanosaur_simulations/hook/cmake_prefix_path.sh'
[0.447s] Level 1:colcon.colcon_core.environment:checking '/home/user/nanosaur/install/nanosaur_simulations/bin'
[0.447s] Level 1:colcon.colcon_core.environment:checking '/home/user/nanosaur/install/nanosaur_simulations/lib/pkgconfig/nanosaur_simulations.pc'
[0.448s] Level 1:colcon.colcon_core.environment:checking '/home/user/nanosaur/install/nanosaur_simulations/lib/python3.10/site-packages'
[0.448s] Level 1:colcon.colcon_core.environment:checking '/home/user/nanosaur/install/nanosaur_simulations/bin'
[0.449s] INFO:colcon.colcon_core.shell:Creating package script '/home/user/nanosaur/install/nanosaur_simulations/share/nanosaur_simulations/package.ps1'
[0.449s] INFO:colcon.colcon_core.shell:Creating package descriptor '/home/user/nanosaur/install/nanosaur_simulations/share/nanosaur_simulations/package.dsv'
[0.449s] INFO:colcon.colcon_core.shell:Creating package script '/home/user/nanosaur/install/nanosaur_simulations/share/nanosaur_simulations/package.sh'
[0.450s] INFO:colcon.colcon_core.shell:Creating package script '/home/user/nanosaur/install/nanosaur_simulations/share/nanosaur_simulations/package.bash'
[0.450s] INFO:colcon.colcon_core.shell:Creating package script '/home/user/nanosaur/install/nanosaur_simulations/share/nanosaur_simulations/package.zsh'
[0.451s] Level 1:colcon.colcon_core.environment:create_file_with_runtime_dependencies(/home/user/nanosaur/install/nanosaur_simulations/share/colcon-core/packages/nanosaur_simulations)
[0.452s] Level 1:colcon.colcon_core.environment:create_environment_scripts_only(nanosaur_description)
[0.453s] Level 1:colcon.colcon_core.environment:checking '/home/user/nanosaur/install/nanosaur_description' for CMake module files
[0.453s] DEBUG:colcon.colcon_core.event_handler.log_command:Invoked command in '/home/user/nanosaur/build/nanosaur_description' returned '0': CMAKE_PREFIX_PATH=${CMAKE_PREFIX_PATH}:/opt/ros/humble /usr/bin/cmake --install /home/user/nanosaur/build/nanosaur_description
[0.454s] Level 1:colcon.colcon_core.environment:checking '/home/user/nanosaur/install/nanosaur_description' for CMake config files
[0.454s] Level 1:colcon.colcon_core.shell:create_environment_hook('nanosaur_description', 'cmake_prefix_path')
[0.455s] INFO:colcon.colcon_core.shell:Creating environment hook '/home/user/nanosaur/install/nanosaur_description/share/nanosaur_description/hook/cmake_prefix_path.ps1'
[0.455s] INFO:colcon.colcon_core.shell:Creating environment descriptor '/home/user/nanosaur/install/nanosaur_description/share/nanosaur_description/hook/cmake_prefix_path.dsv'
[0.456s] INFO:colcon.colcon_core.shell:Creating environment hook '/home/user/nanosaur/install/nanosaur_description/share/nanosaur_description/hook/cmake_prefix_path.sh'
[0.456s] Level 1:colcon.colcon_core.environment:checking '/home/user/nanosaur/install/nanosaur_description/bin'
[0.456s] Level 1:colcon.colcon_core.environment:checking '/home/user/nanosaur/install/nanosaur_description/lib/pkgconfig/nanosaur_description.pc'
[0.456s] Level 1:colcon.colcon_core.environment:checking '/home/user/nanosaur/install/nanosaur_description/lib/python3.10/site-packages'
[0.456s] Level 1:colcon.colcon_core.environment:checking '/home/user/nanosaur/install/nanosaur_description/bin'
[0.458s] INFO:colcon.colcon_core.shell:Creating package script '/home/user/nanosaur/install/nanosaur_description/share/nanosaur_description/package.ps1'
[0.458s] INFO:colcon.colcon_core.shell:Creating package descriptor '/home/user/nanosaur/install/nanosaur_description/share/nanosaur_description/package.dsv'
[0.458s] INFO:colcon.colcon_core.shell:Creating package script '/home/user/nanosaur/install/nanosaur_description/share/nanosaur_description/package.sh'
[0.459s] INFO:colcon.colcon_core.shell:Creating package script '/home/user/nanosaur/install/nanosaur_description/share/nanosaur_description/package.bash'
[0.459s] INFO:colcon.colcon_core.shell:Creating package script '/home/user/nanosaur/install/nanosaur_description/share/nanosaur_description/package.zsh'
[0.459s] Level 1:colcon.colcon_core.environment:create_file_with_runtime_dependencies(/home/user/nanosaur/install/nanosaur_description/share/colcon-core/packages/nanosaur_description)
[0.460s] Level 1:colcon.colcon_core.environment:create_environment_scripts_only(nanosaur_worlds)
[0.461s] Level 1:colcon.colcon_core.environment:checking '/home/user/nanosaur/install/nanosaur_worlds' for CMake module files
[0.462s] DEBUG:colcon.colcon_core.event_handler.log_command:Invoked command in '/home/user/nanosaur/build/nanosaur_worlds' returned '0': CMAKE_PREFIX_PATH=${CMAKE_PREFIX_PATH}:/opt/ros/humble /usr/bin/cmake --install /home/user/nanosaur/build/nanosaur_worlds
[0.462s] Level 1:colcon.colcon_core.environment:checking '/home/user/nanosaur/install/nanosaur_worlds' for CMake config files
[0.462s] Level 1:colcon.colcon_core.shell:create_environment_hook('nanosaur_worlds', 'cmake_prefix_path')
[0.463s] INFO:colcon.colcon_core.shell:Creating environment hook '/home/user/nanosaur/install/nanosaur_worlds/share/nanosaur_worlds/hook/cmake_prefix_path.ps1'
[0.464s] INFO:colcon.colcon_core.shell:Creating environment descriptor '/home/user/nanosaur/install/nanosaur_worlds/share/nanosaur_worlds/hook/cmake_prefix_path.dsv'
[0.464s] INFO:colcon.colcon_core.shell:Creating environment hook '/home/user/nanosaur/install/nanosaur_worlds/share/nanosaur_worlds/hook/cmake_prefix_path.sh'
[0.464s] Level 1:colcon.colcon_core.environment:checking '/home/user/nanosaur/install/nanosaur_worlds/bin'
[0.465s] Level 1:colcon.colcon_core.environment:checking '/home/user/nanosaur/install/nanosaur_worlds/lib/pkgconfig/nanosaur_worlds.pc'
[0.465s] Level 1:colcon.colcon_core.environment:checking '/home/user/nanosaur/install/nanosaur_worlds/lib/python3.10/site-packages'
[0.465s] Level 1:colcon.colcon_core.environment:checking '/home/user/nanosaur/install/nanosaur_worlds/bin'
[0.466s] INFO:colcon.colcon_core.shell:Creating package script '/home/user/nanosaur/install/nanosaur_worlds/share/nanosaur_worlds/package.ps1'
[0.466s] INFO:colcon.colcon_core.shell:Creating package descriptor '/home/user/nanosaur/install/nanosaur_worlds/share/nanosaur_worlds/package.dsv'
[0.467s] INFO:colcon.colcon_core.shell:Creating package script '/home/user/nanosaur/install/nanosaur_worlds/share/nanosaur_worlds/package.sh'
[0.467s] INFO:colcon.colcon_core.shell:Creating package script '/home/user/nanosaur/install/nanosaur_worlds/share/nanosaur_worlds/package.bash'
[0.467s] INFO:colcon.colcon_core.shell:Creating package script '/home/user/nanosaur/install/nanosaur_worlds/share/nanosaur_worlds/package.zsh'
[0.467s] Level 1:colcon.colcon_core.environment:create_file_with_runtime_dependencies(/home/user/nanosaur/install/nanosaur_worlds/share/colcon-core/packages/nanosaur_worlds)
[0.470s] Level 1:colcon.colcon_core.environment:create_environment_scripts_only(nanosaur_control)
[0.471s] Level 1:colcon.colcon_core.environment:checking '/home/user/nanosaur/install/nanosaur_control' for CMake module files
[0.472s] Level 1:colcon.colcon_core.environment:checking '/home/user/nanosaur/install/nanosaur_control' for CMake config files
[0.472s] Level 1:colcon.colcon_core.shell:create_environment_hook('nanosaur_control', 'cmake_prefix_path')
[0.473s] INFO:colcon.colcon_core.shell:Creating environment hook '/home/user/nanosaur/install/nanosaur_control/share/nanosaur_control/hook/cmake_prefix_path.ps1'
[0.474s] INFO:colcon.colcon_core.shell:Creating environment descriptor '/home/user/nanosaur/install/nanosaur_control/share/nanosaur_control/hook/cmake_prefix_path.dsv'
[0.474s] INFO:colcon.colcon_core.shell:Creating environment hook '/home/user/nanosaur/install/nanosaur_control/share/nanosaur_control/hook/cmake_prefix_path.sh'
[0.475s] Level 1:colcon.colcon_core.environment:checking '/home/user/nanosaur/install/nanosaur_control/bin'
[0.475s] Level 1:colcon.colcon_core.environment:checking '/home/user/nanosaur/install/nanosaur_control/lib/pkgconfig/nanosaur_control.pc'
[0.475s] Level 1:colcon.colcon_core.environment:checking '/home/user/nanosaur/install/nanosaur_control/lib/python3.10/site-packages'
[0.475s] Level 1:colcon.colcon_core.environment:checking '/home/user/nanosaur/install/nanosaur_control/bin'
[0.476s] INFO:colcon.colcon_core.shell:Creating package script '/home/user/nanosaur/install/nanosaur_control/share/nanosaur_control/package.ps1'
[0.477s] INFO:colcon.colcon_core.shell:Creating package descriptor '/home/user/nanosaur/install/nanosaur_control/share/nanosaur_control/package.dsv'
[0.477s] INFO:colcon.colcon_core.shell:Creating package script '/home/user/nanosaur/install/nanosaur_control/share/nanosaur_control/package.sh'
[0.478s] INFO:colcon.colcon_core.shell:Creating package script '/home/user/nanosaur/install/nanosaur_control/share/nanosaur_control/package.bash'
[0.478s] INFO:colcon.colcon_core.shell:Creating package script '/home/user/nanosaur/install/nanosaur_control/share/nanosaur_control/package.zsh'
[0.478s] Level 1:colcon.colcon_core.environment:create_file_with_runtime_dependencies(/home/user/nanosaur/install/nanosaur_control/share/colcon-core/packages/nanosaur_control)
[0.480s] Level 1:colcon.colcon_core.environment:create_environment_scripts_only(nanosaur_description)
[0.482s] Level 1:colcon.colcon_core.environment:checking '/home/user/nanosaur/install/nanosaur_description' for CMake module files
[0.483s] Level 1:colcon.colcon_core.environment:checking '/home/user/nanosaur/install/nanosaur_description' for CMake config files
[0.483s] Level 1:colcon.colcon_core.shell:create_environment_hook('nanosaur_description', 'cmake_prefix_path')
[0.484s] INFO:colcon.colcon_core.shell:Creating environment hook '/home/user/nanosaur/install/nanosaur_description/share/nanosaur_description/hook/cmake_prefix_path.ps1'
[0.485s] INFO:colcon.colcon_core.shell:Creating environment descriptor '/home/user/nanosaur/install/nanosaur_description/share/nanosaur_description/hook/cmake_prefix_path.dsv'
[0.485s] INFO:colcon.colcon_core.shell:Creating environment hook '/home/user/nanosaur/install/nanosaur_description/share/nanosaur_description/hook/cmake_prefix_path.sh'
[0.486s] Level 1:colcon.colcon_core.environment:checking '/home/user/nanosaur/install/nanosaur_description/bin'
[0.486s] Level 1:colcon.colcon_core.environment:checking '/home/user/nanosaur/install/nanosaur_description/lib/pkgconfig/nanosaur_description.pc'
[0.486s] Level 1:colcon.colcon_core.environment:checking '/home/user/nanosaur/install/nanosaur_description/lib/python3.10/site-packages'
[0.486s] Level 1:colcon.colcon_core.environment:checking '/home/user/nanosaur/install/nanosaur_description/bin'
[0.487s] INFO:colcon.colcon_core.shell:Creating package script '/home/user/nanosaur/install/nanosaur_description/share/nanosaur_description/package.ps1'
[0.488s] INFO:colcon.colcon_core.shell:Creating package descriptor '/home/user/nanosaur/install/nanosaur_description/share/nanosaur_description/package.dsv'
[0.488s] INFO:colcon.colcon_core.shell:Creating package script '/home/user/nanosaur/install/nanosaur_description/share/nanosaur_description/package.sh'
[0.489s] INFO:colcon.colcon_core.shell:Creating package script '/home/user/nanosaur/install/nanosaur_description/share/nanosaur_description/package.bash'
[0.489s] INFO:colcon.colcon_core.shell:Creating package script '/home/user/nanosaur/install/nanosaur_description/share/nanosaur_description/package.zsh'
[0.490s] Level 1:colcon.colcon_core.environment:create_file_with_runtime_dependencies(/home/user/nanosaur/install/nanosaur_description/share/colcon-core/packages/nanosaur_description)
[0.491s] Level 1:colcon.colcon_core.environment:create_environment_scripts_only(nanosaur_simulations)
[0.492s] Level 1:colcon.colcon_core.environment:checking '/home/user/nanosaur/install/nanosaur_simulations' for CMake module files
[0.493s] Level 1:colcon.colcon_core.environment:checking '/home/user/nanosaur/install/nanosaur_simulations' for CMake config files
[0.494s] Level 1:colcon.colcon_core.shell:create_environment_hook('nanosaur_simulations', 'cmake_prefix_path')
[0.495s] INFO:colcon.colcon_core.shell:Creating environment hook '/home/user/nanosaur/install/nanosaur_simulations/share/nanosaur_simulations/hook/cmake_prefix_path.ps1'
[0.495s] INFO:colcon.colcon_core.shell:Creating environment descriptor '/home/user/nanosaur/install/nanosaur_simulations/share/nanosaur_simulations/hook/cmake_prefix_path.dsv'
[0.496s] INFO:colcon.colcon_core.shell:Creating environment hook '/home/user/nanosaur/install/nanosaur_simulations/share/nanosaur_simulations/hook/cmake_prefix_path.sh'
[0.496s] Level 1:colcon.colcon_core.environment:checking '/home/user/nanosaur/install/nanosaur_simulations/bin'
[0.496s] Level 1:colcon.colcon_core.environment:checking '/home/user/nanosaur/install/nanosaur_simulations/lib/pkgconfig/nanosaur_simulations.pc'
[0.497s] Level 1:colcon.colcon_core.environment:checking '/home/user/nanosaur/install/nanosaur_simulations/lib/python3.10/site-packages'
[0.497s] Level 1:colcon.colcon_core.environment:checking '/home/user/nanosaur/install/nanosaur_simulations/bin'
[0.499s] INFO:colcon.colcon_core.shell:Creating package script '/home/user/nanosaur/install/nanosaur_simulations/share/nanosaur_simulations/package.ps1'
[0.500s] INFO:colcon.colcon_core.shell:Creating package descriptor '/home/user/nanosaur/install/nanosaur_simulations/share/nanosaur_simulations/package.dsv'
[0.501s] INFO:colcon.colcon_core.shell:Creating package script '/home/user/nanosaur/install/nanosaur_simulations/share/nanosaur_simulations/package.sh'
[0.501s] INFO:colcon.colcon_core.shell:Creating package script '/home/user/nanosaur/install/nanosaur_simulations/share/nanosaur_simulations/package.bash'
[0.502s] INFO:colcon.colcon_core.shell:Creating package script '/home/user/nanosaur/install/nanosaur_simulations/share/nanosaur_simulations/package.zsh'
[0.502s] Level 1:colcon.colcon_core.environment:create_file_with_runtime_dependencies(/home/user/nanosaur/install/nanosaur_simulations/share/colcon-core/packages/nanosaur_simulations)
[0.503s] INFO:colcon.colcon_ros.task.ament_cmake.build:Building ROS package in '/home/user/nanosaur/src/nanosaur_simulations/nanosaur_gazebo' with build type 'ament_cmake'
[0.503s] INFO:colcon.colcon_cmake.task.cmake.build:Building CMake package in '/home/user/nanosaur/src/nanosaur_simulations/nanosaur_gazebo'
[0.504s] INFO:colcon.colcon_core.shell:Skip shell extension 'powershell' for command environment: Not usable outside of PowerShell
[0.504s] DEBUG:colcon.colcon_core.shell:Skip shell extension 'dsv' for command environment
[0.509s] Level 1:colcon.colcon_core.environment:create_environment_scripts_only(nanosaur_worlds)
[0.511s] Level 1:colcon.colcon_core.environment:checking '/home/user/nanosaur/install/nanosaur_worlds' for CMake module files
[0.511s] Level 1:colcon.colcon_core.environment:checking '/home/user/nanosaur/install/nanosaur_worlds' for CMake config files
[0.511s] Level 1:colcon.colcon_core.shell:create_environment_hook('nanosaur_worlds', 'cmake_prefix_path')
[0.512s] INFO:colcon.colcon_core.shell:Creating environment hook '/home/user/nanosaur/install/nanosaur_worlds/share/nanosaur_worlds/hook/cmake_prefix_path.ps1'
[0.513s] INFO:colcon.colcon_core.shell:Creating environment descriptor '/home/user/nanosaur/install/nanosaur_worlds/share/nanosaur_worlds/hook/cmake_prefix_path.dsv'
[0.513s] INFO:colcon.colcon_core.shell:Creating environment hook '/home/user/nanosaur/install/nanosaur_worlds/share/nanosaur_worlds/hook/cmake_prefix_path.sh'
[0.514s] Level 1:colcon.colcon_core.environment:checking '/home/user/nanosaur/install/nanosaur_worlds/bin'
[0.514s] Level 1:colcon.colcon_core.environment:checking '/home/user/nanosaur/install/nanosaur_worlds/lib/pkgconfig/nanosaur_worlds.pc'
[0.514s] Level 1:colcon.colcon_core.environment:checking '/home/user/nanosaur/install/nanosaur_worlds/lib/python3.10/site-packages'
[0.514s] Level 1:colcon.colcon_core.environment:checking '/home/user/nanosaur/install/nanosaur_worlds/bin'
[0.515s] INFO:colcon.colcon_core.shell:Creating package script '/home/user/nanosaur/install/nanosaur_worlds/share/nanosaur_worlds/package.ps1'
[0.515s] INFO:colcon.colcon_core.shell:Creating package descriptor '/home/user/nanosaur/install/nanosaur_worlds/share/nanosaur_worlds/package.dsv'
[0.516s] INFO:colcon.colcon_core.shell:Creating package script '/home/user/nanosaur/install/nanosaur_worlds/share/nanosaur_worlds/package.sh'
[0.516s] INFO:colcon.colcon_core.shell:Creating package script '/home/user/nanosaur/install/nanosaur_worlds/share/nanosaur_worlds/package.bash'
[0.516s] INFO:colcon.colcon_core.shell:Creating package script '/home/user/nanosaur/install/nanosaur_worlds/share/nanosaur_worlds/package.zsh'
[0.516s] Level 1:colcon.colcon_core.environment:create_file_with_runtime_dependencies(/home/user/nanosaur/install/nanosaur_worlds/share/colcon-core/packages/nanosaur_worlds)
[0.520s] DEBUG:colcon.colcon_core.event_handler.log_command:Invoking command in '/home/user/nanosaur/build/nanosaur_gazebo': CMAKE_PREFIX_PATH=/home/user/nanosaur/install/nanosaur_description:/home/user/nanosaur/install/nanosaur_control:/home/user/nanosaur/install/nanosaur_worlds:/home/user/nanosaur/install/nanosaur_simulations:/home/user/nanosaur/install/nanosaur:/home/user/nanosaur/install/nanosaur_msgs:/home/user/nanosaur/install/nanosaur_gazebo:/opt/ros/humble /usr/bin/cmake --build /home/user/nanosaur/build/nanosaur_gazebo -- -j16 -l16
[0.566s] DEBUG:colcon.colcon_core.event_handler.log_command:Invoked command in '/home/user/nanosaur/build/nanosaur_gazebo' returned '0': CMAKE_PREFIX_PATH=/home/user/nanosaur/install/nanosaur_description:/home/user/nanosaur/install/nanosaur_control:/home/user/nanosaur/install/nanosaur_worlds:/home/user/nanosaur/install/nanosaur_simulations:/home/user/nanosaur/install/nanosaur:/home/user/nanosaur/install/nanosaur_msgs:/home/user/nanosaur/install/nanosaur_gazebo:/opt/ros/humble /usr/bin/cmake --build /home/user/nanosaur/build/nanosaur_gazebo -- -j16 -l16
[0.593s] DEBUG:colcon.colcon_core.event_handler.log_command:Invoking command in '/home/user/nanosaur/build/nanosaur_gazebo': CMAKE_PREFIX_PATH=/home/user/nanosaur/install/nanosaur_description:/home/user/nanosaur/install/nanosaur_control:/home/user/nanosaur/install/nanosaur_worlds:/home/user/nanosaur/install/nanosaur_simulations:/home/user/nanosaur/install/nanosaur:/home/user/nanosaur/install/nanosaur_msgs:/home/user/nanosaur/install/nanosaur_gazebo:/opt/ros/humble /usr/bin/cmake --install /home/user/nanosaur/build/nanosaur_gazebo
[0.602s] DEBUG:colcon.colcon_core.event_handler.log_command:Invoked command in '/home/user/nanosaur/build/nanosaur_msgs' returned '0': CMAKE_PREFIX_PATH=${CMAKE_PREFIX_PATH}:/opt/ros/humble /usr/bin/cmake --build /home/user/nanosaur/build/nanosaur_msgs -- -j16 -l16
[0.605s] Level 1:colcon.colcon_core.environment:create_environment_scripts_only(nanosaur_gazebo)
[0.607s] Level 1:colcon.colcon_core.environment:checking '/home/user/nanosaur/install/nanosaur_gazebo' for CMake module files
[0.607s] DEBUG:colcon.colcon_core.event_handler.log_command:Invoked command in '/home/user/nanosaur/build/nanosaur_gazebo' returned '0': CMAKE_PREFIX_PATH=/home/user/nanosaur/install/nanosaur_description:/home/user/nanosaur/install/nanosaur_control:/home/user/nanosaur/install/nanosaur_worlds:/home/user/nanosaur/install/nanosaur_simulations:/home/user/nanosaur/install/nanosaur:/home/user/nanosaur/install/nanosaur_msgs:/home/user/nanosaur/install/nanosaur_gazebo:/opt/ros/humble /usr/bin/cmake --install /home/user/nanosaur/build/nanosaur_gazebo
[0.608s] Level 1:colcon.colcon_core.environment:checking '/home/user/nanosaur/install/nanosaur_gazebo' for CMake config files
[0.608s] Level 1:colcon.colcon_core.shell:create_environment_hook('nanosaur_gazebo', 'cmake_prefix_path')
[0.609s] INFO:colcon.colcon_core.shell:Creating environment hook '/home/user/nanosaur/install/nanosaur_gazebo/share/nanosaur_gazebo/hook/cmake_prefix_path.ps1'
[0.609s] INFO:colcon.colcon_core.shell:Creating environment descriptor '/home/user/nanosaur/install/nanosaur_gazebo/share/nanosaur_gazebo/hook/cmake_prefix_path.dsv'
[0.609s] INFO:colcon.colcon_core.shell:Creating environment hook '/home/user/nanosaur/install/nanosaur_gazebo/share/nanosaur_gazebo/hook/cmake_prefix_path.sh'
[0.610s] Level 1:colcon.colcon_core.environment:checking '/home/user/nanosaur/install/nanosaur_gazebo/bin'
[0.610s] Level 1:colcon.colcon_core.environment:checking '/home/user/nanosaur/install/nanosaur_gazebo/lib/pkgconfig/nanosaur_gazebo.pc'
[0.610s] Level 1:colcon.colcon_core.environment:checking '/home/user/nanosaur/install/nanosaur_gazebo/lib/python3.10/site-packages'
[0.610s] Level 1:colcon.colcon_core.environment:checking '/home/user/nanosaur/install/nanosaur_gazebo/bin'
[0.611s] INFO:colcon.colcon_core.shell:Creating package script '/home/user/nanosaur/install/nanosaur_gazebo/share/nanosaur_gazebo/package.ps1'
[0.611s] INFO:colcon.colcon_core.shell:Creating package descriptor '/home/user/nanosaur/install/nanosaur_gazebo/share/nanosaur_gazebo/package.dsv'
[0.612s] INFO:colcon.colcon_core.shell:Creating package script '/home/user/nanosaur/install/nanosaur_gazebo/share/nanosaur_gazebo/package.sh'
[0.612s] INFO:colcon.colcon_core.shell:Creating package script '/home/user/nanosaur/install/nanosaur_gazebo/share/nanosaur_gazebo/package.bash'
[0.612s] INFO:colcon.colcon_core.shell:Creating package script '/home/user/nanosaur/install/nanosaur_gazebo/share/nanosaur_gazebo/package.zsh'
[0.612s] Level 1:colcon.colcon_core.environment:create_file_with_runtime_dependencies(/home/user/nanosaur/install/nanosaur_gazebo/share/colcon-core/packages/nanosaur_gazebo)
[0.643s] Level 1:colcon.colcon_core.environment:create_environment_scripts_only(nanosaur_gazebo)
[0.646s] Level 1:colcon.colcon_core.environment:checking '/home/user/nanosaur/install/nanosaur_gazebo' for CMake module files
[0.647s] Level 1:colcon.colcon_core.environment:checking '/home/user/nanosaur/install/nanosaur_gazebo' for CMake config files
[0.647s] Level 1:colcon.colcon_core.shell:create_environment_hook('nanosaur_gazebo', 'cmake_prefix_path')
[0.649s] INFO:colcon.colcon_core.shell:Creating environment hook '/home/user/nanosaur/install/nanosaur_gazebo/share/nanosaur_gazebo/hook/cmake_prefix_path.ps1'
[0.650s] INFO:colcon.colcon_core.shell:Creating environment descriptor '/home/user/nanosaur/install/nanosaur_gazebo/share/nanosaur_gazebo/hook/cmake_prefix_path.dsv'
[0.650s] INFO:colcon.colcon_core.shell:Creating environment hook '/home/user/nanosaur/install/nanosaur_gazebo/share/nanosaur_gazebo/hook/cmake_prefix_path.sh'
[0.651s] Level 1:colcon.colcon_core.environment:checking '/home/user/nanosaur/install/nanosaur_gazebo/bin'
[0.651s] Level 1:colcon.colcon_core.environment:checking '/home/user/nanosaur/install/nanosaur_gazebo/lib/pkgconfig/nanosaur_gazebo.pc'
[0.652s] Level 1:colcon.colcon_core.environment:checking '/home/user/nanosaur/install/nanosaur_gazebo/lib/python3.10/site-packages'
[0.652s] Level 1:colcon.colcon_core.environment:checking '/home/user/nanosaur/install/nanosaur_gazebo/bin'
[0.654s] INFO:colcon.colcon_core.shell:Creating package script '/home/user/nanosaur/install/nanosaur_gazebo/share/nanosaur_gazebo/package.ps1'
[0.654s] INFO:colcon.colcon_core.shell:Creating package descriptor '/home/user/nanosaur/install/nanosaur_gazebo/share/nanosaur_gazebo/package.dsv'
[0.655s] INFO:colcon.colcon_core.shell:Creating package script '/home/user/nanosaur/install/nanosaur_gazebo/share/nanosaur_gazebo/package.sh'
[0.655s] INFO:colcon.colcon_core.shell:Creating package script '/home/user/nanosaur/install/nanosaur_gazebo/share/nanosaur_gazebo/package.bash'
[0.655s] INFO:colcon.colcon_core.shell:Creating package script '/home/user/nanosaur/install/nanosaur_gazebo/share/nanosaur_gazebo/package.zsh'
[0.655s] Level 1:colcon.colcon_core.environment:create_file_with_runtime_dependencies(/home/user/nanosaur/install/nanosaur_gazebo/share/colcon-core/packages/nanosaur_gazebo)
[0.714s] DEBUG:colcon.colcon_core.event_handler.log_command:Invoking command in '/home/user/nanosaur/build/nanosaur_msgs': CMAKE_PREFIX_PATH=${CMAKE_PREFIX_PATH}:/opt/ros/humble /usr/bin/cmake --install /home/user/nanosaur/build/nanosaur_msgs
[0.767s] Level 1:colcon.colcon_core.environment:create_environment_scripts_only(nanosaur_msgs)
[0.767s] DEBUG:colcon.colcon_core.event_handler.log_command:Invoked command in '/home/user/nanosaur/build/nanosaur_msgs' returned '0': CMAKE_PREFIX_PATH=${CMAKE_PREFIX_PATH}:/opt/ros/humble /usr/bin/cmake --install /home/user/nanosaur/build/nanosaur_msgs
[0.770s] Level 1:colcon.colcon_core.environment:checking '/home/user/nanosaur/install/nanosaur_msgs' for CMake module files
[0.772s] Level 1:colcon.colcon_core.environment:checking '/home/user/nanosaur/install/nanosaur_msgs' for CMake config files
[0.774s] Level 1:colcon.colcon_core.shell:create_environment_hook('nanosaur_msgs', 'cmake_prefix_path')
[0.776s] INFO:colcon.colcon_core.shell:Creating environment hook '/home/user/nanosaur/install/nanosaur_msgs/share/nanosaur_msgs/hook/cmake_prefix_path.ps1'
[0.777s] INFO:colcon.colcon_core.shell:Creating environment descriptor '/home/user/nanosaur/install/nanosaur_msgs/share/nanosaur_msgs/hook/cmake_prefix_path.dsv'
[0.778s] INFO:colcon.colcon_core.shell:Creating environment hook '/home/user/nanosaur/install/nanosaur_msgs/share/nanosaur_msgs/hook/cmake_prefix_path.sh'
[0.778s] Level 1:colcon.colcon_core.environment:checking '/home/user/nanosaur/install/nanosaur_msgs/lib'
[0.779s] Level 1:colcon.colcon_core.shell:create_environment_hook('nanosaur_msgs', 'ld_library_path_lib')
[0.779s] INFO:colcon.colcon_core.shell:Creating environment hook '/home/user/nanosaur/install/nanosaur_msgs/share/nanosaur_msgs/hook/ld_library_path_lib.ps1'
[0.780s] INFO:colcon.colcon_core.shell:Creating environment descriptor '/home/user/nanosaur/install/nanosaur_msgs/share/nanosaur_msgs/hook/ld_library_path_lib.dsv'
[0.780s] INFO:colcon.colcon_core.shell:Creating environment hook '/home/user/nanosaur/install/nanosaur_msgs/share/nanosaur_msgs/hook/ld_library_path_lib.sh'
[0.780s] Level 1:colcon.colcon_core.environment:checking '/home/user/nanosaur/install/nanosaur_msgs/bin'
[0.780s] Level 1:colcon.colcon_core.environment:checking '/home/user/nanosaur/install/nanosaur_msgs/lib/pkgconfig/nanosaur_msgs.pc'
[0.780s] Level 1:colcon.colcon_core.environment:checking '/home/user/nanosaur/install/nanosaur_msgs/lib/python3.10/site-packages'
[0.780s] Level 1:colcon.colcon_core.environment:checking '/home/user/nanosaur/install/nanosaur_msgs/bin'
[0.781s] INFO:colcon.colcon_core.shell:Creating package script '/home/user/nanosaur/install/nanosaur_msgs/share/nanosaur_msgs/package.ps1'
[0.782s] INFO:colcon.colcon_core.shell:Creating package descriptor '/home/user/nanosaur/install/nanosaur_msgs/share/nanosaur_msgs/package.dsv'
[0.782s] INFO:colcon.colcon_core.shell:Creating package script '/home/user/nanosaur/install/nanosaur_msgs/share/nanosaur_msgs/package.sh'
[0.782s] INFO:colcon.colcon_core.shell:Creating package script '/home/user/nanosaur/install/nanosaur_msgs/share/nanosaur_msgs/package.bash'
[0.782s] INFO:colcon.colcon_core.shell:Creating package script '/home/user/nanosaur/install/nanosaur_msgs/share/nanosaur_msgs/package.zsh'
[0.783s] Level 1:colcon.colcon_core.environment:create_file_with_runtime_dependencies(/home/user/nanosaur/install/nanosaur_msgs/share/colcon-core/packages/nanosaur_msgs)
[0.841s] Level 1:colcon.colcon_core.environment:create_environment_scripts_only(nanosaur_msgs)
[0.844s] Level 1:colcon.colcon_core.environment:checking '/home/user/nanosaur/install/nanosaur_msgs' for CMake module files
[0.845s] Level 1:colcon.colcon_core.environment:checking '/home/user/nanosaur/install/nanosaur_msgs' for CMake config files
[0.847s] Level 1:colcon.colcon_core.shell:create_environment_hook('nanosaur_msgs', 'cmake_prefix_path')
[0.848s] INFO:colcon.colcon_core.shell:Creating environment hook '/home/user/nanosaur/install/nanosaur_msgs/share/nanosaur_msgs/hook/cmake_prefix_path.ps1'
[0.848s] INFO:colcon.colcon_core.shell:Creating environment descriptor '/home/user/nanosaur/install/nanosaur_msgs/share/nanosaur_msgs/hook/cmake_prefix_path.dsv'
[0.848s] INFO:colcon.colcon_core.shell:Creating environment hook '/home/user/nanosaur/install/nanosaur_msgs/share/nanosaur_msgs/hook/cmake_prefix_path.sh'
[0.848s] Level 1:colcon.colcon_core.environment:checking '/home/user/nanosaur/install/nanosaur_msgs/lib'
[0.849s] Level 1:colcon.colcon_core.shell:create_environment_hook('nanosaur_msgs', 'ld_library_path_lib')
[0.849s] INFO:colcon.colcon_core.shell:Creating environment hook '/home/user/nanosaur/install/nanosaur_msgs/share/nanosaur_msgs/hook/ld_library_path_lib.ps1'
[0.850s] INFO:colcon.colcon_core.shell:Creating environment descriptor '/home/user/nanosaur/install/nanosaur_msgs/share/nanosaur_msgs/hook/ld_library_path_lib.dsv'
[0.850s] INFO:colcon.colcon_core.shell:Creating environment hook '/home/user/nanosaur/install/nanosaur_msgs/share/nanosaur_msgs/hook/ld_library_path_lib.sh'
[0.850s] Level 1:colcon.colcon_core.environment:checking '/home/user/nanosaur/install/nanosaur_msgs/bin'
[0.850s] Level 1:colcon.colcon_core.environment:checking '/home/user/nanosaur/install/nanosaur_msgs/lib/pkgconfig/nanosaur_msgs.pc'
[0.850s] Level 1:colcon.colcon_core.environment:checking '/home/user/nanosaur/install/nanosaur_msgs/lib/python3.10/site-packages'
[0.850s] Level 1:colcon.colcon_core.environment:checking '/home/user/nanosaur/install/nanosaur_msgs/bin'
[0.852s] INFO:colcon.colcon_core.shell:Creating package script '/home/user/nanosaur/install/nanosaur_msgs/share/nanosaur_msgs/package.ps1'
[0.852s] INFO:colcon.colcon_core.shell:Creating package descriptor '/home/user/nanosaur/install/nanosaur_msgs/share/nanosaur_msgs/package.dsv'
[0.852s] INFO:colcon.colcon_core.shell:Creating package script '/home/user/nanosaur/install/nanosaur_msgs/share/nanosaur_msgs/package.sh'
[0.853s] INFO:colcon.colcon_core.shell:Creating package script '/home/user/nanosaur/install/nanosaur_msgs/share/nanosaur_msgs/package.bash'
[0.853s] INFO:colcon.colcon_core.shell:Creating package script '/home/user/nanosaur/install/nanosaur_msgs/share/nanosaur_msgs/package.zsh'
[0.853s] Level 1:colcon.colcon_core.environment:create_file_with_runtime_dependencies(/home/user/nanosaur/install/nanosaur_msgs/share/colcon-core/packages/nanosaur_msgs)
[0.853s] INFO:colcon.colcon_ros.task.ament_cmake.build:Building ROS package in '/home/user/nanosaur/src/nanosaur/nanosaur' with build type 'ament_cmake'
[0.853s] INFO:colcon.colcon_cmake.task.cmake.build:Building CMake package in '/home/user/nanosaur/src/nanosaur/nanosaur'
[0.854s] INFO:colcon.colcon_core.shell:Skip shell extension 'powershell' for command environment: Not usable outside of PowerShell
[0.854s] DEBUG:colcon.colcon_core.shell:Skip shell extension 'dsv' for command environment
[0.867s] DEBUG:colcon.colcon_core.event_handler.log_command:Invoking command in '/home/user/nanosaur/build/nanosaur': CMAKE_PREFIX_PATH=/home/user/nanosaur/install/nanosaur_msgs:/home/user/nanosaur/install/nanosaur_description:/home/user/nanosaur/install/nanosaur_control:/home/user/nanosaur/install/nanosaur_worlds:/home/user/nanosaur/install/nanosaur_simulations:/home/user/nanosaur/install/nanosaur:/home/user/nanosaur/install/nanosaur_gazebo:/opt/ros/humble /usr/bin/cmake --build /home/user/nanosaur/build/nanosaur -- -j16 -l16
[0.900s] DEBUG:colcon.colcon_core.event_handler.log_command:Invoked command in '/home/user/nanosaur/build/nanosaur' returned '0': CMAKE_PREFIX_PATH=/home/user/nanosaur/install/nanosaur_msgs:/home/user/nanosaur/install/nanosaur_description:/home/user/nanosaur/install/nanosaur_control:/home/user/nanosaur/install/nanosaur_worlds:/home/user/nanosaur/install/nanosaur_simulations:/home/user/nanosaur/install/nanosaur:/home/user/nanosaur/install/nanosaur_gazebo:/opt/ros/humble /usr/bin/cmake --build /home/user/nanosaur/build/nanosaur -- -j16 -l16
[0.928s] DEBUG:colcon.colcon_core.event_handler.log_command:Invoking command in '/home/user/nanosaur/build/nanosaur': CMAKE_PREFIX_PATH=/home/user/nanosaur/install/nanosaur_msgs:/home/user/nanosaur/install/nanosaur_description:/home/user/nanosaur/install/nanosaur_control:/home/user/nanosaur/install/nanosaur_worlds:/home/user/nanosaur/install/nanosaur_simulations:/home/user/nanosaur/install/nanosaur:/home/user/nanosaur/install/nanosaur_gazebo:/opt/ros/humble /usr/bin/cmake --install /home/user/nanosaur/build/nanosaur
[0.942s] Level 1:colcon.colcon_core.environment:create_environment_scripts_only(nanosaur)
[0.945s] Level 1:colcon.colcon_core.environment:checking '/home/user/nanosaur/install/nanosaur' for CMake module files
[0.946s] DEBUG:colcon.colcon_core.event_handler.log_command:Invoked command in '/home/user/nanosaur/build/nanosaur' returned '0': CMAKE_PREFIX_PATH=/home/user/nanosaur/install/nanosaur_msgs:/home/user/nanosaur/install/nanosaur_description:/home/user/nanosaur/install/nanosaur_control:/home/user/nanosaur/install/nanosaur_worlds:/home/user/nanosaur/install/nanosaur_simulations:/home/user/nanosaur/install/nanosaur:/home/user/nanosaur/install/nanosaur_gazebo:/opt/ros/humble /usr/bin/cmake --install /home/user/nanosaur/build/nanosaur
[0.947s] Level 1:colcon.colcon_core.environment:checking '/home/user/nanosaur/install/nanosaur' for CMake config files
[0.947s] Level 1:colcon.colcon_core.shell:create_environment_hook('nanosaur', 'cmake_prefix_path')
[0.949s] INFO:colcon.colcon_core.shell:Creating environment hook '/home/user/nanosaur/install/nanosaur/share/nanosaur/hook/cmake_prefix_path.ps1'
[0.950s] INFO:colcon.colcon_core.shell:Creating environment descriptor '/home/user/nanosaur/install/nanosaur/share/nanosaur/hook/cmake_prefix_path.dsv'
[0.950s] INFO:colcon.colcon_core.shell:Creating environment hook '/home/user/nanosaur/install/nanosaur/share/nanosaur/hook/cmake_prefix_path.sh'
[0.951s] Level 1:colcon.colcon_core.environment:checking '/home/user/nanosaur/install/nanosaur/bin'
[0.951s] Level 1:colcon.colcon_core.environment:checking '/home/user/nanosaur/install/nanosaur/lib/pkgconfig/nanosaur.pc'
[0.951s] Level 1:colcon.colcon_core.environment:checking '/home/user/nanosaur/install/nanosaur/lib/python3.10/site-packages'
[0.952s] Level 1:colcon.colcon_core.environment:checking '/home/user/nanosaur/install/nanosaur/bin'
[0.954s] INFO:colcon.colcon_core.shell:Creating package script '/home/user/nanosaur/install/nanosaur/share/nanosaur/package.ps1'
[0.955s] INFO:colcon.colcon_core.shell:Creating package descriptor '/home/user/nanosaur/install/nanosaur/share/nanosaur/package.dsv'
[0.955s] INFO:colcon.colcon_core.shell:Creating package script '/home/user/nanosaur/install/nanosaur/share/nanosaur/package.sh'
[0.956s] INFO:colcon.colcon_core.shell:Creating package script '/home/user/nanosaur/install/nanosaur/share/nanosaur/package.bash'
[0.956s] INFO:colcon.colcon_core.shell:Creating package script '/home/user/nanosaur/install/nanosaur/share/nanosaur/package.zsh'
[0.957s] Level 1:colcon.colcon_core.environment:create_file_with_runtime_dependencies(/home/user/nanosaur/install/nanosaur/share/colcon-core/packages/nanosaur)
[0.986s] Level 1:colcon.colcon_core.environment:create_environment_scripts_only(nanosaur)
[0.989s] Level 1:colcon.colcon_core.environment:checking '/home/user/nanosaur/install/nanosaur' for CMake module files
[0.990s] Level 1:colcon.colcon_core.environment:checking '/home/user/nanosaur/install/nanosaur' for CMake config files
[0.990s] Level 1:colcon.colcon_core.shell:create_environment_hook('nanosaur', 'cmake_prefix_path')
[0.991s] INFO:colcon.colcon_core.shell:Creating environment hook '/home/user/nanosaur/install/nanosaur/share/nanosaur/hook/cmake_prefix_path.ps1'
[0.991s] INFO:colcon.colcon_core.shell:Creating environment descriptor '/home/user/nanosaur/install/nanosaur/share/nanosaur/hook/cmake_prefix_path.dsv'
[0.991s] INFO:colcon.colcon_core.shell:Creating environment hook '/home/user/nanosaur/install/nanosaur/share/nanosaur/hook/cmake_prefix_path.sh'
[0.992s] Level 1:colcon.colcon_core.environment:checking '/home/user/nanosaur/install/nanosaur/bin'
[0.992s] Level 1:colcon.colcon_core.environment:checking '/home/user/nanosaur/install/nanosaur/lib/pkgconfig/nanosaur.pc'
[0.992s] Level 1:colcon.colcon_core.environment:checking '/home/user/nanosaur/install/nanosaur/lib/python3.10/site-packages'
[0.992s] Level 1:colcon.colcon_core.environment:checking '/home/user/nanosaur/install/nanosaur/bin'
[0.993s] INFO:colcon.colcon_core.shell:Creating package script '/home/user/nanosaur/install/nanosaur/share/nanosaur/package.ps1'
[0.993s] INFO:colcon.colcon_core.shell:Creating package descriptor '/home/user/nanosaur/install/nanosaur/share/nanosaur/package.dsv'
[0.993s] INFO:colcon.colcon_core.shell:Creating package script '/home/user/nanosaur/install/nanosaur/share/nanosaur/package.sh'
[0.994s] INFO:colcon.colcon_core.shell:Creating package script '/home/user/nanosaur/install/nanosaur/share/nanosaur/package.bash'
[0.994s] INFO:colcon.colcon_core.shell:Creating package script '/home/user/nanosaur/install/nanosaur/share/nanosaur/package.zsh'
[0.994s] Level 1:colcon.colcon_core.environment:create_file_with_runtime_dependencies(/home/user/nanosaur/install/nanosaur/share/colcon-core/packages/nanosaur)
[0.994s] DEBUG:colcon.colcon_parallel_executor.executor.parallel:closing loop
[0.994s] DEBUG:colcon.colcon_parallel_executor.executor.parallel:loop closed
[0.994s] DEBUG:colcon.colcon_parallel_executor.executor.parallel:run_until_complete finished with '0'
[0.995s] DEBUG:colcon.colcon_core.event_reactor:joining thread
[1.003s] INFO:colcon.colcon_core.plugin_system:Skipping extension 'colcon_notification.desktop_notification.notify_send': Could not find 'notify-send'
[1.003s] INFO:colcon.colcon_core.plugin_system:Skipping extension 'colcon_notification.desktop_notification.terminal_notifier': Not used on non-Darwin systems
[1.004s] INFO:colcon.colcon_core.plugin_system:Skipping extension 'colcon_notification.desktop_notification.win32': Not used on non-Windows systems
[1.004s] INFO:colcon.colcon_notification.desktop_notification:Sending desktop notification using 'notify2'
[1.007s] DEBUG:colcon.colcon_notification.desktop_notification.notify2:Failed to initialize notify2: org.freedesktop.DBus.Error.Spawn.ExecFailed: /usr/bin/dbus-launch terminated abnormally without any error message
[1.007s] DEBUG:colcon.colcon_core.event_reactor:joined thread
[1.010s] INFO:colcon.colcon_core.shell:Creating prefix script '/home/user/nanosaur/install/local_setup.ps1'
[1.012s] INFO:colcon.colcon_core.shell:Creating prefix util module '/home/user/nanosaur/install/_local_setup_util_ps1.py'
[1.015s] INFO:colcon.colcon_core.shell:Creating prefix chain script '/home/user/nanosaur/install/setup.ps1'
[1.018s] INFO:colcon.colcon_core.shell:Creating prefix script '/home/user/nanosaur/install/local_setup.sh'
[1.018s] INFO:colcon.colcon_core.shell:Creating prefix util module '/home/user/nanosaur/install/_local_setup_util_sh.py'
[1.019s] INFO:colcon.colcon_core.shell:Creating prefix chain script '/home/user/nanosaur/install/setup.sh'
[1.020s] INFO:colcon.colcon_core.shell:Creating prefix script '/home/user/nanosaur/install/local_setup.bash'
[1.021s] INFO:colcon.colcon_core.shell:Creating prefix chain script '/home/user/nanosaur/install/setup.bash'
[1.022s] INFO:colcon.colcon_core.shell:Creating prefix script '/home/user/nanosaur/install/local_setup.zsh'
[1.022s] INFO:colcon.colcon_core.shell:Creating prefix chain script '/home/user/nanosaur/install/setup.zsh'
