[0.000000] (-) TimerEvent: {}
[0.000500] (nanosaur_control) JobQueued: {'identifier': 'nanosaur_control', 'dependencies': OrderedDict()}
[0.001570] (nanosaur_description) JobQueued: {'identifier': 'nanosaur_description', 'dependencies': OrderedDict()}
[0.001649] (nanosaur_msgs) JobQueued: {'identifier': 'nanosaur_msgs', 'dependencies': OrderedDict()}
[0.001695] (nanosaur_simulations) JobQueued: {'identifier': 'nanosaur_simulations', 'dependencies': OrderedDict()}
[0.001735] (nanosaur_worlds) JobQueued: {'identifier': 'nanosaur_worlds', 'dependencies': OrderedDict()}
[0.001775] (ros2_camera_receiver) JobQueued: {'identifier': 'ros2_camera_receiver', 'dependencies': OrderedDict()}
[0.001813] (nanosaur) JobQueued: {'identifier': 'nanosaur', 'dependencies': OrderedDict([('nanosaur_control', '/home/user/nanosaur/install/nanosaur_control'), ('nanosaur_description', '/home/user/nanosaur/install/nanosaur_description'), ('nanosaur_msgs', '/home/user/nanosaur/install/nanosaur_msgs')])}
[0.001863] (nanosaur_gazebo) JobQueued: {'identifier': 'nanosaur_gazebo', 'dependencies': OrderedDict([('nanosaur_control', '/home/user/nanosaur/install/nanosaur_control'), ('nanosaur_description', '/home/user/nanosaur/install/nanosaur_description')])}
[0.001923] (nanosaur_control) JobStarted: {'identifier': 'nanosaur_control'}
[0.009905] (nanosaur_description) JobStarted: {'identifier': 'nanosaur_description'}
[0.013462] (nanosaur_msgs) JobStarted: {'identifier': 'nanosaur_msgs'}
[0.020549] (nanosaur_simulations) JobStarted: {'identifier': 'nanosaur_simulations'}
[0.025247] (nanosaur_worlds) JobStarted: {'identifier': 'nanosaur_worlds'}
[0.028778] (ros2_camera_receiver) JobStarted: {'identifier': 'ros2_camera_receiver'}
[0.038344] (nanosaur_control) JobProgress: {'identifier': 'nanosaur_control', 'progress': 'cmake'}
[0.039075] (nanosaur_control) JobProgress: {'identifier': 'nanosaur_control', 'progress': 'build'}
[0.039472] (nanosaur_control) Command: {'cmd': ['/usr/bin/cmake', '--build', '/home/user/nanosaur/build/nanosaur_control', '--', '-j16', '-l16'], 'cwd': '/home/user/nanosaur/build/nanosaur_control', 'env': OrderedDict([('HOSTNAME', 'shh'), ('SHLVL', '1'), ('LD_LIBRARY_PATH', '/home/user/nanosaur/install/nanosaur_msgs/lib:/usr/lib/x86_64-linux-gnu/gazebo-11/plugins:/opt/ros/humble/opt/rviz_ogre_vendor/lib:/opt/ros/humble/lib/x86_64-linux-gnu:/opt/ros/humble/lib'), ('HOME', '/home/user'), ('OLDPWD', '/home/user/nanosaur/src'), ('ROS_PYTHON_VERSION', '3'), ('COLCON_PREFIX_PATH', '/home/user/nanosaur/install'), ('ROS_DISTRO', 'humble'), ('_', '/usr/bin/colcon'), ('ROS_VERSION', '2'), ('TERM', 'xterm'), ('ROS_LOCALHOST_ONLY', '0'), ('QT_X11_NO_MITSHM', '1'), ('PATH', '/opt/ros/humble/bin:/usr/local/sbin:/usr/local/bin:/usr/sbin:/usr/bin:/sbin:/bin'), ('DISPLAY', ':0'), ('LANG', 'C.UTF-8'), ('AMENT_PREFIX_PATH', '/home/user/nanosaur/install/nanosaur_worlds:/home/user/nanosaur/install/nanosaur_simulations:/home/user/nanosaur/install/nanosaur:/home/user/nanosaur/install/nanosaur_msgs:/home/user/nanosaur/install/nanosaur_gazebo:/home/user/nanosaur/install/nanosaur_description:/home/user/nanosaur/install/nanosaur_control:/opt/ros/humble'), ('PWD', '/home/user/nanosaur/build/nanosaur_control'), ('LC_ALL', 'C.UTF-8'), ('PYTHONPATH', '/home/user/nanosaur/install/nanosaur_msgs/local/lib/python3.10/dist-packages:/opt/ros/humble/lib/python3.10/site-packages:/opt/ros/humble/local/lib/python3.10/dist-packages'), ('COLCON', '1'), ('CMAKE_PREFIX_PATH', '/home/user/nanosaur/install/nanosaur_worlds:/home/user/nanosaur/install/nanosaur_simulations:/home/user/nanosaur/install/nanosaur:/home/user/nanosaur/install/nanosaur_msgs:/home/user/nanosaur/install/nanosaur_gazebo:/home/user/nanosaur/install/nanosaur_description:/home/user/nanosaur/install/nanosaur_control:/opt/ros/humble')]), 'shell': False}
[0.042010] (nanosaur_description) JobProgress: {'identifier': 'nanosaur_description', 'progress': 'cmake'}
[0.042170] (nanosaur_description) JobProgress: {'identifier': 'nanosaur_description', 'progress': 'build'}
[0.042741] (nanosaur_description) Command: {'cmd': ['/usr/bin/cmake', '--build', '/home/user/nanosaur/build/nanosaur_description', '--', '-j16', '-l16'], 'cwd': '/home/user/nanosaur/build/nanosaur_description', 'env': OrderedDict([('HOSTNAME', 'shh'), ('SHLVL', '1'), ('LD_LIBRARY_PATH', '/home/user/nanosaur/install/nanosaur_msgs/lib:/usr/lib/x86_64-linux-gnu/gazebo-11/plugins:/opt/ros/humble/opt/rviz_ogre_vendor/lib:/opt/ros/humble/lib/x86_64-linux-gnu:/opt/ros/humble/lib'), ('HOME', '/home/user'), ('OLDPWD', '/home/user/nanosaur/src'), ('ROS_PYTHON_VERSION', '3'), ('COLCON_PREFIX_PATH', '/home/user/nanosaur/install'), ('ROS_DISTRO', 'humble'), ('_', '/usr/bin/colcon'), ('ROS_VERSION', '2'), ('TERM', 'xterm'), ('ROS_LOCALHOST_ONLY', '0'), ('QT_X11_NO_MITSHM', '1'), ('PATH', '/opt/ros/humble/bin:/usr/local/sbin:/usr/local/bin:/usr/sbin:/usr/bin:/sbin:/bin'), ('DISPLAY', ':0'), ('LANG', 'C.UTF-8'), ('AMENT_PREFIX_PATH', '/home/user/nanosaur/install/nanosaur_worlds:/home/user/nanosaur/install/nanosaur_simulations:/home/user/nanosaur/install/nanosaur:/home/user/nanosaur/install/nanosaur_msgs:/home/user/nanosaur/install/nanosaur_gazebo:/home/user/nanosaur/install/nanosaur_description:/home/user/nanosaur/install/nanosaur_control:/opt/ros/humble'), ('PWD', '/home/user/nanosaur/build/nanosaur_description'), ('LC_ALL', 'C.UTF-8'), ('PYTHONPATH', '/home/user/nanosaur/install/nanosaur_msgs/local/lib/python3.10/dist-packages:/opt/ros/humble/lib/python3.10/site-packages:/opt/ros/humble/local/lib/python3.10/dist-packages'), ('COLCON', '1'), ('CMAKE_PREFIX_PATH', '/home/user/nanosaur/install/nanosaur_worlds:/home/user/nanosaur/install/nanosaur_simulations:/home/user/nanosaur/install/nanosaur:/home/user/nanosaur/install/nanosaur_msgs:/home/user/nanosaur/install/nanosaur_gazebo:/home/user/nanosaur/install/nanosaur_description:/home/user/nanosaur/install/nanosaur_control:/opt/ros/humble')]), 'shell': False}
[0.044856] (nanosaur_msgs) JobProgress: {'identifier': 'nanosaur_msgs', 'progress': 'cmake'}
[0.045168] (nanosaur_msgs) JobProgress: {'identifier': 'nanosaur_msgs', 'progress': 'build'}
[0.045705] (nanosaur_msgs) Command: {'cmd': ['/usr/bin/cmake', '--build', '/home/user/nanosaur/build/nanosaur_msgs', '--', '-j16', '-l16'], 'cwd': '/home/user/nanosaur/build/nanosaur_msgs', 'env': OrderedDict([('HOSTNAME', 'shh'), ('SHLVL', '1'), ('LD_LIBRARY_PATH', '/home/user/nanosaur/install/nanosaur_msgs/lib:/usr/lib/x86_64-linux-gnu/gazebo-11/plugins:/opt/ros/humble/opt/rviz_ogre_vendor/lib:/opt/ros/humble/lib/x86_64-linux-gnu:/opt/ros/humble/lib'), ('HOME', '/home/user'), ('OLDPWD', '/home/user/nanosaur/src'), ('ROS_PYTHON_VERSION', '3'), ('COLCON_PREFIX_PATH', '/home/user/nanosaur/install'), ('ROS_DISTRO', 'humble'), ('_', '/usr/bin/colcon'), ('ROS_VERSION', '2'), ('TERM', 'xterm'), ('ROS_LOCALHOST_ONLY', '0'), ('QT_X11_NO_MITSHM', '1'), ('PATH', '/opt/ros/humble/bin:/usr/local/sbin:/usr/local/bin:/usr/sbin:/usr/bin:/sbin:/bin'), ('DISPLAY', ':0'), ('LANG', 'C.UTF-8'), ('AMENT_PREFIX_PATH', '/home/user/nanosaur/install/nanosaur_worlds:/home/user/nanosaur/install/nanosaur_simulations:/home/user/nanosaur/install/nanosaur:/home/user/nanosaur/install/nanosaur_msgs:/home/user/nanosaur/install/nanosaur_gazebo:/home/user/nanosaur/install/nanosaur_description:/home/user/nanosaur/install/nanosaur_control:/opt/ros/humble'), ('PWD', '/home/user/nanosaur/build/nanosaur_msgs'), ('LC_ALL', 'C.UTF-8'), ('PYTHONPATH', '/home/user/nanosaur/install/nanosaur_msgs/local/lib/python3.10/dist-packages:/opt/ros/humble/lib/python3.10/site-packages:/opt/ros/humble/local/lib/python3.10/dist-packages'), ('COLCON', '1'), ('CMAKE_PREFIX_PATH', '/home/user/nanosaur/install/nanosaur_worlds:/home/user/nanosaur/install/nanosaur_simulations:/home/user/nanosaur/install/nanosaur:/home/user/nanosaur/install/nanosaur_msgs:/home/user/nanosaur/install/nanosaur_gazebo:/home/user/nanosaur/install/nanosaur_description:/home/user/nanosaur/install/nanosaur_control:/opt/ros/humble')]), 'shell': False}
[0.048289] (nanosaur_simulations) JobProgress: {'identifier': 'nanosaur_simulations', 'progress': 'cmake'}
[0.048525] (nanosaur_simulations) JobProgress: {'identifier': 'nanosaur_simulations', 'progress': 'build'}
[0.049305] (nanosaur_simulations) Command: {'cmd': ['/usr/bin/cmake', '--build', '/home/user/nanosaur/build/nanosaur_simulations', '--', '-j16', '-l16'], 'cwd': '/home/user/nanosaur/build/nanosaur_simulations', 'env': OrderedDict([('HOSTNAME', 'shh'), ('SHLVL', '1'), ('LD_LIBRARY_PATH', '/home/user/nanosaur/install/nanosaur_msgs/lib:/usr/lib/x86_64-linux-gnu/gazebo-11/plugins:/opt/ros/humble/opt/rviz_ogre_vendor/lib:/opt/ros/humble/lib/x86_64-linux-gnu:/opt/ros/humble/lib'), ('HOME', '/home/user'), ('OLDPWD', '/home/user/nanosaur/src'), ('ROS_PYTHON_VERSION', '3'), ('COLCON_PREFIX_PATH', '/home/user/nanosaur/install'), ('ROS_DISTRO', 'humble'), ('_', '/usr/bin/colcon'), ('ROS_VERSION', '2'), ('TERM', 'xterm'), ('ROS_LOCALHOST_ONLY', '0'), ('QT_X11_NO_MITSHM', '1'), ('PATH', '/opt/ros/humble/bin:/usr/local/sbin:/usr/local/bin:/usr/sbin:/usr/bin:/sbin:/bin'), ('DISPLAY', ':0'), ('LANG', 'C.UTF-8'), ('AMENT_PREFIX_PATH', '/home/user/nanosaur/install/nanosaur_worlds:/home/user/nanosaur/install/nanosaur_simulations:/home/user/nanosaur/install/nanosaur:/home/user/nanosaur/install/nanosaur_msgs:/home/user/nanosaur/install/nanosaur_gazebo:/home/user/nanosaur/install/nanosaur_description:/home/user/nanosaur/install/nanosaur_control:/opt/ros/humble'), ('PWD', '/home/user/nanosaur/build/nanosaur_simulations'), ('LC_ALL', 'C.UTF-8'), ('PYTHONPATH', '/home/user/nanosaur/install/nanosaur_msgs/local/lib/python3.10/dist-packages:/opt/ros/humble/lib/python3.10/site-packages:/opt/ros/humble/local/lib/python3.10/dist-packages'), ('COLCON', '1'), ('CMAKE_PREFIX_PATH', '/home/user/nanosaur/install/nanosaur_worlds:/home/user/nanosaur/install/nanosaur_simulations:/home/user/nanosaur/install/nanosaur:/home/user/nanosaur/install/nanosaur_msgs:/home/user/nanosaur/install/nanosaur_gazebo:/home/user/nanosaur/install/nanosaur_description:/home/user/nanosaur/install/nanosaur_control:/opt/ros/humble')]), 'shell': False}
[0.050941] (nanosaur_worlds) JobProgress: {'identifier': 'nanosaur_worlds', 'progress': 'cmake'}
[0.051944] (nanosaur_worlds) JobProgress: {'identifier': 'nanosaur_worlds', 'progress': 'build'}
[0.052480] (nanosaur_worlds) Command: {'cmd': ['/usr/bin/cmake', '--build', '/home/user/nanosaur/build/nanosaur_worlds', '--', '-j16', '-l16'], 'cwd': '/home/user/nanosaur/build/nanosaur_worlds', 'env': OrderedDict([('HOSTNAME', 'shh'), ('SHLVL', '1'), ('LD_LIBRARY_PATH', '/home/user/nanosaur/install/nanosaur_msgs/lib:/usr/lib/x86_64-linux-gnu/gazebo-11/plugins:/opt/ros/humble/opt/rviz_ogre_vendor/lib:/opt/ros/humble/lib/x86_64-linux-gnu:/opt/ros/humble/lib'), ('HOME', '/home/user'), ('OLDPWD', '/home/user/nanosaur/src'), ('ROS_PYTHON_VERSION', '3'), ('COLCON_PREFIX_PATH', '/home/user/nanosaur/install'), ('ROS_DISTRO', 'humble'), ('_', '/usr/bin/colcon'), ('ROS_VERSION', '2'), ('TERM', 'xterm'), ('ROS_LOCALHOST_ONLY', '0'), ('QT_X11_NO_MITSHM', '1'), ('PATH', '/opt/ros/humble/bin:/usr/local/sbin:/usr/local/bin:/usr/sbin:/usr/bin:/sbin:/bin'), ('DISPLAY', ':0'), ('LANG', 'C.UTF-8'), ('AMENT_PREFIX_PATH', '/home/user/nanosaur/install/nanosaur_worlds:/home/user/nanosaur/install/nanosaur_simulations:/home/user/nanosaur/install/nanosaur:/home/user/nanosaur/install/nanosaur_msgs:/home/user/nanosaur/install/nanosaur_gazebo:/home/user/nanosaur/install/nanosaur_description:/home/user/nanosaur/install/nanosaur_control:/opt/ros/humble'), ('PWD', '/home/user/nanosaur/build/nanosaur_worlds'), ('LC_ALL', 'C.UTF-8'), ('PYTHONPATH', '/home/user/nanosaur/install/nanosaur_msgs/local/lib/python3.10/dist-packages:/opt/ros/humble/lib/python3.10/site-packages:/opt/ros/humble/local/lib/python3.10/dist-packages'), ('COLCON', '1'), ('CMAKE_PREFIX_PATH', '/home/user/nanosaur/install/nanosaur_worlds:/home/user/nanosaur/install/nanosaur_simulations:/home/user/nanosaur/install/nanosaur:/home/user/nanosaur/install/nanosaur_msgs:/home/user/nanosaur/install/nanosaur_gazebo:/home/user/nanosaur/install/nanosaur_description:/home/user/nanosaur/install/nanosaur_control:/opt/ros/humble')]), 'shell': False}
[0.098989] (nanosaur_msgs) StdoutLine: {'line': b'[  2%] Built target nanosaur_msgs__cpp\n'}
[0.099283] (-) TimerEvent: {}
[0.104854] (nanosaur_msgs) StdoutLine: {'line': b'[ 12%] Built target nanosaur_msgs__rosidl_generator_c\n'}
[0.111900] (nanosaur_msgs) StdoutLine: {'line': b'[ 12%] Built target ament_cmake_python_copy_nanosaur_msgs\n'}
[0.120921] (nanosaur_msgs) StdoutLine: {'line': b'[ 23%] Built target nanosaur_msgs__rosidl_typesupport_introspection_cpp\n'}
[0.121415] (nanosaur_msgs) StdoutLine: {'line': b'[ 53%] Built target nanosaur_msgs__rosidl_typesupport_fastrtps_cpp\n'}
[0.121581] (nanosaur_msgs) StdoutLine: {'line': b'[ 53%] Built target nanosaur_msgs__rosidl_typesupport_introspection_c\n'}
[0.121654] (nanosaur_msgs) StdoutLine: {'line': b'[ 53%] Built target nanosaur_msgs__rosidl_typesupport_cpp\n'}
[0.122773] (nanosaur_msgs) StdoutLine: {'line': b'[ 64%] Built target nanosaur_msgs__rosidl_typesupport_c\n'}
[0.130861] (nanosaur_msgs) StdoutLine: {'line': b'[ 74%] Built target nanosaur_msgs__rosidl_typesupport_fastrtps_c\n'}
[0.154013] (nanosaur_msgs) StdoutLine: {'line': b'[ 74%] Built target nanosaur_msgs\n'}
[0.179770] (nanosaur_msgs) StdoutLine: {'line': b'[ 76%] Built target nanosaur_msgs__py\n'}
[0.199384] (-) TimerEvent: {}
[0.204118] (nanosaur_msgs) StdoutLine: {'line': b'[ 84%] Built target nanosaur_msgs__rosidl_generator_py\n'}
[0.226040] (nanosaur_msgs) StdoutLine: {'line': b'[ 89%] Built target nanosaur_msgs__rosidl_typesupport_fastrtps_c__pyext\n'}
[0.230055] (nanosaur_msgs) StdoutLine: {'line': b'[ 94%] Built target nanosaur_msgs__rosidl_typesupport_introspection_c__pyext\n'}
[0.231416] (nanosaur_msgs) StdoutLine: {'line': b'[100%] Built target nanosaur_msgs__rosidl_typesupport_c__pyext\n'}
[0.244638] (ros2_camera_receiver) StderrLine: {'line': b'Traceback (most recent call last):\n  File "/usr/lib/python3/dist-packages/colcon_core/executor/__init__.py", line 91, in __call__\n    rc = await self.task(*args, **kwargs)\n  File "/usr/lib/python3/dist-packages/colcon_core/task/__init__.py", line 93, in __call__\n    return await task_method(*args, **kwargs)\n  File "/usr/lib/python3/dist-packages/colcon_ros/task/ament_python/build.py", line 51, in build\n    setup_py_data = get_setup_data(self.context.pkg, env)\n  File "/usr/lib/python3/dist-packages/colcon_core/task/python/__init__.py", line 20, in get_setup_data\n    return dict(pkg.metadata[key](env))\n  File "/usr/lib/python3/dist-packages/colcon_ros/package_augmentation/ros_ament_python.py", line 57, in getter\n    return get_setup_information(\n  File "/usr/lib/python3/dist-packages/colcon_python_setup_py/package_identification/python_setup_py.py", line 241, in get_setup_information\n    _setup_information_cache[hashable_env] = _get_setup_information(\n  File "/usr/lib/python3/dist-packages/colcon_python_setup_py/package_identification/python_setup_py.py", line 288, in _get_setup_information\n    result = subprocess.run(\n  File "/usr/lib/python3.10/subprocess.py", line 524, in run\n    raise CalledProcessError(retcode, process.args,\nsubprocess.CalledProcessError: Command \'[\'/usr/bin/python3\', \'-c\', \'import sys;from contextlib import suppress;exec("with suppress(ImportError):    from setuptools.extern.packaging.specifiers    import SpecifierSet");exec("with suppress(ImportError):    from packaging.specifiers import SpecifierSet");from distutils.core import run_setup;dist = run_setup(    \\\'setup.py\\\', script_args=(\\\'--dry-run\\\',), stop_after=\\\'config\\\');skip_keys = (\\\'cmdclass\\\', \\\'distclass\\\', \\\'ext_modules\\\', \\\'metadata\\\');data = {    key: value for key, value in dist.__dict__.items()     if (        not key.startswith(\\\'_\\\') and         not callable(value) and         key not in skip_keys and         key not in dist.display_option_names    )};data[\\\'metadata\\\'] = {    k: v for k, v in dist.metadata.__dict__.items()     if k not in (\\\'license_files\\\', \\\'provides_extras\\\')};sys.stdout.buffer.write(repr(data).encode(\\\'utf-8\\\'))\']\' returned non-zero exit status 1.\n'}
[0.247061] (ros2_camera_receiver) JobEnded: {'identifier': 'ros2_camera_receiver', 'rc': 1}
[0.247518] (nanosaur_description) JobEnded: {'identifier': 'nanosaur_description', 'rc': 'SIGINT'}
[0.247893] (nanosaur_simulations) JobEnded: {'identifier': 'nanosaur_simulations', 'rc': 'SIGINT'}
[0.248222] (nanosaur_control) JobEnded: {'identifier': 'nanosaur_control', 'rc': 'SIGINT'}
[0.248555] (nanosaur_worlds) JobEnded: {'identifier': 'nanosaur_worlds', 'rc': 'SIGINT'}
[0.282104] (nanosaur_msgs) StdoutLine: {'line': b'running egg_info\n'}
[0.282429] (nanosaur_msgs) StdoutLine: {'line': b'writing nanosaur_msgs.egg-info/PKG-INFO\n'}
[0.282719] (nanosaur_msgs) StdoutLine: {'line': b'writing dependency_links to nanosaur_msgs.egg-info/dependency_links.txt\n'}
[0.283031] (nanosaur_msgs) StdoutLine: {'line': b'writing top-level names to nanosaur_msgs.egg-info/top_level.txt\n'}
[0.286814] (nanosaur_msgs) StdoutLine: {'line': b"reading manifest file 'nanosaur_msgs.egg-info/SOURCES.txt'\n"}
[0.287894] (nanosaur_msgs) StdoutLine: {'line': b"writing manifest file 'nanosaur_msgs.egg-info/SOURCES.txt'\n"}
[0.299537] (-) TimerEvent: {}
[0.321320] (nanosaur_msgs) StdoutLine: {'line': b'[100%] Built target ament_cmake_python_build_nanosaur_msgs_egg\n'}
[0.334683] (nanosaur_msgs) JobEnded: {'identifier': 'nanosaur_msgs', 'rc': 'SIGINT'}
[0.345855] (nanosaur) JobSkipped: {'identifier': 'nanosaur'}
[0.346026] (nanosaur_gazebo) JobSkipped: {'identifier': 'nanosaur_gazebo'}
[0.346163] (-) EventReactorShutdown: {}
