-- Install configuration: ""
-- Up-to-date: /home/user/nanosaur/install/nanosaur_gazebo/share/nanosaur_gazebo/launch
-- Installing: /home/user/nanosaur/install/nanosaur_gazebo/share/nanosaur_gazebo/launch/gazebo.launch.py
-- Up-to-date: /home/user/nanosaur/install/nanosaur_gazebo/share/nanosaur_gazebo/launch/robot_state_publisher.launch.py
-- Up-to-date: /home/user/nanosaur/install/nanosaur_gazebo/share/nanosaur_gazebo/urdf
-- Up-to-date: /home/user/nanosaur/install/nanosaur_gazebo/share/nanosaur_gazebo/urdf/sensors
-- Up-to-date: /home/user/nanosaur/install/nanosaur_gazebo/share/nanosaur_gazebo/urdf/sensors/wide.gazebo.xacro
-- Up-to-date: /home/user/nanosaur/install/nanosaur_gazebo/share/nanosaur_gazebo/urdf/sensors/realsense.gazebo.xacro
-- Up-to-date: /home/user/nanosaur/install/nanosaur_gazebo/share/nanosaur_gazebo/urdf/sensors/zed.gazebo.xacro
-- Up-to-date: /home/user/nanosaur/install/nanosaur_gazebo/share/nanosaur_gazebo/urdf/sensors/camera.gazebo.xacro
-- Up-to-date: /home/user/nanosaur/install/nanosaur_gazebo/share/nanosaur_gazebo/urdf/sensors/imu.gazebo.xacro
-- Up-to-date: /home/user/nanosaur/install/nanosaur_gazebo/share/nanosaur_gazebo/urdf/diff_drive.gazebo.xacro
-- Up-to-date: /home/user/nanosaur/install/nanosaur_gazebo/share/nanosaur_gazebo/urdf/nanosaur.gazebo.xacro
-- Up-to-date: /home/user/nanosaur/install/nanosaur_gazebo/share/nanosaur_gazebo/urdf/nanosaur.gazebo.sdf
-- Up-to-date: /home/user/nanosaur/install/nanosaur_gazebo/share/nanosaur_gazebo/urdf/nanosaur.gazebo.urdf
-- Up-to-date: /home/user/nanosaur/install/nanosaur_gazebo/share/ament_index/resource_index/package_run_dependencies/nanosaur_gazebo
-- Up-to-date: /home/user/nanosaur/install/nanosaur_gazebo/share/ament_index/resource_index/parent_prefix_path/nanosaur_gazebo
-- Up-to-date: /home/user/nanosaur/install/nanosaur_gazebo/share/nanosaur_gazebo/environment/ament_prefix_path.sh
-- Up-to-date: /home/user/nanosaur/install/nanosaur_gazebo/share/nanosaur_gazebo/environment/ament_prefix_path.dsv
-- Up-to-date: /home/user/nanosaur/install/nanosaur_gazebo/share/nanosaur_gazebo/environment/path.sh
-- Up-to-date: /home/user/nanosaur/install/nanosaur_gazebo/share/nanosaur_gazebo/environment/path.dsv
-- Up-to-date: /home/user/nanosaur/install/nanosaur_gazebo/share/nanosaur_gazebo/local_setup.bash
-- Up-to-date: /home/user/nanosaur/install/nanosaur_gazebo/share/nanosaur_gazebo/local_setup.sh
-- Up-to-date: /home/user/nanosaur/install/nanosaur_gazebo/share/nanosaur_gazebo/local_setup.zsh
-- Up-to-date: /home/user/nanosaur/install/nanosaur_gazebo/share/nanosaur_gazebo/local_setup.dsv
-- Installing: /home/user/nanosaur/install/nanosaur_gazebo/share/nanosaur_gazebo/package.dsv
-- Up-to-date: /home/user/nanosaur/install/nanosaur_gazebo/share/ament_index/resource_index/packages/nanosaur_gazebo
-- Up-to-date: /home/user/nanosaur/install/nanosaur_gazebo/share/nanosaur_gazebo/cmake/nanosaur_gazeboConfig.cmake
-- Up-to-date: /home/user/nanosaur/install/nanosaur_gazebo/share/nanosaur_gazebo/cmake/nanosaur_gazeboConfig-version.cmake
-- Up-to-date: /home/user/nanosaur/install/nanosaur_gazebo/share/nanosaur_gazebo/package.xml
