[0.033s] Invoking command in '/home/user/nanosaur/build/nanosaur_description': CMAKE_PREFIX_PATH=${CMAKE_PREFIX_PATH}:/home/shh/stmoon/install/nanosaur_ignition:/opt/ros/humble /usr/bin/cmake --build /home/user/nanosaur/build/nanosaur_description -- -j16 -l16
[0.065s] Invoked command in '/home/user/nanosaur/build/nanosaur_description' returned '0': CMAKE_PREFIX_PATH=${CMAKE_PREFIX_PATH}:/home/shh/stmoon/install/nanosaur_ignition:/opt/ros/humble /usr/bin/cmake --build /home/user/nanosaur/build/nanosaur_description -- -j16 -l16
[0.088s] Invoking command in '/home/user/nanosaur/build/nanosaur_description': CMAKE_PREFIX_PATH=${CMAKE_PREFIX_PATH}:/home/shh/stmoon/install/nanosaur_ignition:/opt/ros/humble /usr/bin/cmake --install /home/user/nanosaur/build/nanosaur_description
[0.096s] -- Install configuration: ""
[0.098s] -- Up-to-date: /home/user/nanosaur/install/nanosaur_description/share/nanosaur_description/meshes
[0.099s] -- Up-to-date: /home/user/nanosaur/install/nanosaur_description/share/nanosaur_description/meshes/base_rear.stl
[0.104s] -- Up-to-date: /home/user/nanosaur/install/nanosaur_description/share/nanosaur_description/meshes/cover-zedmini.stl
[0.112s] -- Up-to-date: /home/user/nanosaur/install/nanosaur_description/share/nanosaur_description/meshes/wheel.stl
[0.116s] -- Up-to-date: /home/user/nanosaur/install/nanosaur_description/share/nanosaur_description/meshes/cover-fe.stl
[0.123s] -- Up-to-date: /home/user/nanosaur/install/nanosaur_description/share/nanosaur_description/meshes/parts
[0.125s] -- Up-to-date: /home/user/nanosaur/install/nanosaur_description/share/nanosaur_description/meshes/parts/Pololu-Micro-Metal-Gearmotor.stl
[0.129s] -- Up-to-date: /home/user/nanosaur/install/nanosaur_description/share/nanosaur_description/meshes/parts/fisheye_camera.dae
[0.137s] -- Up-to-date: /home/user/nanosaur/install/nanosaur_description/share/nanosaur_description/meshes/parts/d435.dae
[0.140s] -- Up-to-date: /home/user/nanosaur/install/nanosaur_description/share/nanosaur_description/meshes/parts/zedm.stl
[0.144s] -- Up-to-date: /home/user/nanosaur/install/nanosaur_description/share/nanosaur_description/meshes/parts/motor_board.stl
[0.154s] -- Up-to-date: /home/user/nanosaur/install/nanosaur_description/share/nanosaur_description/meshes/parts/rasp_camera.stl
[0.160s] -- Up-to-date: /home/user/nanosaur/install/nanosaur_description/share/nanosaur_description/meshes/parts/power_bank.stl
[0.163s] -- Up-to-date: /home/user/nanosaur/install/nanosaur_description/share/nanosaur_description/meshes/parts/nanosaur-exp-board.stl
[0.170s] -- Up-to-date: /home/user/nanosaur/install/nanosaur_description/share/nanosaur_description/meshes/parts/OLED_Module.stl
[0.174s] -- Up-to-date: /home/user/nanosaur/install/nanosaur_description/share/nanosaur_description/meshes/parts/NVIDIA_jetson_nano_4gb.stl
[0.208s] -- Up-to-date: /home/user/nanosaur/install/nanosaur_description/share/nanosaur_description/meshes/LICENSE
[0.213s] -- Up-to-date: /home/user/nanosaur/install/nanosaur_description/share/nanosaur_description/meshes/flap_bottom.stl
[0.215s] -- Up-to-date: /home/user/nanosaur/install/nanosaur_description/share/nanosaur_description/meshes/pb_holder.stl
[0.219s] -- Up-to-date: /home/user/nanosaur/install/nanosaur_description/share/nanosaur_description/meshes/README.md
[0.220s] -- Up-to-date: /home/user/nanosaur/install/nanosaur_description/share/nanosaur_description/meshes/cover-rs.stl
[0.225s] -- Up-to-date: /home/user/nanosaur/install/nanosaur_description/share/nanosaur_description/meshes/sprocket.stl
[0.230s] -- Up-to-date: /home/user/nanosaur/install/nanosaur_description/share/nanosaur_description/meshes/materials
[0.231s] -- Up-to-date: /home/user/nanosaur/install/nanosaur_description/share/nanosaur_description/meshes/materials/textures
[0.232s] -- Up-to-date: /home/user/nanosaur/install/nanosaur_description/share/nanosaur_description/meshes/materials/textures/RealSense_Normal.png
[0.239s] -- Up-to-date: /home/user/nanosaur/install/nanosaur_description/share/nanosaur_description/meshes/materials/textures/RealSense_Albedo.png
[0.244s] -- Up-to-date: /home/user/nanosaur/install/nanosaur_description/share/nanosaur_description/meshes/materials/textures/RealSense_Roughness.png
[0.253s] -- Up-to-date: /home/user/nanosaur/install/nanosaur_description/share/nanosaur_description/meshes/materials/textures/RealSense_Metalness.png
[0.255s] -- Up-to-date: /home/user/nanosaur/install/nanosaur_description/share/nanosaur_description/meshes/track.stl
[0.258s] -- Up-to-date: /home/user/nanosaur/install/nanosaur_description/share/nanosaur_description/meshes/track_print.stl
[0.260s] -- Up-to-date: /home/user/nanosaur/install/nanosaur_description/share/nanosaur_description/meshes/slider.stl
[0.264s] -- Up-to-date: /home/user/nanosaur/install/nanosaur_description/share/nanosaur_description/meshes/cover.stl
[0.269s] -- Up-to-date: /home/user/nanosaur/install/nanosaur_description/share/nanosaur_description/meshes/base_front.stl
[0.273s] -- Up-to-date: /home/user/nanosaur/install/nanosaur_description/share/nanosaur_description/meshes/datasheet
[0.274s] -- Up-to-date: /home/user/nanosaur/install/nanosaur_description/share/nanosaur_description/meshes/datasheet/nanosaur-datasheet.pdf
[0.279s] -- Up-to-date: /home/user/nanosaur/install/nanosaur_description/share/nanosaur_description/meshes/datasheet/nanosaur-powerbank.pdf
[0.281s] -- Up-to-date: /home/user/nanosaur/install/nanosaur_description/share/nanosaur_description/meshes/025in
[0.282s] -- Up-to-date: /home/user/nanosaur/install/nanosaur_description/share/nanosaur_description/meshes/025in/wheel.stl
[0.288s] -- Up-to-date: /home/user/nanosaur/install/nanosaur_description/share/nanosaur_description/meshes/025in/sprocket.stl
[0.293s] -- Up-to-date: /home/user/nanosaur/install/nanosaur_description/share/nanosaur_description/meshes/025in/slider.stl
[0.307s] -- Up-to-date: /home/user/nanosaur/install/nanosaur_description/share/nanosaur_description/meshes/flap_top.stl
[0.311s] -- Up-to-date: /home/user/nanosaur/install/nanosaur_description/share/nanosaur_description/rviz
[0.311s] -- Up-to-date: /home/user/nanosaur/install/nanosaur_description/share/nanosaur_description/rviz/urdf.rviz
[0.315s] -- Up-to-date: /home/user/nanosaur/install/nanosaur_description/share/nanosaur_description/urdf
[0.315s] -- Up-to-date: /home/user/nanosaur/install/nanosaur_description/share/nanosaur_description/urdf/robot.urdf.xacro
[0.319s] -- Up-to-date: /home/user/nanosaur/install/nanosaur_description/share/nanosaur_description/urdf/head
[0.320s] -- Up-to-date: /home/user/nanosaur/install/nanosaur_description/share/nanosaur_description/urdf/head/head_zedmini.urdf.xacro
[0.322s] -- Up-to-date: /home/user/nanosaur/install/nanosaur_description/share/nanosaur_description/urdf/head/head_fisheye.urdf.xacro
[0.324s] -- Up-to-date: /home/user/nanosaur/install/nanosaur_description/share/nanosaur_description/urdf/head/zedmini.urdf.xacro
[0.328s] -- Up-to-date: /home/user/nanosaur/install/nanosaur_description/share/nanosaur_description/urdf/head/head_realsense.urdf.xacro
[0.329s] -- Up-to-date: /home/user/nanosaur/install/nanosaur_description/share/nanosaur_description/urdf/head/head_pi.urdf.xacro
[0.332s] -- Up-to-date: /home/user/nanosaur/install/nanosaur_description/share/nanosaur_description/urdf/head/d435i_imu_modules.urdf.xacro
[0.334s] -- Up-to-date: /home/user/nanosaur/install/nanosaur_description/share/nanosaur_description/urdf/head/d435.urdf.xacro
[0.337s] -- Up-to-date: /home/user/nanosaur/install/nanosaur_description/share/nanosaur_description/urdf/materials.urdf
[0.339s] -- Up-to-date: /home/user/nanosaur/install/nanosaur_description/share/nanosaur_description/urdf/materials.gazebo.xacro
[0.341s] -- Up-to-date: /home/user/nanosaur/install/nanosaur_description/share/nanosaur_description/urdf/nanosaur.urdf.xml
[0.343s] -- Up-to-date: /home/user/nanosaur/install/nanosaur_description/share/nanosaur_description/urdf/flap.urdf.xacro
[0.345s] -- Up-to-date: /home/user/nanosaur/install/nanosaur_description/share/nanosaur_description/urdf/track.urdf.xacro
[0.347s] -- Up-to-date: /home/user/nanosaur/install/nanosaur_description/share/nanosaur_description/launch
[0.349s] -- Up-to-date: /home/user/nanosaur/install/nanosaur_description/share/nanosaur_description/launch/description.launch.py
[0.350s] -- Up-to-date: /home/user/nanosaur/install/nanosaur_description/share/nanosaur_description/launch/display.launch.py
[0.353s] -- Up-to-date: /home/user/nanosaur/install/nanosaur_description/share/ament_index/resource_index/package_run_dependencies/nanosaur_description
[0.356s] -- Up-to-date: /home/user/nanosaur/install/nanosaur_description/share/ament_index/resource_index/parent_prefix_path/nanosaur_description
[0.360s] -- Up-to-date: /home/user/nanosaur/install/nanosaur_description/share/nanosaur_description/environment/ament_prefix_path.sh
[0.362s] -- Up-to-date: /home/user/nanosaur/install/nanosaur_description/share/nanosaur_description/environment/ament_prefix_path.dsv
[0.364s] -- Up-to-date: /home/user/nanosaur/install/nanosaur_description/share/nanosaur_description/environment/path.sh
[0.366s] -- Up-to-date: /home/user/nanosaur/install/nanosaur_description/share/nanosaur_description/environment/path.dsv
[0.367s] -- Up-to-date: /home/user/nanosaur/install/nanosaur_description/share/nanosaur_description/local_setup.bash
[0.370s] -- Up-to-date: /home/user/nanosaur/install/nanosaur_description/share/nanosaur_description/local_setup.sh
[0.374s] -- Up-to-date: /home/user/nanosaur/install/nanosaur_description/share/nanosaur_description/local_setup.zsh
[0.377s] -- Up-to-date: /home/user/nanosaur/install/nanosaur_description/share/nanosaur_description/local_setup.dsv
[0.379s] -- Installing: /home/user/nanosaur/install/nanosaur_description/share/nanosaur_description/package.dsv
[0.380s] -- Up-to-date: /home/user/nanosaur/install/nanosaur_description/share/ament_index/resource_index/packages/nanosaur_description
[0.380s] -- Up-to-date: /home/user/nanosaur/install/nanosaur_description/share/nanosaur_description/cmake/nanosaur_descriptionConfig.cmake
[0.382s] -- Up-to-date: /home/user/nanosaur/install/nanosaur_description/share/nanosaur_description/cmake/nanosaur_descriptionConfig-version.cmake
[0.384s] -- Up-to-date: /home/user/nanosaur/install/nanosaur_description/share/nanosaur_description/package.xml
[0.392s] Invoked command in '/home/user/nanosaur/build/nanosaur_description' returned '0': CMAKE_PREFIX_PATH=${CMAKE_PREFIX_PATH}:/home/shh/stmoon/install/nanosaur_ignition:/opt/ros/humble /usr/bin/cmake --install /home/user/nanosaur/build/nanosaur_description
