[0.039s] Invoking command in '/home/user/nanosaur/build/nanosaur_description': CMAKE_PREFIX_PATH=${CMAKE_PREFIX_PATH}:/home/user/nanosaur/install/ros2_camera_receiver:/opt/ros/humble /usr/bin/cmake --build /home/user/nanosaur/build/nanosaur_description -- -j16 -l16
[0.296s] Invoked command in '/home/user/nanosaur/build/nanosaur_description' returned '0': CMAKE_PREFIX_PATH=${CMAKE_PREFIX_PATH}:/home/user/nanosaur/install/ros2_camera_receiver:/opt/ros/humble /usr/bin/cmake --build /home/user/nanosaur/build/nanosaur_description -- -j16 -l16
[0.330s] Invoking command in '/home/user/nanosaur/build/nanosaur_description': CMAKE_PREFIX_PATH=${CMAKE_PREFIX_PATH}:/home/user/nanosaur/install/ros2_camera_receiver:/opt/ros/humble /usr/bin/cmake --install /home/user/nanosaur/build/nanosaur_description
[0.341s] -- Install configuration: ""
[0.342s] -- Up-to-date: /home/user/nanosaur/install/nanosaur_description/share/nanosaur_description/meshes
[0.342s] -- Up-to-date: /home/user/nanosaur/install/nanosaur_description/share/nanosaur_description/meshes/base_rear.stl
[0.342s] -- Up-to-date: /home/user/nanosaur/install/nanosaur_description/share/nanosaur_description/meshes/cover-zedmini.stl
[0.342s] -- Up-to-date: /home/user/nanosaur/install/nanosaur_description/share/nanosaur_description/meshes/wheel.stl
[0.342s] -- Up-to-date: /home/user/nanosaur/install/nanosaur_description/share/nanosaur_description/meshes/cover-fe.stl
[0.343s] -- Up-to-date: /home/user/nanosaur/install/nanosaur_description/share/nanosaur_description/meshes/parts
[0.343s] -- Up-to-date: /home/user/nanosaur/install/nanosaur_description/share/nanosaur_description/meshes/parts/Pololu-Micro-Metal-Gearmotor.stl
[0.343s] -- Up-to-date: /home/user/nanosaur/install/nanosaur_description/share/nanosaur_description/meshes/parts/fisheye_camera.dae
[0.343s] -- Up-to-date: /home/user/nanosaur/install/nanosaur_description/share/nanosaur_description/meshes/parts/d435.dae
[0.343s] -- Up-to-date: /home/user/nanosaur/install/nanosaur_description/share/nanosaur_description/meshes/parts/zedm.stl
[0.343s] -- Up-to-date: /home/user/nanosaur/install/nanosaur_description/share/nanosaur_description/meshes/parts/motor_board.stl
[0.343s] -- Up-to-date: /home/user/nanosaur/install/nanosaur_description/share/nanosaur_description/meshes/parts/rasp_camera.stl
[0.344s] -- Up-to-date: /home/user/nanosaur/install/nanosaur_description/share/nanosaur_description/meshes/parts/power_bank.stl
[0.344s] -- Up-to-date: /home/user/nanosaur/install/nanosaur_description/share/nanosaur_description/meshes/parts/nanosaur-exp-board.stl
[0.344s] -- Up-to-date: /home/user/nanosaur/install/nanosaur_description/share/nanosaur_description/meshes/parts/OLED_Module.stl
[0.344s] -- Up-to-date: /home/user/nanosaur/install/nanosaur_description/share/nanosaur_description/meshes/parts/NVIDIA_jetson_nano_4gb.stl
[0.344s] -- Up-to-date: /home/user/nanosaur/install/nanosaur_description/share/nanosaur_description/meshes/LICENSE
[0.345s] -- Up-to-date: /home/user/nanosaur/install/nanosaur_description/share/nanosaur_description/meshes/flap_bottom.stl
[0.345s] -- Up-to-date: /home/user/nanosaur/install/nanosaur_description/share/nanosaur_description/meshes/pb_holder.stl
[0.346s] -- Up-to-date: /home/user/nanosaur/install/nanosaur_description/share/nanosaur_description/meshes/README.md
[0.346s] -- Up-to-date: /home/user/nanosaur/install/nanosaur_description/share/nanosaur_description/meshes/cover-rs.stl
[0.347s] -- Up-to-date: /home/user/nanosaur/install/nanosaur_description/share/nanosaur_description/meshes/sprocket.stl
[0.347s] -- Up-to-date: /home/user/nanosaur/install/nanosaur_description/share/nanosaur_description/meshes/materials
[0.347s] -- Up-to-date: /home/user/nanosaur/install/nanosaur_description/share/nanosaur_description/meshes/materials/textures
[0.347s] -- Up-to-date: /home/user/nanosaur/install/nanosaur_description/share/nanosaur_description/meshes/materials/textures/RealSense_Normal.png
[0.347s] -- Up-to-date: /home/user/nanosaur/install/nanosaur_description/share/nanosaur_description/meshes/materials/textures/RealSense_Albedo.png
[0.350s] -- Up-to-date: /home/user/nanosaur/install/nanosaur_description/share/nanosaur_description/meshes/materials/textures/RealSense_Roughness.png
[0.350s] -- Up-to-date: /home/user/nanosaur/install/nanosaur_description/share/nanosaur_description/meshes/materials/textures/RealSense_Metalness.png
[0.350s] -- Up-to-date: /home/user/nanosaur/install/nanosaur_description/share/nanosaur_description/meshes/track.stl
[0.350s] -- Up-to-date: /home/user/nanosaur/install/nanosaur_description/share/nanosaur_description/meshes/track_print.stl
[0.350s] -- Up-to-date: /home/user/nanosaur/install/nanosaur_description/share/nanosaur_description/meshes/slider.stl
[0.350s] -- Up-to-date: /home/user/nanosaur/install/nanosaur_description/share/nanosaur_description/meshes/cover.stl
[0.350s] -- Up-to-date: /home/user/nanosaur/install/nanosaur_description/share/nanosaur_description/meshes/base_front.stl
[0.351s] -- Up-to-date: /home/user/nanosaur/install/nanosaur_description/share/nanosaur_description/meshes/datasheet
[0.351s] -- Up-to-date: /home/user/nanosaur/install/nanosaur_description/share/nanosaur_description/meshes/datasheet/nanosaur-datasheet.pdf
[0.351s] -- Up-to-date: /home/user/nanosaur/install/nanosaur_description/share/nanosaur_description/meshes/datasheet/nanosaur-powerbank.pdf
[0.351s] -- Up-to-date: /home/user/nanosaur/install/nanosaur_description/share/nanosaur_description/meshes/025in
[0.351s] -- Up-to-date: /home/user/nanosaur/install/nanosaur_description/share/nanosaur_description/meshes/025in/wheel.stl
[0.351s] -- Up-to-date: /home/user/nanosaur/install/nanosaur_description/share/nanosaur_description/meshes/025in/sprocket.stl
[0.351s] -- Up-to-date: /home/user/nanosaur/install/nanosaur_description/share/nanosaur_description/meshes/025in/slider.stl
[0.351s] -- Up-to-date: /home/user/nanosaur/install/nanosaur_description/share/nanosaur_description/meshes/flap_top.stl
[0.352s] -- Up-to-date: /home/user/nanosaur/install/nanosaur_description/share/nanosaur_description/rviz
[0.352s] -- Up-to-date: /home/user/nanosaur/install/nanosaur_description/share/nanosaur_description/rviz/urdf.rviz
[0.352s] -- Up-to-date: /home/user/nanosaur/install/nanosaur_description/share/nanosaur_description/urdf
[0.353s] -- Up-to-date: /home/user/nanosaur/install/nanosaur_description/share/nanosaur_description/urdf/robot.urdf.xacro
[0.353s] -- Up-to-date: /home/user/nanosaur/install/nanosaur_description/share/nanosaur_description/urdf/head
[0.353s] -- Up-to-date: /home/user/nanosaur/install/nanosaur_description/share/nanosaur_description/urdf/head/head_zedmini.urdf.xacro
[0.353s] -- Up-to-date: /home/user/nanosaur/install/nanosaur_description/share/nanosaur_description/urdf/head/head_fisheye.urdf.xacro
[0.353s] -- Up-to-date: /home/user/nanosaur/install/nanosaur_description/share/nanosaur_description/urdf/head/zedmini.urdf.xacro
[0.353s] -- Up-to-date: /home/user/nanosaur/install/nanosaur_description/share/nanosaur_description/urdf/head/head_realsense.urdf.xacro
[0.353s] -- Up-to-date: /home/user/nanosaur/install/nanosaur_description/share/nanosaur_description/urdf/head/head_pi.urdf.xacro
[0.353s] -- Up-to-date: /home/user/nanosaur/install/nanosaur_description/share/nanosaur_description/urdf/head/d435i_imu_modules.urdf.xacro
[0.353s] -- Up-to-date: /home/user/nanosaur/install/nanosaur_description/share/nanosaur_description/urdf/head/d435.urdf.xacro
[0.355s] -- Up-to-date: /home/user/nanosaur/install/nanosaur_description/share/nanosaur_description/urdf/materials.urdf
[0.355s] -- Up-to-date: /home/user/nanosaur/install/nanosaur_description/share/nanosaur_description/urdf/materials.gazebo.xacro
[0.355s] -- Up-to-date: /home/user/nanosaur/install/nanosaur_description/share/nanosaur_description/urdf/nanosaur.urdf.xml
[0.355s] -- Up-to-date: /home/user/nanosaur/install/nanosaur_description/share/nanosaur_description/urdf/flap.urdf.xacro
[0.355s] -- Up-to-date: /home/user/nanosaur/install/nanosaur_description/share/nanosaur_description/urdf/track.urdf.xacro
[0.355s] -- Up-to-date: /home/user/nanosaur/install/nanosaur_description/share/nanosaur_description/launch
[0.356s] -- Up-to-date: /home/user/nanosaur/install/nanosaur_description/share/nanosaur_description/launch/description.launch.py
[0.356s] -- Up-to-date: /home/user/nanosaur/install/nanosaur_description/share/nanosaur_description/launch/display.launch.py
[0.356s] -- Up-to-date: /home/user/nanosaur/install/nanosaur_description/share/ament_index/resource_index/package_run_dependencies/nanosaur_description
[0.356s] -- Up-to-date: /home/user/nanosaur/install/nanosaur_description/share/ament_index/resource_index/parent_prefix_path/nanosaur_description
[0.356s] -- Up-to-date: /home/user/nanosaur/install/nanosaur_description/share/nanosaur_description/environment/ament_prefix_path.sh
[0.356s] -- Up-to-date: /home/user/nanosaur/install/nanosaur_description/share/nanosaur_description/environment/ament_prefix_path.dsv
[0.356s] -- Up-to-date: /home/user/nanosaur/install/nanosaur_description/share/nanosaur_description/environment/path.sh
[0.356s] -- Up-to-date: /home/user/nanosaur/install/nanosaur_description/share/nanosaur_description/environment/path.dsv
[0.356s] -- Up-to-date: /home/user/nanosaur/install/nanosaur_description/share/nanosaur_description/local_setup.bash
[0.356s] -- Up-to-date: /home/user/nanosaur/install/nanosaur_description/share/nanosaur_description/local_setup.sh
[0.357s] -- Up-to-date: /home/user/nanosaur/install/nanosaur_description/share/nanosaur_description/local_setup.zsh
[0.357s] -- Up-to-date: /home/user/nanosaur/install/nanosaur_description/share/nanosaur_description/local_setup.dsv
[0.357s] -- Installing: /home/user/nanosaur/install/nanosaur_description/share/nanosaur_description/package.dsv
[0.357s] -- Up-to-date: /home/user/nanosaur/install/nanosaur_description/share/ament_index/resource_index/packages/nanosaur_description
[0.357s] -- Up-to-date: /home/user/nanosaur/install/nanosaur_description/share/nanosaur_description/cmake/nanosaur_descriptionConfig.cmake
[0.357s] -- Up-to-date: /home/user/nanosaur/install/nanosaur_description/share/nanosaur_description/cmake/nanosaur_descriptionConfig-version.cmake
[0.357s] -- Up-to-date: /home/user/nanosaur/install/nanosaur_description/share/nanosaur_description/package.xml
[0.376s] Invoked command in '/home/user/nanosaur/build/nanosaur_description' returned '0': CMAKE_PREFIX_PATH=${CMAKE_PREFIX_PATH}:/home/user/nanosaur/install/ros2_camera_receiver:/opt/ros/humble /usr/bin/cmake --install /home/user/nanosaur/build/nanosaur_description
