1683363568.5510452 [INFO] [launch]: All log files can be found below /home/user/.ros/log/2023-05-06-08-59-28-550594-stmoon-XPS-9320-2153
1683363568.5511458 [INFO] [launch]: Default logging verbosity is set to INFO
1683363569.1340473 [INFO] [gzserver-1]: process started with pid [2155]
1683363569.1342201 [INFO] [gzclient-2]: process started with pid [2157]
1683363569.1343112 [INFO] [robot_state_publisher-3]: process started with pid [2159]
1683363569.1344004 [INFO] [spawn_entity.py-4]: process started with pid [2161]
1683363569.1344831 [INFO] [twist_mux-5]: process started with pid [2163]
1683363569.1345527 [INFO] [rviz2-6]: process started with pid [2165]
1683363569.1480086 [robot_state_publisher-3] [INFO] [1683363569.147706231] [nanosaur.robot_state_publisher]: got segment NVIDIA_jetson
1683363569.1483355 [robot_state_publisher-3] [INFO] [1683363569.147795581] [nanosaur.robot_state_publisher]: got segment base_front
1683363569.1484327 [robot_state_publisher-3] [INFO] [1683363569.147801456] [nanosaur.robot_state_publisher]: got segment base_link
1683363569.1484988 [robot_state_publisher-3] [INFO] [1683363569.147804605] [nanosaur.robot_state_publisher]: got segment base_rear
1683363569.1485682 [robot_state_publisher-3] [INFO] [1683363569.147807182] [nanosaur.robot_state_publisher]: got segment board_expansion
1683363569.1486452 [robot_state_publisher-3] [INFO] [1683363569.147810078] [nanosaur.robot_state_publisher]: got segment camera_board
1683363569.1487217 [robot_state_publisher-3] [INFO] [1683363569.147812633] [nanosaur.robot_state_publisher]: got segment camera_camera_link
1683363569.1487956 [robot_state_publisher-3] [INFO] [1683363569.147815177] [nanosaur.robot_state_publisher]: got segment camera_camera_link_frame
1683363569.1488597 [robot_state_publisher-3] [INFO] [1683363569.147817935] [nanosaur.robot_state_publisher]: got segment camera_optical_frame
1683363569.1489282 [robot_state_publisher-3] [INFO] [1683363569.147820524] [nanosaur.robot_state_publisher]: got segment cover
1683363569.1489983 [robot_state_publisher-3] [INFO] [1683363569.147823281] [nanosaur.robot_state_publisher]: got segment display_left
1683363569.1490636 [robot_state_publisher-3] [INFO] [1683363569.147825859] [nanosaur.robot_state_publisher]: got segment display_right
1683363569.1491246 [robot_state_publisher-3] [INFO] [1683363569.147828415] [nanosaur.robot_state_publisher]: got segment flap_bottom
1683363569.1491866 [robot_state_publisher-3] [INFO] [1683363569.147831177] [nanosaur.robot_state_publisher]: got segment flap_top
1683363569.1492496 [robot_state_publisher-3] [INFO] [1683363569.147833689] [nanosaur.robot_state_publisher]: got segment front_wheel_left
1683363569.1493077 [robot_state_publisher-3] [INFO] [1683363569.147836336] [nanosaur.robot_state_publisher]: got segment front_wheel_right
1683363569.1493645 [robot_state_publisher-3] [INFO] [1683363569.147838886] [nanosaur.robot_state_publisher]: got segment motor_board
1683363569.1494203 [robot_state_publisher-3] [INFO] [1683363569.147841592] [nanosaur.robot_state_publisher]: got segment motor_left
1683363569.1494830 [robot_state_publisher-3] [INFO] [1683363569.147844233] [nanosaur.robot_state_publisher]: got segment motor_right
1683363569.1495492 [robot_state_publisher-3] [INFO] [1683363569.147846715] [nanosaur.robot_state_publisher]: got segment pb_holder
1683363569.1496117 [robot_state_publisher-3] [INFO] [1683363569.147849198] [nanosaur.robot_state_publisher]: got segment power_bank
1683363569.1496704 [robot_state_publisher-3] [INFO] [1683363569.147851640] [nanosaur.robot_state_publisher]: got segment slider_left
1683363569.1497290 [robot_state_publisher-3] [INFO] [1683363569.147854216] [nanosaur.robot_state_publisher]: got segment slider_right
1683363569.1497843 [robot_state_publisher-3] [INFO] [1683363569.147856714] [nanosaur.robot_state_publisher]: got segment sprocket_left
1683363569.1498408 [robot_state_publisher-3] [INFO] [1683363569.147859196] [nanosaur.robot_state_publisher]: got segment sprocket_right
1683363569.1498981 [robot_state_publisher-3] [INFO] [1683363569.147861707] [nanosaur.robot_state_publisher]: got segment track_left
1683363569.1499665 [robot_state_publisher-3] [INFO] [1683363569.147864161] [nanosaur.robot_state_publisher]: got segment track_right
1683363569.1500270 [robot_state_publisher-3] [INFO] [1683363569.147866629] [nanosaur.robot_state_publisher]: got segment wheel_left
1683363569.1500857 [robot_state_publisher-3] [INFO] [1683363569.147869140] [nanosaur.robot_state_publisher]: got segment wheel_right
1683363571.0560439 [INFO] [spawn_entity.py-4]: process has finished cleanly [pid 2161]
1683363604.0560555 [INFO] [rviz2-6]: process has finished cleanly [pid 2165]
1683363605.4466481 [INFO] [gzclient-2]: process has finished cleanly [pid 2157]
1683363606.2011175 [WARNING] [launch]: user interrupted with ctrl-c (SIGINT)
1683363606.2035024 [robot_state_publisher-3] [INFO] [1683363606.200883937] [rclcpp]: signal_handler(signum=2)
1683363606.2673359 [ERROR] [robot_state_publisher-3]: process has died [pid 2159, exit code -11, cmd '/opt/ros/humble/lib/robot_state_publisher/robot_state_publisher --ros-args -r __ns:=/nanosaur --params-file /tmp/launch_params__3jfe73w'].
1683363606.3108804 [INFO] [twist_mux-5]: process has finished cleanly [pid 2163]
1683363606.3883393 [INFO] [gzserver-1]: process has finished cleanly [pid 2155]
