1684222300.0122406 [INFO] [launch]: All log files can be found below /home/user/.ros/log/2023-05-16-07-31-40-011629-shh-2012
1684222300.0123401 [INFO] [launch]: Default logging verbosity is set to INFO
1684222300.9177580 [INFO] [gzserver-1]: process started with pid [2014]
1684222300.9180915 [INFO] [gzclient-2]: process started with pid [2016]
1684222300.9182901 [INFO] [robot_state_publisher-3]: process started with pid [2018]
1684222300.9184380 [INFO] [spawn_entity.py-4]: process started with pid [2020]
1684222300.9185998 [INFO] [twist_mux-5]: process started with pid [2022]
1684222300.9187474 [INFO] [rviz2-6]: process started with pid [2024]
1684222300.9357145 [robot_state_publisher-3] [INFO] [1684222300.935315037] [nanosaur.robot_state_publisher]: got segment NVIDIA_jetson
1684222300.9359655 [robot_state_publisher-3] [INFO] [1684222300.935429775] [nanosaur.robot_state_publisher]: got segment base_front
1684222300.9365537 [robot_state_publisher-3] [INFO] [1684222300.935436428] [nanosaur.robot_state_publisher]: got segment base_link
1684222300.9367690 [robot_state_publisher-3] [INFO] [1684222300.935440776] [nanosaur.robot_state_publisher]: got segment base_rear
1684222300.9369214 [robot_state_publisher-3] [INFO] [1684222300.935444854] [nanosaur.robot_state_publisher]: got segment board_expansion
1684222300.9370368 [robot_state_publisher-3] [INFO] [1684222300.935448801] [nanosaur.robot_state_publisher]: got segment camera_board
1684222300.9371331 [robot_state_publisher-3] [INFO] [1684222300.935452679] [nanosaur.robot_state_publisher]: got segment camera_camera_link
1684222300.9372175 [robot_state_publisher-3] [INFO] [1684222300.935456757] [nanosaur.robot_state_publisher]: got segment camera_camera_link_frame
1684222300.9373021 [robot_state_publisher-3] [INFO] [1684222300.935460664] [nanosaur.robot_state_publisher]: got segment camera_optical_frame
1684222300.9373846 [robot_state_publisher-3] [INFO] [1684222300.935464491] [nanosaur.robot_state_publisher]: got segment cover
1684222300.9374697 [robot_state_publisher-3] [INFO] [1684222300.935468479] [nanosaur.robot_state_publisher]: got segment display_left
1684222300.9375508 [robot_state_publisher-3] [INFO] [1684222300.935472687] [nanosaur.robot_state_publisher]: got segment display_right
1684222300.9376302 [robot_state_publisher-3] [INFO] [1684222300.935476724] [nanosaur.robot_state_publisher]: got segment flap_bottom
1684222300.9377069 [robot_state_publisher-3] [INFO] [1684222300.935480582] [nanosaur.robot_state_publisher]: got segment flap_top
1684222300.9377921 [robot_state_publisher-3] [INFO] [1684222300.935484329] [nanosaur.robot_state_publisher]: got segment front_wheel_left
1684222300.9378705 [robot_state_publisher-3] [INFO] [1684222300.935488116] [nanosaur.robot_state_publisher]: got segment front_wheel_right
1684222300.9379468 [robot_state_publisher-3] [INFO] [1684222300.935492034] [nanosaur.robot_state_publisher]: got segment motor_board
1684222300.9380627 [robot_state_publisher-3] [INFO] [1684222300.935495781] [nanosaur.robot_state_publisher]: got segment motor_left
1684222300.9381344 [robot_state_publisher-3] [INFO] [1684222300.935499698] [nanosaur.robot_state_publisher]: got segment motor_right
1684222300.9382005 [robot_state_publisher-3] [INFO] [1684222300.935503485] [nanosaur.robot_state_publisher]: got segment pb_holder
1684222300.9382725 [robot_state_publisher-3] [INFO] [1684222300.935507272] [nanosaur.robot_state_publisher]: got segment power_bank
1684222300.9383576 [robot_state_publisher-3] [INFO] [1684222300.935510939] [nanosaur.robot_state_publisher]: got segment slider_left
1684222300.9384344 [robot_state_publisher-3] [INFO] [1684222300.935514636] [nanosaur.robot_state_publisher]: got segment slider_right
1684222300.9385142 [robot_state_publisher-3] [INFO] [1684222300.935518394] [nanosaur.robot_state_publisher]: got segment sprocket_left
1684222300.9386034 [robot_state_publisher-3] [INFO] [1684222300.935522121] [nanosaur.robot_state_publisher]: got segment sprocket_right
1684222300.9386945 [robot_state_publisher-3] [INFO] [1684222300.935525908] [nanosaur.robot_state_publisher]: got segment track_left
1684222300.9387989 [robot_state_publisher-3] [INFO] [1684222300.935529625] [nanosaur.robot_state_publisher]: got segment track_right
1684222300.9388809 [robot_state_publisher-3] [INFO] [1684222300.935533382] [nanosaur.robot_state_publisher]: got segment wheel_left
1684222300.9389648 [robot_state_publisher-3] [INFO] [1684222300.935537009] [nanosaur.robot_state_publisher]: got segment wheel_right
1684222302.3136110 [INFO] [spawn_entity.py-4]: process has finished cleanly [pid 2020]
1684222345.7683053 [WARNING] [launch]: user interrupted with ctrl-c (SIGINT)
1684222345.7736313 [robot_state_publisher-3] [INFO] [1684222345.768041882] [rclcpp]: signal_handler(signum=2)
1684222345.8817203 [INFO] [twist_mux-5]: process has finished cleanly [pid 2022]
1684222345.9284530 [ERROR] [robot_state_publisher-3]: process has died [pid 2018, exit code -11, cmd '/opt/ros/humble/lib/robot_state_publisher/robot_state_publisher --ros-args -r __ns:=/nanosaur --params-file /tmp/launch_params_4tl11t3t'].
1684222345.9686904 [INFO] [rviz2-6]: process has finished cleanly [pid 2024]
1684222346.0475333 [INFO] [gzserver-1]: process has finished cleanly [pid 2014]
1684222346.2689764 [INFO] [gzclient-2]: process has finished cleanly [pid 2016]
