1684224293.0507998 [INFO] [launch]: All log files can be found below /home/user/.ros/log/2023-05-16-08-04-53-050203-shh-8725
1684224293.0508990 [INFO] [launch]: Default logging verbosity is set to INFO
1684224293.9639335 [INFO] [gzserver-1]: process started with pid [8727]
1684224293.9641237 [INFO] [gzclient-2]: process started with pid [8729]
1684224293.9642043 [INFO] [robot_state_publisher-3]: process started with pid [8731]
1684224293.9642751 [INFO] [spawn_entity.py-4]: process started with pid [8733]
1684224293.9643466 [INFO] [twist_mux-5]: process started with pid [8735]
1684224293.9644177 [INFO] [rviz2-6]: process started with pid [8737]
1684224293.9909575 [robot_state_publisher-3] [INFO] [1684224293.990697580] [nanosaur.robot_state_publisher]: got segment NVIDIA_jetson
1684224293.9914105 [robot_state_publisher-3] [INFO] [1684224293.990808169] [nanosaur.robot_state_publisher]: got segment base_front
1684224293.9915402 [robot_state_publisher-3] [INFO] [1684224293.990815021] [nanosaur.robot_state_publisher]: got segment base_link
1684224293.9916372 [robot_state_publisher-3] [INFO] [1684224293.990819860] [nanosaur.robot_state_publisher]: got segment base_rear
1684224293.9917347 [robot_state_publisher-3] [INFO] [1684224293.990823907] [nanosaur.robot_state_publisher]: got segment board_expansion
1684224293.9918382 [robot_state_publisher-3] [INFO] [1684224293.990827734] [nanosaur.robot_state_publisher]: got segment camera_accel_frame
1684224293.9919434 [robot_state_publisher-3] [INFO] [1684224293.990831541] [nanosaur.robot_state_publisher]: got segment camera_accel_optical_frame
1684224293.9920375 [robot_state_publisher-3] [INFO] [1684224293.990835518] [nanosaur.robot_state_publisher]: got segment camera_bottom_screw_frame
1684224293.9921482 [robot_state_publisher-3] [INFO] [1684224293.990839556] [nanosaur.robot_state_publisher]: got segment camera_color_frame
1684224293.9922411 [robot_state_publisher-3] [INFO] [1684224293.990843373] [nanosaur.robot_state_publisher]: got segment camera_color_optical_frame
1684224293.9923341 [robot_state_publisher-3] [INFO] [1684224293.990847119] [nanosaur.robot_state_publisher]: got segment camera_depth_frame
1684224293.9924283 [robot_state_publisher-3] [INFO] [1684224293.990850916] [nanosaur.robot_state_publisher]: got segment camera_depth_optical_frame
1684224293.9925246 [robot_state_publisher-3] [INFO] [1684224293.990854653] [nanosaur.robot_state_publisher]: got segment camera_gyro_frame
1684224293.9926255 [robot_state_publisher-3] [INFO] [1684224293.990858450] [nanosaur.robot_state_publisher]: got segment camera_gyro_optical_frame
1684224293.9927237 [robot_state_publisher-3] [INFO] [1684224293.990862237] [nanosaur.robot_state_publisher]: got segment camera_infra1_frame
1684224293.9928164 [robot_state_publisher-3] [INFO] [1684224293.990866144] [nanosaur.robot_state_publisher]: got segment camera_infra1_optical_frame
1684224293.9929106 [robot_state_publisher-3] [INFO] [1684224293.990869930] [nanosaur.robot_state_publisher]: got segment camera_infra2_frame
1684224293.9930043 [robot_state_publisher-3] [INFO] [1684224293.990873707] [nanosaur.robot_state_publisher]: got segment camera_infra2_optical_frame
1684224293.9930954 [robot_state_publisher-3] [INFO] [1684224293.990877464] [nanosaur.robot_state_publisher]: got segment camera_link
1684224293.9931898 [robot_state_publisher-3] [INFO] [1684224293.990881321] [nanosaur.robot_state_publisher]: got segment cover
1684224293.9932854 [robot_state_publisher-3] [INFO] [1684224293.990885148] [nanosaur.robot_state_publisher]: got segment display_left
1684224293.9933820 [robot_state_publisher-3] [INFO] [1684224293.990889105] [nanosaur.robot_state_publisher]: got segment display_right
1684224293.9934719 [robot_state_publisher-3] [INFO] [1684224293.990892932] [nanosaur.robot_state_publisher]: got segment flap_bottom
1684224293.9935660 [robot_state_publisher-3] [INFO] [1684224293.990896719] [nanosaur.robot_state_publisher]: got segment flap_top
1684224293.9936602 [robot_state_publisher-3] [INFO] [1684224293.990900385] [nanosaur.robot_state_publisher]: got segment front_wheel_left
1684224293.9937739 [robot_state_publisher-3] [INFO] [1684224293.990904312] [nanosaur.robot_state_publisher]: got segment front_wheel_right
1684224293.9938636 [robot_state_publisher-3] [INFO] [1684224293.990908109] [nanosaur.robot_state_publisher]: got segment motor_board
1684224293.9939802 [robot_state_publisher-3] [INFO] [1684224293.990911846] [nanosaur.robot_state_publisher]: got segment motor_left
1684224293.9940939 [robot_state_publisher-3] [INFO] [1684224293.990915522] [nanosaur.robot_state_publisher]: got segment motor_right
1684224293.9941845 [robot_state_publisher-3] [INFO] [1684224293.990919189] [nanosaur.robot_state_publisher]: got segment pb_holder
1684224293.9942808 [robot_state_publisher-3] [INFO] [1684224293.990922866] [nanosaur.robot_state_publisher]: got segment power_bank
1684224293.9943771 [robot_state_publisher-3] [INFO] [1684224293.990926552] [nanosaur.robot_state_publisher]: got segment slider_left
1684224293.9944723 [robot_state_publisher-3] [INFO] [1684224293.990930199] [nanosaur.robot_state_publisher]: got segment slider_right
1684224293.9945669 [robot_state_publisher-3] [INFO] [1684224293.990933886] [nanosaur.robot_state_publisher]: got segment sprocket_left
1684224293.9946587 [robot_state_publisher-3] [INFO] [1684224293.990937562] [nanosaur.robot_state_publisher]: got segment sprocket_right
1684224293.9947574 [robot_state_publisher-3] [INFO] [1684224293.990941219] [nanosaur.robot_state_publisher]: got segment track_left
1684224293.9948483 [robot_state_publisher-3] [INFO] [1684224293.990944865] [nanosaur.robot_state_publisher]: got segment track_right
1684224293.9949462 [robot_state_publisher-3] [INFO] [1684224293.990948592] [nanosaur.robot_state_publisher]: got segment wheel_left
1684224293.9950414 [robot_state_publisher-3] [INFO] [1684224293.990952249] [nanosaur.robot_state_publisher]: got segment wheel_right
1684224295.3411329 [INFO] [spawn_entity.py-4]: process has finished cleanly [pid 8733]
1684224391.0655839 [WARNING] [launch]: user interrupted with ctrl-c (SIGINT)
1684224391.0721283 [robot_state_publisher-3] [INFO] [1684224391.065302556] [rclcpp]: signal_handler(signum=2)
1684224391.1757619 [INFO] [twist_mux-5]: process has finished cleanly [pid 8735]
1684224391.2402887 [ERROR] [robot_state_publisher-3]: process has died [pid 8731, exit code -11, cmd '/opt/ros/humble/lib/robot_state_publisher/robot_state_publisher --ros-args -r __ns:=/nanosaur --params-file /tmp/launch_params_8sz03etu'].
1684224391.2811337 [INFO] [rviz2-6]: process has finished cleanly [pid 8737]
1684224391.3304522 [INFO] [gzserver-1]: process has finished cleanly [pid 8727]
1684224391.3962297 [INFO] [gzclient-2]: process has finished cleanly [pid 8729]
