[0.234s] DEBUG:colcon:Command line arguments: ['/usr/bin/colcon', 'build']
[0.234s] DEBUG:colcon:Parsed command line arguments: Namespace(log_base=None, log_level=None, verb_name='build', build_base='build', install_base='install', merge_install=False, symlink_install=False, test_result_base=None, continue_on_error=False, executor='parallel', parallel_workers=16, event_handlers=None, ignore_user_meta=False, metas=['./colcon.meta'], base_paths=['.'], packages_ignore=None, packages_ignore_regex=None, paths=None, packages_up_to=None, packages_up_to_regex=None, packages_above=None, packages_above_and_dependencies=None, packages_above_depth=None, packages_select_by_dep=None, packages_skip_by_dep=None, packages_skip_up_to=None, packages_select_build_failed=False, packages_skip_build_finished=False, packages_select_test_failures=False, packages_skip_test_passed=False, packages_select=None, packages_skip=None, packages_select_regex=None, packages_skip_regex=None, packages_start=None, packages_end=None, cmake_args=None, cmake_target=None, cmake_target_skip_unavailable=False, cmake_clean_cache=False, cmake_clean_first=False, cmake_force_configure=False, ament_cmake_args=None, catkin_cmake_args=None, catkin_skip_building_tests=False, mixin_files=None, mixin=None, verb_parser=<colcon_mixin.mixin.mixin_argument.MixinArgumentDecorator object at 0x7f7f64344b80>, verb_extension=<colcon_core.verb.build.BuildVerb object at 0x7f7f64b20490>, main=<bound method BuildVerb.main of <colcon_core.verb.build.BuildVerb object at 0x7f7f64b20490>>, mixin_verb=('build',))
[0.268s] Level 1:colcon.colcon_core.package_discovery:discover_packages(colcon_meta) check parameters
[0.268s] Level 1:colcon.colcon_core.package_discovery:discover_packages(recursive) check parameters
[0.268s] Level 1:colcon.colcon_core.package_discovery:discover_packages(ignore) check parameters
[0.268s] Level 1:colcon.colcon_core.package_discovery:discover_packages(path) check parameters
[0.268s] Level 1:colcon.colcon_core.package_discovery:discover_packages(colcon_meta) discover
[0.268s] Level 1:colcon.colcon_core.package_discovery:discover_packages(recursive) discover
[0.268s] INFO:colcon.colcon_core.package_discovery:Crawling recursively for packages in '/home/user/nanosaur'
[0.268s] Level 1:colcon.colcon_core.package_identification:_identify(.) by extensions ['ignore', 'ignore_ament_install']
[0.268s] Level 1:colcon.colcon_core.package_identification:_identify(.) by extension 'ignore'
[0.268s] Level 1:colcon.colcon_core.package_identification:_identify(.) by extension 'ignore_ament_install'
[0.268s] Level 1:colcon.colcon_core.package_identification:_identify(.) by extensions ['colcon_pkg']
[0.269s] Level 1:colcon.colcon_core.package_identification:_identify(.) by extension 'colcon_pkg'
[0.269s] Level 1:colcon.colcon_core.package_identification:_identify(.) by extensions ['colcon_meta']
[0.269s] Level 1:colcon.colcon_core.package_identification:_identify(.) by extension 'colcon_meta'
[0.269s] Level 1:colcon.colcon_core.package_identification:_identify(.) by extensions ['ros']
[0.269s] Level 1:colcon.colcon_core.package_identification:_identify(.) by extension 'ros'
[0.277s] Level 1:colcon.colcon_core.package_identification:_identify(.) by extensions ['cmake', 'python']
[0.277s] Level 1:colcon.colcon_core.package_identification:_identify(.) by extension 'cmake'
[0.277s] Level 1:colcon.colcon_core.package_identification:_identify(.) by extension 'python'
[0.277s] Level 1:colcon.colcon_core.package_identification:_identify(.) by extensions ['python_setup_py']
[0.277s] Level 1:colcon.colcon_core.package_identification:_identify(.) by extension 'python_setup_py'
[0.277s] Level 1:colcon.colcon_core.package_identification:_identify(build) by extensions ['ignore', 'ignore_ament_install']
[0.277s] Level 1:colcon.colcon_core.package_identification:_identify(build) by extension 'ignore'
[0.277s] Level 1:colcon.colcon_core.package_identification:_identify(build) ignored
[0.277s] Level 1:colcon.colcon_core.package_identification:_identify(install) by extensions ['ignore', 'ignore_ament_install']
[0.277s] Level 1:colcon.colcon_core.package_identification:_identify(install) by extension 'ignore'
[0.277s] Level 1:colcon.colcon_core.package_identification:_identify(install) ignored
[0.277s] Level 1:colcon.colcon_core.package_identification:_identify(log) by extensions ['ignore', 'ignore_ament_install']
[0.277s] Level 1:colcon.colcon_core.package_identification:_identify(log) by extension 'ignore'
[0.277s] Level 1:colcon.colcon_core.package_identification:_identify(log) ignored
[0.277s] Level 1:colcon.colcon_core.package_identification:_identify(src) by extensions ['ignore', 'ignore_ament_install']
[0.277s] Level 1:colcon.colcon_core.package_identification:_identify(src) by extension 'ignore'
[0.277s] Level 1:colcon.colcon_core.package_identification:_identify(src) by extension 'ignore_ament_install'
[0.278s] Level 1:colcon.colcon_core.package_identification:_identify(src) by extensions ['colcon_pkg']
[0.278s] Level 1:colcon.colcon_core.package_identification:_identify(src) by extension 'colcon_pkg'
[0.278s] Level 1:colcon.colcon_core.package_identification:_identify(src) by extensions ['colcon_meta']
[0.278s] Level 1:colcon.colcon_core.package_identification:_identify(src) by extension 'colcon_meta'
[0.278s] Level 1:colcon.colcon_core.package_identification:_identify(src) by extensions ['ros']
[0.278s] Level 1:colcon.colcon_core.package_identification:_identify(src) by extension 'ros'
[0.278s] Level 1:colcon.colcon_core.package_identification:_identify(src) by extensions ['cmake', 'python']
[0.278s] Level 1:colcon.colcon_core.package_identification:_identify(src) by extension 'cmake'
[0.278s] Level 1:colcon.colcon_core.package_identification:_identify(src) by extension 'python'
[0.278s] Level 1:colcon.colcon_core.package_identification:_identify(src) by extensions ['python_setup_py']
[0.278s] Level 1:colcon.colcon_core.package_identification:_identify(src) by extension 'python_setup_py'
[0.278s] Level 1:colcon.colcon_core.package_identification:_identify(src/nanosaur) by extensions ['ignore', 'ignore_ament_install']
[0.278s] Level 1:colcon.colcon_core.package_identification:_identify(src/nanosaur) by extension 'ignore'
[0.278s] Level 1:colcon.colcon_core.package_identification:_identify(src/nanosaur) by extension 'ignore_ament_install'
[0.278s] Level 1:colcon.colcon_core.package_identification:_identify(src/nanosaur) by extensions ['colcon_pkg']
[0.278s] Level 1:colcon.colcon_core.package_identification:_identify(src/nanosaur) by extension 'colcon_pkg'
[0.278s] Level 1:colcon.colcon_core.package_identification:_identify(src/nanosaur) by extensions ['colcon_meta']
[0.278s] Level 1:colcon.colcon_core.package_identification:_identify(src/nanosaur) by extension 'colcon_meta'
[0.278s] Level 1:colcon.colcon_core.package_identification:_identify(src/nanosaur) by extensions ['ros']
[0.278s] Level 1:colcon.colcon_core.package_identification:_identify(src/nanosaur) by extension 'ros'
[0.278s] Level 1:colcon.colcon_core.package_identification:_identify(src/nanosaur) by extensions ['cmake', 'python']
[0.279s] Level 1:colcon.colcon_core.package_identification:_identify(src/nanosaur) by extension 'cmake'
[0.279s] Level 1:colcon.colcon_core.package_identification:_identify(src/nanosaur) by extension 'python'
[0.279s] Level 1:colcon.colcon_core.package_identification:_identify(src/nanosaur) by extensions ['python_setup_py']
[0.279s] Level 1:colcon.colcon_core.package_identification:_identify(src/nanosaur) by extension 'python_setup_py'
[0.279s] Level 1:colcon.colcon_core.package_identification:_identify(src/nanosaur/nanosaur) by extensions ['ignore', 'ignore_ament_install']
[0.279s] Level 1:colcon.colcon_core.package_identification:_identify(src/nanosaur/nanosaur) by extension 'ignore'
[0.279s] Level 1:colcon.colcon_core.package_identification:_identify(src/nanosaur/nanosaur) by extension 'ignore_ament_install'
[0.279s] Level 1:colcon.colcon_core.package_identification:_identify(src/nanosaur/nanosaur) by extensions ['colcon_pkg']
[0.279s] Level 1:colcon.colcon_core.package_identification:_identify(src/nanosaur/nanosaur) by extension 'colcon_pkg'
[0.279s] Level 1:colcon.colcon_core.package_identification:_identify(src/nanosaur/nanosaur) by extensions ['colcon_meta']
[0.279s] Level 1:colcon.colcon_core.package_identification:_identify(src/nanosaur/nanosaur) by extension 'colcon_meta'
[0.279s] Level 1:colcon.colcon_core.package_identification:_identify(src/nanosaur/nanosaur) by extensions ['ros']
[0.279s] Level 1:colcon.colcon_core.package_identification:_identify(src/nanosaur/nanosaur) by extension 'ros'
[0.282s] DEBUG:colcon.colcon_core.package_identification:Package 'src/nanosaur/nanosaur' with type 'ros.ament_cmake' and name 'nanosaur'
[0.282s] Level 1:colcon.colcon_core.package_identification:_identify(src/nanosaur/nanosaur_control) by extensions ['ignore', 'ignore_ament_install']
[0.282s] Level 1:colcon.colcon_core.package_identification:_identify(src/nanosaur/nanosaur_control) by extension 'ignore'
[0.282s] Level 1:colcon.colcon_core.package_identification:_identify(src/nanosaur/nanosaur_control) by extension 'ignore_ament_install'
[0.282s] Level 1:colcon.colcon_core.package_identification:_identify(src/nanosaur/nanosaur_control) by extensions ['colcon_pkg']
[0.283s] Level 1:colcon.colcon_core.package_identification:_identify(src/nanosaur/nanosaur_control) by extension 'colcon_pkg'
[0.283s] Level 1:colcon.colcon_core.package_identification:_identify(src/nanosaur/nanosaur_control) by extensions ['colcon_meta']
[0.283s] Level 1:colcon.colcon_core.package_identification:_identify(src/nanosaur/nanosaur_control) by extension 'colcon_meta'
[0.283s] Level 1:colcon.colcon_core.package_identification:_identify(src/nanosaur/nanosaur_control) by extensions ['ros']
[0.283s] Level 1:colcon.colcon_core.package_identification:_identify(src/nanosaur/nanosaur_control) by extension 'ros'
[0.283s] DEBUG:colcon.colcon_core.package_identification:Package 'src/nanosaur/nanosaur_control' with type 'ros.ament_cmake' and name 'nanosaur_control'
[0.283s] Level 1:colcon.colcon_core.package_identification:_identify(src/nanosaur/nanosaur_description) by extensions ['ignore', 'ignore_ament_install']
[0.283s] Level 1:colcon.colcon_core.package_identification:_identify(src/nanosaur/nanosaur_description) by extension 'ignore'
[0.284s] Level 1:colcon.colcon_core.package_identification:_identify(src/nanosaur/nanosaur_description) by extension 'ignore_ament_install'
[0.284s] Level 1:colcon.colcon_core.package_identification:_identify(src/nanosaur/nanosaur_description) by extensions ['colcon_pkg']
[0.284s] Level 1:colcon.colcon_core.package_identification:_identify(src/nanosaur/nanosaur_description) by extension 'colcon_pkg'
[0.284s] Level 1:colcon.colcon_core.package_identification:_identify(src/nanosaur/nanosaur_description) by extensions ['colcon_meta']
[0.284s] Level 1:colcon.colcon_core.package_identification:_identify(src/nanosaur/nanosaur_description) by extension 'colcon_meta'
[0.284s] Level 1:colcon.colcon_core.package_identification:_identify(src/nanosaur/nanosaur_description) by extensions ['ros']
[0.284s] Level 1:colcon.colcon_core.package_identification:_identify(src/nanosaur/nanosaur_description) by extension 'ros'
[0.284s] DEBUG:colcon.colcon_core.package_identification:Package 'src/nanosaur/nanosaur_description' with type 'ros.ament_cmake' and name 'nanosaur_description'
[0.284s] Level 1:colcon.colcon_core.package_identification:_identify(src/nanosaur/nanosaur_msgs) by extensions ['ignore', 'ignore_ament_install']
[0.285s] Level 1:colcon.colcon_core.package_identification:_identify(src/nanosaur/nanosaur_msgs) by extension 'ignore'
[0.285s] Level 1:colcon.colcon_core.package_identification:_identify(src/nanosaur/nanosaur_msgs) by extension 'ignore_ament_install'
[0.285s] Level 1:colcon.colcon_core.package_identification:_identify(src/nanosaur/nanosaur_msgs) by extensions ['colcon_pkg']
[0.285s] Level 1:colcon.colcon_core.package_identification:_identify(src/nanosaur/nanosaur_msgs) by extension 'colcon_pkg'
[0.285s] Level 1:colcon.colcon_core.package_identification:_identify(src/nanosaur/nanosaur_msgs) by extensions ['colcon_meta']
[0.285s] Level 1:colcon.colcon_core.package_identification:_identify(src/nanosaur/nanosaur_msgs) by extension 'colcon_meta'
[0.285s] Level 1:colcon.colcon_core.package_identification:_identify(src/nanosaur/nanosaur_msgs) by extensions ['ros']
[0.285s] Level 1:colcon.colcon_core.package_identification:_identify(src/nanosaur/nanosaur_msgs) by extension 'ros'
[0.285s] DEBUG:colcon.colcon_core.package_identification:Package 'src/nanosaur/nanosaur_msgs' with type 'ros.ament_cmake' and name 'nanosaur_msgs'
[0.285s] Level 1:colcon.colcon_core.package_identification:_identify(src/nanosaur_simulations) by extensions ['ignore', 'ignore_ament_install']
[0.285s] Level 1:colcon.colcon_core.package_identification:_identify(src/nanosaur_simulations) by extension 'ignore'
[0.285s] Level 1:colcon.colcon_core.package_identification:_identify(src/nanosaur_simulations) by extension 'ignore_ament_install'
[0.285s] Level 1:colcon.colcon_core.package_identification:_identify(src/nanosaur_simulations) by extensions ['colcon_pkg']
[0.286s] Level 1:colcon.colcon_core.package_identification:_identify(src/nanosaur_simulations) by extension 'colcon_pkg'
[0.286s] Level 1:colcon.colcon_core.package_identification:_identify(src/nanosaur_simulations) by extensions ['colcon_meta']
[0.286s] Level 1:colcon.colcon_core.package_identification:_identify(src/nanosaur_simulations) by extension 'colcon_meta'
[0.286s] Level 1:colcon.colcon_core.package_identification:_identify(src/nanosaur_simulations) by extensions ['ros']
[0.286s] Level 1:colcon.colcon_core.package_identification:_identify(src/nanosaur_simulations) by extension 'ros'
[0.286s] Level 1:colcon.colcon_core.package_identification:_identify(src/nanosaur_simulations) by extensions ['cmake', 'python']
[0.286s] Level 1:colcon.colcon_core.package_identification:_identify(src/nanosaur_simulations) by extension 'cmake'
[0.286s] Level 1:colcon.colcon_core.package_identification:_identify(src/nanosaur_simulations) by extension 'python'
[0.286s] Level 1:colcon.colcon_core.package_identification:_identify(src/nanosaur_simulations) by extensions ['python_setup_py']
[0.286s] Level 1:colcon.colcon_core.package_identification:_identify(src/nanosaur_simulations) by extension 'python_setup_py'
[0.286s] Level 1:colcon.colcon_core.package_identification:_identify(src/nanosaur_simulations/nanosaur_gazebo) by extensions ['ignore', 'ignore_ament_install']
[0.286s] Level 1:colcon.colcon_core.package_identification:_identify(src/nanosaur_simulations/nanosaur_gazebo) by extension 'ignore'
[0.286s] Level 1:colcon.colcon_core.package_identification:_identify(src/nanosaur_simulations/nanosaur_gazebo) by extension 'ignore_ament_install'
[0.286s] Level 1:colcon.colcon_core.package_identification:_identify(src/nanosaur_simulations/nanosaur_gazebo) by extensions ['colcon_pkg']
[0.286s] Level 1:colcon.colcon_core.package_identification:_identify(src/nanosaur_simulations/nanosaur_gazebo) by extension 'colcon_pkg'
[0.286s] Level 1:colcon.colcon_core.package_identification:_identify(src/nanosaur_simulations/nanosaur_gazebo) by extensions ['colcon_meta']
[0.286s] Level 1:colcon.colcon_core.package_identification:_identify(src/nanosaur_simulations/nanosaur_gazebo) by extension 'colcon_meta'
[0.286s] Level 1:colcon.colcon_core.package_identification:_identify(src/nanosaur_simulations/nanosaur_gazebo) by extensions ['ros']
[0.286s] Level 1:colcon.colcon_core.package_identification:_identify(src/nanosaur_simulations/nanosaur_gazebo) by extension 'ros'
[0.287s] DEBUG:colcon.colcon_core.package_identification:Package 'src/nanosaur_simulations/nanosaur_gazebo' with type 'ros.ament_cmake' and name 'nanosaur_gazebo'
[0.287s] Level 1:colcon.colcon_core.package_identification:_identify(src/nanosaur_simulations/nanosaur_simulations) by extensions ['ignore', 'ignore_ament_install']
[0.287s] Level 1:colcon.colcon_core.package_identification:_identify(src/nanosaur_simulations/nanosaur_simulations) by extension 'ignore'
[0.287s] Level 1:colcon.colcon_core.package_identification:_identify(src/nanosaur_simulations/nanosaur_simulations) by extension 'ignore_ament_install'
[0.287s] Level 1:colcon.colcon_core.package_identification:_identify(src/nanosaur_simulations/nanosaur_simulations) by extensions ['colcon_pkg']
[0.287s] Level 1:colcon.colcon_core.package_identification:_identify(src/nanosaur_simulations/nanosaur_simulations) by extension 'colcon_pkg'
[0.287s] Level 1:colcon.colcon_core.package_identification:_identify(src/nanosaur_simulations/nanosaur_simulations) by extensions ['colcon_meta']
[0.287s] Level 1:colcon.colcon_core.package_identification:_identify(src/nanosaur_simulations/nanosaur_simulations) by extension 'colcon_meta'
[0.287s] Level 1:colcon.colcon_core.package_identification:_identify(src/nanosaur_simulations/nanosaur_simulations) by extensions ['ros']
[0.287s] Level 1:colcon.colcon_core.package_identification:_identify(src/nanosaur_simulations/nanosaur_simulations) by extension 'ros'
[0.288s] DEBUG:colcon.colcon_core.package_identification:Package 'src/nanosaur_simulations/nanosaur_simulations' with type 'ros.ament_cmake' and name 'nanosaur_simulations'
[0.288s] Level 1:colcon.colcon_core.package_identification:_identify(src/nanosaur_simulations/nanosaur_worlds) by extensions ['ignore', 'ignore_ament_install']
[0.288s] Level 1:colcon.colcon_core.package_identification:_identify(src/nanosaur_simulations/nanosaur_worlds) by extension 'ignore'
[0.288s] Level 1:colcon.colcon_core.package_identification:_identify(src/nanosaur_simulations/nanosaur_worlds) by extension 'ignore_ament_install'
[0.288s] Level 1:colcon.colcon_core.package_identification:_identify(src/nanosaur_simulations/nanosaur_worlds) by extensions ['colcon_pkg']
[0.288s] Level 1:colcon.colcon_core.package_identification:_identify(src/nanosaur_simulations/nanosaur_worlds) by extension 'colcon_pkg'
[0.288s] Level 1:colcon.colcon_core.package_identification:_identify(src/nanosaur_simulations/nanosaur_worlds) by extensions ['colcon_meta']
[0.288s] Level 1:colcon.colcon_core.package_identification:_identify(src/nanosaur_simulations/nanosaur_worlds) by extension 'colcon_meta'
[0.288s] Level 1:colcon.colcon_core.package_identification:_identify(src/nanosaur_simulations/nanosaur_worlds) by extensions ['ros']
[0.288s] Level 1:colcon.colcon_core.package_identification:_identify(src/nanosaur_simulations/nanosaur_worlds) by extension 'ros'
[0.289s] DEBUG:colcon.colcon_core.package_identification:Package 'src/nanosaur_simulations/nanosaur_worlds' with type 'ros.ament_cmake' and name 'nanosaur_worlds'
[0.289s] Level 1:colcon.colcon_core.package_discovery:discover_packages(recursive) using defaults
[0.289s] Level 1:colcon.colcon_core.package_discovery:discover_packages(ignore) discover
[0.289s] Level 1:colcon.colcon_core.package_discovery:discover_packages(ignore) using defaults
[0.289s] Level 1:colcon.colcon_core.package_discovery:discover_packages(path) discover
[0.289s] Level 1:colcon.colcon_core.package_discovery:discover_packages(path) using defaults
[0.306s] Level 5:colcon.colcon_core.verb:set package 'nanosaur_control' build argument 'cmake_args' from command line to 'None'
[0.306s] Level 5:colcon.colcon_core.verb:set package 'nanosaur_control' build argument 'cmake_target' from command line to 'None'
[0.306s] Level 5:colcon.colcon_core.verb:set package 'nanosaur_control' build argument 'cmake_target_skip_unavailable' from command line to 'False'
[0.306s] Level 5:colcon.colcon_core.verb:set package 'nanosaur_control' build argument 'cmake_clean_cache' from command line to 'False'
[0.306s] Level 5:colcon.colcon_core.verb:set package 'nanosaur_control' build argument 'cmake_clean_first' from command line to 'False'
[0.306s] Level 5:colcon.colcon_core.verb:set package 'nanosaur_control' build argument 'cmake_force_configure' from command line to 'False'
[0.306s] Level 5:colcon.colcon_core.verb:set package 'nanosaur_control' build argument 'ament_cmake_args' from command line to 'None'
[0.306s] Level 5:colcon.colcon_core.verb:set package 'nanosaur_control' build argument 'catkin_cmake_args' from command line to 'None'
[0.306s] Level 5:colcon.colcon_core.verb:set package 'nanosaur_control' build argument 'catkin_skip_building_tests' from command line to 'False'
[0.306s] DEBUG:colcon.colcon_core.verb:Building package 'nanosaur_control' with the following arguments: {'ament_cmake_args': None, 'build_base': '/home/user/nanosaur/build/nanosaur_control', 'catkin_cmake_args': None, 'catkin_skip_building_tests': False, 'cmake_args': None, 'cmake_clean_cache': False, 'cmake_clean_first': False, 'cmake_force_configure': False, 'cmake_target': None, 'cmake_target_skip_unavailable': False, 'install_base': '/home/user/nanosaur/install/nanosaur_control', 'merge_install': False, 'path': '/home/user/nanosaur/src/nanosaur/nanosaur_control', 'symlink_install': False, 'test_result_base': None}
[0.307s] Level 5:colcon.colcon_core.verb:set package 'nanosaur_description' build argument 'cmake_args' from command line to 'None'
[0.307s] Level 5:colcon.colcon_core.verb:set package 'nanosaur_description' build argument 'cmake_target' from command line to 'None'
[0.307s] Level 5:colcon.colcon_core.verb:set package 'nanosaur_description' build argument 'cmake_target_skip_unavailable' from command line to 'False'
[0.307s] Level 5:colcon.colcon_core.verb:set package 'nanosaur_description' build argument 'cmake_clean_cache' from command line to 'False'
[0.307s] Level 5:colcon.colcon_core.verb:set package 'nanosaur_description' build argument 'cmake_clean_first' from command line to 'False'
[0.307s] Level 5:colcon.colcon_core.verb:set package 'nanosaur_description' build argument 'cmake_force_configure' from command line to 'False'
[0.307s] Level 5:colcon.colcon_core.verb:set package 'nanosaur_description' build argument 'ament_cmake_args' from command line to 'None'
[0.307s] Level 5:colcon.colcon_core.verb:set package 'nanosaur_description' build argument 'catkin_cmake_args' from command line to 'None'
[0.307s] Level 5:colcon.colcon_core.verb:set package 'nanosaur_description' build argument 'catkin_skip_building_tests' from command line to 'False'
[0.307s] DEBUG:colcon.colcon_core.verb:Building package 'nanosaur_description' with the following arguments: {'ament_cmake_args': None, 'build_base': '/home/user/nanosaur/build/nanosaur_description', 'catkin_cmake_args': None, 'catkin_skip_building_tests': False, 'cmake_args': None, 'cmake_clean_cache': False, 'cmake_clean_first': False, 'cmake_force_configure': False, 'cmake_target': None, 'cmake_target_skip_unavailable': False, 'install_base': '/home/user/nanosaur/install/nanosaur_description', 'merge_install': False, 'path': '/home/user/nanosaur/src/nanosaur/nanosaur_description', 'symlink_install': False, 'test_result_base': None}
[0.308s] Level 5:colcon.colcon_core.verb:set package 'nanosaur_msgs' build argument 'cmake_args' from command line to 'None'
[0.308s] Level 5:colcon.colcon_core.verb:set package 'nanosaur_msgs' build argument 'cmake_target' from command line to 'None'
[0.308s] Level 5:colcon.colcon_core.verb:set package 'nanosaur_msgs' build argument 'cmake_target_skip_unavailable' from command line to 'False'
[0.308s] Level 5:colcon.colcon_core.verb:set package 'nanosaur_msgs' build argument 'cmake_clean_cache' from command line to 'False'
[0.308s] Level 5:colcon.colcon_core.verb:set package 'nanosaur_msgs' build argument 'cmake_clean_first' from command line to 'False'
[0.308s] Level 5:colcon.colcon_core.verb:set package 'nanosaur_msgs' build argument 'cmake_force_configure' from command line to 'False'
[0.308s] Level 5:colcon.colcon_core.verb:set package 'nanosaur_msgs' build argument 'ament_cmake_args' from command line to 'None'
[0.308s] Level 5:colcon.colcon_core.verb:set package 'nanosaur_msgs' build argument 'catkin_cmake_args' from command line to 'None'
[0.308s] Level 5:colcon.colcon_core.verb:set package 'nanosaur_msgs' build argument 'catkin_skip_building_tests' from command line to 'False'
[0.308s] DEBUG:colcon.colcon_core.verb:Building package 'nanosaur_msgs' with the following arguments: {'ament_cmake_args': None, 'build_base': '/home/user/nanosaur/build/nanosaur_msgs', 'catkin_cmake_args': None, 'catkin_skip_building_tests': False, 'cmake_args': None, 'cmake_clean_cache': False, 'cmake_clean_first': False, 'cmake_force_configure': False, 'cmake_target': None, 'cmake_target_skip_unavailable': False, 'install_base': '/home/user/nanosaur/install/nanosaur_msgs', 'merge_install': False, 'path': '/home/user/nanosaur/src/nanosaur/nanosaur_msgs', 'symlink_install': False, 'test_result_base': None}
[0.308s] Level 5:colcon.colcon_core.verb:set package 'nanosaur_simulations' build argument 'cmake_args' from command line to 'None'
[0.309s] Level 5:colcon.colcon_core.verb:set package 'nanosaur_simulations' build argument 'cmake_target' from command line to 'None'
[0.309s] Level 5:colcon.colcon_core.verb:set package 'nanosaur_simulations' build argument 'cmake_target_skip_unavailable' from command line to 'False'
[0.309s] Level 5:colcon.colcon_core.verb:set package 'nanosaur_simulations' build argument 'cmake_clean_cache' from command line to 'False'
[0.309s] Level 5:colcon.colcon_core.verb:set package 'nanosaur_simulations' build argument 'cmake_clean_first' from command line to 'False'
[0.309s] Level 5:colcon.colcon_core.verb:set package 'nanosaur_simulations' build argument 'cmake_force_configure' from command line to 'False'
[0.309s] Level 5:colcon.colcon_core.verb:set package 'nanosaur_simulations' build argument 'ament_cmake_args' from command line to 'None'
[0.309s] Level 5:colcon.colcon_core.verb:set package 'nanosaur_simulations' build argument 'catkin_cmake_args' from command line to 'None'
[0.309s] Level 5:colcon.colcon_core.verb:set package 'nanosaur_simulations' build argument 'catkin_skip_building_tests' from command line to 'False'
[0.309s] DEBUG:colcon.colcon_core.verb:Building package 'nanosaur_simulations' with the following arguments: {'ament_cmake_args': None, 'build_base': '/home/user/nanosaur/build/nanosaur_simulations', 'catkin_cmake_args': None, 'catkin_skip_building_tests': False, 'cmake_args': None, 'cmake_clean_cache': False, 'cmake_clean_first': False, 'cmake_force_configure': False, 'cmake_target': None, 'cmake_target_skip_unavailable': False, 'install_base': '/home/user/nanosaur/install/nanosaur_simulations', 'merge_install': False, 'path': '/home/user/nanosaur/src/nanosaur_simulations/nanosaur_simulations', 'symlink_install': False, 'test_result_base': None}
[0.309s] Level 5:colcon.colcon_core.verb:set package 'nanosaur_worlds' build argument 'cmake_args' from command line to 'None'
[0.309s] Level 5:colcon.colcon_core.verb:set package 'nanosaur_worlds' build argument 'cmake_target' from command line to 'None'
[0.309s] Level 5:colcon.colcon_core.verb:set package 'nanosaur_worlds' build argument 'cmake_target_skip_unavailable' from command line to 'False'
[0.309s] Level 5:colcon.colcon_core.verb:set package 'nanosaur_worlds' build argument 'cmake_clean_cache' from command line to 'False'
[0.309s] Level 5:colcon.colcon_core.verb:set package 'nanosaur_worlds' build argument 'cmake_clean_first' from command line to 'False'
[0.309s] Level 5:colcon.colcon_core.verb:set package 'nanosaur_worlds' build argument 'cmake_force_configure' from command line to 'False'
[0.309s] Level 5:colcon.colcon_core.verb:set package 'nanosaur_worlds' build argument 'ament_cmake_args' from command line to 'None'
[0.309s] Level 5:colcon.colcon_core.verb:set package 'nanosaur_worlds' build argument 'catkin_cmake_args' from command line to 'None'
[0.309s] Level 5:colcon.colcon_core.verb:set package 'nanosaur_worlds' build argument 'catkin_skip_building_tests' from command line to 'False'
[0.309s] DEBUG:colcon.colcon_core.verb:Building package 'nanosaur_worlds' with the following arguments: {'ament_cmake_args': None, 'build_base': '/home/user/nanosaur/build/nanosaur_worlds', 'catkin_cmake_args': None, 'catkin_skip_building_tests': False, 'cmake_args': None, 'cmake_clean_cache': False, 'cmake_clean_first': False, 'cmake_force_configure': False, 'cmake_target': None, 'cmake_target_skip_unavailable': False, 'install_base': '/home/user/nanosaur/install/nanosaur_worlds', 'merge_install': False, 'path': '/home/user/nanosaur/src/nanosaur_simulations/nanosaur_worlds', 'symlink_install': False, 'test_result_base': None}
[0.310s] Level 5:colcon.colcon_core.verb:set package 'nanosaur' build argument 'cmake_args' from command line to 'None'
[0.310s] Level 5:colcon.colcon_core.verb:set package 'nanosaur' build argument 'cmake_target' from command line to 'None'
[0.310s] Level 5:colcon.colcon_core.verb:set package 'nanosaur' build argument 'cmake_target_skip_unavailable' from command line to 'False'
[0.310s] Level 5:colcon.colcon_core.verb:set package 'nanosaur' build argument 'cmake_clean_cache' from command line to 'False'
[0.310s] Level 5:colcon.colcon_core.verb:set package 'nanosaur' build argument 'cmake_clean_first' from command line to 'False'
[0.310s] Level 5:colcon.colcon_core.verb:set package 'nanosaur' build argument 'cmake_force_configure' from command line to 'False'
[0.310s] Level 5:colcon.colcon_core.verb:set package 'nanosaur' build argument 'ament_cmake_args' from command line to 'None'
[0.310s] Level 5:colcon.colcon_core.verb:set package 'nanosaur' build argument 'catkin_cmake_args' from command line to 'None'
[0.310s] Level 5:colcon.colcon_core.verb:set package 'nanosaur' build argument 'catkin_skip_building_tests' from command line to 'False'
[0.310s] DEBUG:colcon.colcon_core.verb:Building package 'nanosaur' with the following arguments: {'ament_cmake_args': None, 'build_base': '/home/user/nanosaur/build/nanosaur', 'catkin_cmake_args': None, 'catkin_skip_building_tests': False, 'cmake_args': None, 'cmake_clean_cache': False, 'cmake_clean_first': False, 'cmake_force_configure': False, 'cmake_target': None, 'cmake_target_skip_unavailable': False, 'install_base': '/home/user/nanosaur/install/nanosaur', 'merge_install': False, 'path': '/home/user/nanosaur/src/nanosaur/nanosaur', 'symlink_install': False, 'test_result_base': None}
[0.311s] Level 5:colcon.colcon_core.verb:set package 'nanosaur_gazebo' build argument 'cmake_args' from command line to 'None'
[0.311s] Level 5:colcon.colcon_core.verb:set package 'nanosaur_gazebo' build argument 'cmake_target' from command line to 'None'
[0.311s] Level 5:colcon.colcon_core.verb:set package 'nanosaur_gazebo' build argument 'cmake_target_skip_unavailable' from command line to 'False'
[0.311s] Level 5:colcon.colcon_core.verb:set package 'nanosaur_gazebo' build argument 'cmake_clean_cache' from command line to 'False'
[0.311s] Level 5:colcon.colcon_core.verb:set package 'nanosaur_gazebo' build argument 'cmake_clean_first' from command line to 'False'
[0.311s] Level 5:colcon.colcon_core.verb:set package 'nanosaur_gazebo' build argument 'cmake_force_configure' from command line to 'False'
[0.311s] Level 5:colcon.colcon_core.verb:set package 'nanosaur_gazebo' build argument 'ament_cmake_args' from command line to 'None'
[0.311s] Level 5:colcon.colcon_core.verb:set package 'nanosaur_gazebo' build argument 'catkin_cmake_args' from command line to 'None'
[0.311s] Level 5:colcon.colcon_core.verb:set package 'nanosaur_gazebo' build argument 'catkin_skip_building_tests' from command line to 'False'
[0.311s] DEBUG:colcon.colcon_core.verb:Building package 'nanosaur_gazebo' with the following arguments: {'ament_cmake_args': None, 'build_base': '/home/user/nanosaur/build/nanosaur_gazebo', 'catkin_cmake_args': None, 'catkin_skip_building_tests': False, 'cmake_args': None, 'cmake_clean_cache': False, 'cmake_clean_first': False, 'cmake_force_configure': False, 'cmake_target': None, 'cmake_target_skip_unavailable': False, 'install_base': '/home/user/nanosaur/install/nanosaur_gazebo', 'merge_install': False, 'path': '/home/user/nanosaur/src/nanosaur_simulations/nanosaur_gazebo', 'symlink_install': False, 'test_result_base': None}
[0.311s] INFO:colcon.colcon_core.executor:Executing jobs using 'parallel' executor
[0.314s] DEBUG:colcon.colcon_parallel_executor.executor.parallel:run_until_complete
[0.314s] INFO:colcon.colcon_ros.task.ament_cmake.build:Building ROS package in '/home/user/nanosaur/src/nanosaur/nanosaur_control' with build type 'ament_cmake'
[0.314s] INFO:colcon.colcon_cmake.task.cmake.build:Building CMake package in '/home/user/nanosaur/src/nanosaur/nanosaur_control'
[0.318s] INFO:colcon.colcon_core.plugin_system:Skipping extension 'colcon_core.shell.bat': Not used on non-Windows systems
[0.318s] INFO:colcon.colcon_core.shell:Skip shell extension 'powershell' for command environment: Not usable outside of PowerShell
[0.318s] DEBUG:colcon.colcon_core.shell:Skip shell extension 'dsv' for command environment
[0.325s] INFO:colcon.colcon_ros.task.ament_cmake.build:Building ROS package in '/home/user/nanosaur/src/nanosaur/nanosaur_description' with build type 'ament_cmake'
[0.325s] INFO:colcon.colcon_cmake.task.cmake.build:Building CMake package in '/home/user/nanosaur/src/nanosaur/nanosaur_description'
[0.326s] INFO:colcon.colcon_core.shell:Skip shell extension 'powershell' for command environment: Not usable outside of PowerShell
[0.326s] DEBUG:colcon.colcon_core.shell:Skip shell extension 'dsv' for command environment
[0.331s] INFO:colcon.colcon_ros.task.ament_cmake.build:Building ROS package in '/home/user/nanosaur/src/nanosaur/nanosaur_msgs' with build type 'ament_cmake'
[0.331s] INFO:colcon.colcon_cmake.task.cmake.build:Building CMake package in '/home/user/nanosaur/src/nanosaur/nanosaur_msgs'
[0.332s] INFO:colcon.colcon_core.shell:Skip shell extension 'powershell' for command environment: Not usable outside of PowerShell
[0.332s] DEBUG:colcon.colcon_core.shell:Skip shell extension 'dsv' for command environment
[0.337s] INFO:colcon.colcon_ros.task.ament_cmake.build:Building ROS package in '/home/user/nanosaur/src/nanosaur_simulations/nanosaur_simulations' with build type 'ament_cmake'
[0.337s] INFO:colcon.colcon_cmake.task.cmake.build:Building CMake package in '/home/user/nanosaur/src/nanosaur_simulations/nanosaur_simulations'
[0.338s] INFO:colcon.colcon_core.shell:Skip shell extension 'powershell' for command environment: Not usable outside of PowerShell
[0.338s] DEBUG:colcon.colcon_core.shell:Skip shell extension 'dsv' for command environment
[0.343s] INFO:colcon.colcon_ros.task.ament_cmake.build:Building ROS package in '/home/user/nanosaur/src/nanosaur_simulations/nanosaur_worlds' with build type 'ament_cmake'
[0.343s] INFO:colcon.colcon_cmake.task.cmake.build:Building CMake package in '/home/user/nanosaur/src/nanosaur_simulations/nanosaur_worlds'
[0.344s] INFO:colcon.colcon_core.shell:Skip shell extension 'powershell' for command environment: Not usable outside of PowerShell
[0.344s] DEBUG:colcon.colcon_core.shell:Skip shell extension 'dsv' for command environment
[0.354s] DEBUG:colcon.colcon_core.event_handler.log_command:Invoking command in '/home/user/nanosaur/build/nanosaur_control': CMAKE_PREFIX_PATH=${CMAKE_PREFIX_PATH}:/home/shh/stmoon/install/nanosaur_ignition:/opt/ros/humble /usr/bin/cmake --build /home/user/nanosaur/build/nanosaur_control -- -j16 -l16
[0.357s] DEBUG:colcon.colcon_core.event_handler.log_command:Invoking command in '/home/user/nanosaur/build/nanosaur_description': CMAKE_PREFIX_PATH=${CMAKE_PREFIX_PATH}:/home/shh/stmoon/install/nanosaur_ignition:/opt/ros/humble /usr/bin/cmake --build /home/user/nanosaur/build/nanosaur_description -- -j16 -l16
[0.361s] DEBUG:colcon.colcon_core.event_handler.log_command:Invoking command in '/home/user/nanosaur/build/nanosaur_msgs': CMAKE_PREFIX_PATH=${CMAKE_PREFIX_PATH}:/home/shh/stmoon/install/nanosaur_ignition:/opt/ros/humble /usr/bin/cmake --build /home/user/nanosaur/build/nanosaur_msgs -- -j16 -l16
[0.365s] DEBUG:colcon.colcon_core.event_handler.log_command:Invoking command in '/home/user/nanosaur/build/nanosaur_simulations': CMAKE_PREFIX_PATH=${CMAKE_PREFIX_PATH}:/home/shh/stmoon/install/nanosaur_ignition:/opt/ros/humble /usr/bin/cmake --build /home/user/nanosaur/build/nanosaur_simulations -- -j16 -l16
[0.370s] DEBUG:colcon.colcon_core.event_handler.log_command:Invoking command in '/home/user/nanosaur/build/nanosaur_worlds': CMAKE_PREFIX_PATH=${CMAKE_PREFIX_PATH}:/home/shh/stmoon/install/nanosaur_ignition:/opt/ros/humble /usr/bin/cmake --build /home/user/nanosaur/build/nanosaur_worlds -- -j16 -l16
[0.391s] DEBUG:colcon.colcon_core.event_handler.log_command:Invoked command in '/home/user/nanosaur/build/nanosaur_control' returned '0': CMAKE_PREFIX_PATH=${CMAKE_PREFIX_PATH}:/home/shh/stmoon/install/nanosaur_ignition:/opt/ros/humble /usr/bin/cmake --build /home/user/nanosaur/build/nanosaur_control -- -j16 -l16
[0.397s] DEBUG:colcon.colcon_core.event_handler.log_command:Invoked command in '/home/user/nanosaur/build/nanosaur_description' returned '0': CMAKE_PREFIX_PATH=${CMAKE_PREFIX_PATH}:/home/shh/stmoon/install/nanosaur_ignition:/opt/ros/humble /usr/bin/cmake --build /home/user/nanosaur/build/nanosaur_description -- -j16 -l16
[0.402s] DEBUG:colcon.colcon_core.event_handler.log_command:Invoked command in '/home/user/nanosaur/build/nanosaur_worlds' returned '0': CMAKE_PREFIX_PATH=${CMAKE_PREFIX_PATH}:/home/shh/stmoon/install/nanosaur_ignition:/opt/ros/humble /usr/bin/cmake --build /home/user/nanosaur/build/nanosaur_worlds -- -j16 -l16
[0.404s] DEBUG:colcon.colcon_core.event_handler.log_command:Invoked command in '/home/user/nanosaur/build/nanosaur_simulations' returned '0': CMAKE_PREFIX_PATH=${CMAKE_PREFIX_PATH}:/home/shh/stmoon/install/nanosaur_ignition:/opt/ros/humble /usr/bin/cmake --build /home/user/nanosaur/build/nanosaur_simulations -- -j16 -l16
[0.423s] DEBUG:colcon.colcon_core.event_handler.log_command:Invoking command in '/home/user/nanosaur/build/nanosaur_control': CMAKE_PREFIX_PATH=${CMAKE_PREFIX_PATH}:/home/shh/stmoon/install/nanosaur_ignition:/opt/ros/humble /usr/bin/cmake --install /home/user/nanosaur/build/nanosaur_control
[0.427s] DEBUG:colcon.colcon_core.event_handler.log_command:Invoking command in '/home/user/nanosaur/build/nanosaur_description': CMAKE_PREFIX_PATH=${CMAKE_PREFIX_PATH}:/home/shh/stmoon/install/nanosaur_ignition:/opt/ros/humble /usr/bin/cmake --install /home/user/nanosaur/build/nanosaur_description
[0.430s] DEBUG:colcon.colcon_core.event_handler.log_command:Invoking command in '/home/user/nanosaur/build/nanosaur_simulations': CMAKE_PREFIX_PATH=${CMAKE_PREFIX_PATH}:/home/shh/stmoon/install/nanosaur_ignition:/opt/ros/humble /usr/bin/cmake --install /home/user/nanosaur/build/nanosaur_simulations
[0.433s] DEBUG:colcon.colcon_core.event_handler.log_command:Invoking command in '/home/user/nanosaur/build/nanosaur_worlds': CMAKE_PREFIX_PATH=${CMAKE_PREFIX_PATH}:/home/shh/stmoon/install/nanosaur_ignition:/opt/ros/humble /usr/bin/cmake --install /home/user/nanosaur/build/nanosaur_worlds
[0.481s] Level 1:colcon.colcon_core.environment:create_environment_scripts_only(nanosaur_simulations)
[0.482s] DEBUG:colcon.colcon_core.event_handler.log_command:Invoked command in '/home/user/nanosaur/build/nanosaur_simulations' returned '0': CMAKE_PREFIX_PATH=${CMAKE_PREFIX_PATH}:/home/shh/stmoon/install/nanosaur_ignition:/opt/ros/humble /usr/bin/cmake --install /home/user/nanosaur/build/nanosaur_simulations
[0.491s] Level 1:colcon.colcon_core.environment:checking '/home/user/nanosaur/install/nanosaur_simulations' for CMake module files
[0.492s] Level 1:colcon.colcon_core.environment:checking '/home/user/nanosaur/install/nanosaur_simulations' for CMake config files
[0.493s] Level 1:colcon.colcon_core.shell:create_environment_hook('nanosaur_simulations', 'cmake_prefix_path')
[0.494s] INFO:colcon.colcon_core.shell:Creating environment hook '/home/user/nanosaur/install/nanosaur_simulations/share/nanosaur_simulations/hook/cmake_prefix_path.ps1'
[0.496s] INFO:colcon.colcon_core.shell:Creating environment descriptor '/home/user/nanosaur/install/nanosaur_simulations/share/nanosaur_simulations/hook/cmake_prefix_path.dsv'
[0.496s] INFO:colcon.colcon_core.shell:Creating environment hook '/home/user/nanosaur/install/nanosaur_simulations/share/nanosaur_simulations/hook/cmake_prefix_path.sh'
[0.497s] Level 1:colcon.colcon_core.environment:checking '/home/user/nanosaur/install/nanosaur_simulations/bin'
[0.497s] Level 1:colcon.colcon_core.environment:checking '/home/user/nanosaur/install/nanosaur_simulations/lib/pkgconfig/nanosaur_simulations.pc'
[0.499s] Level 1:colcon.colcon_core.environment:checking '/home/user/nanosaur/install/nanosaur_simulations/lib/python3.10/site-packages'
[0.499s] Level 1:colcon.colcon_core.environment:checking '/home/user/nanosaur/install/nanosaur_simulations/bin'
[0.500s] INFO:colcon.colcon_core.shell:Creating package script '/home/user/nanosaur/install/nanosaur_simulations/share/nanosaur_simulations/package.ps1'
[0.501s] INFO:colcon.colcon_core.shell:Creating package descriptor '/home/user/nanosaur/install/nanosaur_simulations/share/nanosaur_simulations/package.dsv'
[0.502s] INFO:colcon.colcon_core.shell:Creating package script '/home/user/nanosaur/install/nanosaur_simulations/share/nanosaur_simulations/package.sh'
[0.502s] INFO:colcon.colcon_core.shell:Creating package script '/home/user/nanosaur/install/nanosaur_simulations/share/nanosaur_simulations/package.bash'
[0.503s] INFO:colcon.colcon_core.shell:Creating package script '/home/user/nanosaur/install/nanosaur_simulations/share/nanosaur_simulations/package.zsh'
[0.504s] Level 1:colcon.colcon_core.environment:create_file_with_runtime_dependencies(/home/user/nanosaur/install/nanosaur_simulations/share/colcon-core/packages/nanosaur_simulations)
[0.505s] Level 1:colcon.colcon_core.environment:create_environment_scripts_only(nanosaur_control)
[0.507s] Level 1:colcon.colcon_core.environment:checking '/home/user/nanosaur/install/nanosaur_control' for CMake module files
[0.507s] DEBUG:colcon.colcon_core.event_handler.log_command:Invoked command in '/home/user/nanosaur/build/nanosaur_control' returned '0': CMAKE_PREFIX_PATH=${CMAKE_PREFIX_PATH}:/home/shh/stmoon/install/nanosaur_ignition:/opt/ros/humble /usr/bin/cmake --install /home/user/nanosaur/build/nanosaur_control
[0.508s] Level 1:colcon.colcon_core.environment:checking '/home/user/nanosaur/install/nanosaur_control' for CMake config files
[0.508s] Level 1:colcon.colcon_core.shell:create_environment_hook('nanosaur_control', 'cmake_prefix_path')
[0.509s] INFO:colcon.colcon_core.shell:Creating environment hook '/home/user/nanosaur/install/nanosaur_control/share/nanosaur_control/hook/cmake_prefix_path.ps1'
[0.510s] INFO:colcon.colcon_core.shell:Creating environment descriptor '/home/user/nanosaur/install/nanosaur_control/share/nanosaur_control/hook/cmake_prefix_path.dsv'
[0.510s] INFO:colcon.colcon_core.shell:Creating environment hook '/home/user/nanosaur/install/nanosaur_control/share/nanosaur_control/hook/cmake_prefix_path.sh'
[0.511s] Level 1:colcon.colcon_core.environment:checking '/home/user/nanosaur/install/nanosaur_control/bin'
[0.511s] Level 1:colcon.colcon_core.environment:checking '/home/user/nanosaur/install/nanosaur_control/lib/pkgconfig/nanosaur_control.pc'
[0.511s] Level 1:colcon.colcon_core.environment:checking '/home/user/nanosaur/install/nanosaur_control/lib/python3.10/site-packages'
[0.511s] Level 1:colcon.colcon_core.environment:checking '/home/user/nanosaur/install/nanosaur_control/bin'
[0.512s] INFO:colcon.colcon_core.shell:Creating package script '/home/user/nanosaur/install/nanosaur_control/share/nanosaur_control/package.ps1'
[0.513s] INFO:colcon.colcon_core.shell:Creating package descriptor '/home/user/nanosaur/install/nanosaur_control/share/nanosaur_control/package.dsv'
[0.514s] INFO:colcon.colcon_core.shell:Creating package script '/home/user/nanosaur/install/nanosaur_control/share/nanosaur_control/package.sh'
[0.515s] INFO:colcon.colcon_core.shell:Creating package script '/home/user/nanosaur/install/nanosaur_control/share/nanosaur_control/package.bash'
[0.515s] INFO:colcon.colcon_core.shell:Creating package script '/home/user/nanosaur/install/nanosaur_control/share/nanosaur_control/package.zsh'
[0.516s] Level 1:colcon.colcon_core.environment:create_file_with_runtime_dependencies(/home/user/nanosaur/install/nanosaur_control/share/colcon-core/packages/nanosaur_control)
[0.528s] Level 1:colcon.colcon_core.environment:create_environment_scripts_only(nanosaur_simulations)
[0.531s] Level 1:colcon.colcon_core.environment:checking '/home/user/nanosaur/install/nanosaur_simulations' for CMake module files
[0.532s] Level 1:colcon.colcon_core.environment:checking '/home/user/nanosaur/install/nanosaur_simulations' for CMake config files
[0.532s] Level 1:colcon.colcon_core.shell:create_environment_hook('nanosaur_simulations', 'cmake_prefix_path')
[0.533s] INFO:colcon.colcon_core.shell:Creating environment hook '/home/user/nanosaur/install/nanosaur_simulations/share/nanosaur_simulations/hook/cmake_prefix_path.ps1'
[0.534s] INFO:colcon.colcon_core.shell:Creating environment descriptor '/home/user/nanosaur/install/nanosaur_simulations/share/nanosaur_simulations/hook/cmake_prefix_path.dsv'
[0.534s] INFO:colcon.colcon_core.shell:Creating environment hook '/home/user/nanosaur/install/nanosaur_simulations/share/nanosaur_simulations/hook/cmake_prefix_path.sh'
[0.535s] Level 1:colcon.colcon_core.environment:checking '/home/user/nanosaur/install/nanosaur_simulations/bin'
[0.535s] Level 1:colcon.colcon_core.environment:checking '/home/user/nanosaur/install/nanosaur_simulations/lib/pkgconfig/nanosaur_simulations.pc'
[0.535s] Level 1:colcon.colcon_core.environment:checking '/home/user/nanosaur/install/nanosaur_simulations/lib/python3.10/site-packages'
[0.535s] Level 1:colcon.colcon_core.environment:checking '/home/user/nanosaur/install/nanosaur_simulations/bin'
[0.538s] INFO:colcon.colcon_core.shell:Creating package script '/home/user/nanosaur/install/nanosaur_simulations/share/nanosaur_simulations/package.ps1'
[0.538s] INFO:colcon.colcon_core.shell:Creating package descriptor '/home/user/nanosaur/install/nanosaur_simulations/share/nanosaur_simulations/package.dsv'
[0.539s] INFO:colcon.colcon_core.shell:Creating package script '/home/user/nanosaur/install/nanosaur_simulations/share/nanosaur_simulations/package.sh'
[0.540s] INFO:colcon.colcon_core.shell:Creating package script '/home/user/nanosaur/install/nanosaur_simulations/share/nanosaur_simulations/package.bash'
[0.540s] INFO:colcon.colcon_core.shell:Creating package script '/home/user/nanosaur/install/nanosaur_simulations/share/nanosaur_simulations/package.zsh'
[0.541s] Level 1:colcon.colcon_core.environment:create_file_with_runtime_dependencies(/home/user/nanosaur/install/nanosaur_simulations/share/colcon-core/packages/nanosaur_simulations)
[0.543s] Level 1:colcon.colcon_core.environment:create_environment_scripts_only(nanosaur_control)
[0.545s] Level 1:colcon.colcon_core.environment:checking '/home/user/nanosaur/install/nanosaur_control' for CMake module files
[0.546s] Level 1:colcon.colcon_core.environment:checking '/home/user/nanosaur/install/nanosaur_control' for CMake config files
[0.546s] Level 1:colcon.colcon_core.shell:create_environment_hook('nanosaur_control', 'cmake_prefix_path')
[0.547s] INFO:colcon.colcon_core.shell:Creating environment hook '/home/user/nanosaur/install/nanosaur_control/share/nanosaur_control/hook/cmake_prefix_path.ps1'
[0.548s] INFO:colcon.colcon_core.shell:Creating environment descriptor '/home/user/nanosaur/install/nanosaur_control/share/nanosaur_control/hook/cmake_prefix_path.dsv'
[0.548s] INFO:colcon.colcon_core.shell:Creating environment hook '/home/user/nanosaur/install/nanosaur_control/share/nanosaur_control/hook/cmake_prefix_path.sh'
[0.549s] Level 1:colcon.colcon_core.environment:checking '/home/user/nanosaur/install/nanosaur_control/bin'
[0.549s] Level 1:colcon.colcon_core.environment:checking '/home/user/nanosaur/install/nanosaur_control/lib/pkgconfig/nanosaur_control.pc'
[0.549s] Level 1:colcon.colcon_core.environment:checking '/home/user/nanosaur/install/nanosaur_control/lib/python3.10/site-packages'
[0.549s] Level 1:colcon.colcon_core.environment:checking '/home/user/nanosaur/install/nanosaur_control/bin'
[0.550s] INFO:colcon.colcon_core.shell:Creating package script '/home/user/nanosaur/install/nanosaur_control/share/nanosaur_control/package.ps1'
[0.551s] INFO:colcon.colcon_core.shell:Creating package descriptor '/home/user/nanosaur/install/nanosaur_control/share/nanosaur_control/package.dsv'
[0.551s] INFO:colcon.colcon_core.shell:Creating package script '/home/user/nanosaur/install/nanosaur_control/share/nanosaur_control/package.sh'
[0.551s] INFO:colcon.colcon_core.shell:Creating package script '/home/user/nanosaur/install/nanosaur_control/share/nanosaur_control/package.bash'
[0.552s] INFO:colcon.colcon_core.shell:Creating package script '/home/user/nanosaur/install/nanosaur_control/share/nanosaur_control/package.zsh'
[0.552s] Level 1:colcon.colcon_core.environment:create_file_with_runtime_dependencies(/home/user/nanosaur/install/nanosaur_control/share/colcon-core/packages/nanosaur_control)
[0.660s] Level 1:colcon.colcon_core.environment:create_environment_scripts_only(nanosaur_description)
[0.663s] Level 1:colcon.colcon_core.environment:checking '/home/user/nanosaur/install/nanosaur_description' for CMake module files
[0.664s] DEBUG:colcon.colcon_core.event_handler.log_command:Invoked command in '/home/user/nanosaur/build/nanosaur_description' returned '0': CMAKE_PREFIX_PATH=${CMAKE_PREFIX_PATH}:/home/shh/stmoon/install/nanosaur_ignition:/opt/ros/humble /usr/bin/cmake --install /home/user/nanosaur/build/nanosaur_description
[0.665s] Level 1:colcon.colcon_core.environment:checking '/home/user/nanosaur/install/nanosaur_description' for CMake config files
[0.665s] Level 1:colcon.colcon_core.shell:create_environment_hook('nanosaur_description', 'cmake_prefix_path')
[0.667s] INFO:colcon.colcon_core.shell:Creating environment hook '/home/user/nanosaur/install/nanosaur_description/share/nanosaur_description/hook/cmake_prefix_path.ps1'
[0.668s] INFO:colcon.colcon_core.shell:Creating environment descriptor '/home/user/nanosaur/install/nanosaur_description/share/nanosaur_description/hook/cmake_prefix_path.dsv'
[0.668s] INFO:colcon.colcon_core.shell:Creating environment hook '/home/user/nanosaur/install/nanosaur_description/share/nanosaur_description/hook/cmake_prefix_path.sh'
[0.669s] Level 1:colcon.colcon_core.environment:checking '/home/user/nanosaur/install/nanosaur_description/bin'
[0.669s] Level 1:colcon.colcon_core.environment:checking '/home/user/nanosaur/install/nanosaur_description/lib/pkgconfig/nanosaur_description.pc'
[0.669s] Level 1:colcon.colcon_core.environment:checking '/home/user/nanosaur/install/nanosaur_description/lib/python3.10/site-packages'
[0.669s] Level 1:colcon.colcon_core.environment:checking '/home/user/nanosaur/install/nanosaur_description/bin'
[0.671s] INFO:colcon.colcon_core.shell:Creating package script '/home/user/nanosaur/install/nanosaur_description/share/nanosaur_description/package.ps1'
[0.671s] INFO:colcon.colcon_core.shell:Creating package descriptor '/home/user/nanosaur/install/nanosaur_description/share/nanosaur_description/package.dsv'
[0.672s] INFO:colcon.colcon_core.shell:Creating package script '/home/user/nanosaur/install/nanosaur_description/share/nanosaur_description/package.sh'
[0.672s] INFO:colcon.colcon_core.shell:Creating package script '/home/user/nanosaur/install/nanosaur_description/share/nanosaur_description/package.bash'
[0.672s] INFO:colcon.colcon_core.shell:Creating package script '/home/user/nanosaur/install/nanosaur_description/share/nanosaur_description/package.zsh'
[0.673s] Level 1:colcon.colcon_core.environment:create_file_with_runtime_dependencies(/home/user/nanosaur/install/nanosaur_description/share/colcon-core/packages/nanosaur_description)
[0.675s] DEBUG:colcon.colcon_core.event_handler.log_command:Invoked command in '/home/user/nanosaur/build/nanosaur_msgs' returned '0': CMAKE_PREFIX_PATH=${CMAKE_PREFIX_PATH}:/home/shh/stmoon/install/nanosaur_ignition:/opt/ros/humble /usr/bin/cmake --build /home/user/nanosaur/build/nanosaur_msgs -- -j16 -l16
[0.702s] Level 1:colcon.colcon_core.environment:create_environment_scripts_only(nanosaur_description)
[0.706s] Level 1:colcon.colcon_core.environment:checking '/home/user/nanosaur/install/nanosaur_description' for CMake module files
[0.707s] Level 1:colcon.colcon_core.environment:checking '/home/user/nanosaur/install/nanosaur_description' for CMake config files
[0.707s] Level 1:colcon.colcon_core.shell:create_environment_hook('nanosaur_description', 'cmake_prefix_path')
[0.708s] INFO:colcon.colcon_core.shell:Creating environment hook '/home/user/nanosaur/install/nanosaur_description/share/nanosaur_description/hook/cmake_prefix_path.ps1'
[0.709s] INFO:colcon.colcon_core.shell:Creating environment descriptor '/home/user/nanosaur/install/nanosaur_description/share/nanosaur_description/hook/cmake_prefix_path.dsv'
[0.709s] INFO:colcon.colcon_core.shell:Creating environment hook '/home/user/nanosaur/install/nanosaur_description/share/nanosaur_description/hook/cmake_prefix_path.sh'
[0.710s] Level 1:colcon.colcon_core.environment:checking '/home/user/nanosaur/install/nanosaur_description/bin'
[0.710s] Level 1:colcon.colcon_core.environment:checking '/home/user/nanosaur/install/nanosaur_description/lib/pkgconfig/nanosaur_description.pc'
[0.710s] Level 1:colcon.colcon_core.environment:checking '/home/user/nanosaur/install/nanosaur_description/lib/python3.10/site-packages'
[0.710s] Level 1:colcon.colcon_core.environment:checking '/home/user/nanosaur/install/nanosaur_description/bin'
[0.711s] INFO:colcon.colcon_core.shell:Creating package script '/home/user/nanosaur/install/nanosaur_description/share/nanosaur_description/package.ps1'
[0.712s] INFO:colcon.colcon_core.shell:Creating package descriptor '/home/user/nanosaur/install/nanosaur_description/share/nanosaur_description/package.dsv'
[0.712s] INFO:colcon.colcon_core.shell:Creating package script '/home/user/nanosaur/install/nanosaur_description/share/nanosaur_description/package.sh'
[0.713s] INFO:colcon.colcon_core.shell:Creating package script '/home/user/nanosaur/install/nanosaur_description/share/nanosaur_description/package.bash'
[0.713s] INFO:colcon.colcon_core.shell:Creating package script '/home/user/nanosaur/install/nanosaur_description/share/nanosaur_description/package.zsh'
[0.713s] Level 1:colcon.colcon_core.environment:create_file_with_runtime_dependencies(/home/user/nanosaur/install/nanosaur_description/share/colcon-core/packages/nanosaur_description)
[0.713s] INFO:colcon.colcon_ros.task.ament_cmake.build:Building ROS package in '/home/user/nanosaur/src/nanosaur_simulations/nanosaur_gazebo' with build type 'ament_cmake'
[0.714s] INFO:colcon.colcon_cmake.task.cmake.build:Building CMake package in '/home/user/nanosaur/src/nanosaur_simulations/nanosaur_gazebo'
[0.714s] INFO:colcon.colcon_core.shell:Skip shell extension 'powershell' for command environment: Not usable outside of PowerShell
[0.715s] DEBUG:colcon.colcon_core.shell:Skip shell extension 'dsv' for command environment
[0.730s] DEBUG:colcon.colcon_core.event_handler.log_command:Invoking command in '/home/user/nanosaur/build/nanosaur_gazebo': CMAKE_PREFIX_PATH=/home/user/nanosaur/install/nanosaur_description:/home/user/nanosaur/install/nanosaur_control:/home/user/nanosaur/install/nanosaur_worlds:/home/user/nanosaur/install/nanosaur_simulations:/home/user/nanosaur/install/nanosaur:/home/user/nanosaur/install/nanosaur_msgs:/home/user/nanosaur/install/nanosaur_gazebo:/home/shh/stmoon/install/urdf_tutorial:/home/shh/stmoon/install/nanosaur_worlds:/home/shh/stmoon/install/nanosaur_simulations:/home/shh/stmoon/install/nanosaur:/home/shh/stmoon/install/nanosaur_msgs:/home/shh/stmoon/install/nanosaur_isaac_sim:/home/shh/stmoon/install/nanosaur_gazebo:/home/shh/stmoon/install/nanosaur_description:/home/shh/stmoon/install/nanosaur_control:/home/shh/stmoon/install/nanosaur_ignition:/opt/ros/humble /usr/bin/cmake --build /home/user/nanosaur/build/nanosaur_gazebo -- -j16 -l16
[0.764s] DEBUG:colcon.colcon_core.event_handler.log_command:Invoking command in '/home/user/nanosaur/build/nanosaur_msgs': CMAKE_PREFIX_PATH=${CMAKE_PREFIX_PATH}:/home/shh/stmoon/install/nanosaur_ignition:/opt/ros/humble /usr/bin/cmake --install /home/user/nanosaur/build/nanosaur_msgs
[0.782s] DEBUG:colcon.colcon_core.event_handler.log_command:Invoked command in '/home/user/nanosaur/build/nanosaur_gazebo' returned '0': CMAKE_PREFIX_PATH=/home/user/nanosaur/install/nanosaur_description:/home/user/nanosaur/install/nanosaur_control:/home/user/nanosaur/install/nanosaur_worlds:/home/user/nanosaur/install/nanosaur_simulations:/home/user/nanosaur/install/nanosaur:/home/user/nanosaur/install/nanosaur_msgs:/home/user/nanosaur/install/nanosaur_gazebo:/home/shh/stmoon/install/urdf_tutorial:/home/shh/stmoon/install/nanosaur_worlds:/home/shh/stmoon/install/nanosaur_simulations:/home/shh/stmoon/install/nanosaur:/home/shh/stmoon/install/nanosaur_msgs:/home/shh/stmoon/install/nanosaur_isaac_sim:/home/shh/stmoon/install/nanosaur_gazebo:/home/shh/stmoon/install/nanosaur_description:/home/shh/stmoon/install/nanosaur_control:/home/shh/stmoon/install/nanosaur_ignition:/opt/ros/humble /usr/bin/cmake --build /home/user/nanosaur/build/nanosaur_gazebo -- -j16 -l16
[0.810s] DEBUG:colcon.colcon_core.event_handler.log_command:Invoking command in '/home/user/nanosaur/build/nanosaur_gazebo': CMAKE_PREFIX_PATH=/home/user/nanosaur/install/nanosaur_description:/home/user/nanosaur/install/nanosaur_control:/home/user/nanosaur/install/nanosaur_worlds:/home/user/nanosaur/install/nanosaur_simulations:/home/user/nanosaur/install/nanosaur:/home/user/nanosaur/install/nanosaur_msgs:/home/user/nanosaur/install/nanosaur_gazebo:/home/shh/stmoon/install/urdf_tutorial:/home/shh/stmoon/install/nanosaur_worlds:/home/shh/stmoon/install/nanosaur_simulations:/home/shh/stmoon/install/nanosaur:/home/shh/stmoon/install/nanosaur_msgs:/home/shh/stmoon/install/nanosaur_isaac_sim:/home/shh/stmoon/install/nanosaur_gazebo:/home/shh/stmoon/install/nanosaur_description:/home/shh/stmoon/install/nanosaur_control:/home/shh/stmoon/install/nanosaur_ignition:/opt/ros/humble /usr/bin/cmake --install /home/user/nanosaur/build/nanosaur_gazebo
[0.878s] Level 1:colcon.colcon_core.environment:create_environment_scripts_only(nanosaur_gazebo)
[0.881s] Level 1:colcon.colcon_core.environment:checking '/home/user/nanosaur/install/nanosaur_gazebo' for CMake module files
[0.882s] DEBUG:colcon.colcon_core.event_handler.log_command:Invoked command in '/home/user/nanosaur/build/nanosaur_gazebo' returned '0': CMAKE_PREFIX_PATH=/home/user/nanosaur/install/nanosaur_description:/home/user/nanosaur/install/nanosaur_control:/home/user/nanosaur/install/nanosaur_worlds:/home/user/nanosaur/install/nanosaur_simulations:/home/user/nanosaur/install/nanosaur:/home/user/nanosaur/install/nanosaur_msgs:/home/user/nanosaur/install/nanosaur_gazebo:/home/shh/stmoon/install/urdf_tutorial:/home/shh/stmoon/install/nanosaur_worlds:/home/shh/stmoon/install/nanosaur_simulations:/home/shh/stmoon/install/nanosaur:/home/shh/stmoon/install/nanosaur_msgs:/home/shh/stmoon/install/nanosaur_isaac_sim:/home/shh/stmoon/install/nanosaur_gazebo:/home/shh/stmoon/install/nanosaur_description:/home/shh/stmoon/install/nanosaur_control:/home/shh/stmoon/install/nanosaur_ignition:/opt/ros/humble /usr/bin/cmake --install /home/user/nanosaur/build/nanosaur_gazebo
[0.884s] Level 1:colcon.colcon_core.environment:checking '/home/user/nanosaur/install/nanosaur_gazebo' for CMake config files
[0.885s] Level 1:colcon.colcon_core.shell:create_environment_hook('nanosaur_gazebo', 'cmake_prefix_path')
[0.887s] INFO:colcon.colcon_core.shell:Creating environment hook '/home/user/nanosaur/install/nanosaur_gazebo/share/nanosaur_gazebo/hook/cmake_prefix_path.ps1'
[0.889s] INFO:colcon.colcon_core.shell:Creating environment descriptor '/home/user/nanosaur/install/nanosaur_gazebo/share/nanosaur_gazebo/hook/cmake_prefix_path.dsv'
[0.889s] INFO:colcon.colcon_core.shell:Creating environment hook '/home/user/nanosaur/install/nanosaur_gazebo/share/nanosaur_gazebo/hook/cmake_prefix_path.sh'
[0.890s] Level 1:colcon.colcon_core.environment:checking '/home/user/nanosaur/install/nanosaur_gazebo/bin'
[0.890s] Level 1:colcon.colcon_core.environment:checking '/home/user/nanosaur/install/nanosaur_gazebo/lib/pkgconfig/nanosaur_gazebo.pc'
[0.890s] Level 1:colcon.colcon_core.environment:checking '/home/user/nanosaur/install/nanosaur_gazebo/lib/python3.10/site-packages'
[0.890s] Level 1:colcon.colcon_core.environment:checking '/home/user/nanosaur/install/nanosaur_gazebo/bin'
[0.891s] INFO:colcon.colcon_core.shell:Creating package script '/home/user/nanosaur/install/nanosaur_gazebo/share/nanosaur_gazebo/package.ps1'
[0.892s] INFO:colcon.colcon_core.shell:Creating package descriptor '/home/user/nanosaur/install/nanosaur_gazebo/share/nanosaur_gazebo/package.dsv'
[0.892s] INFO:colcon.colcon_core.shell:Creating package script '/home/user/nanosaur/install/nanosaur_gazebo/share/nanosaur_gazebo/package.sh'
[0.893s] INFO:colcon.colcon_core.shell:Creating package script '/home/user/nanosaur/install/nanosaur_gazebo/share/nanosaur_gazebo/package.bash'
[0.893s] INFO:colcon.colcon_core.shell:Creating package script '/home/user/nanosaur/install/nanosaur_gazebo/share/nanosaur_gazebo/package.zsh'
[0.893s] Level 1:colcon.colcon_core.environment:create_file_with_runtime_dependencies(/home/user/nanosaur/install/nanosaur_gazebo/share/colcon-core/packages/nanosaur_gazebo)
[0.905s] Level 1:colcon.colcon_core.environment:create_environment_scripts_only(nanosaur_worlds)
[0.909s] Level 1:colcon.colcon_core.environment:checking '/home/user/nanosaur/install/nanosaur_worlds' for CMake module files
[0.910s] DEBUG:colcon.colcon_core.event_handler.log_command:Invoked command in '/home/user/nanosaur/build/nanosaur_worlds' returned '0': CMAKE_PREFIX_PATH=${CMAKE_PREFIX_PATH}:/home/shh/stmoon/install/nanosaur_ignition:/opt/ros/humble /usr/bin/cmake --install /home/user/nanosaur/build/nanosaur_worlds
[0.911s] Level 1:colcon.colcon_core.environment:checking '/home/user/nanosaur/install/nanosaur_worlds' for CMake config files
[0.912s] Level 1:colcon.colcon_core.shell:create_environment_hook('nanosaur_worlds', 'cmake_prefix_path')
[0.914s] INFO:colcon.colcon_core.shell:Creating environment hook '/home/user/nanosaur/install/nanosaur_worlds/share/nanosaur_worlds/hook/cmake_prefix_path.ps1'
[0.915s] INFO:colcon.colcon_core.shell:Creating environment descriptor '/home/user/nanosaur/install/nanosaur_worlds/share/nanosaur_worlds/hook/cmake_prefix_path.dsv'
[0.915s] INFO:colcon.colcon_core.shell:Creating environment hook '/home/user/nanosaur/install/nanosaur_worlds/share/nanosaur_worlds/hook/cmake_prefix_path.sh'
[0.917s] Level 1:colcon.colcon_core.environment:checking '/home/user/nanosaur/install/nanosaur_worlds/bin'
[0.917s] Level 1:colcon.colcon_core.environment:checking '/home/user/nanosaur/install/nanosaur_worlds/lib/pkgconfig/nanosaur_worlds.pc'
[0.917s] Level 1:colcon.colcon_core.environment:checking '/home/user/nanosaur/install/nanosaur_worlds/lib/python3.10/site-packages'
[0.918s] Level 1:colcon.colcon_core.environment:checking '/home/user/nanosaur/install/nanosaur_worlds/bin'
[0.920s] INFO:colcon.colcon_core.shell:Creating package script '/home/user/nanosaur/install/nanosaur_worlds/share/nanosaur_worlds/package.ps1'
[0.921s] INFO:colcon.colcon_core.shell:Creating package descriptor '/home/user/nanosaur/install/nanosaur_worlds/share/nanosaur_worlds/package.dsv'
[0.921s] INFO:colcon.colcon_core.shell:Creating package script '/home/user/nanosaur/install/nanosaur_worlds/share/nanosaur_worlds/package.sh'
[0.922s] INFO:colcon.colcon_core.shell:Creating package script '/home/user/nanosaur/install/nanosaur_worlds/share/nanosaur_worlds/package.bash'
[0.922s] INFO:colcon.colcon_core.shell:Creating package script '/home/user/nanosaur/install/nanosaur_worlds/share/nanosaur_worlds/package.zsh'
[0.923s] Level 1:colcon.colcon_core.environment:create_file_with_runtime_dependencies(/home/user/nanosaur/install/nanosaur_worlds/share/colcon-core/packages/nanosaur_worlds)
[0.926s] Level 1:colcon.colcon_core.environment:create_environment_scripts_only(nanosaur_gazebo)
[0.927s] Level 1:colcon.colcon_core.environment:checking '/home/user/nanosaur/install/nanosaur_gazebo' for CMake module files
[0.928s] Level 1:colcon.colcon_core.environment:checking '/home/user/nanosaur/install/nanosaur_gazebo' for CMake config files
[0.928s] Level 1:colcon.colcon_core.shell:create_environment_hook('nanosaur_gazebo', 'cmake_prefix_path')
[0.929s] INFO:colcon.colcon_core.shell:Creating environment hook '/home/user/nanosaur/install/nanosaur_gazebo/share/nanosaur_gazebo/hook/cmake_prefix_path.ps1'
[0.929s] INFO:colcon.colcon_core.shell:Creating environment descriptor '/home/user/nanosaur/install/nanosaur_gazebo/share/nanosaur_gazebo/hook/cmake_prefix_path.dsv'
[0.929s] INFO:colcon.colcon_core.shell:Creating environment hook '/home/user/nanosaur/install/nanosaur_gazebo/share/nanosaur_gazebo/hook/cmake_prefix_path.sh'
[0.930s] Level 1:colcon.colcon_core.environment:checking '/home/user/nanosaur/install/nanosaur_gazebo/bin'
[0.930s] Level 1:colcon.colcon_core.environment:checking '/home/user/nanosaur/install/nanosaur_gazebo/lib/pkgconfig/nanosaur_gazebo.pc'
[0.930s] Level 1:colcon.colcon_core.environment:checking '/home/user/nanosaur/install/nanosaur_gazebo/lib/python3.10/site-packages'
[0.930s] Level 1:colcon.colcon_core.environment:checking '/home/user/nanosaur/install/nanosaur_gazebo/bin'
[0.931s] INFO:colcon.colcon_core.shell:Creating package script '/home/user/nanosaur/install/nanosaur_gazebo/share/nanosaur_gazebo/package.ps1'
[0.931s] INFO:colcon.colcon_core.shell:Creating package descriptor '/home/user/nanosaur/install/nanosaur_gazebo/share/nanosaur_gazebo/package.dsv'
[0.932s] INFO:colcon.colcon_core.shell:Creating package script '/home/user/nanosaur/install/nanosaur_gazebo/share/nanosaur_gazebo/package.sh'
[0.932s] INFO:colcon.colcon_core.shell:Creating package script '/home/user/nanosaur/install/nanosaur_gazebo/share/nanosaur_gazebo/package.bash'
[0.932s] INFO:colcon.colcon_core.shell:Creating package script '/home/user/nanosaur/install/nanosaur_gazebo/share/nanosaur_gazebo/package.zsh'
[0.933s] Level 1:colcon.colcon_core.environment:create_file_with_runtime_dependencies(/home/user/nanosaur/install/nanosaur_gazebo/share/colcon-core/packages/nanosaur_gazebo)
[0.951s] Level 1:colcon.colcon_core.environment:create_environment_scripts_only(nanosaur_worlds)
[0.955s] Level 1:colcon.colcon_core.environment:checking '/home/user/nanosaur/install/nanosaur_worlds' for CMake module files
[0.956s] Level 1:colcon.colcon_core.environment:checking '/home/user/nanosaur/install/nanosaur_worlds' for CMake config files
[0.957s] Level 1:colcon.colcon_core.shell:create_environment_hook('nanosaur_worlds', 'cmake_prefix_path')
[0.959s] INFO:colcon.colcon_core.shell:Creating environment hook '/home/user/nanosaur/install/nanosaur_worlds/share/nanosaur_worlds/hook/cmake_prefix_path.ps1'
[0.960s] INFO:colcon.colcon_core.shell:Creating environment descriptor '/home/user/nanosaur/install/nanosaur_worlds/share/nanosaur_worlds/hook/cmake_prefix_path.dsv'
[0.961s] INFO:colcon.colcon_core.shell:Creating environment hook '/home/user/nanosaur/install/nanosaur_worlds/share/nanosaur_worlds/hook/cmake_prefix_path.sh'
[0.961s] Level 1:colcon.colcon_core.environment:checking '/home/user/nanosaur/install/nanosaur_worlds/bin'
[0.961s] Level 1:colcon.colcon_core.environment:checking '/home/user/nanosaur/install/nanosaur_worlds/lib/pkgconfig/nanosaur_worlds.pc'
[0.961s] Level 1:colcon.colcon_core.environment:checking '/home/user/nanosaur/install/nanosaur_worlds/lib/python3.10/site-packages'
[0.961s] Level 1:colcon.colcon_core.environment:checking '/home/user/nanosaur/install/nanosaur_worlds/bin'
[0.962s] INFO:colcon.colcon_core.shell:Creating package script '/home/user/nanosaur/install/nanosaur_worlds/share/nanosaur_worlds/package.ps1'
[0.963s] INFO:colcon.colcon_core.shell:Creating package descriptor '/home/user/nanosaur/install/nanosaur_worlds/share/nanosaur_worlds/package.dsv'
[0.963s] INFO:colcon.colcon_core.shell:Creating package script '/home/user/nanosaur/install/nanosaur_worlds/share/nanosaur_worlds/package.sh'
[0.963s] INFO:colcon.colcon_core.shell:Creating package script '/home/user/nanosaur/install/nanosaur_worlds/share/nanosaur_worlds/package.bash'
[0.964s] INFO:colcon.colcon_core.shell:Creating package script '/home/user/nanosaur/install/nanosaur_worlds/share/nanosaur_worlds/package.zsh'
[0.964s] Level 1:colcon.colcon_core.environment:create_file_with_runtime_dependencies(/home/user/nanosaur/install/nanosaur_worlds/share/colcon-core/packages/nanosaur_worlds)
[1.022s] Level 1:colcon.colcon_core.environment:create_environment_scripts_only(nanosaur_msgs)
[1.026s] Level 1:colcon.colcon_core.environment:checking '/home/user/nanosaur/install/nanosaur_msgs' for CMake module files
[1.027s] DEBUG:colcon.colcon_core.event_handler.log_command:Invoked command in '/home/user/nanosaur/build/nanosaur_msgs' returned '0': CMAKE_PREFIX_PATH=${CMAKE_PREFIX_PATH}:/home/shh/stmoon/install/nanosaur_ignition:/opt/ros/humble /usr/bin/cmake --install /home/user/nanosaur/build/nanosaur_msgs
[1.029s] Level 1:colcon.colcon_core.environment:checking '/home/user/nanosaur/install/nanosaur_msgs' for CMake config files
[1.031s] Level 1:colcon.colcon_core.shell:create_environment_hook('nanosaur_msgs', 'cmake_prefix_path')
[1.032s] INFO:colcon.colcon_core.shell:Creating environment hook '/home/user/nanosaur/install/nanosaur_msgs/share/nanosaur_msgs/hook/cmake_prefix_path.ps1'
[1.032s] INFO:colcon.colcon_core.shell:Creating environment descriptor '/home/user/nanosaur/install/nanosaur_msgs/share/nanosaur_msgs/hook/cmake_prefix_path.dsv'
[1.032s] INFO:colcon.colcon_core.shell:Creating environment hook '/home/user/nanosaur/install/nanosaur_msgs/share/nanosaur_msgs/hook/cmake_prefix_path.sh'
[1.033s] Level 1:colcon.colcon_core.environment:checking '/home/user/nanosaur/install/nanosaur_msgs/lib'
[1.033s] Level 1:colcon.colcon_core.shell:create_environment_hook('nanosaur_msgs', 'ld_library_path_lib')
[1.034s] INFO:colcon.colcon_core.shell:Creating environment hook '/home/user/nanosaur/install/nanosaur_msgs/share/nanosaur_msgs/hook/ld_library_path_lib.ps1'
[1.035s] INFO:colcon.colcon_core.shell:Creating environment descriptor '/home/user/nanosaur/install/nanosaur_msgs/share/nanosaur_msgs/hook/ld_library_path_lib.dsv'
[1.035s] INFO:colcon.colcon_core.shell:Creating environment hook '/home/user/nanosaur/install/nanosaur_msgs/share/nanosaur_msgs/hook/ld_library_path_lib.sh'
[1.035s] Level 1:colcon.colcon_core.environment:checking '/home/user/nanosaur/install/nanosaur_msgs/bin'
[1.035s] Level 1:colcon.colcon_core.environment:checking '/home/user/nanosaur/install/nanosaur_msgs/lib/pkgconfig/nanosaur_msgs.pc'
[1.035s] Level 1:colcon.colcon_core.environment:checking '/home/user/nanosaur/install/nanosaur_msgs/lib/python3.10/site-packages'
[1.036s] Level 1:colcon.colcon_core.environment:checking '/home/user/nanosaur/install/nanosaur_msgs/bin'
[1.037s] INFO:colcon.colcon_core.shell:Creating package script '/home/user/nanosaur/install/nanosaur_msgs/share/nanosaur_msgs/package.ps1'
[1.037s] INFO:colcon.colcon_core.shell:Creating package descriptor '/home/user/nanosaur/install/nanosaur_msgs/share/nanosaur_msgs/package.dsv'
[1.037s] INFO:colcon.colcon_core.shell:Creating package script '/home/user/nanosaur/install/nanosaur_msgs/share/nanosaur_msgs/package.sh'
[1.038s] INFO:colcon.colcon_core.shell:Creating package script '/home/user/nanosaur/install/nanosaur_msgs/share/nanosaur_msgs/package.bash'
[1.038s] INFO:colcon.colcon_core.shell:Creating package script '/home/user/nanosaur/install/nanosaur_msgs/share/nanosaur_msgs/package.zsh'
[1.038s] Level 1:colcon.colcon_core.environment:create_file_with_runtime_dependencies(/home/user/nanosaur/install/nanosaur_msgs/share/colcon-core/packages/nanosaur_msgs)
[1.099s] Level 1:colcon.colcon_core.environment:create_environment_scripts_only(nanosaur_msgs)
[1.102s] Level 1:colcon.colcon_core.environment:checking '/home/user/nanosaur/install/nanosaur_msgs' for CMake module files
[1.103s] Level 1:colcon.colcon_core.environment:checking '/home/user/nanosaur/install/nanosaur_msgs' for CMake config files
[1.104s] Level 1:colcon.colcon_core.shell:create_environment_hook('nanosaur_msgs', 'cmake_prefix_path')
[1.106s] INFO:colcon.colcon_core.shell:Creating environment hook '/home/user/nanosaur/install/nanosaur_msgs/share/nanosaur_msgs/hook/cmake_prefix_path.ps1'
[1.107s] INFO:colcon.colcon_core.shell:Creating environment descriptor '/home/user/nanosaur/install/nanosaur_msgs/share/nanosaur_msgs/hook/cmake_prefix_path.dsv'
[1.108s] INFO:colcon.colcon_core.shell:Creating environment hook '/home/user/nanosaur/install/nanosaur_msgs/share/nanosaur_msgs/hook/cmake_prefix_path.sh'
[1.108s] Level 1:colcon.colcon_core.environment:checking '/home/user/nanosaur/install/nanosaur_msgs/lib'
[1.108s] Level 1:colcon.colcon_core.shell:create_environment_hook('nanosaur_msgs', 'ld_library_path_lib')
[1.110s] INFO:colcon.colcon_core.shell:Creating environment hook '/home/user/nanosaur/install/nanosaur_msgs/share/nanosaur_msgs/hook/ld_library_path_lib.ps1'
[1.110s] INFO:colcon.colcon_core.shell:Creating environment descriptor '/home/user/nanosaur/install/nanosaur_msgs/share/nanosaur_msgs/hook/ld_library_path_lib.dsv'
[1.110s] INFO:colcon.colcon_core.shell:Creating environment hook '/home/user/nanosaur/install/nanosaur_msgs/share/nanosaur_msgs/hook/ld_library_path_lib.sh'
[1.111s] Level 1:colcon.colcon_core.environment:checking '/home/user/nanosaur/install/nanosaur_msgs/bin'
[1.111s] Level 1:colcon.colcon_core.environment:checking '/home/user/nanosaur/install/nanosaur_msgs/lib/pkgconfig/nanosaur_msgs.pc'
[1.111s] Level 1:colcon.colcon_core.environment:checking '/home/user/nanosaur/install/nanosaur_msgs/lib/python3.10/site-packages'
[1.111s] Level 1:colcon.colcon_core.environment:checking '/home/user/nanosaur/install/nanosaur_msgs/bin'
[1.112s] INFO:colcon.colcon_core.shell:Creating package script '/home/user/nanosaur/install/nanosaur_msgs/share/nanosaur_msgs/package.ps1'
[1.112s] INFO:colcon.colcon_core.shell:Creating package descriptor '/home/user/nanosaur/install/nanosaur_msgs/share/nanosaur_msgs/package.dsv'
[1.113s] INFO:colcon.colcon_core.shell:Creating package script '/home/user/nanosaur/install/nanosaur_msgs/share/nanosaur_msgs/package.sh'
[1.113s] INFO:colcon.colcon_core.shell:Creating package script '/home/user/nanosaur/install/nanosaur_msgs/share/nanosaur_msgs/package.bash'
[1.113s] INFO:colcon.colcon_core.shell:Creating package script '/home/user/nanosaur/install/nanosaur_msgs/share/nanosaur_msgs/package.zsh'
[1.113s] Level 1:colcon.colcon_core.environment:create_file_with_runtime_dependencies(/home/user/nanosaur/install/nanosaur_msgs/share/colcon-core/packages/nanosaur_msgs)
[1.114s] INFO:colcon.colcon_ros.task.ament_cmake.build:Building ROS package in '/home/user/nanosaur/src/nanosaur/nanosaur' with build type 'ament_cmake'
[1.114s] INFO:colcon.colcon_cmake.task.cmake.build:Building CMake package in '/home/user/nanosaur/src/nanosaur/nanosaur'
[1.114s] INFO:colcon.colcon_core.shell:Skip shell extension 'powershell' for command environment: Not usable outside of PowerShell
[1.115s] DEBUG:colcon.colcon_core.shell:Skip shell extension 'dsv' for command environment
[1.130s] DEBUG:colcon.colcon_core.event_handler.log_command:Invoking command in '/home/user/nanosaur/build/nanosaur': CMAKE_PREFIX_PATH=/home/user/nanosaur/install/nanosaur_msgs:/home/user/nanosaur/install/nanosaur_description:/home/user/nanosaur/install/nanosaur_control:/home/user/nanosaur/install/nanosaur_worlds:/home/user/nanosaur/install/nanosaur_simulations:/home/user/nanosaur/install/nanosaur:/home/user/nanosaur/install/nanosaur_gazebo:/home/shh/stmoon/install/urdf_tutorial:/home/shh/stmoon/install/nanosaur_worlds:/home/shh/stmoon/install/nanosaur_simulations:/home/shh/stmoon/install/nanosaur:/home/shh/stmoon/install/nanosaur_msgs:/home/shh/stmoon/install/nanosaur_isaac_sim:/home/shh/stmoon/install/nanosaur_gazebo:/home/shh/stmoon/install/nanosaur_description:/home/shh/stmoon/install/nanosaur_control:/home/shh/stmoon/install/nanosaur_ignition:/opt/ros/humble /usr/bin/cmake --build /home/user/nanosaur/build/nanosaur -- -j16 -l16
[1.167s] DEBUG:colcon.colcon_core.event_handler.log_command:Invoked command in '/home/user/nanosaur/build/nanosaur' returned '0': CMAKE_PREFIX_PATH=/home/user/nanosaur/install/nanosaur_msgs:/home/user/nanosaur/install/nanosaur_description:/home/user/nanosaur/install/nanosaur_control:/home/user/nanosaur/install/nanosaur_worlds:/home/user/nanosaur/install/nanosaur_simulations:/home/user/nanosaur/install/nanosaur:/home/user/nanosaur/install/nanosaur_gazebo:/home/shh/stmoon/install/urdf_tutorial:/home/shh/stmoon/install/nanosaur_worlds:/home/shh/stmoon/install/nanosaur_simulations:/home/shh/stmoon/install/nanosaur:/home/shh/stmoon/install/nanosaur_msgs:/home/shh/stmoon/install/nanosaur_isaac_sim:/home/shh/stmoon/install/nanosaur_gazebo:/home/shh/stmoon/install/nanosaur_description:/home/shh/stmoon/install/nanosaur_control:/home/shh/stmoon/install/nanosaur_ignition:/opt/ros/humble /usr/bin/cmake --build /home/user/nanosaur/build/nanosaur -- -j16 -l16
[1.196s] DEBUG:colcon.colcon_core.event_handler.log_command:Invoking command in '/home/user/nanosaur/build/nanosaur': CMAKE_PREFIX_PATH=/home/user/nanosaur/install/nanosaur_msgs:/home/user/nanosaur/install/nanosaur_description:/home/user/nanosaur/install/nanosaur_control:/home/user/nanosaur/install/nanosaur_worlds:/home/user/nanosaur/install/nanosaur_simulations:/home/user/nanosaur/install/nanosaur:/home/user/nanosaur/install/nanosaur_gazebo:/home/shh/stmoon/install/urdf_tutorial:/home/shh/stmoon/install/nanosaur_worlds:/home/shh/stmoon/install/nanosaur_simulations:/home/shh/stmoon/install/nanosaur:/home/shh/stmoon/install/nanosaur_msgs:/home/shh/stmoon/install/nanosaur_isaac_sim:/home/shh/stmoon/install/nanosaur_gazebo:/home/shh/stmoon/install/nanosaur_description:/home/shh/stmoon/install/nanosaur_control:/home/shh/stmoon/install/nanosaur_ignition:/opt/ros/humble /usr/bin/cmake --install /home/user/nanosaur/build/nanosaur
[1.230s] Level 1:colcon.colcon_core.environment:create_environment_scripts_only(nanosaur)
[1.234s] Level 1:colcon.colcon_core.environment:checking '/home/user/nanosaur/install/nanosaur' for CMake module files
[1.234s] DEBUG:colcon.colcon_core.event_handler.log_command:Invoked command in '/home/user/nanosaur/build/nanosaur' returned '0': CMAKE_PREFIX_PATH=/home/user/nanosaur/install/nanosaur_msgs:/home/user/nanosaur/install/nanosaur_description:/home/user/nanosaur/install/nanosaur_control:/home/user/nanosaur/install/nanosaur_worlds:/home/user/nanosaur/install/nanosaur_simulations:/home/user/nanosaur/install/nanosaur:/home/user/nanosaur/install/nanosaur_gazebo:/home/shh/stmoon/install/urdf_tutorial:/home/shh/stmoon/install/nanosaur_worlds:/home/shh/stmoon/install/nanosaur_simulations:/home/shh/stmoon/install/nanosaur:/home/shh/stmoon/install/nanosaur_msgs:/home/shh/stmoon/install/nanosaur_isaac_sim:/home/shh/stmoon/install/nanosaur_gazebo:/home/shh/stmoon/install/nanosaur_description:/home/shh/stmoon/install/nanosaur_control:/home/shh/stmoon/install/nanosaur_ignition:/opt/ros/humble /usr/bin/cmake --install /home/user/nanosaur/build/nanosaur
[1.235s] Level 1:colcon.colcon_core.environment:checking '/home/user/nanosaur/install/nanosaur' for CMake config files
[1.236s] Level 1:colcon.colcon_core.shell:create_environment_hook('nanosaur', 'cmake_prefix_path')
[1.238s] INFO:colcon.colcon_core.shell:Creating environment hook '/home/user/nanosaur/install/nanosaur/share/nanosaur/hook/cmake_prefix_path.ps1'
[1.238s] INFO:colcon.colcon_core.shell:Creating environment descriptor '/home/user/nanosaur/install/nanosaur/share/nanosaur/hook/cmake_prefix_path.dsv'
[1.239s] INFO:colcon.colcon_core.shell:Creating environment hook '/home/user/nanosaur/install/nanosaur/share/nanosaur/hook/cmake_prefix_path.sh'
[1.239s] Level 1:colcon.colcon_core.environment:checking '/home/user/nanosaur/install/nanosaur/bin'
[1.239s] Level 1:colcon.colcon_core.environment:checking '/home/user/nanosaur/install/nanosaur/lib/pkgconfig/nanosaur.pc'
[1.239s] Level 1:colcon.colcon_core.environment:checking '/home/user/nanosaur/install/nanosaur/lib/python3.10/site-packages'
[1.239s] Level 1:colcon.colcon_core.environment:checking '/home/user/nanosaur/install/nanosaur/bin'
[1.240s] INFO:colcon.colcon_core.shell:Creating package script '/home/user/nanosaur/install/nanosaur/share/nanosaur/package.ps1'
[1.241s] INFO:colcon.colcon_core.shell:Creating package descriptor '/home/user/nanosaur/install/nanosaur/share/nanosaur/package.dsv'
[1.241s] INFO:colcon.colcon_core.shell:Creating package script '/home/user/nanosaur/install/nanosaur/share/nanosaur/package.sh'
[1.241s] INFO:colcon.colcon_core.shell:Creating package script '/home/user/nanosaur/install/nanosaur/share/nanosaur/package.bash'
[1.241s] INFO:colcon.colcon_core.shell:Creating package script '/home/user/nanosaur/install/nanosaur/share/nanosaur/package.zsh'
[1.241s] Level 1:colcon.colcon_core.environment:create_file_with_runtime_dependencies(/home/user/nanosaur/install/nanosaur/share/colcon-core/packages/nanosaur)
[1.267s] Level 1:colcon.colcon_core.environment:create_environment_scripts_only(nanosaur)
[1.270s] Level 1:colcon.colcon_core.environment:checking '/home/user/nanosaur/install/nanosaur' for CMake module files
[1.271s] Level 1:colcon.colcon_core.environment:checking '/home/user/nanosaur/install/nanosaur' for CMake config files
[1.271s] Level 1:colcon.colcon_core.shell:create_environment_hook('nanosaur', 'cmake_prefix_path')
[1.272s] INFO:colcon.colcon_core.shell:Creating environment hook '/home/user/nanosaur/install/nanosaur/share/nanosaur/hook/cmake_prefix_path.ps1'
[1.272s] INFO:colcon.colcon_core.shell:Creating environment descriptor '/home/user/nanosaur/install/nanosaur/share/nanosaur/hook/cmake_prefix_path.dsv'
[1.272s] INFO:colcon.colcon_core.shell:Creating environment hook '/home/user/nanosaur/install/nanosaur/share/nanosaur/hook/cmake_prefix_path.sh'
[1.272s] Level 1:colcon.colcon_core.environment:checking '/home/user/nanosaur/install/nanosaur/bin'
[1.272s] Level 1:colcon.colcon_core.environment:checking '/home/user/nanosaur/install/nanosaur/lib/pkgconfig/nanosaur.pc'
[1.273s] Level 1:colcon.colcon_core.environment:checking '/home/user/nanosaur/install/nanosaur/lib/python3.10/site-packages'
[1.273s] Level 1:colcon.colcon_core.environment:checking '/home/user/nanosaur/install/nanosaur/bin'
[1.274s] INFO:colcon.colcon_core.shell:Creating package script '/home/user/nanosaur/install/nanosaur/share/nanosaur/package.ps1'
[1.274s] INFO:colcon.colcon_core.shell:Creating package descriptor '/home/user/nanosaur/install/nanosaur/share/nanosaur/package.dsv'
[1.274s] INFO:colcon.colcon_core.shell:Creating package script '/home/user/nanosaur/install/nanosaur/share/nanosaur/package.sh'
[1.275s] INFO:colcon.colcon_core.shell:Creating package script '/home/user/nanosaur/install/nanosaur/share/nanosaur/package.bash'
[1.275s] INFO:colcon.colcon_core.shell:Creating package script '/home/user/nanosaur/install/nanosaur/share/nanosaur/package.zsh'
[1.275s] Level 1:colcon.colcon_core.environment:create_file_with_runtime_dependencies(/home/user/nanosaur/install/nanosaur/share/colcon-core/packages/nanosaur)
[1.275s] DEBUG:colcon.colcon_parallel_executor.executor.parallel:closing loop
[1.275s] DEBUG:colcon.colcon_parallel_executor.executor.parallel:loop closed
[1.275s] DEBUG:colcon.colcon_parallel_executor.executor.parallel:run_until_complete finished with '0'
[1.275s] DEBUG:colcon.colcon_core.event_reactor:joining thread
[1.286s] INFO:colcon.colcon_core.plugin_system:Skipping extension 'colcon_notification.desktop_notification.notify_send': Could not find 'notify-send'
[1.286s] INFO:colcon.colcon_core.plugin_system:Skipping extension 'colcon_notification.desktop_notification.terminal_notifier': Not used on non-Darwin systems
[1.286s] INFO:colcon.colcon_core.plugin_system:Skipping extension 'colcon_notification.desktop_notification.win32': Not used on non-Windows systems
[1.286s] INFO:colcon.colcon_notification.desktop_notification:Sending desktop notification using 'notify2'
[1.288s] DEBUG:colcon.colcon_notification.desktop_notification.notify2:Failed to initialize notify2: org.freedesktop.DBus.Error.Spawn.ExecFailed: /usr/bin/dbus-launch terminated abnormally without any error message
[1.288s] DEBUG:colcon.colcon_core.event_reactor:joined thread
[1.291s] INFO:colcon.colcon_core.shell:Creating prefix script '/home/user/nanosaur/install/local_setup.ps1'
[1.293s] INFO:colcon.colcon_core.shell:Creating prefix util module '/home/user/nanosaur/install/_local_setup_util_ps1.py'
[1.295s] INFO:colcon.colcon_core.shell:Creating prefix chain script '/home/user/nanosaur/install/setup.ps1'
[1.298s] INFO:colcon.colcon_core.shell:Creating prefix script '/home/user/nanosaur/install/local_setup.sh'
[1.299s] INFO:colcon.colcon_core.shell:Creating prefix util module '/home/user/nanosaur/install/_local_setup_util_sh.py'
[1.300s] INFO:colcon.colcon_core.shell:Creating prefix chain script '/home/user/nanosaur/install/setup.sh'
[1.303s] INFO:colcon.colcon_core.shell:Creating prefix script '/home/user/nanosaur/install/local_setup.bash'
[1.303s] INFO:colcon.colcon_core.shell:Creating prefix chain script '/home/user/nanosaur/install/setup.bash'
[1.305s] INFO:colcon.colcon_core.shell:Creating prefix script '/home/user/nanosaur/install/local_setup.zsh'
[1.305s] INFO:colcon.colcon_core.shell:Creating prefix chain script '/home/user/nanosaur/install/setup.zsh'
