[0.026s] Invoking command in '/home/user/nanosaur/build/nanosaur_simulations': CMAKE_PREFIX_PATH=${CMAKE_PREFIX_PATH}:/home/shh/stmoon/install/nanosaur_ignition:/opt/ros/humble /usr/bin/cmake --build /home/user/nanosaur/build/nanosaur_simulations -- -j16 -l16
[0.066s] Invoked command in '/home/user/nanosaur/build/nanosaur_simulations' returned '0': CMAKE_PREFIX_PATH=${CMAKE_PREFIX_PATH}:/home/shh/stmoon/install/nanosaur_ignition:/opt/ros/humble /usr/bin/cmake --build /home/user/nanosaur/build/nanosaur_simulations -- -j16 -l16
[0.091s] Invoking command in '/home/user/nanosaur/build/nanosaur_simulations': CMAKE_PREFIX_PATH=${CMAKE_PREFIX_PATH}:/home/shh/stmoon/install/nanosaur_ignition:/opt/ros/humble /usr/bin/cmake --install /home/user/nanosaur/build/nanosaur_simulations
[0.100s] -- Install configuration: ""
[0.101s] -- Up-to-date: /home/user/nanosaur/install/nanosaur_simulations/share/ament_index/resource_index/package_run_dependencies/nanosaur_simulations
[0.102s] -- Up-to-date: /home/user/nanosaur/install/nanosaur_simulations/share/ament_index/resource_index/parent_prefix_path/nanosaur_simulations
[0.105s] -- Up-to-date: /home/user/nanosaur/install/nanosaur_simulations/share/nanosaur_simulations/environment/ament_prefix_path.sh
[0.109s] -- Up-to-date: /home/user/nanosaur/install/nanosaur_simulations/share/nanosaur_simulations/environment/ament_prefix_path.dsv
[0.111s] -- Up-to-date: /home/user/nanosaur/install/nanosaur_simulations/share/nanosaur_simulations/environment/path.sh
[0.113s] -- Up-to-date: /home/user/nanosaur/install/nanosaur_simulations/share/nanosaur_simulations/environment/path.dsv
[0.116s] -- Up-to-date: /home/user/nanosaur/install/nanosaur_simulations/share/nanosaur_simulations/local_setup.bash
[0.119s] -- Up-to-date: /home/user/nanosaur/install/nanosaur_simulations/share/nanosaur_simulations/local_setup.sh
[0.122s] -- Up-to-date: /home/user/nanosaur/install/nanosaur_simulations/share/nanosaur_simulations/local_setup.zsh
[0.126s] -- Up-to-date: /home/user/nanosaur/install/nanosaur_simulations/share/nanosaur_simulations/local_setup.dsv
[0.128s] -- Up-to-date: /home/user/nanosaur/install/nanosaur_simulations/share/nanosaur_simulations/package.dsv
[0.131s] -- Up-to-date: /home/user/nanosaur/install/nanosaur_simulations/share/ament_index/resource_index/packages/nanosaur_simulations
[0.132s] -- Up-to-date: /home/user/nanosaur/install/nanosaur_simulations/share/nanosaur_simulations/cmake/nanosaur_simulationsConfig.cmake
[0.135s] -- Up-to-date: /home/user/nanosaur/install/nanosaur_simulations/share/nanosaur_simulations/cmake/nanosaur_simulationsConfig-version.cmake
[0.138s] -- Up-to-date: /home/user/nanosaur/install/nanosaur_simulations/share/nanosaur_simulations/package.xml
[0.144s] Invoked command in '/home/user/nanosaur/build/nanosaur_simulations' returned '0': CMAKE_PREFIX_PATH=${CMAKE_PREFIX_PATH}:/home/shh/stmoon/install/nanosaur_ignition:/opt/ros/humble /usr/bin/cmake --install /home/user/nanosaur/build/nanosaur_simulations
