[0.014s] Invoking command in '/home/user/nanosaur/build/nanosaur_simulations': CMAKE_PREFIX_PATH=/opt/ros/humble /usr/bin/cmake /home/user/nanosaur/src/nanosaur_simulations/nanosaur_simulations -DCMAKE_INSTALL_PREFIX=/home/user/nanosaur/install/nanosaur_simulations
[0.048s] -- The C compiler identification is GNU 11.3.0
[0.086s] -- The CXX compiler identification is GNU 11.3.0
[0.091s] -- Detecting C compiler ABI info
[0.136s] -- Detecting C compiler ABI info - done
[0.143s] -- Check for working C compiler: /usr/bin/cc - skipped
[0.143s] -- Detecting C compile features
[0.143s] -- Detecting C compile features - done
[0.147s] -- Detecting CXX compiler ABI info
[0.193s] -- Detecting CXX compiler ABI info - done
[0.198s] -- Check for working CXX compiler: /usr/bin/c++ - skipped
[0.199s] -- Detecting CXX compile features
[0.199s] -- Detecting CXX compile features - done
[0.201s] -- Found ament_cmake: 1.3.4 (/opt/ros/humble/share/ament_cmake/cmake)
[0.317s] -- Found Python3: /usr/bin/python3.10 (found version "3.10.6") found components: Interpreter 
[0.424s] -- Configuring done
[0.427s] -- Generating done
[0.427s] -- Build files have been written to: /home/user/nanosaur/build/nanosaur_simulations
[0.430s] Invoked command in '/home/user/nanosaur/build/nanosaur_simulations' returned '0': CMAKE_PREFIX_PATH=/opt/ros/humble /usr/bin/cmake /home/user/nanosaur/src/nanosaur_simulations/nanosaur_simulations -DCMAKE_INSTALL_PREFIX=/home/user/nanosaur/install/nanosaur_simulations
[0.431s] Invoking command in '/home/user/nanosaur/build/nanosaur_simulations': CMAKE_PREFIX_PATH=/opt/ros/humble /usr/bin/cmake --build /home/user/nanosaur/build/nanosaur_simulations -- -j16 -l16
[0.450s] Invoked command in '/home/user/nanosaur/build/nanosaur_simulations' returned '0': CMAKE_PREFIX_PATH=/opt/ros/humble /usr/bin/cmake --build /home/user/nanosaur/build/nanosaur_simulations -- -j16 -l16
[0.462s] Invoking command in '/home/user/nanosaur/build/nanosaur_simulations': CMAKE_PREFIX_PATH=/opt/ros/humble /usr/bin/cmake --install /home/user/nanosaur/build/nanosaur_simulations
[0.466s] -- Install configuration: ""
[0.467s] -- Installing: /home/user/nanosaur/install/nanosaur_simulations/share/ament_index/resource_index/package_run_dependencies/nanosaur_simulations
[0.467s] -- Installing: /home/user/nanosaur/install/nanosaur_simulations/share/ament_index/resource_index/parent_prefix_path/nanosaur_simulations
[0.467s] -- Installing: /home/user/nanosaur/install/nanosaur_simulations/share/nanosaur_simulations/environment/ament_prefix_path.sh
[0.467s] -- Installing: /home/user/nanosaur/install/nanosaur_simulations/share/nanosaur_simulations/environment/ament_prefix_path.dsv
[0.467s] -- Installing: /home/user/nanosaur/install/nanosaur_simulations/share/nanosaur_simulations/environment/path.sh
[0.468s] -- Installing: /home/user/nanosaur/install/nanosaur_simulations/share/nanosaur_simulations/environment/path.dsv
[0.468s] -- Installing: /home/user/nanosaur/install/nanosaur_simulations/share/nanosaur_simulations/local_setup.bash
[0.471s] -- Installing: /home/user/nanosaur/install/nanosaur_simulations/share/nanosaur_simulations/local_setup.sh
[0.471s] -- Installing: /home/user/nanosaur/install/nanosaur_simulations/share/nanosaur_simulations/local_setup.zsh
[0.471s] -- Installing: /home/user/nanosaur/install/nanosaur_simulations/share/nanosaur_simulations/local_setup.dsv
[0.472s] -- Installing: /home/user/nanosaur/install/nanosaur_simulations/share/nanosaur_simulations/package.dsv
[0.472s] -- Installing: /home/user/nanosaur/install/nanosaur_simulations/share/ament_index/resource_index/packages/nanosaur_simulations
[0.472s] -- Installing: /home/user/nanosaur/install/nanosaur_simulations/share/nanosaur_simulations/cmake/nanosaur_simulationsConfig.cmake
[0.472s] -- Installing: /home/user/nanosaur/install/nanosaur_simulations/share/nanosaur_simulations/cmake/nanosaur_simulationsConfig-version.cmake
[0.472s] -- Installing: /home/user/nanosaur/install/nanosaur_simulations/share/nanosaur_simulations/package.xml
[0.472s] Invoked command in '/home/user/nanosaur/build/nanosaur_simulations' returned '0': CMAKE_PREFIX_PATH=/opt/ros/humble /usr/bin/cmake --install /home/user/nanosaur/build/nanosaur_simulations
