[0.048s] Invoking command in '/home/user/nanosaur/build/nanosaur_control': CMAKE_PREFIX_PATH=${CMAKE_PREFIX_PATH}:/opt/ros/humble /usr/bin/cmake --build /home/user/nanosaur/build/nanosaur_control -- -j16 -l16
[0.087s] Invoked command in '/home/user/nanosaur/build/nanosaur_control' returned '0': CMAKE_PREFIX_PATH=${CMAKE_PREFIX_PATH}:/opt/ros/humble /usr/bin/cmake --build /home/user/nanosaur/build/nanosaur_control -- -j16 -l16
[0.108s] Invoking command in '/home/user/nanosaur/build/nanosaur_control': CMAKE_PREFIX_PATH=${CMAKE_PREFIX_PATH}:/opt/ros/humble /usr/bin/cmake --install /home/user/nanosaur/build/nanosaur_control
[0.123s] -- Install configuration: ""
[0.123s] -- Up-to-date: /home/user/nanosaur/install/nanosaur_control/share/nanosaur_control/launch
[0.123s] -- Up-to-date: /home/user/nanosaur/install/nanosaur_control/share/nanosaur_control/launch/twist_control.launch.py
[0.124s] -- Up-to-date: /home/user/nanosaur/install/nanosaur_control/share/nanosaur_control/launch/teleop.launch.py
[0.124s] -- Up-to-date: /home/user/nanosaur/install/nanosaur_control/share/nanosaur_control/config
[0.124s] -- Up-to-date: /home/user/nanosaur/install/nanosaur_control/share/nanosaur_control/config/twist_mux_locks.yaml
[0.124s] -- Up-to-date: /home/user/nanosaur/install/nanosaur_control/share/nanosaur_control/config/joystick.yaml
[0.124s] -- Up-to-date: /home/user/nanosaur/install/nanosaur_control/share/nanosaur_control/config/ps3.nanosaur.yml
[0.124s] -- Up-to-date: /home/user/nanosaur/install/nanosaur_control/share/nanosaur_control/config/twist_mux_topics.yaml
[0.124s] -- Up-to-date: /home/user/nanosaur/install/nanosaur_control/share/ament_index/resource_index/package_run_dependencies/nanosaur_control
[0.124s] -- Up-to-date: /home/user/nanosaur/install/nanosaur_control/share/ament_index/resource_index/parent_prefix_path/nanosaur_control
[0.124s] -- Up-to-date: /home/user/nanosaur/install/nanosaur_control/share/nanosaur_control/environment/ament_prefix_path.sh
[0.124s] -- Up-to-date: /home/user/nanosaur/install/nanosaur_control/share/nanosaur_control/environment/ament_prefix_path.dsv
[0.125s] -- Up-to-date: /home/user/nanosaur/install/nanosaur_control/share/nanosaur_control/environment/path.sh
[0.125s] -- Up-to-date: /home/user/nanosaur/install/nanosaur_control/share/nanosaur_control/environment/path.dsv
[0.125s] -- Up-to-date: /home/user/nanosaur/install/nanosaur_control/share/nanosaur_control/local_setup.bash
[0.125s] -- Up-to-date: /home/user/nanosaur/install/nanosaur_control/share/nanosaur_control/local_setup.sh
[0.125s] -- Up-to-date: /home/user/nanosaur/install/nanosaur_control/share/nanosaur_control/local_setup.zsh
[0.125s] -- Up-to-date: /home/user/nanosaur/install/nanosaur_control/share/nanosaur_control/local_setup.dsv
[0.125s] -- Installing: /home/user/nanosaur/install/nanosaur_control/share/nanosaur_control/package.dsv
[0.125s] -- Up-to-date: /home/user/nanosaur/install/nanosaur_control/share/ament_index/resource_index/packages/nanosaur_control
[0.125s] -- Up-to-date: /home/user/nanosaur/install/nanosaur_control/share/nanosaur_control/cmake/nanosaur_controlConfig.cmake
[0.125s] -- Up-to-date: /home/user/nanosaur/install/nanosaur_control/share/nanosaur_control/cmake/nanosaur_controlConfig-version.cmake
[0.125s] -- Up-to-date: /home/user/nanosaur/install/nanosaur_control/share/nanosaur_control/package.xml
[0.172s] Invoked command in '/home/user/nanosaur/build/nanosaur_control' returned '0': CMAKE_PREFIX_PATH=${CMAKE_PREFIX_PATH}:/opt/ros/humble /usr/bin/cmake --install /home/user/nanosaur/build/nanosaur_control
