[0.016s] Invoking command in '/home/user/nanosaur/build/nanosaur': AMENT_PREFIX_PATH=/home/user/nanosaur/install/nanosaur_msgs:/home/user/nanosaur/install/nanosaur_description:/home/user/nanosaur/install/nanosaur_control:${AMENT_PREFIX_PATH} CMAKE_PREFIX_PATH=/home/user/nanosaur/install/nanosaur_msgs:/home/user/nanosaur/install/nanosaur_description:/home/user/nanosaur/install/nanosaur_control:/opt/ros/humble LD_LIBRARY_PATH=/home/user/nanosaur/install/nanosaur_msgs/lib:${LD_LIBRARY_PATH} PYTHONPATH=/home/user/nanosaur/install/nanosaur_msgs/local/lib/python3.10/dist-packages:${PYTHONPATH} /usr/bin/cmake --build /home/user/nanosaur/build/nanosaur -- -j16 -l16
[0.062s] Invoked command in '/home/user/nanosaur/build/nanosaur' returned '0': AMENT_PREFIX_PATH=/home/user/nanosaur/install/nanosaur_msgs:/home/user/nanosaur/install/nanosaur_description:/home/user/nanosaur/install/nanosaur_control:${AMENT_PREFIX_PATH} CMAKE_PREFIX_PATH=/home/user/nanosaur/install/nanosaur_msgs:/home/user/nanosaur/install/nanosaur_description:/home/user/nanosaur/install/nanosaur_control:/opt/ros/humble LD_LIBRARY_PATH=/home/user/nanosaur/install/nanosaur_msgs/lib:${LD_LIBRARY_PATH} PYTHONPATH=/home/user/nanosaur/install/nanosaur_msgs/local/lib/python3.10/dist-packages:${PYTHONPATH} /usr/bin/cmake --build /home/user/nanosaur/build/nanosaur -- -j16 -l16
[0.084s] Invoking command in '/home/user/nanosaur/build/nanosaur': AMENT_PREFIX_PATH=/home/user/nanosaur/install/nanosaur_msgs:/home/user/nanosaur/install/nanosaur_description:/home/user/nanosaur/install/nanosaur_control:${AMENT_PREFIX_PATH} CMAKE_PREFIX_PATH=/home/user/nanosaur/install/nanosaur_msgs:/home/user/nanosaur/install/nanosaur_description:/home/user/nanosaur/install/nanosaur_control:/opt/ros/humble LD_LIBRARY_PATH=/home/user/nanosaur/install/nanosaur_msgs/lib:${LD_LIBRARY_PATH} PYTHONPATH=/home/user/nanosaur/install/nanosaur_msgs/local/lib/python3.10/dist-packages:${PYTHONPATH} /usr/bin/cmake --install /home/user/nanosaur/build/nanosaur
[0.093s] -- Install configuration: ""
[0.095s] -- Up-to-date: /home/user/nanosaur/install/nanosaur/share/ament_index/resource_index/package_run_dependencies/nanosaur
[0.096s] -- Up-to-date: /home/user/nanosaur/install/nanosaur/share/ament_index/resource_index/parent_prefix_path/nanosaur
[0.098s] -- Up-to-date: /home/user/nanosaur/install/nanosaur/share/nanosaur/environment/ament_prefix_path.sh
[0.099s] -- Up-to-date: /home/user/nanosaur/install/nanosaur/share/nanosaur/environment/ament_prefix_path.dsv
[0.100s] -- Up-to-date: /home/user/nanosaur/install/nanosaur/share/nanosaur/environment/path.sh
[0.102s] -- Up-to-date: /home/user/nanosaur/install/nanosaur/share/nanosaur/environment/path.dsv
[0.103s] -- Up-to-date: /home/user/nanosaur/install/nanosaur/share/nanosaur/local_setup.bash
[0.104s] -- Up-to-date: /home/user/nanosaur/install/nanosaur/share/nanosaur/local_setup.sh
[0.106s] -- Up-to-date: /home/user/nanosaur/install/nanosaur/share/nanosaur/local_setup.zsh
[0.107s] -- Up-to-date: /home/user/nanosaur/install/nanosaur/share/nanosaur/local_setup.dsv
[0.108s] -- Installing: /home/user/nanosaur/install/nanosaur/share/nanosaur/package.dsv
[0.109s] -- Up-to-date: /home/user/nanosaur/install/nanosaur/share/ament_index/resource_index/packages/nanosaur
[0.109s] -- Up-to-date: /home/user/nanosaur/install/nanosaur/share/nanosaur/cmake/nanosaurConfig.cmake
[0.111s] -- Up-to-date: /home/user/nanosaur/install/nanosaur/share/nanosaur/cmake/nanosaurConfig-version.cmake
[0.112s] -- Up-to-date: /home/user/nanosaur/install/nanosaur/share/nanosaur/package.xml
[0.120s] Invoked command in '/home/user/nanosaur/build/nanosaur' returned '0': AMENT_PREFIX_PATH=/home/user/nanosaur/install/nanosaur_msgs:/home/user/nanosaur/install/nanosaur_description:/home/user/nanosaur/install/nanosaur_control:${AMENT_PREFIX_PATH} CMAKE_PREFIX_PATH=/home/user/nanosaur/install/nanosaur_msgs:/home/user/nanosaur/install/nanosaur_description:/home/user/nanosaur/install/nanosaur_control:/opt/ros/humble LD_LIBRARY_PATH=/home/user/nanosaur/install/nanosaur_msgs/lib:${LD_LIBRARY_PATH} PYTHONPATH=/home/user/nanosaur/install/nanosaur_msgs/local/lib/python3.10/dist-packages:${PYTHONPATH} /usr/bin/cmake --install /home/user/nanosaur/build/nanosaur
