[0.030s] Invoking command in '/home/user/nanosaur/build/nanosaur_msgs': CMAKE_PREFIX_PATH=${CMAKE_PREFIX_PATH}:/home/shh/stmoon/install/nanosaur_ignition:/opt/ros/humble /usr/bin/cmake --build /home/user/nanosaur/build/nanosaur_msgs -- -j16 -l16
[0.088s] [  2%] Built target nanosaur_msgs__cpp
[0.091s] [ 12%] Built target nanosaur_msgs__rosidl_generator_c
[0.095s] [ 12%] Built target ament_cmake_python_copy_nanosaur_msgs
[0.113s] [ 23%] Built target nanosaur_msgs__rosidl_typesupport_cpp
[0.116s] [ 33%] Built target nanosaur_msgs__rosidl_typesupport_c
[0.122s] [ 43%] Built target nanosaur_msgs__rosidl_typesupport_introspection_cpp
[0.123s] [ 64%] Built target nanosaur_msgs__rosidl_typesupport_introspection_c
[0.123s] [ 64%] Built target nanosaur_msgs__rosidl_typesupport_fastrtps_c
[0.128s] [ 74%] Built target nanosaur_msgs__rosidl_typesupport_fastrtps_cpp
[0.151s] [ 74%] Built target nanosaur_msgs
[0.178s] [ 76%] Built target nanosaur_msgs__py
[0.218s] [ 84%] Built target nanosaur_msgs__rosidl_generator_py
[0.247s] [ 89%] Built target nanosaur_msgs__rosidl_typesupport_c__pyext
[0.254s] [ 94%] Built target nanosaur_msgs__rosidl_typesupport_fastrtps_c__pyext
[0.255s] [100%] Built target nanosaur_msgs__rosidl_typesupport_introspection_c__pyext
[0.280s] running egg_info
[0.280s] writing nanosaur_msgs.egg-info/PKG-INFO
[0.281s] writing dependency_links to nanosaur_msgs.egg-info/dependency_links.txt
[0.281s] writing top-level names to nanosaur_msgs.egg-info/top_level.txt
[0.282s] reading manifest file 'nanosaur_msgs.egg-info/SOURCES.txt'
[0.283s] writing manifest file 'nanosaur_msgs.egg-info/SOURCES.txt'
[0.312s] [100%] Built target ament_cmake_python_build_nanosaur_msgs_egg
[0.325s] Invoked command in '/home/user/nanosaur/build/nanosaur_msgs' returned '0': CMAKE_PREFIX_PATH=${CMAKE_PREFIX_PATH}:/home/shh/stmoon/install/nanosaur_ignition:/opt/ros/humble /usr/bin/cmake --build /home/user/nanosaur/build/nanosaur_msgs -- -j16 -l16
[0.415s] Invoking command in '/home/user/nanosaur/build/nanosaur_msgs': CMAKE_PREFIX_PATH=${CMAKE_PREFIX_PATH}:/home/shh/stmoon/install/nanosaur_ignition:/opt/ros/humble /usr/bin/cmake --install /home/user/nanosaur/build/nanosaur_msgs
[0.426s] -- Install configuration: ""
[0.428s] -- Up-to-date: /home/user/nanosaur/install/nanosaur_msgs/share/ament_index/resource_index/rosidl_interfaces/nanosaur_msgs
[0.432s] -- Up-to-date: /home/user/nanosaur/install/nanosaur_msgs/include/nanosaur_msgs/nanosaur_msgs
[0.438s] -- Up-to-date: /home/user/nanosaur/install/nanosaur_msgs/include/nanosaur_msgs/nanosaur_msgs/srv
[0.439s] -- Up-to-date: /home/user/nanosaur/install/nanosaur_msgs/include/nanosaur_msgs/nanosaur_msgs/srv/eye_message.h
[0.439s] -- Up-to-date: /home/user/nanosaur/install/nanosaur_msgs/include/nanosaur_msgs/nanosaur_msgs/srv/detail
[0.440s] -- Up-to-date: /home/user/nanosaur/install/nanosaur_msgs/include/nanosaur_msgs/nanosaur_msgs/srv/detail/eye_message__functions.h
[0.440s] -- Up-to-date: /home/user/nanosaur/install/nanosaur_msgs/include/nanosaur_msgs/nanosaur_msgs/srv/detail/eye_message__struct.h
[0.441s] -- Up-to-date: /home/user/nanosaur/install/nanosaur_msgs/include/nanosaur_msgs/nanosaur_msgs/srv/detail/eye_message__functions.c
[0.443s] -- Up-to-date: /home/user/nanosaur/install/nanosaur_msgs/include/nanosaur_msgs/nanosaur_msgs/srv/detail/eye_message__type_support.h
[0.444s] -- Up-to-date: /home/user/nanosaur/install/nanosaur_msgs/include/nanosaur_msgs/nanosaur_msgs/msg
[0.445s] -- Up-to-date: /home/user/nanosaur/install/nanosaur_msgs/include/nanosaur_msgs/nanosaur_msgs/msg/rosidl_generator_c__visibility_control.h
[0.448s] -- Up-to-date: /home/user/nanosaur/install/nanosaur_msgs/include/nanosaur_msgs/nanosaur_msgs/msg/eyes.h
[0.449s] -- Up-to-date: /home/user/nanosaur/install/nanosaur_msgs/include/nanosaur_msgs/nanosaur_msgs/msg/detail
[0.449s] -- Up-to-date: /home/user/nanosaur/install/nanosaur_msgs/include/nanosaur_msgs/nanosaur_msgs/msg/detail/eyes__functions.c
[0.451s] -- Up-to-date: /home/user/nanosaur/install/nanosaur_msgs/include/nanosaur_msgs/nanosaur_msgs/msg/detail/eyes__functions.h
[0.453s] -- Up-to-date: /home/user/nanosaur/install/nanosaur_msgs/include/nanosaur_msgs/nanosaur_msgs/msg/detail/eyes__struct.h
[0.457s] -- Up-to-date: /home/user/nanosaur/install/nanosaur_msgs/include/nanosaur_msgs/nanosaur_msgs/msg/detail/eyes__type_support.h
[0.461s] -- Up-to-date: /home/user/nanosaur/install/nanosaur_msgs/share/nanosaur_msgs/environment/library_path.sh
[0.465s] -- Up-to-date: /home/user/nanosaur/install/nanosaur_msgs/share/nanosaur_msgs/environment/library_path.dsv
[0.467s] -- Up-to-date: /home/user/nanosaur/install/nanosaur_msgs/lib/libnanosaur_msgs__rosidl_generator_c.so
[0.469s] -- Up-to-date: /home/user/nanosaur/install/nanosaur_msgs/include/nanosaur_msgs/nanosaur_msgs
[0.469s] -- Up-to-date: /home/user/nanosaur/install/nanosaur_msgs/include/nanosaur_msgs/nanosaur_msgs/srv
[0.469s] -- Up-to-date: /home/user/nanosaur/install/nanosaur_msgs/include/nanosaur_msgs/nanosaur_msgs/srv/detail
[0.469s] -- Up-to-date: /home/user/nanosaur/install/nanosaur_msgs/include/nanosaur_msgs/nanosaur_msgs/srv/detail/eye_message__rosidl_typesupport_fastrtps_c.h
[0.470s] -- Up-to-date: /home/user/nanosaur/install/nanosaur_msgs/include/nanosaur_msgs/nanosaur_msgs/msg
[0.471s] -- Up-to-date: /home/user/nanosaur/install/nanosaur_msgs/include/nanosaur_msgs/nanosaur_msgs/msg/rosidl_typesupport_fastrtps_c__visibility_control.h
[0.472s] -- Up-to-date: /home/user/nanosaur/install/nanosaur_msgs/include/nanosaur_msgs/nanosaur_msgs/msg/detail
[0.473s] -- Up-to-date: /home/user/nanosaur/install/nanosaur_msgs/include/nanosaur_msgs/nanosaur_msgs/msg/detail/eyes__rosidl_typesupport_fastrtps_c.h
[0.476s] -- Up-to-date: /home/user/nanosaur/install/nanosaur_msgs/lib/libnanosaur_msgs__rosidl_typesupport_fastrtps_c.so
[0.478s] -- Up-to-date: /home/user/nanosaur/install/nanosaur_msgs/include/nanosaur_msgs/nanosaur_msgs
[0.478s] -- Up-to-date: /home/user/nanosaur/install/nanosaur_msgs/include/nanosaur_msgs/nanosaur_msgs/srv
[0.478s] -- Up-to-date: /home/user/nanosaur/install/nanosaur_msgs/include/nanosaur_msgs/nanosaur_msgs/srv/detail
[0.478s] -- Up-to-date: /home/user/nanosaur/install/nanosaur_msgs/include/nanosaur_msgs/nanosaur_msgs/srv/detail/eye_message__rosidl_typesupport_introspection_c.h
[0.480s] -- Up-to-date: /home/user/nanosaur/install/nanosaur_msgs/include/nanosaur_msgs/nanosaur_msgs/srv/detail/eye_message__type_support.c
[0.482s] -- Up-to-date: /home/user/nanosaur/install/nanosaur_msgs/include/nanosaur_msgs/nanosaur_msgs/msg
[0.482s] -- Up-to-date: /home/user/nanosaur/install/nanosaur_msgs/include/nanosaur_msgs/nanosaur_msgs/msg/rosidl_typesupport_introspection_c__visibility_control.h
[0.484s] -- Up-to-date: /home/user/nanosaur/install/nanosaur_msgs/include/nanosaur_msgs/nanosaur_msgs/msg/detail
[0.484s] -- Up-to-date: /home/user/nanosaur/install/nanosaur_msgs/include/nanosaur_msgs/nanosaur_msgs/msg/detail/eyes__rosidl_typesupport_introspection_c.h
[0.486s] -- Up-to-date: /home/user/nanosaur/install/nanosaur_msgs/include/nanosaur_msgs/nanosaur_msgs/msg/detail/eyes__type_support.c
[0.489s] -- Up-to-date: /home/user/nanosaur/install/nanosaur_msgs/lib/libnanosaur_msgs__rosidl_typesupport_introspection_c.so
[0.493s] -- Up-to-date: /home/user/nanosaur/install/nanosaur_msgs/lib/libnanosaur_msgs__rosidl_typesupport_c.so
[0.494s] -- Up-to-date: /home/user/nanosaur/install/nanosaur_msgs/include/nanosaur_msgs/nanosaur_msgs
[0.495s] -- Up-to-date: /home/user/nanosaur/install/nanosaur_msgs/include/nanosaur_msgs/nanosaur_msgs/srv
[0.495s] -- Up-to-date: /home/user/nanosaur/install/nanosaur_msgs/include/nanosaur_msgs/nanosaur_msgs/srv/eye_message.hpp
[0.496s] -- Up-to-date: /home/user/nanosaur/install/nanosaur_msgs/include/nanosaur_msgs/nanosaur_msgs/srv/detail
[0.497s] -- Up-to-date: /home/user/nanosaur/install/nanosaur_msgs/include/nanosaur_msgs/nanosaur_msgs/srv/detail/eye_message__builder.hpp
[0.499s] -- Up-to-date: /home/user/nanosaur/install/nanosaur_msgs/include/nanosaur_msgs/nanosaur_msgs/srv/detail/eye_message__traits.hpp
[0.502s] -- Up-to-date: /home/user/nanosaur/install/nanosaur_msgs/include/nanosaur_msgs/nanosaur_msgs/srv/detail/eye_message__struct.hpp
[0.505s] -- Up-to-date: /home/user/nanosaur/install/nanosaur_msgs/include/nanosaur_msgs/nanosaur_msgs/msg
[0.505s] -- Up-to-date: /home/user/nanosaur/install/nanosaur_msgs/include/nanosaur_msgs/nanosaur_msgs/msg/eyes.hpp
[0.508s] -- Up-to-date: /home/user/nanosaur/install/nanosaur_msgs/include/nanosaur_msgs/nanosaur_msgs/msg/detail
[0.509s] -- Up-to-date: /home/user/nanosaur/install/nanosaur_msgs/include/nanosaur_msgs/nanosaur_msgs/msg/detail/eyes__builder.hpp
[0.509s] -- Up-to-date: /home/user/nanosaur/install/nanosaur_msgs/include/nanosaur_msgs/nanosaur_msgs/msg/detail/eyes__traits.hpp
[0.510s] -- Up-to-date: /home/user/nanosaur/install/nanosaur_msgs/include/nanosaur_msgs/nanosaur_msgs/msg/detail/eyes__struct.hpp
[0.512s] -- Up-to-date: /home/user/nanosaur/install/nanosaur_msgs/include/nanosaur_msgs/nanosaur_msgs
[0.512s] -- Up-to-date: /home/user/nanosaur/install/nanosaur_msgs/include/nanosaur_msgs/nanosaur_msgs/srv
[0.512s] -- Up-to-date: /home/user/nanosaur/install/nanosaur_msgs/include/nanosaur_msgs/nanosaur_msgs/srv/detail
[0.512s] -- Up-to-date: /home/user/nanosaur/install/nanosaur_msgs/include/nanosaur_msgs/nanosaur_msgs/srv/detail/eye_message__rosidl_typesupport_fastrtps_cpp.hpp
[0.514s] -- Up-to-date: /home/user/nanosaur/install/nanosaur_msgs/include/nanosaur_msgs/nanosaur_msgs/srv/detail/dds_fastrtps
[0.514s] -- Up-to-date: /home/user/nanosaur/install/nanosaur_msgs/include/nanosaur_msgs/nanosaur_msgs/msg
[0.514s] -- Up-to-date: /home/user/nanosaur/install/nanosaur_msgs/include/nanosaur_msgs/nanosaur_msgs/msg/rosidl_typesupport_fastrtps_cpp__visibility_control.h
[0.516s] -- Up-to-date: /home/user/nanosaur/install/nanosaur_msgs/include/nanosaur_msgs/nanosaur_msgs/msg/detail
[0.516s] -- Up-to-date: /home/user/nanosaur/install/nanosaur_msgs/include/nanosaur_msgs/nanosaur_msgs/msg/detail/eyes__rosidl_typesupport_fastrtps_cpp.hpp
[0.519s] -- Up-to-date: /home/user/nanosaur/install/nanosaur_msgs/include/nanosaur_msgs/nanosaur_msgs/msg/detail/dds_fastrtps
[0.520s] -- Up-to-date: /home/user/nanosaur/install/nanosaur_msgs/lib/libnanosaur_msgs__rosidl_typesupport_fastrtps_cpp.so
[0.523s] -- Up-to-date: /home/user/nanosaur/install/nanosaur_msgs/include/nanosaur_msgs/nanosaur_msgs
[0.523s] -- Up-to-date: /home/user/nanosaur/install/nanosaur_msgs/include/nanosaur_msgs/nanosaur_msgs/srv
[0.523s] -- Up-to-date: /home/user/nanosaur/install/nanosaur_msgs/include/nanosaur_msgs/nanosaur_msgs/srv/detail
[0.523s] -- Up-to-date: /home/user/nanosaur/install/nanosaur_msgs/include/nanosaur_msgs/nanosaur_msgs/srv/detail/eye_message__rosidl_typesupport_introspection_cpp.hpp
[0.525s] -- Up-to-date: /home/user/nanosaur/install/nanosaur_msgs/include/nanosaur_msgs/nanosaur_msgs/srv/detail/eye_message__type_support.cpp
[0.527s] -- Up-to-date: /home/user/nanosaur/install/nanosaur_msgs/include/nanosaur_msgs/nanosaur_msgs/msg
[0.527s] -- Up-to-date: /home/user/nanosaur/install/nanosaur_msgs/include/nanosaur_msgs/nanosaur_msgs/msg/detail
[0.527s] -- Up-to-date: /home/user/nanosaur/install/nanosaur_msgs/include/nanosaur_msgs/nanosaur_msgs/msg/detail/eyes__rosidl_typesupport_introspection_cpp.hpp
[0.531s] -- Up-to-date: /home/user/nanosaur/install/nanosaur_msgs/include/nanosaur_msgs/nanosaur_msgs/msg/detail/eyes__type_support.cpp
[0.537s] -- Up-to-date: /home/user/nanosaur/install/nanosaur_msgs/lib/libnanosaur_msgs__rosidl_typesupport_introspection_cpp.so
[0.538s] -- Up-to-date: /home/user/nanosaur/install/nanosaur_msgs/lib/libnanosaur_msgs__rosidl_typesupport_cpp.so
[0.541s] -- Up-to-date: /home/user/nanosaur/install/nanosaur_msgs/share/nanosaur_msgs/environment/pythonpath.sh
[0.543s] -- Up-to-date: /home/user/nanosaur/install/nanosaur_msgs/share/nanosaur_msgs/environment/pythonpath.dsv
[0.547s] -- Up-to-date: /home/user/nanosaur/install/nanosaur_msgs/local/lib/python3.10/dist-packages/nanosaur_msgs-2.1.0-py3.10.egg-info
[0.548s] -- Installing: /home/user/nanosaur/install/nanosaur_msgs/local/lib/python3.10/dist-packages/nanosaur_msgs-2.1.0-py3.10.egg-info/SOURCES.txt
[0.549s] -- Installing: /home/user/nanosaur/install/nanosaur_msgs/local/lib/python3.10/dist-packages/nanosaur_msgs-2.1.0-py3.10.egg-info/top_level.txt
[0.549s] -- Installing: /home/user/nanosaur/install/nanosaur_msgs/local/lib/python3.10/dist-packages/nanosaur_msgs-2.1.0-py3.10.egg-info/PKG-INFO
[0.549s] -- Installing: /home/user/nanosaur/install/nanosaur_msgs/local/lib/python3.10/dist-packages/nanosaur_msgs-2.1.0-py3.10.egg-info/dependency_links.txt
[0.550s] -- Up-to-date: /home/user/nanosaur/install/nanosaur_msgs/local/lib/python3.10/dist-packages/nanosaur_msgs
[0.551s] -- Up-to-date: /home/user/nanosaur/install/nanosaur_msgs/local/lib/python3.10/dist-packages/nanosaur_msgs/libnanosaur_msgs__rosidl_generator_py.so
[0.554s] -- Up-to-date: /home/user/nanosaur/install/nanosaur_msgs/local/lib/python3.10/dist-packages/nanosaur_msgs/nanosaur_msgs_s__rosidl_typesupport_c.cpython-310-x86_64-linux-gnu.so
[0.556s] -- Up-to-date: /home/user/nanosaur/install/nanosaur_msgs/local/lib/python3.10/dist-packages/nanosaur_msgs/_nanosaur_msgs_s.ep.rosidl_typesupport_fastrtps_c.c
[0.559s] -- Up-to-date: /home/user/nanosaur/install/nanosaur_msgs/local/lib/python3.10/dist-packages/nanosaur_msgs/_nanosaur_msgs_s.ep.rosidl_typesupport_c.c
[0.562s] -- Up-to-date: /home/user/nanosaur/install/nanosaur_msgs/local/lib/python3.10/dist-packages/nanosaur_msgs/_nanosaur_msgs_s.ep.rosidl_typesupport_introspection_c.c
[0.565s] -- Up-to-date: /home/user/nanosaur/install/nanosaur_msgs/local/lib/python3.10/dist-packages/nanosaur_msgs/srv
[0.567s] -- Up-to-date: /home/user/nanosaur/install/nanosaur_msgs/local/lib/python3.10/dist-packages/nanosaur_msgs/srv/_eye_message_s.c
[0.570s] -- Up-to-date: /home/user/nanosaur/install/nanosaur_msgs/local/lib/python3.10/dist-packages/nanosaur_msgs/srv/_eye_message.py
[0.573s] -- Up-to-date: /home/user/nanosaur/install/nanosaur_msgs/local/lib/python3.10/dist-packages/nanosaur_msgs/srv/__init__.py
[0.575s] -- Up-to-date: /home/user/nanosaur/install/nanosaur_msgs/local/lib/python3.10/dist-packages/nanosaur_msgs/msg
[0.576s] -- Up-to-date: /home/user/nanosaur/install/nanosaur_msgs/local/lib/python3.10/dist-packages/nanosaur_msgs/msg/_eyes_s.c
[0.578s] -- Up-to-date: /home/user/nanosaur/install/nanosaur_msgs/local/lib/python3.10/dist-packages/nanosaur_msgs/msg/_eyes.py
[0.580s] -- Up-to-date: /home/user/nanosaur/install/nanosaur_msgs/local/lib/python3.10/dist-packages/nanosaur_msgs/msg/__init__.py
[0.583s] -- Up-to-date: /home/user/nanosaur/install/nanosaur_msgs/local/lib/python3.10/dist-packages/nanosaur_msgs/nanosaur_msgs_s__rosidl_typesupport_introspection_c.cpython-310-x86_64-linux-gnu.so
[0.586s] -- Up-to-date: /home/user/nanosaur/install/nanosaur_msgs/local/lib/python3.10/dist-packages/nanosaur_msgs/__init__.py
[0.586s] -- Up-to-date: /home/user/nanosaur/install/nanosaur_msgs/local/lib/python3.10/dist-packages/nanosaur_msgs/nanosaur_msgs_s__rosidl_typesupport_fastrtps_c.cpython-310-x86_64-linux-gnu.so
[0.625s] Listing '/home/user/nanosaur/install/nanosaur_msgs/local/lib/python3.10/dist-packages/nanosaur_msgs'...
[0.626s] Listing '/home/user/nanosaur/install/nanosaur_msgs/local/lib/python3.10/dist-packages/nanosaur_msgs/msg'...
[0.626s] Listing '/home/user/nanosaur/install/nanosaur_msgs/local/lib/python3.10/dist-packages/nanosaur_msgs/srv'...
[0.635s] -- Up-to-date: /home/user/nanosaur/install/nanosaur_msgs/local/lib/python3.10/dist-packages/nanosaur_msgs/nanosaur_msgs_s__rosidl_typesupport_fastrtps_c.cpython-310-x86_64-linux-gnu.so
[0.635s] -- Up-to-date: /home/user/nanosaur/install/nanosaur_msgs/local/lib/python3.10/dist-packages/nanosaur_msgs/nanosaur_msgs_s__rosidl_typesupport_introspection_c.cpython-310-x86_64-linux-gnu.so
[0.635s] -- Up-to-date: /home/user/nanosaur/install/nanosaur_msgs/local/lib/python3.10/dist-packages/nanosaur_msgs/nanosaur_msgs_s__rosidl_typesupport_c.cpython-310-x86_64-linux-gnu.so
[0.636s] -- Up-to-date: /home/user/nanosaur/install/nanosaur_msgs/lib/libnanosaur_msgs__rosidl_generator_py.so
[0.636s] -- Up-to-date: /home/user/nanosaur/install/nanosaur_msgs/share/nanosaur_msgs/msg/Eyes.idl
[0.639s] -- Up-to-date: /home/user/nanosaur/install/nanosaur_msgs/share/nanosaur_msgs/srv/EyeMessage.idl
[0.643s] -- Up-to-date: /home/user/nanosaur/install/nanosaur_msgs/share/nanosaur_msgs/msg/Eyes.msg
[0.645s] -- Up-to-date: /home/user/nanosaur/install/nanosaur_msgs/share/nanosaur_msgs/srv/EyeMessage.srv
[0.647s] -- Up-to-date: /home/user/nanosaur/install/nanosaur_msgs/share/nanosaur_msgs/srv/EyeMessage_Request.msg
[0.649s] -- Up-to-date: /home/user/nanosaur/install/nanosaur_msgs/share/nanosaur_msgs/srv/EyeMessage_Response.msg
[0.651s] -- Up-to-date: /home/user/nanosaur/install/nanosaur_msgs/share/ament_index/resource_index/package_run_dependencies/nanosaur_msgs
[0.654s] -- Up-to-date: /home/user/nanosaur/install/nanosaur_msgs/share/ament_index/resource_index/parent_prefix_path/nanosaur_msgs
[0.657s] -- Up-to-date: /home/user/nanosaur/install/nanosaur_msgs/share/nanosaur_msgs/environment/ament_prefix_path.sh
[0.659s] -- Up-to-date: /home/user/nanosaur/install/nanosaur_msgs/share/nanosaur_msgs/environment/ament_prefix_path.dsv
[0.660s] -- Up-to-date: /home/user/nanosaur/install/nanosaur_msgs/share/nanosaur_msgs/environment/path.sh
[0.662s] -- Up-to-date: /home/user/nanosaur/install/nanosaur_msgs/share/nanosaur_msgs/environment/path.dsv
[0.664s] -- Up-to-date: /home/user/nanosaur/install/nanosaur_msgs/share/nanosaur_msgs/local_setup.bash
[0.672s] -- Up-to-date: /home/user/nanosaur/install/nanosaur_msgs/share/nanosaur_msgs/local_setup.sh
[0.672s] -- Up-to-date: /home/user/nanosaur/install/nanosaur_msgs/share/nanosaur_msgs/local_setup.zsh
[0.672s] -- Up-to-date: /home/user/nanosaur/install/nanosaur_msgs/share/nanosaur_msgs/local_setup.dsv
[0.673s] -- Installing: /home/user/nanosaur/install/nanosaur_msgs/share/nanosaur_msgs/package.dsv
[0.673s] -- Up-to-date: /home/user/nanosaur/install/nanosaur_msgs/share/ament_index/resource_index/packages/nanosaur_msgs
[0.676s] -- Up-to-date: /home/user/nanosaur/install/nanosaur_msgs/share/nanosaur_msgs/cmake/export_nanosaur_msgs__rosidl_generator_cExport.cmake
[0.677s] -- Up-to-date: /home/user/nanosaur/install/nanosaur_msgs/share/nanosaur_msgs/cmake/export_nanosaur_msgs__rosidl_generator_cExport-noconfig.cmake
[0.681s] -- Up-to-date: /home/user/nanosaur/install/nanosaur_msgs/share/nanosaur_msgs/cmake/export_nanosaur_msgs__rosidl_typesupport_fastrtps_cExport.cmake
[0.681s] -- Up-to-date: /home/user/nanosaur/install/nanosaur_msgs/share/nanosaur_msgs/cmake/export_nanosaur_msgs__rosidl_typesupport_fastrtps_cExport-noconfig.cmake
[0.683s] -- Up-to-date: /home/user/nanosaur/install/nanosaur_msgs/share/nanosaur_msgs/cmake/nanosaur_msgs__rosidl_typesupport_introspection_cExport.cmake
[0.685s] -- Up-to-date: /home/user/nanosaur/install/nanosaur_msgs/share/nanosaur_msgs/cmake/nanosaur_msgs__rosidl_typesupport_introspection_cExport-noconfig.cmake
[0.690s] -- Up-to-date: /home/user/nanosaur/install/nanosaur_msgs/share/nanosaur_msgs/cmake/nanosaur_msgs__rosidl_typesupport_cExport.cmake
[0.691s] -- Up-to-date: /home/user/nanosaur/install/nanosaur_msgs/share/nanosaur_msgs/cmake/nanosaur_msgs__rosidl_typesupport_cExport-noconfig.cmake
[0.694s] -- Up-to-date: /home/user/nanosaur/install/nanosaur_msgs/share/nanosaur_msgs/cmake/export_nanosaur_msgs__rosidl_generator_cppExport.cmake
[0.697s] -- Up-to-date: /home/user/nanosaur/install/nanosaur_msgs/share/nanosaur_msgs/cmake/export_nanosaur_msgs__rosidl_typesupport_fastrtps_cppExport.cmake
[0.698s] -- Up-to-date: /home/user/nanosaur/install/nanosaur_msgs/share/nanosaur_msgs/cmake/export_nanosaur_msgs__rosidl_typesupport_fastrtps_cppExport-noconfig.cmake
[0.701s] -- Up-to-date: /home/user/nanosaur/install/nanosaur_msgs/share/nanosaur_msgs/cmake/nanosaur_msgs__rosidl_typesupport_introspection_cppExport.cmake
[0.702s] -- Up-to-date: /home/user/nanosaur/install/nanosaur_msgs/share/nanosaur_msgs/cmake/nanosaur_msgs__rosidl_typesupport_introspection_cppExport-noconfig.cmake
[0.707s] -- Up-to-date: /home/user/nanosaur/install/nanosaur_msgs/share/nanosaur_msgs/cmake/nanosaur_msgs__rosidl_typesupport_cppExport.cmake
[0.707s] -- Up-to-date: /home/user/nanosaur/install/nanosaur_msgs/share/nanosaur_msgs/cmake/nanosaur_msgs__rosidl_typesupport_cppExport-noconfig.cmake
[0.708s] -- Up-to-date: /home/user/nanosaur/install/nanosaur_msgs/share/nanosaur_msgs/cmake/export_nanosaur_msgs__rosidl_generator_pyExport.cmake
[0.708s] -- Up-to-date: /home/user/nanosaur/install/nanosaur_msgs/share/nanosaur_msgs/cmake/export_nanosaur_msgs__rosidl_generator_pyExport-noconfig.cmake
[0.711s] -- Up-to-date: /home/user/nanosaur/install/nanosaur_msgs/share/nanosaur_msgs/cmake/rosidl_cmake-extras.cmake
[0.711s] -- Up-to-date: /home/user/nanosaur/install/nanosaur_msgs/share/nanosaur_msgs/cmake/ament_cmake_export_dependencies-extras.cmake
[0.714s] -- Up-to-date: /home/user/nanosaur/install/nanosaur_msgs/share/nanosaur_msgs/cmake/ament_cmake_export_include_directories-extras.cmake
[0.714s] -- Up-to-date: /home/user/nanosaur/install/nanosaur_msgs/share/nanosaur_msgs/cmake/ament_cmake_export_libraries-extras.cmake
[0.716s] -- Up-to-date: /home/user/nanosaur/install/nanosaur_msgs/share/nanosaur_msgs/cmake/ament_cmake_export_targets-extras.cmake
[0.717s] -- Up-to-date: /home/user/nanosaur/install/nanosaur_msgs/share/nanosaur_msgs/cmake/rosidl_cmake_export_typesupport_targets-extras.cmake
[0.718s] -- Up-to-date: /home/user/nanosaur/install/nanosaur_msgs/share/nanosaur_msgs/cmake/rosidl_cmake_export_typesupport_libraries-extras.cmake
[0.720s] -- Up-to-date: /home/user/nanosaur/install/nanosaur_msgs/share/nanosaur_msgs/cmake/nanosaur_msgsConfig.cmake
[0.721s] -- Up-to-date: /home/user/nanosaur/install/nanosaur_msgs/share/nanosaur_msgs/cmake/nanosaur_msgsConfig-version.cmake
[0.723s] -- Up-to-date: /home/user/nanosaur/install/nanosaur_msgs/share/nanosaur_msgs/package.xml
[0.731s] Invoked command in '/home/user/nanosaur/build/nanosaur_msgs' returned '0': CMAKE_PREFIX_PATH=${CMAKE_PREFIX_PATH}:/home/shh/stmoon/install/nanosaur_ignition:/opt/ros/humble /usr/bin/cmake --install /home/user/nanosaur/build/nanosaur_msgs
