1684598152.1563191 [INFO] [launch]: All log files can be found below /home/user/.ros/log/2023-05-20-15-55-52-155691-shh-13505
1684598152.1564198 [INFO] [launch]: Default logging verbosity is set to INFO
1684598152.8977325 [INFO] [gzserver-1]: process started with pid [13507]
1684598152.8978915 [INFO] [robot_state_publisher-2]: process started with pid [13509]
1684598152.8979471 [INFO] [spawn_entity.py-3]: process started with pid [13511]
1684598152.8979979 [INFO] [twist_mux-4]: process started with pid [13513]
1684598152.8980460 [INFO] [xterm-5]: process started with pid [13515]
1684598152.9349244 [robot_state_publisher-2] [INFO] [1684598152.934764459] [nanosaur.robot_state_publisher]: got segment NVIDIA_jetson
1684598152.9351766 [robot_state_publisher-2] [INFO] [1684598152.934901979] [nanosaur.robot_state_publisher]: got segment base_front
1684598152.9352329 [robot_state_publisher-2] [INFO] [1684598152.934913782] [nanosaur.robot_state_publisher]: got segment base_link
1684598152.9352727 [robot_state_publisher-2] [INFO] [1684598152.934922792] [nanosaur.robot_state_publisher]: got segment base_rear
1684598152.9353266 [robot_state_publisher-2] [INFO] [1684598152.934932989] [nanosaur.robot_state_publisher]: got segment board_expansion
1684598152.9353707 [robot_state_publisher-2] [INFO] [1684598152.934942487] [nanosaur.robot_state_publisher]: got segment camera_board
1684598152.9354172 [robot_state_publisher-2] [INFO] [1684598152.934951846] [nanosaur.robot_state_publisher]: got segment camera_camera_link
1684598152.9354672 [robot_state_publisher-2] [INFO] [1684598152.934961345] [nanosaur.robot_state_publisher]: got segment camera_camera_link_frame
1684598152.9355164 [robot_state_publisher-2] [INFO] [1684598152.934969447] [nanosaur.robot_state_publisher]: got segment camera_optical_frame
1684598152.9355631 [robot_state_publisher-2] [INFO] [1684598152.934979294] [nanosaur.robot_state_publisher]: got segment cover
1684598152.9356015 [robot_state_publisher-2] [INFO] [1684598152.934988723] [nanosaur.robot_state_publisher]: got segment display_left
1684598152.9356461 [robot_state_publisher-2] [INFO] [1684598152.934998361] [nanosaur.robot_state_publisher]: got segment display_right
1684598152.9356902 [robot_state_publisher-2] [INFO] [1684598152.935008419] [nanosaur.robot_state_publisher]: got segment flap_bottom
1684598152.9357479 [robot_state_publisher-2] [INFO] [1684598152.935018336] [nanosaur.robot_state_publisher]: got segment flap_top
1684598152.9357972 [robot_state_publisher-2] [INFO] [1684598152.935028883] [nanosaur.robot_state_publisher]: got segment front_wheel_left
1684598152.9358358 [robot_state_publisher-2] [INFO] [1684598152.935037473] [nanosaur.robot_state_publisher]: got segment front_wheel_right
1684598152.9358876 [robot_state_publisher-2] [INFO] [1684598152.935045994] [nanosaur.robot_state_publisher]: got segment motor_board
1684598152.9359431 [robot_state_publisher-2] [INFO] [1684598152.935055493] [nanosaur.robot_state_publisher]: got segment motor_left
1684598152.9363017 [robot_state_publisher-2] [INFO] [1684598152.935064223] [nanosaur.robot_state_publisher]: got segment motor_right
1684598152.9364173 [robot_state_publisher-2] [INFO] [1684598152.935073163] [nanosaur.robot_state_publisher]: got segment pb_holder
1684598152.9364674 [robot_state_publisher-2] [INFO] [1684598152.935082661] [nanosaur.robot_state_publisher]: got segment power_bank
1684598152.9365151 [robot_state_publisher-2] [INFO] [1684598152.935092300] [nanosaur.robot_state_publisher]: got segment slider_left
1684598152.9365628 [robot_state_publisher-2] [INFO] [1684598152.935101379] [nanosaur.robot_state_publisher]: got segment slider_right
1684598152.9366019 [robot_state_publisher-2] [INFO] [1684598152.935111786] [nanosaur.robot_state_publisher]: got segment sprocket_left
1684598152.9366348 [robot_state_publisher-2] [INFO] [1684598152.935119887] [nanosaur.robot_state_publisher]: got segment sprocket_right
1684598152.9369180 [robot_state_publisher-2] [INFO] [1684598152.935129107] [nanosaur.robot_state_publisher]: got segment track_left
1684598152.9370151 [robot_state_publisher-2] [INFO] [1684598152.935137977] [nanosaur.robot_state_publisher]: got segment track_right
1684598152.9370942 [robot_state_publisher-2] [INFO] [1684598152.935146148] [nanosaur.robot_state_publisher]: got segment wheel_left
1684598152.9371452 [robot_state_publisher-2] [INFO] [1684598152.935155297] [nanosaur.robot_state_publisher]: got segment wheel_right
1684598154.3458686 [INFO] [spawn_entity.py-3]: process has finished cleanly [pid 13511]
