[0.030s] Invoking command in '/home/user/nanosaur/build/nanosaur_description': CMAKE_PREFIX_PATH=${CMAKE_PREFIX_PATH}:/home/shh/stmoon/install/nanosaur_ignition:/opt/ros/humble /usr/bin/cmake --build /home/user/nanosaur/build/nanosaur_description -- -j16 -l16
[0.070s] Invoked command in '/home/user/nanosaur/build/nanosaur_description' returned '0': CMAKE_PREFIX_PATH=${CMAKE_PREFIX_PATH}:/home/shh/stmoon/install/nanosaur_ignition:/opt/ros/humble /usr/bin/cmake --build /home/user/nanosaur/build/nanosaur_description -- -j16 -l16
[0.100s] Invoking command in '/home/user/nanosaur/build/nanosaur_description': CMAKE_PREFIX_PATH=${CMAKE_PREFIX_PATH}:/home/shh/stmoon/install/nanosaur_ignition:/opt/ros/humble /usr/bin/cmake --install /home/user/nanosaur/build/nanosaur_description
[0.107s] -- Install configuration: ""
[0.108s] -- Up-to-date: /home/user/nanosaur/install/nanosaur_description/share/nanosaur_description/meshes
[0.108s] -- Up-to-date: /home/user/nanosaur/install/nanosaur_description/share/nanosaur_description/meshes/base_rear.stl
[0.111s] -- Up-to-date: /home/user/nanosaur/install/nanosaur_description/share/nanosaur_description/meshes/cover-zedmini.stl
[0.117s] -- Up-to-date: /home/user/nanosaur/install/nanosaur_description/share/nanosaur_description/meshes/wheel.stl
[0.119s] -- Up-to-date: /home/user/nanosaur/install/nanosaur_description/share/nanosaur_description/meshes/cover-fe.stl
[0.122s] -- Up-to-date: /home/user/nanosaur/install/nanosaur_description/share/nanosaur_description/meshes/parts
[0.122s] -- Up-to-date: /home/user/nanosaur/install/nanosaur_description/share/nanosaur_description/meshes/parts/Pololu-Micro-Metal-Gearmotor.stl
[0.124s] -- Up-to-date: /home/user/nanosaur/install/nanosaur_description/share/nanosaur_description/meshes/parts/fisheye_camera.dae
[0.129s] -- Up-to-date: /home/user/nanosaur/install/nanosaur_description/share/nanosaur_description/meshes/parts/d435.dae
[0.132s] -- Up-to-date: /home/user/nanosaur/install/nanosaur_description/share/nanosaur_description/meshes/parts/zedm.stl
[0.135s] -- Up-to-date: /home/user/nanosaur/install/nanosaur_description/share/nanosaur_description/meshes/parts/motor_board.stl
[0.140s] -- Up-to-date: /home/user/nanosaur/install/nanosaur_description/share/nanosaur_description/meshes/parts/rasp_camera.stl
[0.146s] -- Up-to-date: /home/user/nanosaur/install/nanosaur_description/share/nanosaur_description/meshes/parts/power_bank.stl
[0.149s] -- Up-to-date: /home/user/nanosaur/install/nanosaur_description/share/nanosaur_description/meshes/parts/nanosaur-exp-board.stl
[0.153s] -- Up-to-date: /home/user/nanosaur/install/nanosaur_description/share/nanosaur_description/meshes/parts/OLED_Module.stl
[0.158s] -- Up-to-date: /home/user/nanosaur/install/nanosaur_description/share/nanosaur_description/meshes/parts/NVIDIA_jetson_nano_4gb.stl
[0.174s] -- Up-to-date: /home/user/nanosaur/install/nanosaur_description/share/nanosaur_description/meshes/LICENSE
[0.175s] -- Up-to-date: /home/user/nanosaur/install/nanosaur_description/share/nanosaur_description/meshes/flap_bottom.stl
[0.176s] -- Up-to-date: /home/user/nanosaur/install/nanosaur_description/share/nanosaur_description/meshes/pb_holder.stl
[0.177s] -- Up-to-date: /home/user/nanosaur/install/nanosaur_description/share/nanosaur_description/meshes/README.md
[0.181s] -- Up-to-date: /home/user/nanosaur/install/nanosaur_description/share/nanosaur_description/meshes/cover-rs.stl
[0.187s] -- Up-to-date: /home/user/nanosaur/install/nanosaur_description/share/nanosaur_description/meshes/sprocket.stl
[0.188s] -- Up-to-date: /home/user/nanosaur/install/nanosaur_description/share/nanosaur_description/meshes/materials
[0.188s] -- Up-to-date: /home/user/nanosaur/install/nanosaur_description/share/nanosaur_description/meshes/materials/textures
[0.189s] -- Up-to-date: /home/user/nanosaur/install/nanosaur_description/share/nanosaur_description/meshes/materials/textures/RealSense_Normal.png
[0.192s] -- Up-to-date: /home/user/nanosaur/install/nanosaur_description/share/nanosaur_description/meshes/materials/textures/RealSense_Albedo.png
[0.195s] -- Up-to-date: /home/user/nanosaur/install/nanosaur_description/share/nanosaur_description/meshes/materials/textures/RealSense_Roughness.png
[0.208s] -- Up-to-date: /home/user/nanosaur/install/nanosaur_description/share/nanosaur_description/meshes/materials/textures/RealSense_Metalness.png
[0.211s] -- Up-to-date: /home/user/nanosaur/install/nanosaur_description/share/nanosaur_description/meshes/track.stl
[0.212s] -- Up-to-date: /home/user/nanosaur/install/nanosaur_description/share/nanosaur_description/meshes/track_print.stl
[0.219s] -- Up-to-date: /home/user/nanosaur/install/nanosaur_description/share/nanosaur_description/meshes/slider.stl
[0.221s] -- Up-to-date: /home/user/nanosaur/install/nanosaur_description/share/nanosaur_description/meshes/cover.stl
[0.226s] -- Up-to-date: /home/user/nanosaur/install/nanosaur_description/share/nanosaur_description/meshes/base_front.stl
[0.228s] -- Up-to-date: /home/user/nanosaur/install/nanosaur_description/share/nanosaur_description/meshes/datasheet
[0.229s] -- Up-to-date: /home/user/nanosaur/install/nanosaur_description/share/nanosaur_description/meshes/datasheet/nanosaur-datasheet.pdf
[0.233s] -- Up-to-date: /home/user/nanosaur/install/nanosaur_description/share/nanosaur_description/meshes/datasheet/nanosaur-powerbank.pdf
[0.235s] -- Up-to-date: /home/user/nanosaur/install/nanosaur_description/share/nanosaur_description/meshes/025in
[0.236s] -- Up-to-date: /home/user/nanosaur/install/nanosaur_description/share/nanosaur_description/meshes/025in/wheel.stl
[0.243s] -- Up-to-date: /home/user/nanosaur/install/nanosaur_description/share/nanosaur_description/meshes/025in/sprocket.stl
[0.248s] -- Up-to-date: /home/user/nanosaur/install/nanosaur_description/share/nanosaur_description/meshes/025in/slider.stl
[0.254s] -- Up-to-date: /home/user/nanosaur/install/nanosaur_description/share/nanosaur_description/meshes/flap_top.stl
[0.256s] -- Up-to-date: /home/user/nanosaur/install/nanosaur_description/share/nanosaur_description/rviz
[0.257s] -- Up-to-date: /home/user/nanosaur/install/nanosaur_description/share/nanosaur_description/rviz/urdf.rviz
[0.259s] -- Up-to-date: /home/user/nanosaur/install/nanosaur_description/share/nanosaur_description/urdf
[0.260s] -- Up-to-date: /home/user/nanosaur/install/nanosaur_description/share/nanosaur_description/urdf/robot.urdf.xacro
[0.262s] -- Up-to-date: /home/user/nanosaur/install/nanosaur_description/share/nanosaur_description/urdf/head
[0.262s] -- Up-to-date: /home/user/nanosaur/install/nanosaur_description/share/nanosaur_description/urdf/head/head_zedmini.urdf.xacro
[0.269s] -- Up-to-date: /home/user/nanosaur/install/nanosaur_description/share/nanosaur_description/urdf/head/head_fisheye.urdf.xacro
[0.271s] -- Up-to-date: /home/user/nanosaur/install/nanosaur_description/share/nanosaur_description/urdf/head/zedmini.urdf.xacro
[0.276s] -- Up-to-date: /home/user/nanosaur/install/nanosaur_description/share/nanosaur_description/urdf/head/head_realsense.urdf.xacro
[0.277s] -- Up-to-date: /home/user/nanosaur/install/nanosaur_description/share/nanosaur_description/urdf/head/head_pi.urdf.xacro
[0.279s] -- Up-to-date: /home/user/nanosaur/install/nanosaur_description/share/nanosaur_description/urdf/head/d435i_imu_modules.urdf.xacro
[0.281s] -- Up-to-date: /home/user/nanosaur/install/nanosaur_description/share/nanosaur_description/urdf/head/d435.urdf.xacro
[0.283s] -- Up-to-date: /home/user/nanosaur/install/nanosaur_description/share/nanosaur_description/urdf/materials.urdf
[0.284s] -- Up-to-date: /home/user/nanosaur/install/nanosaur_description/share/nanosaur_description/urdf/materials.gazebo.xacro
[0.286s] -- Up-to-date: /home/user/nanosaur/install/nanosaur_description/share/nanosaur_description/urdf/nanosaur.urdf.xml
[0.289s] -- Up-to-date: /home/user/nanosaur/install/nanosaur_description/share/nanosaur_description/urdf/flap.urdf.xacro
[0.290s] -- Up-to-date: /home/user/nanosaur/install/nanosaur_description/share/nanosaur_description/urdf/track.urdf.xacro
[0.291s] -- Up-to-date: /home/user/nanosaur/install/nanosaur_description/share/nanosaur_description/launch
[0.295s] -- Up-to-date: /home/user/nanosaur/install/nanosaur_description/share/nanosaur_description/launch/description.launch.py
[0.296s] -- Up-to-date: /home/user/nanosaur/install/nanosaur_description/share/nanosaur_description/launch/display.launch.py
[0.299s] -- Up-to-date: /home/user/nanosaur/install/nanosaur_description/share/ament_index/resource_index/package_run_dependencies/nanosaur_description
[0.301s] -- Up-to-date: /home/user/nanosaur/install/nanosaur_description/share/ament_index/resource_index/parent_prefix_path/nanosaur_description
[0.303s] -- Up-to-date: /home/user/nanosaur/install/nanosaur_description/share/nanosaur_description/environment/ament_prefix_path.sh
[0.306s] -- Up-to-date: /home/user/nanosaur/install/nanosaur_description/share/nanosaur_description/environment/ament_prefix_path.dsv
[0.308s] -- Up-to-date: /home/user/nanosaur/install/nanosaur_description/share/nanosaur_description/environment/path.sh
[0.310s] -- Up-to-date: /home/user/nanosaur/install/nanosaur_description/share/nanosaur_description/environment/path.dsv
[0.312s] -- Up-to-date: /home/user/nanosaur/install/nanosaur_description/share/nanosaur_description/local_setup.bash
[0.314s] -- Up-to-date: /home/user/nanosaur/install/nanosaur_description/share/nanosaur_description/local_setup.sh
[0.316s] -- Up-to-date: /home/user/nanosaur/install/nanosaur_description/share/nanosaur_description/local_setup.zsh
[0.319s] -- Up-to-date: /home/user/nanosaur/install/nanosaur_description/share/nanosaur_description/local_setup.dsv
[0.322s] -- Up-to-date: /home/user/nanosaur/install/nanosaur_description/share/nanosaur_description/package.dsv
[0.324s] -- Up-to-date: /home/user/nanosaur/install/nanosaur_description/share/ament_index/resource_index/packages/nanosaur_description
[0.324s] -- Up-to-date: /home/user/nanosaur/install/nanosaur_description/share/nanosaur_description/cmake/nanosaur_descriptionConfig.cmake
[0.327s] -- Up-to-date: /home/user/nanosaur/install/nanosaur_description/share/nanosaur_description/cmake/nanosaur_descriptionConfig-version.cmake
[0.329s] -- Up-to-date: /home/user/nanosaur/install/nanosaur_description/share/nanosaur_description/package.xml
[0.337s] Invoked command in '/home/user/nanosaur/build/nanosaur_description' returned '0': CMAKE_PREFIX_PATH=${CMAKE_PREFIX_PATH}:/home/shh/stmoon/install/nanosaur_ignition:/opt/ros/humble /usr/bin/cmake --install /home/user/nanosaur/build/nanosaur_description
