[0.621s] Invoking command in '/home/user/nanosaur/src/ros2_camera_receiver': PYTHONPATH=/home/user/nanosaur/build/ros2_camera_receiver/prefix_override:/home/user/nanosaur/install/ros2_camera_receiver/lib/python3.10/site-packages:${PYTHONPATH} /usr/bin/python3 setup.py egg_info --egg-base ../../build/ros2_camera_receiver build --build-base /home/user/nanosaur/build/ros2_camera_receiver/build install --record /home/user/nanosaur/build/ros2_camera_receiver/install.log --single-version-externally-managed
[0.804s] running egg_info
[0.805s] writing ../../build/ros2_camera_receiver/ros2_camera_receiver.egg-info/PKG-INFO
[0.805s] writing dependency_links to ../../build/ros2_camera_receiver/ros2_camera_receiver.egg-info/dependency_links.txt
[0.805s] writing entry points to ../../build/ros2_camera_receiver/ros2_camera_receiver.egg-info/entry_points.txt
[0.805s] writing requirements to ../../build/ros2_camera_receiver/ros2_camera_receiver.egg-info/requires.txt
[0.805s] writing top-level names to ../../build/ros2_camera_receiver/ros2_camera_receiver.egg-info/top_level.txt
[0.806s] reading manifest file '../../build/ros2_camera_receiver/ros2_camera_receiver.egg-info/SOURCES.txt'
[0.807s] writing manifest file '../../build/ros2_camera_receiver/ros2_camera_receiver.egg-info/SOURCES.txt'
[0.807s] running build
[0.807s] running build_py
[0.808s] running install
[0.808s] running install_lib
[0.808s] /usr/lib/python3/dist-packages/setuptools/command/install.py:34: SetuptoolsDeprecationWarning: setup.py install is deprecated. Use build and pip and other standards-based tools.
[0.808s]   warnings.warn(
[0.809s] running install_data
[0.809s] running install_egg_info
[0.811s] removing '/home/user/nanosaur/install/ros2_camera_receiver/lib/python3.10/site-packages/ros2_camera_receiver-0.0.0-py3.10.egg-info' (and everything under it)
[0.812s] Copying ../../build/ros2_camera_receiver/ros2_camera_receiver.egg-info to /home/user/nanosaur/install/ros2_camera_receiver/lib/python3.10/site-packages/ros2_camera_receiver-0.0.0-py3.10.egg-info
[0.812s] running install_scripts
[0.841s] Installing camera_image_subscriber script to /home/user/nanosaur/install/ros2_camera_receiver/lib/ros2_camera_receiver
[0.841s] writing list of installed files to '/home/user/nanosaur/build/ros2_camera_receiver/install.log'
[0.877s] Invoked command in '/home/user/nanosaur/src/ros2_camera_receiver' returned '0': PYTHONPATH=/home/user/nanosaur/build/ros2_camera_receiver/prefix_override:/home/user/nanosaur/install/ros2_camera_receiver/lib/python3.10/site-packages:${PYTHONPATH} /usr/bin/python3 setup.py egg_info --egg-base ../../build/ros2_camera_receiver build --build-base /home/user/nanosaur/build/ros2_camera_receiver/build install --record /home/user/nanosaur/build/ros2_camera_receiver/install.log --single-version-externally-managed
