[0.017s] Invoking command in '/home/user/nanosaur/build/nanosaur': CMAKE_PREFIX_PATH=/home/user/nanosaur/install/nanosaur_msgs:/home/user/nanosaur/install/nanosaur_description:/home/user/nanosaur/install/nanosaur_control:/home/user/nanosaur/install/nanosaur_worlds:/home/user/nanosaur/install/nanosaur_simulations:/home/user/nanosaur/install/nanosaur:/home/user/nanosaur/install/nanosaur_gazebo:/home/shh/stmoon/install/urdf_tutorial:/home/shh/stmoon/install/nanosaur_worlds:/home/shh/stmoon/install/nanosaur_simulations:/home/shh/stmoon/install/nanosaur:/home/shh/stmoon/install/nanosaur_msgs:/home/shh/stmoon/install/nanosaur_isaac_sim:/home/shh/stmoon/install/nanosaur_gazebo:/home/shh/stmoon/install/nanosaur_description:/home/shh/stmoon/install/nanosaur_control:/home/shh/stmoon/install/nanosaur_ignition:/opt/ros/humble /usr/bin/cmake --build /home/user/nanosaur/build/nanosaur -- -j16 -l16
[0.061s] Invoked command in '/home/user/nanosaur/build/nanosaur' returned '0': CMAKE_PREFIX_PATH=/home/user/nanosaur/install/nanosaur_msgs:/home/user/nanosaur/install/nanosaur_description:/home/user/nanosaur/install/nanosaur_control:/home/user/nanosaur/install/nanosaur_worlds:/home/user/nanosaur/install/nanosaur_simulations:/home/user/nanosaur/install/nanosaur:/home/user/nanosaur/install/nanosaur_gazebo:/home/shh/stmoon/install/urdf_tutorial:/home/shh/stmoon/install/nanosaur_worlds:/home/shh/stmoon/install/nanosaur_simulations:/home/shh/stmoon/install/nanosaur:/home/shh/stmoon/install/nanosaur_msgs:/home/shh/stmoon/install/nanosaur_isaac_sim:/home/shh/stmoon/install/nanosaur_gazebo:/home/shh/stmoon/install/nanosaur_description:/home/shh/stmoon/install/nanosaur_control:/home/shh/stmoon/install/nanosaur_ignition:/opt/ros/humble /usr/bin/cmake --build /home/user/nanosaur/build/nanosaur -- -j16 -l16
[0.088s] Invoking command in '/home/user/nanosaur/build/nanosaur': CMAKE_PREFIX_PATH=/home/user/nanosaur/install/nanosaur_msgs:/home/user/nanosaur/install/nanosaur_description:/home/user/nanosaur/install/nanosaur_control:/home/user/nanosaur/install/nanosaur_worlds:/home/user/nanosaur/install/nanosaur_simulations:/home/user/nanosaur/install/nanosaur:/home/user/nanosaur/install/nanosaur_gazebo:/home/shh/stmoon/install/urdf_tutorial:/home/shh/stmoon/install/nanosaur_worlds:/home/shh/stmoon/install/nanosaur_simulations:/home/shh/stmoon/install/nanosaur:/home/shh/stmoon/install/nanosaur_msgs:/home/shh/stmoon/install/nanosaur_isaac_sim:/home/shh/stmoon/install/nanosaur_gazebo:/home/shh/stmoon/install/nanosaur_description:/home/shh/stmoon/install/nanosaur_control:/home/shh/stmoon/install/nanosaur_ignition:/opt/ros/humble /usr/bin/cmake --install /home/user/nanosaur/build/nanosaur
[0.094s] -- Install configuration: ""
[0.094s] -- Up-to-date: /home/user/nanosaur/install/nanosaur/share/ament_index/resource_index/package_run_dependencies/nanosaur
[0.095s] -- Up-to-date: /home/user/nanosaur/install/nanosaur/share/ament_index/resource_index/parent_prefix_path/nanosaur
[0.095s] -- Up-to-date: /home/user/nanosaur/install/nanosaur/share/nanosaur/environment/ament_prefix_path.sh
[0.095s] -- Up-to-date: /home/user/nanosaur/install/nanosaur/share/nanosaur/environment/ament_prefix_path.dsv
[0.095s] -- Up-to-date: /home/user/nanosaur/install/nanosaur/share/nanosaur/environment/path.sh
[0.095s] -- Up-to-date: /home/user/nanosaur/install/nanosaur/share/nanosaur/environment/path.dsv
[0.096s] -- Up-to-date: /home/user/nanosaur/install/nanosaur/share/nanosaur/local_setup.bash
[0.096s] -- Up-to-date: /home/user/nanosaur/install/nanosaur/share/nanosaur/local_setup.sh
[0.096s] -- Up-to-date: /home/user/nanosaur/install/nanosaur/share/nanosaur/local_setup.zsh
[0.096s] -- Up-to-date: /home/user/nanosaur/install/nanosaur/share/nanosaur/local_setup.dsv
[0.096s] -- Installing: /home/user/nanosaur/install/nanosaur/share/nanosaur/package.dsv
[0.096s] -- Up-to-date: /home/user/nanosaur/install/nanosaur/share/ament_index/resource_index/packages/nanosaur
[0.097s] -- Up-to-date: /home/user/nanosaur/install/nanosaur/share/nanosaur/cmake/nanosaurConfig.cmake
[0.097s] -- Up-to-date: /home/user/nanosaur/install/nanosaur/share/nanosaur/cmake/nanosaurConfig-version.cmake
[0.097s] -- Up-to-date: /home/user/nanosaur/install/nanosaur/share/nanosaur/package.xml
[0.102s] Invoked command in '/home/user/nanosaur/build/nanosaur' returned '0': CMAKE_PREFIX_PATH=/home/user/nanosaur/install/nanosaur_msgs:/home/user/nanosaur/install/nanosaur_description:/home/user/nanosaur/install/nanosaur_control:/home/user/nanosaur/install/nanosaur_worlds:/home/user/nanosaur/install/nanosaur_simulations:/home/user/nanosaur/install/nanosaur:/home/user/nanosaur/install/nanosaur_gazebo:/home/shh/stmoon/install/urdf_tutorial:/home/shh/stmoon/install/nanosaur_worlds:/home/shh/stmoon/install/nanosaur_simulations:/home/shh/stmoon/install/nanosaur:/home/shh/stmoon/install/nanosaur_msgs:/home/shh/stmoon/install/nanosaur_isaac_sim:/home/shh/stmoon/install/nanosaur_gazebo:/home/shh/stmoon/install/nanosaur_description:/home/shh/stmoon/install/nanosaur_control:/home/shh/stmoon/install/nanosaur_ignition:/opt/ros/humble /usr/bin/cmake --install /home/user/nanosaur/build/nanosaur
