[0.034s] Invoking command in '/home/user/nanosaur/build/nanosaur_control': CMAKE_PREFIX_PATH=/opt/ros/humble /usr/bin/cmake --build /home/user/nanosaur/build/nanosaur_control -- -j16 -l16
[0.137s] Invoked command in '/home/user/nanosaur/build/nanosaur_control' returned '0': CMAKE_PREFIX_PATH=/opt/ros/humble /usr/bin/cmake --build /home/user/nanosaur/build/nanosaur_control -- -j16 -l16
[0.162s] Invoking command in '/home/user/nanosaur/build/nanosaur_control': CMAKE_PREFIX_PATH=/opt/ros/humble /usr/bin/cmake --install /home/user/nanosaur/build/nanosaur_control
[0.172s] -- Install configuration: ""
[0.174s] -- Up-to-date: /home/user/nanosaur/install/nanosaur_control/share/nanosaur_control/launch
[0.175s] -- Up-to-date: /home/user/nanosaur/install/nanosaur_control/share/nanosaur_control/launch/twist_control.launch.py
[0.177s] -- Up-to-date: /home/user/nanosaur/install/nanosaur_control/share/nanosaur_control/launch/teleop.launch.py
[0.180s] -- Up-to-date: /home/user/nanosaur/install/nanosaur_control/share/nanosaur_control/config
[0.180s] -- Up-to-date: /home/user/nanosaur/install/nanosaur_control/share/nanosaur_control/config/twist_mux_locks.yaml
[0.185s] -- Up-to-date: /home/user/nanosaur/install/nanosaur_control/share/nanosaur_control/config/joystick.yaml
[0.190s] -- Up-to-date: /home/user/nanosaur/install/nanosaur_control/share/nanosaur_control/config/ps3.nanosaur.yml
[0.196s] -- Up-to-date: /home/user/nanosaur/install/nanosaur_control/share/nanosaur_control/config/twist_mux_topics.yaml
[0.203s] -- Up-to-date: /home/user/nanosaur/install/nanosaur_control/share/ament_index/resource_index/package_run_dependencies/nanosaur_control
[0.206s] -- Up-to-date: /home/user/nanosaur/install/nanosaur_control/share/ament_index/resource_index/parent_prefix_path/nanosaur_control
[0.209s] -- Up-to-date: /home/user/nanosaur/install/nanosaur_control/share/nanosaur_control/environment/ament_prefix_path.sh
[0.211s] -- Up-to-date: /home/user/nanosaur/install/nanosaur_control/share/nanosaur_control/environment/ament_prefix_path.dsv
[0.214s] -- Up-to-date: /home/user/nanosaur/install/nanosaur_control/share/nanosaur_control/environment/path.sh
[0.218s] -- Up-to-date: /home/user/nanosaur/install/nanosaur_control/share/nanosaur_control/environment/path.dsv
[0.224s] -- Up-to-date: /home/user/nanosaur/install/nanosaur_control/share/nanosaur_control/local_setup.bash
[0.226s] -- Up-to-date: /home/user/nanosaur/install/nanosaur_control/share/nanosaur_control/local_setup.sh
[0.228s] -- Up-to-date: /home/user/nanosaur/install/nanosaur_control/share/nanosaur_control/local_setup.zsh
[0.230s] -- Up-to-date: /home/user/nanosaur/install/nanosaur_control/share/nanosaur_control/local_setup.dsv
[0.233s] -- Installing: /home/user/nanosaur/install/nanosaur_control/share/nanosaur_control/package.dsv
[0.235s] -- Up-to-date: /home/user/nanosaur/install/nanosaur_control/share/ament_index/resource_index/packages/nanosaur_control
[0.236s] -- Up-to-date: /home/user/nanosaur/install/nanosaur_control/share/nanosaur_control/cmake/nanosaur_controlConfig.cmake
[0.239s] -- Up-to-date: /home/user/nanosaur/install/nanosaur_control/share/nanosaur_control/cmake/nanosaur_controlConfig-version.cmake
[0.243s] -- Up-to-date: /home/user/nanosaur/install/nanosaur_control/share/nanosaur_control/package.xml
[0.283s] Invoked command in '/home/user/nanosaur/build/nanosaur_control' returned '0': CMAKE_PREFIX_PATH=/opt/ros/humble /usr/bin/cmake --install /home/user/nanosaur/build/nanosaur_control
