[0.026s] Invoking command in '/home/user/nanosaur/build/nanosaur_msgs': CMAKE_PREFIX_PATH=${CMAKE_PREFIX_PATH}:/home/shh/stmoon/install/nanosaur_ignition:/opt/ros/humble /usr/bin/cmake --build /home/user/nanosaur/build/nanosaur_msgs -- -j16 -l16
[0.067s] [  2%] Built target nanosaur_msgs__cpp
[0.076s] [ 12%] Built target nanosaur_msgs__rosidl_generator_c
[0.078s] [ 12%] Built target ament_cmake_python_copy_nanosaur_msgs
[0.086s] [ 23%] Built target nanosaur_msgs__rosidl_typesupport_introspection_cpp
[0.088s] [ 33%] Built target nanosaur_msgs__rosidl_typesupport_fastrtps_cpp
[0.092s] [ 43%] Built target nanosaur_msgs__rosidl_typesupport_cpp
[0.114s] [ 53%] Built target nanosaur_msgs__rosidl_typesupport_c
[0.127s] [ 64%] Built target nanosaur_msgs__rosidl_typesupport_introspection_c
[0.195s] [ 74%] Built target nanosaur_msgs__rosidl_typesupport_fastrtps_c
[0.195s] [ 74%] Built target nanosaur_msgs
[0.197s] [ 76%] Built target nanosaur_msgs__py
[0.197s] [ 84%] Built target nanosaur_msgs__rosidl_generator_py
[0.197s] [ 89%] Built target nanosaur_msgs__rosidl_typesupport_fastrtps_c__pyext
[0.198s] [ 94%] Built target nanosaur_msgs__rosidl_typesupport_c__pyext
[0.199s] [100%] Built target nanosaur_msgs__rosidl_typesupport_introspection_c__pyext
[0.249s] running egg_info
[0.249s] writing nanosaur_msgs.egg-info/PKG-INFO
[0.249s] writing dependency_links to nanosaur_msgs.egg-info/dependency_links.txt
[0.250s] writing top-level names to nanosaur_msgs.egg-info/top_level.txt
[0.251s] reading manifest file 'nanosaur_msgs.egg-info/SOURCES.txt'
[0.252s] writing manifest file 'nanosaur_msgs.egg-info/SOURCES.txt'
[0.282s] [100%] Built target ament_cmake_python_build_nanosaur_msgs_egg
[0.290s] Invoked command in '/home/user/nanosaur/build/nanosaur_msgs' returned '0': CMAKE_PREFIX_PATH=${CMAKE_PREFIX_PATH}:/home/shh/stmoon/install/nanosaur_ignition:/opt/ros/humble /usr/bin/cmake --build /home/user/nanosaur/build/nanosaur_msgs -- -j16 -l16
[0.373s] Invoking command in '/home/user/nanosaur/build/nanosaur_msgs': CMAKE_PREFIX_PATH=${CMAKE_PREFIX_PATH}:/home/shh/stmoon/install/nanosaur_ignition:/opt/ros/humble /usr/bin/cmake --install /home/user/nanosaur/build/nanosaur_msgs
[0.384s] -- Install configuration: ""
[0.385s] -- Up-to-date: /home/user/nanosaur/install/nanosaur_msgs/share/ament_index/resource_index/rosidl_interfaces/nanosaur_msgs
[0.385s] -- Up-to-date: /home/user/nanosaur/install/nanosaur_msgs/include/nanosaur_msgs/nanosaur_msgs
[0.385s] -- Up-to-date: /home/user/nanosaur/install/nanosaur_msgs/include/nanosaur_msgs/nanosaur_msgs/srv
[0.385s] -- Up-to-date: /home/user/nanosaur/install/nanosaur_msgs/include/nanosaur_msgs/nanosaur_msgs/srv/eye_message.h
[0.386s] -- Up-to-date: /home/user/nanosaur/install/nanosaur_msgs/include/nanosaur_msgs/nanosaur_msgs/srv/detail
[0.386s] -- Up-to-date: /home/user/nanosaur/install/nanosaur_msgs/include/nanosaur_msgs/nanosaur_msgs/srv/detail/eye_message__functions.h
[0.386s] -- Up-to-date: /home/user/nanosaur/install/nanosaur_msgs/include/nanosaur_msgs/nanosaur_msgs/srv/detail/eye_message__struct.h
[0.386s] -- Up-to-date: /home/user/nanosaur/install/nanosaur_msgs/include/nanosaur_msgs/nanosaur_msgs/srv/detail/eye_message__functions.c
[0.386s] -- Up-to-date: /home/user/nanosaur/install/nanosaur_msgs/include/nanosaur_msgs/nanosaur_msgs/srv/detail/eye_message__type_support.h
[0.387s] -- Up-to-date: /home/user/nanosaur/install/nanosaur_msgs/include/nanosaur_msgs/nanosaur_msgs/msg
[0.387s] -- Up-to-date: /home/user/nanosaur/install/nanosaur_msgs/include/nanosaur_msgs/nanosaur_msgs/msg/rosidl_generator_c__visibility_control.h
[0.387s] -- Up-to-date: /home/user/nanosaur/install/nanosaur_msgs/include/nanosaur_msgs/nanosaur_msgs/msg/eyes.h
[0.387s] -- Up-to-date: /home/user/nanosaur/install/nanosaur_msgs/include/nanosaur_msgs/nanosaur_msgs/msg/detail
[0.387s] -- Up-to-date: /home/user/nanosaur/install/nanosaur_msgs/include/nanosaur_msgs/nanosaur_msgs/msg/detail/eyes__functions.c
[0.387s] -- Up-to-date: /home/user/nanosaur/install/nanosaur_msgs/include/nanosaur_msgs/nanosaur_msgs/msg/detail/eyes__functions.h
[0.388s] -- Up-to-date: /home/user/nanosaur/install/nanosaur_msgs/include/nanosaur_msgs/nanosaur_msgs/msg/detail/eyes__struct.h
[0.388s] -- Up-to-date: /home/user/nanosaur/install/nanosaur_msgs/include/nanosaur_msgs/nanosaur_msgs/msg/detail/eyes__type_support.h
[0.388s] -- Up-to-date: /home/user/nanosaur/install/nanosaur_msgs/share/nanosaur_msgs/environment/library_path.sh
[0.388s] -- Up-to-date: /home/user/nanosaur/install/nanosaur_msgs/share/nanosaur_msgs/environment/library_path.dsv
[0.388s] -- Up-to-date: /home/user/nanosaur/install/nanosaur_msgs/lib/libnanosaur_msgs__rosidl_generator_c.so
[0.388s] -- Up-to-date: /home/user/nanosaur/install/nanosaur_msgs/include/nanosaur_msgs/nanosaur_msgs
[0.389s] -- Up-to-date: /home/user/nanosaur/install/nanosaur_msgs/include/nanosaur_msgs/nanosaur_msgs/srv
[0.389s] -- Up-to-date: /home/user/nanosaur/install/nanosaur_msgs/include/nanosaur_msgs/nanosaur_msgs/srv/detail
[0.389s] -- Up-to-date: /home/user/nanosaur/install/nanosaur_msgs/include/nanosaur_msgs/nanosaur_msgs/srv/detail/eye_message__rosidl_typesupport_fastrtps_c.h
[0.389s] -- Up-to-date: /home/user/nanosaur/install/nanosaur_msgs/include/nanosaur_msgs/nanosaur_msgs/msg
[0.389s] -- Up-to-date: /home/user/nanosaur/install/nanosaur_msgs/include/nanosaur_msgs/nanosaur_msgs/msg/rosidl_typesupport_fastrtps_c__visibility_control.h
[0.390s] -- Up-to-date: /home/user/nanosaur/install/nanosaur_msgs/include/nanosaur_msgs/nanosaur_msgs/msg/detail
[0.390s] -- Up-to-date: /home/user/nanosaur/install/nanosaur_msgs/include/nanosaur_msgs/nanosaur_msgs/msg/detail/eyes__rosidl_typesupport_fastrtps_c.h
[0.390s] -- Up-to-date: /home/user/nanosaur/install/nanosaur_msgs/lib/libnanosaur_msgs__rosidl_typesupport_fastrtps_c.so
[0.390s] -- Up-to-date: /home/user/nanosaur/install/nanosaur_msgs/include/nanosaur_msgs/nanosaur_msgs
[0.390s] -- Up-to-date: /home/user/nanosaur/install/nanosaur_msgs/include/nanosaur_msgs/nanosaur_msgs/srv
[0.391s] -- Up-to-date: /home/user/nanosaur/install/nanosaur_msgs/include/nanosaur_msgs/nanosaur_msgs/srv/detail
[0.391s] -- Up-to-date: /home/user/nanosaur/install/nanosaur_msgs/include/nanosaur_msgs/nanosaur_msgs/srv/detail/eye_message__rosidl_typesupport_introspection_c.h
[0.391s] -- Up-to-date: /home/user/nanosaur/install/nanosaur_msgs/include/nanosaur_msgs/nanosaur_msgs/srv/detail/eye_message__type_support.c
[0.391s] -- Up-to-date: /home/user/nanosaur/install/nanosaur_msgs/include/nanosaur_msgs/nanosaur_msgs/msg
[0.391s] -- Up-to-date: /home/user/nanosaur/install/nanosaur_msgs/include/nanosaur_msgs/nanosaur_msgs/msg/rosidl_typesupport_introspection_c__visibility_control.h
[0.391s] -- Up-to-date: /home/user/nanosaur/install/nanosaur_msgs/include/nanosaur_msgs/nanosaur_msgs/msg/detail
[0.391s] -- Up-to-date: /home/user/nanosaur/install/nanosaur_msgs/include/nanosaur_msgs/nanosaur_msgs/msg/detail/eyes__rosidl_typesupport_introspection_c.h
[0.391s] -- Up-to-date: /home/user/nanosaur/install/nanosaur_msgs/include/nanosaur_msgs/nanosaur_msgs/msg/detail/eyes__type_support.c
[0.391s] -- Up-to-date: /home/user/nanosaur/install/nanosaur_msgs/lib/libnanosaur_msgs__rosidl_typesupport_introspection_c.so
[0.391s] -- Up-to-date: /home/user/nanosaur/install/nanosaur_msgs/lib/libnanosaur_msgs__rosidl_typesupport_c.so
[0.391s] -- Up-to-date: /home/user/nanosaur/install/nanosaur_msgs/include/nanosaur_msgs/nanosaur_msgs
[0.392s] -- Up-to-date: /home/user/nanosaur/install/nanosaur_msgs/include/nanosaur_msgs/nanosaur_msgs/srv
[0.392s] -- Up-to-date: /home/user/nanosaur/install/nanosaur_msgs/include/nanosaur_msgs/nanosaur_msgs/srv/eye_message.hpp
[0.392s] -- Up-to-date: /home/user/nanosaur/install/nanosaur_msgs/include/nanosaur_msgs/nanosaur_msgs/srv/detail
[0.392s] -- Up-to-date: /home/user/nanosaur/install/nanosaur_msgs/include/nanosaur_msgs/nanosaur_msgs/srv/detail/eye_message__builder.hpp
[0.392s] -- Up-to-date: /home/user/nanosaur/install/nanosaur_msgs/include/nanosaur_msgs/nanosaur_msgs/srv/detail/eye_message__traits.hpp
[0.392s] -- Up-to-date: /home/user/nanosaur/install/nanosaur_msgs/include/nanosaur_msgs/nanosaur_msgs/srv/detail/eye_message__struct.hpp
[0.392s] -- Up-to-date: /home/user/nanosaur/install/nanosaur_msgs/include/nanosaur_msgs/nanosaur_msgs/msg
[0.392s] -- Up-to-date: /home/user/nanosaur/install/nanosaur_msgs/include/nanosaur_msgs/nanosaur_msgs/msg/eyes.hpp
[0.392s] -- Up-to-date: /home/user/nanosaur/install/nanosaur_msgs/include/nanosaur_msgs/nanosaur_msgs/msg/detail
[0.392s] -- Up-to-date: /home/user/nanosaur/install/nanosaur_msgs/include/nanosaur_msgs/nanosaur_msgs/msg/detail/eyes__builder.hpp
[0.392s] -- Up-to-date: /home/user/nanosaur/install/nanosaur_msgs/include/nanosaur_msgs/nanosaur_msgs/msg/detail/eyes__traits.hpp
[0.392s] -- Up-to-date: /home/user/nanosaur/install/nanosaur_msgs/include/nanosaur_msgs/nanosaur_msgs/msg/detail/eyes__struct.hpp
[0.392s] -- Up-to-date: /home/user/nanosaur/install/nanosaur_msgs/include/nanosaur_msgs/nanosaur_msgs
[0.392s] -- Up-to-date: /home/user/nanosaur/install/nanosaur_msgs/include/nanosaur_msgs/nanosaur_msgs/srv
[0.392s] -- Up-to-date: /home/user/nanosaur/install/nanosaur_msgs/include/nanosaur_msgs/nanosaur_msgs/srv/detail
[0.392s] -- Up-to-date: /home/user/nanosaur/install/nanosaur_msgs/include/nanosaur_msgs/nanosaur_msgs/srv/detail/eye_message__rosidl_typesupport_fastrtps_cpp.hpp
[0.392s] -- Up-to-date: /home/user/nanosaur/install/nanosaur_msgs/include/nanosaur_msgs/nanosaur_msgs/srv/detail/dds_fastrtps
[0.392s] -- Up-to-date: /home/user/nanosaur/install/nanosaur_msgs/include/nanosaur_msgs/nanosaur_msgs/msg
[0.392s] -- Up-to-date: /home/user/nanosaur/install/nanosaur_msgs/include/nanosaur_msgs/nanosaur_msgs/msg/rosidl_typesupport_fastrtps_cpp__visibility_control.h
[0.392s] -- Up-to-date: /home/user/nanosaur/install/nanosaur_msgs/include/nanosaur_msgs/nanosaur_msgs/msg/detail
[0.392s] -- Up-to-date: /home/user/nanosaur/install/nanosaur_msgs/include/nanosaur_msgs/nanosaur_msgs/msg/detail/eyes__rosidl_typesupport_fastrtps_cpp.hpp
[0.392s] -- Up-to-date: /home/user/nanosaur/install/nanosaur_msgs/include/nanosaur_msgs/nanosaur_msgs/msg/detail/dds_fastrtps
[0.393s] -- Up-to-date: /home/user/nanosaur/install/nanosaur_msgs/lib/libnanosaur_msgs__rosidl_typesupport_fastrtps_cpp.so
[0.393s] -- Up-to-date: /home/user/nanosaur/install/nanosaur_msgs/include/nanosaur_msgs/nanosaur_msgs
[0.393s] -- Up-to-date: /home/user/nanosaur/install/nanosaur_msgs/include/nanosaur_msgs/nanosaur_msgs/srv
[0.393s] -- Up-to-date: /home/user/nanosaur/install/nanosaur_msgs/include/nanosaur_msgs/nanosaur_msgs/srv/detail
[0.393s] -- Up-to-date: /home/user/nanosaur/install/nanosaur_msgs/include/nanosaur_msgs/nanosaur_msgs/srv/detail/eye_message__rosidl_typesupport_introspection_cpp.hpp
[0.393s] -- Up-to-date: /home/user/nanosaur/install/nanosaur_msgs/include/nanosaur_msgs/nanosaur_msgs/srv/detail/eye_message__type_support.cpp
[0.393s] -- Up-to-date: /home/user/nanosaur/install/nanosaur_msgs/include/nanosaur_msgs/nanosaur_msgs/msg
[0.393s] -- Up-to-date: /home/user/nanosaur/install/nanosaur_msgs/include/nanosaur_msgs/nanosaur_msgs/msg/detail
[0.393s] -- Up-to-date: /home/user/nanosaur/install/nanosaur_msgs/include/nanosaur_msgs/nanosaur_msgs/msg/detail/eyes__rosidl_typesupport_introspection_cpp.hpp
[0.393s] -- Up-to-date: /home/user/nanosaur/install/nanosaur_msgs/include/nanosaur_msgs/nanosaur_msgs/msg/detail/eyes__type_support.cpp
[0.393s] -- Up-to-date: /home/user/nanosaur/install/nanosaur_msgs/lib/libnanosaur_msgs__rosidl_typesupport_introspection_cpp.so
[0.393s] -- Up-to-date: /home/user/nanosaur/install/nanosaur_msgs/lib/libnanosaur_msgs__rosidl_typesupport_cpp.so
[0.393s] -- Up-to-date: /home/user/nanosaur/install/nanosaur_msgs/share/nanosaur_msgs/environment/pythonpath.sh
[0.393s] -- Up-to-date: /home/user/nanosaur/install/nanosaur_msgs/share/nanosaur_msgs/environment/pythonpath.dsv
[0.393s] -- Up-to-date: /home/user/nanosaur/install/nanosaur_msgs/local/lib/python3.10/dist-packages/nanosaur_msgs-2.1.0-py3.10.egg-info
[0.393s] -- Installing: /home/user/nanosaur/install/nanosaur_msgs/local/lib/python3.10/dist-packages/nanosaur_msgs-2.1.0-py3.10.egg-info/SOURCES.txt
[0.393s] -- Installing: /home/user/nanosaur/install/nanosaur_msgs/local/lib/python3.10/dist-packages/nanosaur_msgs-2.1.0-py3.10.egg-info/top_level.txt
[0.393s] -- Installing: /home/user/nanosaur/install/nanosaur_msgs/local/lib/python3.10/dist-packages/nanosaur_msgs-2.1.0-py3.10.egg-info/PKG-INFO
[0.393s] -- Installing: /home/user/nanosaur/install/nanosaur_msgs/local/lib/python3.10/dist-packages/nanosaur_msgs-2.1.0-py3.10.egg-info/dependency_links.txt
[0.393s] -- Up-to-date: /home/user/nanosaur/install/nanosaur_msgs/local/lib/python3.10/dist-packages/nanosaur_msgs
[0.394s] -- Up-to-date: /home/user/nanosaur/install/nanosaur_msgs/local/lib/python3.10/dist-packages/nanosaur_msgs/libnanosaur_msgs__rosidl_generator_py.so
[0.394s] -- Up-to-date: /home/user/nanosaur/install/nanosaur_msgs/local/lib/python3.10/dist-packages/nanosaur_msgs/nanosaur_msgs_s__rosidl_typesupport_c.cpython-310-x86_64-linux-gnu.so
[0.394s] -- Up-to-date: /home/user/nanosaur/install/nanosaur_msgs/local/lib/python3.10/dist-packages/nanosaur_msgs/_nanosaur_msgs_s.ep.rosidl_typesupport_fastrtps_c.c
[0.394s] -- Up-to-date: /home/user/nanosaur/install/nanosaur_msgs/local/lib/python3.10/dist-packages/nanosaur_msgs/_nanosaur_msgs_s.ep.rosidl_typesupport_c.c
[0.394s] -- Up-to-date: /home/user/nanosaur/install/nanosaur_msgs/local/lib/python3.10/dist-packages/nanosaur_msgs/_nanosaur_msgs_s.ep.rosidl_typesupport_introspection_c.c
[0.394s] -- Up-to-date: /home/user/nanosaur/install/nanosaur_msgs/local/lib/python3.10/dist-packages/nanosaur_msgs/srv
[0.394s] -- Up-to-date: /home/user/nanosaur/install/nanosaur_msgs/local/lib/python3.10/dist-packages/nanosaur_msgs/srv/_eye_message_s.c
[0.394s] -- Up-to-date: /home/user/nanosaur/install/nanosaur_msgs/local/lib/python3.10/dist-packages/nanosaur_msgs/srv/_eye_message.py
[0.394s] -- Up-to-date: /home/user/nanosaur/install/nanosaur_msgs/local/lib/python3.10/dist-packages/nanosaur_msgs/srv/__init__.py
[0.394s] -- Up-to-date: /home/user/nanosaur/install/nanosaur_msgs/local/lib/python3.10/dist-packages/nanosaur_msgs/msg
[0.394s] -- Up-to-date: /home/user/nanosaur/install/nanosaur_msgs/local/lib/python3.10/dist-packages/nanosaur_msgs/msg/_eyes_s.c
[0.394s] -- Up-to-date: /home/user/nanosaur/install/nanosaur_msgs/local/lib/python3.10/dist-packages/nanosaur_msgs/msg/_eyes.py
[0.394s] -- Up-to-date: /home/user/nanosaur/install/nanosaur_msgs/local/lib/python3.10/dist-packages/nanosaur_msgs/msg/__init__.py
[0.394s] -- Up-to-date: /home/user/nanosaur/install/nanosaur_msgs/local/lib/python3.10/dist-packages/nanosaur_msgs/nanosaur_msgs_s__rosidl_typesupport_introspection_c.cpython-310-x86_64-linux-gnu.so
[0.394s] -- Up-to-date: /home/user/nanosaur/install/nanosaur_msgs/local/lib/python3.10/dist-packages/nanosaur_msgs/__init__.py
[0.394s] -- Up-to-date: /home/user/nanosaur/install/nanosaur_msgs/local/lib/python3.10/dist-packages/nanosaur_msgs/nanosaur_msgs_s__rosidl_typesupport_fastrtps_c.cpython-310-x86_64-linux-gnu.so
[0.426s] Listing '/home/user/nanosaur/install/nanosaur_msgs/local/lib/python3.10/dist-packages/nanosaur_msgs'...
[0.426s] Listing '/home/user/nanosaur/install/nanosaur_msgs/local/lib/python3.10/dist-packages/nanosaur_msgs/msg'...
[0.426s] Listing '/home/user/nanosaur/install/nanosaur_msgs/local/lib/python3.10/dist-packages/nanosaur_msgs/srv'...
[0.429s] -- Up-to-date: /home/user/nanosaur/install/nanosaur_msgs/local/lib/python3.10/dist-packages/nanosaur_msgs/nanosaur_msgs_s__rosidl_typesupport_fastrtps_c.cpython-310-x86_64-linux-gnu.so
[0.430s] -- Up-to-date: /home/user/nanosaur/install/nanosaur_msgs/local/lib/python3.10/dist-packages/nanosaur_msgs/nanosaur_msgs_s__rosidl_typesupport_introspection_c.cpython-310-x86_64-linux-gnu.so
[0.431s] -- Up-to-date: /home/user/nanosaur/install/nanosaur_msgs/local/lib/python3.10/dist-packages/nanosaur_msgs/nanosaur_msgs_s__rosidl_typesupport_c.cpython-310-x86_64-linux-gnu.so
[0.431s] -- Up-to-date: /home/user/nanosaur/install/nanosaur_msgs/lib/libnanosaur_msgs__rosidl_generator_py.so
[0.431s] -- Up-to-date: /home/user/nanosaur/install/nanosaur_msgs/share/nanosaur_msgs/msg/Eyes.idl
[0.432s] -- Up-to-date: /home/user/nanosaur/install/nanosaur_msgs/share/nanosaur_msgs/srv/EyeMessage.idl
[0.432s] -- Up-to-date: /home/user/nanosaur/install/nanosaur_msgs/share/nanosaur_msgs/msg/Eyes.msg
[0.432s] -- Up-to-date: /home/user/nanosaur/install/nanosaur_msgs/share/nanosaur_msgs/srv/EyeMessage.srv
[0.432s] -- Up-to-date: /home/user/nanosaur/install/nanosaur_msgs/share/nanosaur_msgs/srv/EyeMessage_Request.msg
[0.432s] -- Up-to-date: /home/user/nanosaur/install/nanosaur_msgs/share/nanosaur_msgs/srv/EyeMessage_Response.msg
[0.433s] -- Up-to-date: /home/user/nanosaur/install/nanosaur_msgs/share/ament_index/resource_index/package_run_dependencies/nanosaur_msgs
[0.433s] -- Up-to-date: /home/user/nanosaur/install/nanosaur_msgs/share/ament_index/resource_index/parent_prefix_path/nanosaur_msgs
[0.433s] -- Up-to-date: /home/user/nanosaur/install/nanosaur_msgs/share/nanosaur_msgs/environment/ament_prefix_path.sh
[0.433s] -- Up-to-date: /home/user/nanosaur/install/nanosaur_msgs/share/nanosaur_msgs/environment/ament_prefix_path.dsv
[0.433s] -- Up-to-date: /home/user/nanosaur/install/nanosaur_msgs/share/nanosaur_msgs/environment/path.sh
[0.433s] -- Up-to-date: /home/user/nanosaur/install/nanosaur_msgs/share/nanosaur_msgs/environment/path.dsv
[0.434s] -- Up-to-date: /home/user/nanosaur/install/nanosaur_msgs/share/nanosaur_msgs/local_setup.bash
[0.434s] -- Up-to-date: /home/user/nanosaur/install/nanosaur_msgs/share/nanosaur_msgs/local_setup.sh
[0.434s] -- Up-to-date: /home/user/nanosaur/install/nanosaur_msgs/share/nanosaur_msgs/local_setup.zsh
[0.434s] -- Up-to-date: /home/user/nanosaur/install/nanosaur_msgs/share/nanosaur_msgs/local_setup.dsv
[0.434s] -- Installing: /home/user/nanosaur/install/nanosaur_msgs/share/nanosaur_msgs/package.dsv
[0.434s] -- Up-to-date: /home/user/nanosaur/install/nanosaur_msgs/share/ament_index/resource_index/packages/nanosaur_msgs
[0.434s] -- Up-to-date: /home/user/nanosaur/install/nanosaur_msgs/share/nanosaur_msgs/cmake/export_nanosaur_msgs__rosidl_generator_cExport.cmake
[0.435s] -- Up-to-date: /home/user/nanosaur/install/nanosaur_msgs/share/nanosaur_msgs/cmake/export_nanosaur_msgs__rosidl_generator_cExport-noconfig.cmake
[0.435s] -- Up-to-date: /home/user/nanosaur/install/nanosaur_msgs/share/nanosaur_msgs/cmake/export_nanosaur_msgs__rosidl_typesupport_fastrtps_cExport.cmake
[0.435s] -- Up-to-date: /home/user/nanosaur/install/nanosaur_msgs/share/nanosaur_msgs/cmake/export_nanosaur_msgs__rosidl_typesupport_fastrtps_cExport-noconfig.cmake
[0.435s] -- Up-to-date: /home/user/nanosaur/install/nanosaur_msgs/share/nanosaur_msgs/cmake/nanosaur_msgs__rosidl_typesupport_introspection_cExport.cmake
[0.435s] -- Up-to-date: /home/user/nanosaur/install/nanosaur_msgs/share/nanosaur_msgs/cmake/nanosaur_msgs__rosidl_typesupport_introspection_cExport-noconfig.cmake
[0.435s] -- Up-to-date: /home/user/nanosaur/install/nanosaur_msgs/share/nanosaur_msgs/cmake/nanosaur_msgs__rosidl_typesupport_cExport.cmake
[0.436s] -- Up-to-date: /home/user/nanosaur/install/nanosaur_msgs/share/nanosaur_msgs/cmake/nanosaur_msgs__rosidl_typesupport_cExport-noconfig.cmake
[0.436s] -- Up-to-date: /home/user/nanosaur/install/nanosaur_msgs/share/nanosaur_msgs/cmake/export_nanosaur_msgs__rosidl_generator_cppExport.cmake
[0.436s] -- Up-to-date: /home/user/nanosaur/install/nanosaur_msgs/share/nanosaur_msgs/cmake/export_nanosaur_msgs__rosidl_typesupport_fastrtps_cppExport.cmake
[0.436s] -- Up-to-date: /home/user/nanosaur/install/nanosaur_msgs/share/nanosaur_msgs/cmake/export_nanosaur_msgs__rosidl_typesupport_fastrtps_cppExport-noconfig.cmake
[0.436s] -- Up-to-date: /home/user/nanosaur/install/nanosaur_msgs/share/nanosaur_msgs/cmake/nanosaur_msgs__rosidl_typesupport_introspection_cppExport.cmake
[0.436s] -- Up-to-date: /home/user/nanosaur/install/nanosaur_msgs/share/nanosaur_msgs/cmake/nanosaur_msgs__rosidl_typesupport_introspection_cppExport-noconfig.cmake
[0.436s] -- Up-to-date: /home/user/nanosaur/install/nanosaur_msgs/share/nanosaur_msgs/cmake/nanosaur_msgs__rosidl_typesupport_cppExport.cmake
[0.436s] -- Up-to-date: /home/user/nanosaur/install/nanosaur_msgs/share/nanosaur_msgs/cmake/nanosaur_msgs__rosidl_typesupport_cppExport-noconfig.cmake
[0.437s] -- Up-to-date: /home/user/nanosaur/install/nanosaur_msgs/share/nanosaur_msgs/cmake/export_nanosaur_msgs__rosidl_generator_pyExport.cmake
[0.437s] -- Up-to-date: /home/user/nanosaur/install/nanosaur_msgs/share/nanosaur_msgs/cmake/export_nanosaur_msgs__rosidl_generator_pyExport-noconfig.cmake
[0.437s] -- Up-to-date: /home/user/nanosaur/install/nanosaur_msgs/share/nanosaur_msgs/cmake/rosidl_cmake-extras.cmake
[0.437s] -- Up-to-date: /home/user/nanosaur/install/nanosaur_msgs/share/nanosaur_msgs/cmake/ament_cmake_export_dependencies-extras.cmake
[0.437s] -- Up-to-date: /home/user/nanosaur/install/nanosaur_msgs/share/nanosaur_msgs/cmake/ament_cmake_export_include_directories-extras.cmake
[0.437s] -- Up-to-date: /home/user/nanosaur/install/nanosaur_msgs/share/nanosaur_msgs/cmake/ament_cmake_export_libraries-extras.cmake
[0.437s] -- Up-to-date: /home/user/nanosaur/install/nanosaur_msgs/share/nanosaur_msgs/cmake/ament_cmake_export_targets-extras.cmake
[0.437s] -- Up-to-date: /home/user/nanosaur/install/nanosaur_msgs/share/nanosaur_msgs/cmake/rosidl_cmake_export_typesupport_targets-extras.cmake
[0.438s] -- Up-to-date: /home/user/nanosaur/install/nanosaur_msgs/share/nanosaur_msgs/cmake/rosidl_cmake_export_typesupport_libraries-extras.cmake
[0.438s] -- Up-to-date: /home/user/nanosaur/install/nanosaur_msgs/share/nanosaur_msgs/cmake/nanosaur_msgsConfig.cmake
[0.438s] -- Up-to-date: /home/user/nanosaur/install/nanosaur_msgs/share/nanosaur_msgs/cmake/nanosaur_msgsConfig-version.cmake
[0.438s] -- Up-to-date: /home/user/nanosaur/install/nanosaur_msgs/share/nanosaur_msgs/package.xml
[0.444s] Invoked command in '/home/user/nanosaur/build/nanosaur_msgs' returned '0': CMAKE_PREFIX_PATH=${CMAKE_PREFIX_PATH}:/home/shh/stmoon/install/nanosaur_ignition:/opt/ros/humble /usr/bin/cmake --install /home/user/nanosaur/build/nanosaur_msgs
