1683363464.0230031 [INFO] [launch]: All log files can be found below /home/user/.ros/log/2023-05-06-08-57-44-022536-stmoon-XPS-9320-1830
1683363464.0231082 [INFO] [launch]: Default logging verbosity is set to INFO
1683363464.6071320 [INFO] [gzserver-1]: process started with pid [1832]
1683363464.6072991 [INFO] [gzclient-2]: process started with pid [1834]
1683363464.6073840 [INFO] [robot_state_publisher-3]: process started with pid [1836]
1683363464.6074524 [INFO] [spawn_entity.py-4]: process started with pid [1838]
1683363464.6075099 [INFO] [twist_mux-5]: process started with pid [1840]
1683363464.6075625 [INFO] [rviz2-6]: process started with pid [1842]
1683363464.6252277 [robot_state_publisher-3] [INFO] [1683363464.624925089] [nanosaur.robot_state_publisher]: got segment NVIDIA_jetson
1683363464.6255748 [robot_state_publisher-3] [INFO] [1683363464.625084037] [nanosaur.robot_state_publisher]: got segment base_front
1683363464.6256943 [robot_state_publisher-3] [INFO] [1683363464.625105532] [nanosaur.robot_state_publisher]: got segment base_link
1683363464.6257913 [robot_state_publisher-3] [INFO] [1683363464.625117799] [nanosaur.robot_state_publisher]: got segment base_rear
1683363464.6258750 [robot_state_publisher-3] [INFO] [1683363464.625128868] [nanosaur.robot_state_publisher]: got segment board_expansion
1683363464.6259494 [robot_state_publisher-3] [INFO] [1683363464.625139883] [nanosaur.robot_state_publisher]: got segment camera_board
1683363464.6260209 [robot_state_publisher-3] [INFO] [1683363464.625150503] [nanosaur.robot_state_publisher]: got segment camera_camera_link
1683363464.6260943 [robot_state_publisher-3] [INFO] [1683363464.625161405] [nanosaur.robot_state_publisher]: got segment camera_camera_link_frame
1683363464.6261647 [robot_state_publisher-3] [INFO] [1683363464.625172756] [nanosaur.robot_state_publisher]: got segment camera_optical_frame
1683363464.6262398 [robot_state_publisher-3] [INFO] [1683363464.625183378] [nanosaur.robot_state_publisher]: got segment cover
1683363464.6263120 [robot_state_publisher-3] [INFO] [1683363464.625193731] [nanosaur.robot_state_publisher]: got segment display_left
1683363464.6263821 [robot_state_publisher-3] [INFO] [1683363464.625204085] [nanosaur.robot_state_publisher]: got segment display_right
1683363464.6264446 [robot_state_publisher-3] [INFO] [1683363464.625214341] [nanosaur.robot_state_publisher]: got segment flap_bottom
1683363464.6265051 [robot_state_publisher-3] [INFO] [1683363464.625224369] [nanosaur.robot_state_publisher]: got segment flap_top
1683363464.6265650 [robot_state_publisher-3] [INFO] [1683363464.625234144] [nanosaur.robot_state_publisher]: got segment front_wheel_left
1683363464.6266248 [robot_state_publisher-3] [INFO] [1683363464.625244016] [nanosaur.robot_state_publisher]: got segment front_wheel_right
1683363464.6266868 [robot_state_publisher-3] [INFO] [1683363464.625254258] [nanosaur.robot_state_publisher]: got segment motor_board
1683363464.6267531 [robot_state_publisher-3] [INFO] [1683363464.625264508] [nanosaur.robot_state_publisher]: got segment motor_left
1683363464.6268184 [robot_state_publisher-3] [INFO] [1683363464.625275112] [nanosaur.robot_state_publisher]: got segment motor_right
1683363464.6268864 [robot_state_publisher-3] [INFO] [1683363464.625285563] [nanosaur.robot_state_publisher]: got segment pb_holder
1683363464.6269531 [robot_state_publisher-3] [INFO] [1683363464.625295539] [nanosaur.robot_state_publisher]: got segment power_bank
1683363464.6270247 [robot_state_publisher-3] [INFO] [1683363464.625305772] [nanosaur.robot_state_publisher]: got segment slider_left
1683363464.6270919 [robot_state_publisher-3] [INFO] [1683363464.625316090] [nanosaur.robot_state_publisher]: got segment slider_right
1683363464.6271546 [robot_state_publisher-3] [INFO] [1683363464.625326079] [nanosaur.robot_state_publisher]: got segment sprocket_left
1683363464.6272194 [robot_state_publisher-3] [INFO] [1683363464.625336549] [nanosaur.robot_state_publisher]: got segment sprocket_right
1683363464.6272848 [robot_state_publisher-3] [INFO] [1683363464.625347743] [nanosaur.robot_state_publisher]: got segment track_left
1683363464.6273654 [robot_state_publisher-3] [INFO] [1683363464.625358853] [nanosaur.robot_state_publisher]: got segment track_right
1683363464.6274364 [robot_state_publisher-3] [INFO] [1683363464.625369855] [nanosaur.robot_state_publisher]: got segment wheel_left
1683363464.6274941 [robot_state_publisher-3] [INFO] [1683363464.625381660] [nanosaur.robot_state_publisher]: got segment wheel_right
1683363465.8671184 [INFO] [spawn_entity.py-4]: process has finished cleanly [pid 1838]
1683363480.6170919 [WARNING] [launch]: user interrupted with ctrl-c (SIGINT)
1683363480.6219289 [robot_state_publisher-3] [INFO] [1683363480.616827843] [rclcpp]: signal_handler(signum=2)
1683363480.6951365 [ERROR] [robot_state_publisher-3]: process has died [pid 1836, exit code -11, cmd '/opt/ros/humble/lib/robot_state_publisher/robot_state_publisher --ros-args -r __ns:=/nanosaur --params-file /tmp/launch_params_dw1iq71b'].
1683363480.7265813 [INFO] [twist_mux-5]: process has finished cleanly [pid 1840]
1683363480.7676075 [INFO] [rviz2-6]: process has finished cleanly [pid 1842]
1683363480.8146241 [INFO] [gzserver-1]: process has finished cleanly [pid 1832]
1683363480.8231122 [INFO] [gzclient-2]: process has finished cleanly [pid 1834]
