[0.249s] DEBUG:colcon:Command line arguments: ['/usr/bin/colcon', 'build']
[0.249s] DEBUG:colcon:Parsed command line arguments: Namespace(log_base=None, log_level=None, verb_name='build', build_base='build', install_base='install', merge_install=False, symlink_install=False, test_result_base=None, continue_on_error=False, executor='parallel', parallel_workers=16, event_handlers=None, ignore_user_meta=False, metas=['./colcon.meta'], base_paths=['.'], packages_ignore=None, packages_ignore_regex=None, paths=None, packages_up_to=None, packages_up_to_regex=None, packages_above=None, packages_above_and_dependencies=None, packages_above_depth=None, packages_select_by_dep=None, packages_skip_by_dep=None, packages_skip_up_to=None, packages_select_build_failed=False, packages_skip_build_finished=False, packages_select_test_failures=False, packages_skip_test_passed=False, packages_select=None, packages_skip=None, packages_select_regex=None, packages_skip_regex=None, packages_start=None, packages_end=None, cmake_args=None, cmake_target=None, cmake_target_skip_unavailable=False, cmake_clean_cache=False, cmake_clean_first=False, cmake_force_configure=False, ament_cmake_args=None, catkin_cmake_args=None, catkin_skip_building_tests=False, mixin_files=None, mixin=None, verb_parser=<colcon_mixin.mixin.mixin_argument.MixinArgumentDecorator object at 0x7f5f24521630>, verb_extension=<colcon_core.verb.build.BuildVerb object at 0x7f5f24cf5000>, main=<bound method BuildVerb.main of <colcon_core.verb.build.BuildVerb object at 0x7f5f24cf5000>>, mixin_verb=('build',))
[0.281s] Level 1:colcon.colcon_core.package_discovery:discover_packages(colcon_meta) check parameters
[0.282s] Level 1:colcon.colcon_core.package_discovery:discover_packages(recursive) check parameters
[0.282s] Level 1:colcon.colcon_core.package_discovery:discover_packages(ignore) check parameters
[0.282s] Level 1:colcon.colcon_core.package_discovery:discover_packages(path) check parameters
[0.282s] Level 1:colcon.colcon_core.package_discovery:discover_packages(colcon_meta) discover
[0.282s] Level 1:colcon.colcon_core.package_discovery:discover_packages(recursive) discover
[0.282s] INFO:colcon.colcon_core.package_discovery:Crawling recursively for packages in '/home/user/nanosaur'
[0.282s] Level 1:colcon.colcon_core.package_identification:_identify(.) by extensions ['ignore', 'ignore_ament_install']
[0.282s] Level 1:colcon.colcon_core.package_identification:_identify(.) by extension 'ignore'
[0.282s] Level 1:colcon.colcon_core.package_identification:_identify(.) by extension 'ignore_ament_install'
[0.282s] Level 1:colcon.colcon_core.package_identification:_identify(.) by extensions ['colcon_pkg']
[0.282s] Level 1:colcon.colcon_core.package_identification:_identify(.) by extension 'colcon_pkg'
[0.282s] Level 1:colcon.colcon_core.package_identification:_identify(.) by extensions ['colcon_meta']
[0.282s] Level 1:colcon.colcon_core.package_identification:_identify(.) by extension 'colcon_meta'
[0.282s] Level 1:colcon.colcon_core.package_identification:_identify(.) by extensions ['ros']
[0.282s] Level 1:colcon.colcon_core.package_identification:_identify(.) by extension 'ros'
[0.292s] Level 1:colcon.colcon_core.package_identification:_identify(.) by extensions ['cmake', 'python']
[0.292s] Level 1:colcon.colcon_core.package_identification:_identify(.) by extension 'cmake'
[0.292s] Level 1:colcon.colcon_core.package_identification:_identify(.) by extension 'python'
[0.292s] Level 1:colcon.colcon_core.package_identification:_identify(.) by extensions ['python_setup_py']
[0.292s] Level 1:colcon.colcon_core.package_identification:_identify(.) by extension 'python_setup_py'
[0.292s] Level 1:colcon.colcon_core.package_identification:_identify(build) by extensions ['ignore', 'ignore_ament_install']
[0.292s] Level 1:colcon.colcon_core.package_identification:_identify(build) by extension 'ignore'
[0.292s] Level 1:colcon.colcon_core.package_identification:_identify(build) ignored
[0.292s] Level 1:colcon.colcon_core.package_identification:_identify(install) by extensions ['ignore', 'ignore_ament_install']
[0.292s] Level 1:colcon.colcon_core.package_identification:_identify(install) by extension 'ignore'
[0.292s] Level 1:colcon.colcon_core.package_identification:_identify(install) ignored
[0.293s] Level 1:colcon.colcon_core.package_identification:_identify(log) by extensions ['ignore', 'ignore_ament_install']
[0.293s] Level 1:colcon.colcon_core.package_identification:_identify(log) by extension 'ignore'
[0.293s] Level 1:colcon.colcon_core.package_identification:_identify(log) ignored
[0.293s] Level 1:colcon.colcon_core.package_identification:_identify(src) by extensions ['ignore', 'ignore_ament_install']
[0.293s] Level 1:colcon.colcon_core.package_identification:_identify(src) by extension 'ignore'
[0.293s] Level 1:colcon.colcon_core.package_identification:_identify(src) by extension 'ignore_ament_install'
[0.293s] Level 1:colcon.colcon_core.package_identification:_identify(src) by extensions ['colcon_pkg']
[0.293s] Level 1:colcon.colcon_core.package_identification:_identify(src) by extension 'colcon_pkg'
[0.293s] Level 1:colcon.colcon_core.package_identification:_identify(src) by extensions ['colcon_meta']
[0.293s] Level 1:colcon.colcon_core.package_identification:_identify(src) by extension 'colcon_meta'
[0.293s] Level 1:colcon.colcon_core.package_identification:_identify(src) by extensions ['ros']
[0.293s] Level 1:colcon.colcon_core.package_identification:_identify(src) by extension 'ros'
[0.293s] Level 1:colcon.colcon_core.package_identification:_identify(src) by extensions ['cmake', 'python']
[0.293s] Level 1:colcon.colcon_core.package_identification:_identify(src) by extension 'cmake'
[0.293s] Level 1:colcon.colcon_core.package_identification:_identify(src) by extension 'python'
[0.293s] Level 1:colcon.colcon_core.package_identification:_identify(src) by extensions ['python_setup_py']
[0.293s] Level 1:colcon.colcon_core.package_identification:_identify(src) by extension 'python_setup_py'
[0.293s] Level 1:colcon.colcon_core.package_identification:_identify(src/nanosaur) by extensions ['ignore', 'ignore_ament_install']
[0.293s] Level 1:colcon.colcon_core.package_identification:_identify(src/nanosaur) by extension 'ignore'
[0.293s] Level 1:colcon.colcon_core.package_identification:_identify(src/nanosaur) by extension 'ignore_ament_install'
[0.293s] Level 1:colcon.colcon_core.package_identification:_identify(src/nanosaur) by extensions ['colcon_pkg']
[0.293s] Level 1:colcon.colcon_core.package_identification:_identify(src/nanosaur) by extension 'colcon_pkg'
[0.293s] Level 1:colcon.colcon_core.package_identification:_identify(src/nanosaur) by extensions ['colcon_meta']
[0.293s] Level 1:colcon.colcon_core.package_identification:_identify(src/nanosaur) by extension 'colcon_meta'
[0.293s] Level 1:colcon.colcon_core.package_identification:_identify(src/nanosaur) by extensions ['ros']
[0.293s] Level 1:colcon.colcon_core.package_identification:_identify(src/nanosaur) by extension 'ros'
[0.294s] Level 1:colcon.colcon_core.package_identification:_identify(src/nanosaur) by extensions ['cmake', 'python']
[0.294s] Level 1:colcon.colcon_core.package_identification:_identify(src/nanosaur) by extension 'cmake'
[0.294s] Level 1:colcon.colcon_core.package_identification:_identify(src/nanosaur) by extension 'python'
[0.294s] Level 1:colcon.colcon_core.package_identification:_identify(src/nanosaur) by extensions ['python_setup_py']
[0.294s] Level 1:colcon.colcon_core.package_identification:_identify(src/nanosaur) by extension 'python_setup_py'
[0.294s] Level 1:colcon.colcon_core.package_identification:_identify(src/nanosaur/nanosaur) by extensions ['ignore', 'ignore_ament_install']
[0.294s] Level 1:colcon.colcon_core.package_identification:_identify(src/nanosaur/nanosaur) by extension 'ignore'
[0.294s] Level 1:colcon.colcon_core.package_identification:_identify(src/nanosaur/nanosaur) by extension 'ignore_ament_install'
[0.294s] Level 1:colcon.colcon_core.package_identification:_identify(src/nanosaur/nanosaur) by extensions ['colcon_pkg']
[0.294s] Level 1:colcon.colcon_core.package_identification:_identify(src/nanosaur/nanosaur) by extension 'colcon_pkg'
[0.294s] Level 1:colcon.colcon_core.package_identification:_identify(src/nanosaur/nanosaur) by extensions ['colcon_meta']
[0.294s] Level 1:colcon.colcon_core.package_identification:_identify(src/nanosaur/nanosaur) by extension 'colcon_meta'
[0.294s] Level 1:colcon.colcon_core.package_identification:_identify(src/nanosaur/nanosaur) by extensions ['ros']
[0.294s] Level 1:colcon.colcon_core.package_identification:_identify(src/nanosaur/nanosaur) by extension 'ros'
[0.297s] DEBUG:colcon.colcon_core.package_identification:Package 'src/nanosaur/nanosaur' with type 'ros.ament_cmake' and name 'nanosaur'
[0.297s] Level 1:colcon.colcon_core.package_identification:_identify(src/nanosaur/nanosaur_control) by extensions ['ignore', 'ignore_ament_install']
[0.297s] Level 1:colcon.colcon_core.package_identification:_identify(src/nanosaur/nanosaur_control) by extension 'ignore'
[0.297s] Level 1:colcon.colcon_core.package_identification:_identify(src/nanosaur/nanosaur_control) by extension 'ignore_ament_install'
[0.297s] Level 1:colcon.colcon_core.package_identification:_identify(src/nanosaur/nanosaur_control) by extensions ['colcon_pkg']
[0.297s] Level 1:colcon.colcon_core.package_identification:_identify(src/nanosaur/nanosaur_control) by extension 'colcon_pkg'
[0.297s] Level 1:colcon.colcon_core.package_identification:_identify(src/nanosaur/nanosaur_control) by extensions ['colcon_meta']
[0.297s] Level 1:colcon.colcon_core.package_identification:_identify(src/nanosaur/nanosaur_control) by extension 'colcon_meta'
[0.297s] Level 1:colcon.colcon_core.package_identification:_identify(src/nanosaur/nanosaur_control) by extensions ['ros']
[0.297s] Level 1:colcon.colcon_core.package_identification:_identify(src/nanosaur/nanosaur_control) by extension 'ros'
[0.297s] DEBUG:colcon.colcon_core.package_identification:Package 'src/nanosaur/nanosaur_control' with type 'ros.ament_cmake' and name 'nanosaur_control'
[0.298s] Level 1:colcon.colcon_core.package_identification:_identify(src/nanosaur/nanosaur_description) by extensions ['ignore', 'ignore_ament_install']
[0.298s] Level 1:colcon.colcon_core.package_identification:_identify(src/nanosaur/nanosaur_description) by extension 'ignore'
[0.298s] Level 1:colcon.colcon_core.package_identification:_identify(src/nanosaur/nanosaur_description) by extension 'ignore_ament_install'
[0.298s] Level 1:colcon.colcon_core.package_identification:_identify(src/nanosaur/nanosaur_description) by extensions ['colcon_pkg']
[0.298s] Level 1:colcon.colcon_core.package_identification:_identify(src/nanosaur/nanosaur_description) by extension 'colcon_pkg'
[0.298s] Level 1:colcon.colcon_core.package_identification:_identify(src/nanosaur/nanosaur_description) by extensions ['colcon_meta']
[0.298s] Level 1:colcon.colcon_core.package_identification:_identify(src/nanosaur/nanosaur_description) by extension 'colcon_meta'
[0.298s] Level 1:colcon.colcon_core.package_identification:_identify(src/nanosaur/nanosaur_description) by extensions ['ros']
[0.298s] Level 1:colcon.colcon_core.package_identification:_identify(src/nanosaur/nanosaur_description) by extension 'ros'
[0.298s] DEBUG:colcon.colcon_core.package_identification:Package 'src/nanosaur/nanosaur_description' with type 'ros.ament_cmake' and name 'nanosaur_description'
[0.298s] Level 1:colcon.colcon_core.package_identification:_identify(src/nanosaur/nanosaur_msgs) by extensions ['ignore', 'ignore_ament_install']
[0.298s] Level 1:colcon.colcon_core.package_identification:_identify(src/nanosaur/nanosaur_msgs) by extension 'ignore'
[0.298s] Level 1:colcon.colcon_core.package_identification:_identify(src/nanosaur/nanosaur_msgs) by extension 'ignore_ament_install'
[0.299s] Level 1:colcon.colcon_core.package_identification:_identify(src/nanosaur/nanosaur_msgs) by extensions ['colcon_pkg']
[0.299s] Level 1:colcon.colcon_core.package_identification:_identify(src/nanosaur/nanosaur_msgs) by extension 'colcon_pkg'
[0.299s] Level 1:colcon.colcon_core.package_identification:_identify(src/nanosaur/nanosaur_msgs) by extensions ['colcon_meta']
[0.299s] Level 1:colcon.colcon_core.package_identification:_identify(src/nanosaur/nanosaur_msgs) by extension 'colcon_meta'
[0.299s] Level 1:colcon.colcon_core.package_identification:_identify(src/nanosaur/nanosaur_msgs) by extensions ['ros']
[0.299s] Level 1:colcon.colcon_core.package_identification:_identify(src/nanosaur/nanosaur_msgs) by extension 'ros'
[0.299s] DEBUG:colcon.colcon_core.package_identification:Package 'src/nanosaur/nanosaur_msgs' with type 'ros.ament_cmake' and name 'nanosaur_msgs'
[0.299s] Level 1:colcon.colcon_core.package_identification:_identify(src/nanosaur_simulations) by extensions ['ignore', 'ignore_ament_install']
[0.299s] Level 1:colcon.colcon_core.package_identification:_identify(src/nanosaur_simulations) by extension 'ignore'
[0.299s] Level 1:colcon.colcon_core.package_identification:_identify(src/nanosaur_simulations) by extension 'ignore_ament_install'
[0.299s] Level 1:colcon.colcon_core.package_identification:_identify(src/nanosaur_simulations) by extensions ['colcon_pkg']
[0.299s] Level 1:colcon.colcon_core.package_identification:_identify(src/nanosaur_simulations) by extension 'colcon_pkg'
[0.299s] Level 1:colcon.colcon_core.package_identification:_identify(src/nanosaur_simulations) by extensions ['colcon_meta']
[0.299s] Level 1:colcon.colcon_core.package_identification:_identify(src/nanosaur_simulations) by extension 'colcon_meta'
[0.299s] Level 1:colcon.colcon_core.package_identification:_identify(src/nanosaur_simulations) by extensions ['ros']
[0.299s] Level 1:colcon.colcon_core.package_identification:_identify(src/nanosaur_simulations) by extension 'ros'
[0.299s] Level 1:colcon.colcon_core.package_identification:_identify(src/nanosaur_simulations) by extensions ['cmake', 'python']
[0.300s] Level 1:colcon.colcon_core.package_identification:_identify(src/nanosaur_simulations) by extension 'cmake'
[0.300s] Level 1:colcon.colcon_core.package_identification:_identify(src/nanosaur_simulations) by extension 'python'
[0.300s] Level 1:colcon.colcon_core.package_identification:_identify(src/nanosaur_simulations) by extensions ['python_setup_py']
[0.300s] Level 1:colcon.colcon_core.package_identification:_identify(src/nanosaur_simulations) by extension 'python_setup_py'
[0.300s] Level 1:colcon.colcon_core.package_identification:_identify(src/nanosaur_simulations/nanosaur_gazebo) by extensions ['ignore', 'ignore_ament_install']
[0.300s] Level 1:colcon.colcon_core.package_identification:_identify(src/nanosaur_simulations/nanosaur_gazebo) by extension 'ignore'
[0.300s] Level 1:colcon.colcon_core.package_identification:_identify(src/nanosaur_simulations/nanosaur_gazebo) by extension 'ignore_ament_install'
[0.300s] Level 1:colcon.colcon_core.package_identification:_identify(src/nanosaur_simulations/nanosaur_gazebo) by extensions ['colcon_pkg']
[0.300s] Level 1:colcon.colcon_core.package_identification:_identify(src/nanosaur_simulations/nanosaur_gazebo) by extension 'colcon_pkg'
[0.300s] Level 1:colcon.colcon_core.package_identification:_identify(src/nanosaur_simulations/nanosaur_gazebo) by extensions ['colcon_meta']
[0.300s] Level 1:colcon.colcon_core.package_identification:_identify(src/nanosaur_simulations/nanosaur_gazebo) by extension 'colcon_meta'
[0.300s] Level 1:colcon.colcon_core.package_identification:_identify(src/nanosaur_simulations/nanosaur_gazebo) by extensions ['ros']
[0.300s] Level 1:colcon.colcon_core.package_identification:_identify(src/nanosaur_simulations/nanosaur_gazebo) by extension 'ros'
[0.300s] DEBUG:colcon.colcon_core.package_identification:Package 'src/nanosaur_simulations/nanosaur_gazebo' with type 'ros.ament_cmake' and name 'nanosaur_gazebo'
[0.300s] Level 1:colcon.colcon_core.package_identification:_identify(src/nanosaur_simulations/nanosaur_simulations) by extensions ['ignore', 'ignore_ament_install']
[0.301s] Level 1:colcon.colcon_core.package_identification:_identify(src/nanosaur_simulations/nanosaur_simulations) by extension 'ignore'
[0.301s] Level 1:colcon.colcon_core.package_identification:_identify(src/nanosaur_simulations/nanosaur_simulations) by extension 'ignore_ament_install'
[0.301s] Level 1:colcon.colcon_core.package_identification:_identify(src/nanosaur_simulations/nanosaur_simulations) by extensions ['colcon_pkg']
[0.301s] Level 1:colcon.colcon_core.package_identification:_identify(src/nanosaur_simulations/nanosaur_simulations) by extension 'colcon_pkg'
[0.301s] Level 1:colcon.colcon_core.package_identification:_identify(src/nanosaur_simulations/nanosaur_simulations) by extensions ['colcon_meta']
[0.301s] Level 1:colcon.colcon_core.package_identification:_identify(src/nanosaur_simulations/nanosaur_simulations) by extension 'colcon_meta'
[0.301s] Level 1:colcon.colcon_core.package_identification:_identify(src/nanosaur_simulations/nanosaur_simulations) by extensions ['ros']
[0.301s] Level 1:colcon.colcon_core.package_identification:_identify(src/nanosaur_simulations/nanosaur_simulations) by extension 'ros'
[0.301s] DEBUG:colcon.colcon_core.package_identification:Package 'src/nanosaur_simulations/nanosaur_simulations' with type 'ros.ament_cmake' and name 'nanosaur_simulations'
[0.301s] Level 1:colcon.colcon_core.package_identification:_identify(src/nanosaur_simulations/nanosaur_worlds) by extensions ['ignore', 'ignore_ament_install']
[0.301s] Level 1:colcon.colcon_core.package_identification:_identify(src/nanosaur_simulations/nanosaur_worlds) by extension 'ignore'
[0.301s] Level 1:colcon.colcon_core.package_identification:_identify(src/nanosaur_simulations/nanosaur_worlds) by extension 'ignore_ament_install'
[0.301s] Level 1:colcon.colcon_core.package_identification:_identify(src/nanosaur_simulations/nanosaur_worlds) by extensions ['colcon_pkg']
[0.301s] Level 1:colcon.colcon_core.package_identification:_identify(src/nanosaur_simulations/nanosaur_worlds) by extension 'colcon_pkg'
[0.301s] Level 1:colcon.colcon_core.package_identification:_identify(src/nanosaur_simulations/nanosaur_worlds) by extensions ['colcon_meta']
[0.301s] Level 1:colcon.colcon_core.package_identification:_identify(src/nanosaur_simulations/nanosaur_worlds) by extension 'colcon_meta'
[0.301s] Level 1:colcon.colcon_core.package_identification:_identify(src/nanosaur_simulations/nanosaur_worlds) by extensions ['ros']
[0.301s] Level 1:colcon.colcon_core.package_identification:_identify(src/nanosaur_simulations/nanosaur_worlds) by extension 'ros'
[0.302s] DEBUG:colcon.colcon_core.package_identification:Package 'src/nanosaur_simulations/nanosaur_worlds' with type 'ros.ament_cmake' and name 'nanosaur_worlds'
[0.302s] Level 1:colcon.colcon_core.package_identification:_identify(src/ros2_camera_receiver) by extensions ['ignore', 'ignore_ament_install']
[0.302s] Level 1:colcon.colcon_core.package_identification:_identify(src/ros2_camera_receiver) by extension 'ignore'
[0.302s] Level 1:colcon.colcon_core.package_identification:_identify(src/ros2_camera_receiver) by extension 'ignore_ament_install'
[0.302s] Level 1:colcon.colcon_core.package_identification:_identify(src/ros2_camera_receiver) by extensions ['colcon_pkg']
[0.302s] Level 1:colcon.colcon_core.package_identification:_identify(src/ros2_camera_receiver) by extension 'colcon_pkg'
[0.302s] Level 1:colcon.colcon_core.package_identification:_identify(src/ros2_camera_receiver) by extensions ['colcon_meta']
[0.302s] Level 1:colcon.colcon_core.package_identification:_identify(src/ros2_camera_receiver) by extension 'colcon_meta'
[0.302s] Level 1:colcon.colcon_core.package_identification:_identify(src/ros2_camera_receiver) by extensions ['ros']
[0.302s] Level 1:colcon.colcon_core.package_identification:_identify(src/ros2_camera_receiver) by extension 'ros'
[0.303s] DEBUG:colcon.colcon_core.package_identification:Package 'src/ros2_camera_receiver' with type 'ros.ament_python' and name 'ros2_camera_receiver'
[0.303s] Level 1:colcon.colcon_core.package_discovery:discover_packages(recursive) using defaults
[0.303s] Level 1:colcon.colcon_core.package_discovery:discover_packages(ignore) discover
[0.303s] Level 1:colcon.colcon_core.package_discovery:discover_packages(ignore) using defaults
[0.303s] Level 1:colcon.colcon_core.package_discovery:discover_packages(path) discover
[0.303s] Level 1:colcon.colcon_core.package_discovery:discover_packages(path) using defaults
[0.322s] Level 5:colcon.colcon_core.verb:set package 'nanosaur_control' build argument 'cmake_args' from command line to 'None'
[0.322s] Level 5:colcon.colcon_core.verb:set package 'nanosaur_control' build argument 'cmake_target' from command line to 'None'
[0.322s] Level 5:colcon.colcon_core.verb:set package 'nanosaur_control' build argument 'cmake_target_skip_unavailable' from command line to 'False'
[0.322s] Level 5:colcon.colcon_core.verb:set package 'nanosaur_control' build argument 'cmake_clean_cache' from command line to 'False'
[0.322s] Level 5:colcon.colcon_core.verb:set package 'nanosaur_control' build argument 'cmake_clean_first' from command line to 'False'
[0.322s] Level 5:colcon.colcon_core.verb:set package 'nanosaur_control' build argument 'cmake_force_configure' from command line to 'False'
[0.322s] Level 5:colcon.colcon_core.verb:set package 'nanosaur_control' build argument 'ament_cmake_args' from command line to 'None'
[0.322s] Level 5:colcon.colcon_core.verb:set package 'nanosaur_control' build argument 'catkin_cmake_args' from command line to 'None'
[0.322s] Level 5:colcon.colcon_core.verb:set package 'nanosaur_control' build argument 'catkin_skip_building_tests' from command line to 'False'
[0.322s] DEBUG:colcon.colcon_core.verb:Building package 'nanosaur_control' with the following arguments: {'ament_cmake_args': None, 'build_base': '/home/user/nanosaur/build/nanosaur_control', 'catkin_cmake_args': None, 'catkin_skip_building_tests': False, 'cmake_args': None, 'cmake_clean_cache': False, 'cmake_clean_first': False, 'cmake_force_configure': False, 'cmake_target': None, 'cmake_target_skip_unavailable': False, 'install_base': '/home/user/nanosaur/install/nanosaur_control', 'merge_install': False, 'path': '/home/user/nanosaur/src/nanosaur/nanosaur_control', 'symlink_install': False, 'test_result_base': None}
[0.323s] Level 5:colcon.colcon_core.verb:set package 'nanosaur_description' build argument 'cmake_args' from command line to 'None'
[0.323s] Level 5:colcon.colcon_core.verb:set package 'nanosaur_description' build argument 'cmake_target' from command line to 'None'
[0.323s] Level 5:colcon.colcon_core.verb:set package 'nanosaur_description' build argument 'cmake_target_skip_unavailable' from command line to 'False'
[0.323s] Level 5:colcon.colcon_core.verb:set package 'nanosaur_description' build argument 'cmake_clean_cache' from command line to 'False'
[0.323s] Level 5:colcon.colcon_core.verb:set package 'nanosaur_description' build argument 'cmake_clean_first' from command line to 'False'
[0.323s] Level 5:colcon.colcon_core.verb:set package 'nanosaur_description' build argument 'cmake_force_configure' from command line to 'False'
[0.323s] Level 5:colcon.colcon_core.verb:set package 'nanosaur_description' build argument 'ament_cmake_args' from command line to 'None'
[0.323s] Level 5:colcon.colcon_core.verb:set package 'nanosaur_description' build argument 'catkin_cmake_args' from command line to 'None'
[0.323s] Level 5:colcon.colcon_core.verb:set package 'nanosaur_description' build argument 'catkin_skip_building_tests' from command line to 'False'
[0.323s] DEBUG:colcon.colcon_core.verb:Building package 'nanosaur_description' with the following arguments: {'ament_cmake_args': None, 'build_base': '/home/user/nanosaur/build/nanosaur_description', 'catkin_cmake_args': None, 'catkin_skip_building_tests': False, 'cmake_args': None, 'cmake_clean_cache': False, 'cmake_clean_first': False, 'cmake_force_configure': False, 'cmake_target': None, 'cmake_target_skip_unavailable': False, 'install_base': '/home/user/nanosaur/install/nanosaur_description', 'merge_install': False, 'path': '/home/user/nanosaur/src/nanosaur/nanosaur_description', 'symlink_install': False, 'test_result_base': None}
[0.324s] Level 5:colcon.colcon_core.verb:set package 'nanosaur_msgs' build argument 'cmake_args' from command line to 'None'
[0.324s] Level 5:colcon.colcon_core.verb:set package 'nanosaur_msgs' build argument 'cmake_target' from command line to 'None'
[0.324s] Level 5:colcon.colcon_core.verb:set package 'nanosaur_msgs' build argument 'cmake_target_skip_unavailable' from command line to 'False'
[0.324s] Level 5:colcon.colcon_core.verb:set package 'nanosaur_msgs' build argument 'cmake_clean_cache' from command line to 'False'
[0.324s] Level 5:colcon.colcon_core.verb:set package 'nanosaur_msgs' build argument 'cmake_clean_first' from command line to 'False'
[0.324s] Level 5:colcon.colcon_core.verb:set package 'nanosaur_msgs' build argument 'cmake_force_configure' from command line to 'False'
[0.324s] Level 5:colcon.colcon_core.verb:set package 'nanosaur_msgs' build argument 'ament_cmake_args' from command line to 'None'
[0.324s] Level 5:colcon.colcon_core.verb:set package 'nanosaur_msgs' build argument 'catkin_cmake_args' from command line to 'None'
[0.324s] Level 5:colcon.colcon_core.verb:set package 'nanosaur_msgs' build argument 'catkin_skip_building_tests' from command line to 'False'
[0.324s] DEBUG:colcon.colcon_core.verb:Building package 'nanosaur_msgs' with the following arguments: {'ament_cmake_args': None, 'build_base': '/home/user/nanosaur/build/nanosaur_msgs', 'catkin_cmake_args': None, 'catkin_skip_building_tests': False, 'cmake_args': None, 'cmake_clean_cache': False, 'cmake_clean_first': False, 'cmake_force_configure': False, 'cmake_target': None, 'cmake_target_skip_unavailable': False, 'install_base': '/home/user/nanosaur/install/nanosaur_msgs', 'merge_install': False, 'path': '/home/user/nanosaur/src/nanosaur/nanosaur_msgs', 'symlink_install': False, 'test_result_base': None}
[0.325s] Level 5:colcon.colcon_core.verb:set package 'nanosaur_simulations' build argument 'cmake_args' from command line to 'None'
[0.325s] Level 5:colcon.colcon_core.verb:set package 'nanosaur_simulations' build argument 'cmake_target' from command line to 'None'
[0.325s] Level 5:colcon.colcon_core.verb:set package 'nanosaur_simulations' build argument 'cmake_target_skip_unavailable' from command line to 'False'
[0.325s] Level 5:colcon.colcon_core.verb:set package 'nanosaur_simulations' build argument 'cmake_clean_cache' from command line to 'False'
[0.325s] Level 5:colcon.colcon_core.verb:set package 'nanosaur_simulations' build argument 'cmake_clean_first' from command line to 'False'
[0.325s] Level 5:colcon.colcon_core.verb:set package 'nanosaur_simulations' build argument 'cmake_force_configure' from command line to 'False'
[0.325s] Level 5:colcon.colcon_core.verb:set package 'nanosaur_simulations' build argument 'ament_cmake_args' from command line to 'None'
[0.325s] Level 5:colcon.colcon_core.verb:set package 'nanosaur_simulations' build argument 'catkin_cmake_args' from command line to 'None'
[0.325s] Level 5:colcon.colcon_core.verb:set package 'nanosaur_simulations' build argument 'catkin_skip_building_tests' from command line to 'False'
[0.325s] DEBUG:colcon.colcon_core.verb:Building package 'nanosaur_simulations' with the following arguments: {'ament_cmake_args': None, 'build_base': '/home/user/nanosaur/build/nanosaur_simulations', 'catkin_cmake_args': None, 'catkin_skip_building_tests': False, 'cmake_args': None, 'cmake_clean_cache': False, 'cmake_clean_first': False, 'cmake_force_configure': False, 'cmake_target': None, 'cmake_target_skip_unavailable': False, 'install_base': '/home/user/nanosaur/install/nanosaur_simulations', 'merge_install': False, 'path': '/home/user/nanosaur/src/nanosaur_simulations/nanosaur_simulations', 'symlink_install': False, 'test_result_base': None}
[0.325s] Level 5:colcon.colcon_core.verb:set package 'nanosaur_worlds' build argument 'cmake_args' from command line to 'None'
[0.325s] Level 5:colcon.colcon_core.verb:set package 'nanosaur_worlds' build argument 'cmake_target' from command line to 'None'
[0.325s] Level 5:colcon.colcon_core.verb:set package 'nanosaur_worlds' build argument 'cmake_target_skip_unavailable' from command line to 'False'
[0.325s] Level 5:colcon.colcon_core.verb:set package 'nanosaur_worlds' build argument 'cmake_clean_cache' from command line to 'False'
[0.325s] Level 5:colcon.colcon_core.verb:set package 'nanosaur_worlds' build argument 'cmake_clean_first' from command line to 'False'
[0.326s] Level 5:colcon.colcon_core.verb:set package 'nanosaur_worlds' build argument 'cmake_force_configure' from command line to 'False'
[0.326s] Level 5:colcon.colcon_core.verb:set package 'nanosaur_worlds' build argument 'ament_cmake_args' from command line to 'None'
[0.326s] Level 5:colcon.colcon_core.verb:set package 'nanosaur_worlds' build argument 'catkin_cmake_args' from command line to 'None'
[0.326s] Level 5:colcon.colcon_core.verb:set package 'nanosaur_worlds' build argument 'catkin_skip_building_tests' from command line to 'False'
[0.326s] DEBUG:colcon.colcon_core.verb:Building package 'nanosaur_worlds' with the following arguments: {'ament_cmake_args': None, 'build_base': '/home/user/nanosaur/build/nanosaur_worlds', 'catkin_cmake_args': None, 'catkin_skip_building_tests': False, 'cmake_args': None, 'cmake_clean_cache': False, 'cmake_clean_first': False, 'cmake_force_configure': False, 'cmake_target': None, 'cmake_target_skip_unavailable': False, 'install_base': '/home/user/nanosaur/install/nanosaur_worlds', 'merge_install': False, 'path': '/home/user/nanosaur/src/nanosaur_simulations/nanosaur_worlds', 'symlink_install': False, 'test_result_base': None}
[0.326s] Level 5:colcon.colcon_core.verb:set package 'ros2_camera_receiver' build argument 'cmake_args' from command line to 'None'
[0.326s] Level 5:colcon.colcon_core.verb:set package 'ros2_camera_receiver' build argument 'cmake_target' from command line to 'None'
[0.326s] Level 5:colcon.colcon_core.verb:set package 'ros2_camera_receiver' build argument 'cmake_target_skip_unavailable' from command line to 'False'
[0.326s] Level 5:colcon.colcon_core.verb:set package 'ros2_camera_receiver' build argument 'cmake_clean_cache' from command line to 'False'
[0.326s] Level 5:colcon.colcon_core.verb:set package 'ros2_camera_receiver' build argument 'cmake_clean_first' from command line to 'False'
[0.326s] Level 5:colcon.colcon_core.verb:set package 'ros2_camera_receiver' build argument 'cmake_force_configure' from command line to 'False'
[0.326s] Level 5:colcon.colcon_core.verb:set package 'ros2_camera_receiver' build argument 'ament_cmake_args' from command line to 'None'
[0.326s] Level 5:colcon.colcon_core.verb:set package 'ros2_camera_receiver' build argument 'catkin_cmake_args' from command line to 'None'
[0.326s] Level 5:colcon.colcon_core.verb:set package 'ros2_camera_receiver' build argument 'catkin_skip_building_tests' from command line to 'False'
[0.326s] DEBUG:colcon.colcon_core.verb:Building package 'ros2_camera_receiver' with the following arguments: {'ament_cmake_args': None, 'build_base': '/home/user/nanosaur/build/ros2_camera_receiver', 'catkin_cmake_args': None, 'catkin_skip_building_tests': False, 'cmake_args': None, 'cmake_clean_cache': False, 'cmake_clean_first': False, 'cmake_force_configure': False, 'cmake_target': None, 'cmake_target_skip_unavailable': False, 'install_base': '/home/user/nanosaur/install/ros2_camera_receiver', 'merge_install': False, 'path': '/home/user/nanosaur/src/ros2_camera_receiver', 'symlink_install': False, 'test_result_base': None}
[0.327s] Level 5:colcon.colcon_core.verb:set package 'nanosaur' build argument 'cmake_args' from command line to 'None'
[0.327s] Level 5:colcon.colcon_core.verb:set package 'nanosaur' build argument 'cmake_target' from command line to 'None'
[0.327s] Level 5:colcon.colcon_core.verb:set package 'nanosaur' build argument 'cmake_target_skip_unavailable' from command line to 'False'
[0.327s] Level 5:colcon.colcon_core.verb:set package 'nanosaur' build argument 'cmake_clean_cache' from command line to 'False'
[0.327s] Level 5:colcon.colcon_core.verb:set package 'nanosaur' build argument 'cmake_clean_first' from command line to 'False'
[0.327s] Level 5:colcon.colcon_core.verb:set package 'nanosaur' build argument 'cmake_force_configure' from command line to 'False'
[0.327s] Level 5:colcon.colcon_core.verb:set package 'nanosaur' build argument 'ament_cmake_args' from command line to 'None'
[0.327s] Level 5:colcon.colcon_core.verb:set package 'nanosaur' build argument 'catkin_cmake_args' from command line to 'None'
[0.327s] Level 5:colcon.colcon_core.verb:set package 'nanosaur' build argument 'catkin_skip_building_tests' from command line to 'False'
[0.327s] DEBUG:colcon.colcon_core.verb:Building package 'nanosaur' with the following arguments: {'ament_cmake_args': None, 'build_base': '/home/user/nanosaur/build/nanosaur', 'catkin_cmake_args': None, 'catkin_skip_building_tests': False, 'cmake_args': None, 'cmake_clean_cache': False, 'cmake_clean_first': False, 'cmake_force_configure': False, 'cmake_target': None, 'cmake_target_skip_unavailable': False, 'install_base': '/home/user/nanosaur/install/nanosaur', 'merge_install': False, 'path': '/home/user/nanosaur/src/nanosaur/nanosaur', 'symlink_install': False, 'test_result_base': None}
[0.328s] Level 5:colcon.colcon_core.verb:set package 'nanosaur_gazebo' build argument 'cmake_args' from command line to 'None'
[0.328s] Level 5:colcon.colcon_core.verb:set package 'nanosaur_gazebo' build argument 'cmake_target' from command line to 'None'
[0.328s] Level 5:colcon.colcon_core.verb:set package 'nanosaur_gazebo' build argument 'cmake_target_skip_unavailable' from command line to 'False'
[0.328s] Level 5:colcon.colcon_core.verb:set package 'nanosaur_gazebo' build argument 'cmake_clean_cache' from command line to 'False'
[0.328s] Level 5:colcon.colcon_core.verb:set package 'nanosaur_gazebo' build argument 'cmake_clean_first' from command line to 'False'
[0.328s] Level 5:colcon.colcon_core.verb:set package 'nanosaur_gazebo' build argument 'cmake_force_configure' from command line to 'False'
[0.328s] Level 5:colcon.colcon_core.verb:set package 'nanosaur_gazebo' build argument 'ament_cmake_args' from command line to 'None'
[0.328s] Level 5:colcon.colcon_core.verb:set package 'nanosaur_gazebo' build argument 'catkin_cmake_args' from command line to 'None'
[0.328s] Level 5:colcon.colcon_core.verb:set package 'nanosaur_gazebo' build argument 'catkin_skip_building_tests' from command line to 'False'
[0.328s] DEBUG:colcon.colcon_core.verb:Building package 'nanosaur_gazebo' with the following arguments: {'ament_cmake_args': None, 'build_base': '/home/user/nanosaur/build/nanosaur_gazebo', 'catkin_cmake_args': None, 'catkin_skip_building_tests': False, 'cmake_args': None, 'cmake_clean_cache': False, 'cmake_clean_first': False, 'cmake_force_configure': False, 'cmake_target': None, 'cmake_target_skip_unavailable': False, 'install_base': '/home/user/nanosaur/install/nanosaur_gazebo', 'merge_install': False, 'path': '/home/user/nanosaur/src/nanosaur_simulations/nanosaur_gazebo', 'symlink_install': False, 'test_result_base': None}
[0.328s] INFO:colcon.colcon_core.executor:Executing jobs using 'parallel' executor
[0.331s] DEBUG:colcon.colcon_parallel_executor.executor.parallel:run_until_complete
[0.332s] INFO:colcon.colcon_ros.task.ament_cmake.build:Building ROS package in '/home/user/nanosaur/src/nanosaur/nanosaur_control' with build type 'ament_cmake'
[0.332s] INFO:colcon.colcon_cmake.task.cmake.build:Building CMake package in '/home/user/nanosaur/src/nanosaur/nanosaur_control'
[0.336s] INFO:colcon.colcon_core.plugin_system:Skipping extension 'colcon_core.shell.bat': Not used on non-Windows systems
[0.336s] INFO:colcon.colcon_core.shell:Skip shell extension 'powershell' for command environment: Not usable outside of PowerShell
[0.336s] DEBUG:colcon.colcon_core.shell:Skip shell extension 'dsv' for command environment
[0.341s] INFO:colcon.colcon_ros.task.ament_cmake.build:Building ROS package in '/home/user/nanosaur/src/nanosaur/nanosaur_description' with build type 'ament_cmake'
[0.341s] INFO:colcon.colcon_cmake.task.cmake.build:Building CMake package in '/home/user/nanosaur/src/nanosaur/nanosaur_description'
[0.342s] INFO:colcon.colcon_core.shell:Skip shell extension 'powershell' for command environment: Not usable outside of PowerShell
[0.342s] DEBUG:colcon.colcon_core.shell:Skip shell extension 'dsv' for command environment
[0.347s] INFO:colcon.colcon_ros.task.ament_cmake.build:Building ROS package in '/home/user/nanosaur/src/nanosaur/nanosaur_msgs' with build type 'ament_cmake'
[0.348s] INFO:colcon.colcon_cmake.task.cmake.build:Building CMake package in '/home/user/nanosaur/src/nanosaur/nanosaur_msgs'
[0.349s] INFO:colcon.colcon_core.shell:Skip shell extension 'powershell' for command environment: Not usable outside of PowerShell
[0.349s] DEBUG:colcon.colcon_core.shell:Skip shell extension 'dsv' for command environment
[0.353s] INFO:colcon.colcon_ros.task.ament_cmake.build:Building ROS package in '/home/user/nanosaur/src/nanosaur_simulations/nanosaur_simulations' with build type 'ament_cmake'
[0.353s] INFO:colcon.colcon_cmake.task.cmake.build:Building CMake package in '/home/user/nanosaur/src/nanosaur_simulations/nanosaur_simulations'
[0.354s] INFO:colcon.colcon_core.shell:Skip shell extension 'powershell' for command environment: Not usable outside of PowerShell
[0.354s] DEBUG:colcon.colcon_core.shell:Skip shell extension 'dsv' for command environment
[0.358s] INFO:colcon.colcon_ros.task.ament_cmake.build:Building ROS package in '/home/user/nanosaur/src/nanosaur_simulations/nanosaur_worlds' with build type 'ament_cmake'
[0.359s] INFO:colcon.colcon_cmake.task.cmake.build:Building CMake package in '/home/user/nanosaur/src/nanosaur_simulations/nanosaur_worlds'
[0.359s] INFO:colcon.colcon_core.shell:Skip shell extension 'powershell' for command environment: Not usable outside of PowerShell
[0.360s] DEBUG:colcon.colcon_core.shell:Skip shell extension 'dsv' for command environment
[0.364s] INFO:colcon.colcon_ros.task.ament_python.build:Building ROS package in '/home/user/nanosaur/src/ros2_camera_receiver' with build type 'ament_python'
[0.365s] Level 1:colcon.colcon_core.shell:create_environment_hook('ros2_camera_receiver', 'ament_prefix_path')
[0.366s] INFO:colcon.colcon_core.shell:Creating environment hook '/home/user/nanosaur/install/ros2_camera_receiver/share/ros2_camera_receiver/hook/ament_prefix_path.ps1'
[0.367s] INFO:colcon.colcon_core.shell:Creating environment descriptor '/home/user/nanosaur/install/ros2_camera_receiver/share/ros2_camera_receiver/hook/ament_prefix_path.dsv'
[0.368s] INFO:colcon.colcon_core.shell:Creating environment hook '/home/user/nanosaur/install/ros2_camera_receiver/share/ros2_camera_receiver/hook/ament_prefix_path.sh'
[0.369s] INFO:colcon.colcon_core.shell:Skip shell extension 'powershell' for command environment: Not usable outside of PowerShell
[0.369s] DEBUG:colcon.colcon_core.shell:Skip shell extension 'dsv' for command environment
[0.379s] DEBUG:colcon.colcon_core.event_handler.log_command:Invoking command in '/home/user/nanosaur/build/nanosaur_control': CMAKE_PREFIX_PATH=${CMAKE_PREFIX_PATH}:/home/user/nanosaur/install/ros2_camera_receiver:/opt/ros/humble /usr/bin/cmake --build /home/user/nanosaur/build/nanosaur_control -- -j16 -l16
[0.381s] DEBUG:colcon.colcon_core.event_handler.log_command:Invoking command in '/home/user/nanosaur/build/nanosaur_description': CMAKE_PREFIX_PATH=${CMAKE_PREFIX_PATH}:/home/user/nanosaur/install/ros2_camera_receiver:/opt/ros/humble /usr/bin/cmake --build /home/user/nanosaur/build/nanosaur_description -- -j16 -l16
[0.385s] DEBUG:colcon.colcon_core.event_handler.log_command:Invoking command in '/home/user/nanosaur/build/nanosaur_msgs': CMAKE_PREFIX_PATH=${CMAKE_PREFIX_PATH}:/home/user/nanosaur/install/ros2_camera_receiver:/opt/ros/humble /usr/bin/cmake --build /home/user/nanosaur/build/nanosaur_msgs -- -j16 -l16
[0.389s] DEBUG:colcon.colcon_core.event_handler.log_command:Invoking command in '/home/user/nanosaur/build/nanosaur_simulations': CMAKE_PREFIX_PATH=${CMAKE_PREFIX_PATH}:/home/user/nanosaur/install/ros2_camera_receiver:/opt/ros/humble /usr/bin/cmake --build /home/user/nanosaur/build/nanosaur_simulations -- -j16 -l16
[0.395s] DEBUG:colcon.colcon_core.event_handler.log_command:Invoking command in '/home/user/nanosaur/build/nanosaur_worlds': CMAKE_PREFIX_PATH=${CMAKE_PREFIX_PATH}:/home/user/nanosaur/install/ros2_camera_receiver:/opt/ros/humble /usr/bin/cmake --build /home/user/nanosaur/build/nanosaur_worlds -- -j16 -l16
[0.624s] INFO:colcon.colcon_core.task.python.build:Building Python package in '/home/user/nanosaur/src/ros2_camera_receiver'
[0.626s] INFO:colcon.colcon_core.shell:Skip shell extension 'powershell' for command environment: Not usable outside of PowerShell
[0.627s] DEBUG:colcon.colcon_core.shell:Skip shell extension 'dsv' for command environment
[0.638s] DEBUG:colcon.colcon_core.event_handler.log_command:Invoked command in '/home/user/nanosaur/build/nanosaur_description' returned '0': CMAKE_PREFIX_PATH=${CMAKE_PREFIX_PATH}:/home/user/nanosaur/install/ros2_camera_receiver:/opt/ros/humble /usr/bin/cmake --build /home/user/nanosaur/build/nanosaur_description -- -j16 -l16
[0.639s] DEBUG:colcon.colcon_core.event_handler.log_command:Invoked command in '/home/user/nanosaur/build/nanosaur_control' returned '0': CMAKE_PREFIX_PATH=${CMAKE_PREFIX_PATH}:/home/user/nanosaur/install/ros2_camera_receiver:/opt/ros/humble /usr/bin/cmake --build /home/user/nanosaur/build/nanosaur_control -- -j16 -l16
[0.641s] DEBUG:colcon.colcon_core.event_handler.log_command:Invoked command in '/home/user/nanosaur/build/nanosaur_worlds' returned '0': CMAKE_PREFIX_PATH=${CMAKE_PREFIX_PATH}:/home/user/nanosaur/install/ros2_camera_receiver:/opt/ros/humble /usr/bin/cmake --build /home/user/nanosaur/build/nanosaur_worlds -- -j16 -l16
[0.642s] DEBUG:colcon.colcon_core.event_handler.log_command:Invoked command in '/home/user/nanosaur/build/nanosaur_simulations' returned '0': CMAKE_PREFIX_PATH=${CMAKE_PREFIX_PATH}:/home/user/nanosaur/install/ros2_camera_receiver:/opt/ros/humble /usr/bin/cmake --build /home/user/nanosaur/build/nanosaur_simulations -- -j16 -l16
[0.673s] DEBUG:colcon.colcon_core.event_handler.log_command:Invoking command in '/home/user/nanosaur/build/nanosaur_description': CMAKE_PREFIX_PATH=${CMAKE_PREFIX_PATH}:/home/user/nanosaur/install/ros2_camera_receiver:/opt/ros/humble /usr/bin/cmake --install /home/user/nanosaur/build/nanosaur_description
[0.677s] DEBUG:colcon.colcon_core.event_handler.log_command:Invoking command in '/home/user/nanosaur/build/nanosaur_control': CMAKE_PREFIX_PATH=${CMAKE_PREFIX_PATH}:/home/user/nanosaur/install/ros2_camera_receiver:/opt/ros/humble /usr/bin/cmake --install /home/user/nanosaur/build/nanosaur_control
[0.679s] DEBUG:colcon.colcon_core.event_handler.log_command:Invoking command in '/home/user/nanosaur/build/nanosaur_worlds': CMAKE_PREFIX_PATH=${CMAKE_PREFIX_PATH}:/home/user/nanosaur/install/ros2_camera_receiver:/opt/ros/humble /usr/bin/cmake --install /home/user/nanosaur/build/nanosaur_worlds
[0.681s] DEBUG:colcon.colcon_core.event_handler.log_command:Invoking command in '/home/user/nanosaur/build/nanosaur_simulations': CMAKE_PREFIX_PATH=${CMAKE_PREFIX_PATH}:/home/user/nanosaur/install/ros2_camera_receiver:/opt/ros/humble /usr/bin/cmake --install /home/user/nanosaur/build/nanosaur_simulations
[0.690s] Level 1:colcon.colcon_core.environment:create_environment_scripts_only(nanosaur_description)
[0.708s] Level 1:colcon.colcon_core.environment:checking '/home/user/nanosaur/install/nanosaur_description' for CMake module files
[0.711s] Level 1:colcon.colcon_core.environment:checking '/home/user/nanosaur/install/nanosaur_description' for CMake config files
[0.714s] Level 1:colcon.colcon_core.shell:create_environment_hook('nanosaur_description', 'cmake_prefix_path')
[0.717s] INFO:colcon.colcon_core.shell:Creating environment hook '/home/user/nanosaur/install/nanosaur_description/share/nanosaur_description/hook/cmake_prefix_path.ps1'
[0.718s] DEBUG:colcon.colcon_core.event_handler.log_command:Invoked command in '/home/user/nanosaur/build/nanosaur_description' returned '0': CMAKE_PREFIX_PATH=${CMAKE_PREFIX_PATH}:/home/user/nanosaur/install/ros2_camera_receiver:/opt/ros/humble /usr/bin/cmake --install /home/user/nanosaur/build/nanosaur_description
[0.719s] INFO:colcon.colcon_core.shell:Creating environment descriptor '/home/user/nanosaur/install/nanosaur_description/share/nanosaur_description/hook/cmake_prefix_path.dsv'
[0.722s] INFO:colcon.colcon_core.shell:Creating environment hook '/home/user/nanosaur/install/nanosaur_description/share/nanosaur_description/hook/cmake_prefix_path.sh'
[0.726s] Level 1:colcon.colcon_core.environment:checking '/home/user/nanosaur/install/nanosaur_description/bin'
[0.726s] Level 1:colcon.colcon_core.environment:checking '/home/user/nanosaur/install/nanosaur_description/lib/pkgconfig/nanosaur_description.pc'
[0.726s] Level 1:colcon.colcon_core.environment:checking '/home/user/nanosaur/install/nanosaur_description/lib/python3.10/site-packages'
[0.726s] Level 1:colcon.colcon_core.environment:checking '/home/user/nanosaur/install/nanosaur_description/bin'
[0.729s] INFO:colcon.colcon_core.shell:Creating package script '/home/user/nanosaur/install/nanosaur_description/share/nanosaur_description/package.ps1'
[0.730s] INFO:colcon.colcon_core.shell:Creating package descriptor '/home/user/nanosaur/install/nanosaur_description/share/nanosaur_description/package.dsv'
[0.731s] INFO:colcon.colcon_core.shell:Creating package script '/home/user/nanosaur/install/nanosaur_description/share/nanosaur_description/package.sh'
[0.733s] INFO:colcon.colcon_core.shell:Creating package script '/home/user/nanosaur/install/nanosaur_description/share/nanosaur_description/package.bash'
[0.734s] INFO:colcon.colcon_core.shell:Creating package script '/home/user/nanosaur/install/nanosaur_description/share/nanosaur_description/package.zsh'
[0.735s] Level 1:colcon.colcon_core.environment:create_file_with_runtime_dependencies(/home/user/nanosaur/install/nanosaur_description/share/colcon-core/packages/nanosaur_description)
[0.738s] Level 1:colcon.colcon_core.environment:create_environment_scripts_only(nanosaur_control)
[0.740s] Level 1:colcon.colcon_core.environment:checking '/home/user/nanosaur/install/nanosaur_control' for CMake module files
[0.741s] DEBUG:colcon.colcon_core.event_handler.log_command:Invoked command in '/home/user/nanosaur/build/nanosaur_control' returned '0': CMAKE_PREFIX_PATH=${CMAKE_PREFIX_PATH}:/home/user/nanosaur/install/ros2_camera_receiver:/opt/ros/humble /usr/bin/cmake --install /home/user/nanosaur/build/nanosaur_control
[0.742s] Level 1:colcon.colcon_core.environment:checking '/home/user/nanosaur/install/nanosaur_control' for CMake config files
[0.742s] Level 1:colcon.colcon_core.shell:create_environment_hook('nanosaur_control', 'cmake_prefix_path')
[0.743s] INFO:colcon.colcon_core.shell:Creating environment hook '/home/user/nanosaur/install/nanosaur_control/share/nanosaur_control/hook/cmake_prefix_path.ps1'
[0.743s] INFO:colcon.colcon_core.shell:Creating environment descriptor '/home/user/nanosaur/install/nanosaur_control/share/nanosaur_control/hook/cmake_prefix_path.dsv'
[0.743s] INFO:colcon.colcon_core.shell:Creating environment hook '/home/user/nanosaur/install/nanosaur_control/share/nanosaur_control/hook/cmake_prefix_path.sh'
[0.744s] Level 1:colcon.colcon_core.environment:checking '/home/user/nanosaur/install/nanosaur_control/bin'
[0.744s] Level 1:colcon.colcon_core.environment:checking '/home/user/nanosaur/install/nanosaur_control/lib/pkgconfig/nanosaur_control.pc'
[0.744s] Level 1:colcon.colcon_core.environment:checking '/home/user/nanosaur/install/nanosaur_control/lib/python3.10/site-packages'
[0.744s] Level 1:colcon.colcon_core.environment:checking '/home/user/nanosaur/install/nanosaur_control/bin'
[0.745s] INFO:colcon.colcon_core.shell:Creating package script '/home/user/nanosaur/install/nanosaur_control/share/nanosaur_control/package.ps1'
[0.746s] INFO:colcon.colcon_core.shell:Creating package descriptor '/home/user/nanosaur/install/nanosaur_control/share/nanosaur_control/package.dsv'
[0.746s] INFO:colcon.colcon_core.shell:Creating package script '/home/user/nanosaur/install/nanosaur_control/share/nanosaur_control/package.sh'
[0.746s] INFO:colcon.colcon_core.shell:Creating package script '/home/user/nanosaur/install/nanosaur_control/share/nanosaur_control/package.bash'
[0.747s] INFO:colcon.colcon_core.shell:Creating package script '/home/user/nanosaur/install/nanosaur_control/share/nanosaur_control/package.zsh'
[0.747s] Level 1:colcon.colcon_core.environment:create_file_with_runtime_dependencies(/home/user/nanosaur/install/nanosaur_control/share/colcon-core/packages/nanosaur_control)
[0.748s] DEBUG:colcon.colcon_core.event_handler.log_command:Invoked command in '/home/user/nanosaur/build/nanosaur_msgs' returned '0': CMAKE_PREFIX_PATH=${CMAKE_PREFIX_PATH}:/home/user/nanosaur/install/ros2_camera_receiver:/opt/ros/humble /usr/bin/cmake --build /home/user/nanosaur/build/nanosaur_msgs -- -j16 -l16
[0.749s] Level 1:colcon.colcon_core.environment:create_environment_scripts_only(nanosaur_worlds)
[0.751s] Level 1:colcon.colcon_core.environment:checking '/home/user/nanosaur/install/nanosaur_worlds' for CMake module files
[0.751s] DEBUG:colcon.colcon_core.event_handler.log_command:Invoked command in '/home/user/nanosaur/build/nanosaur_worlds' returned '0': CMAKE_PREFIX_PATH=${CMAKE_PREFIX_PATH}:/home/user/nanosaur/install/ros2_camera_receiver:/opt/ros/humble /usr/bin/cmake --install /home/user/nanosaur/build/nanosaur_worlds
[0.752s] Level 1:colcon.colcon_core.environment:checking '/home/user/nanosaur/install/nanosaur_worlds' for CMake config files
[0.752s] Level 1:colcon.colcon_core.shell:create_environment_hook('nanosaur_worlds', 'cmake_prefix_path')
[0.754s] INFO:colcon.colcon_core.shell:Creating environment hook '/home/user/nanosaur/install/nanosaur_worlds/share/nanosaur_worlds/hook/cmake_prefix_path.ps1'
[0.754s] INFO:colcon.colcon_core.shell:Creating environment descriptor '/home/user/nanosaur/install/nanosaur_worlds/share/nanosaur_worlds/hook/cmake_prefix_path.dsv'
[0.755s] INFO:colcon.colcon_core.shell:Creating environment hook '/home/user/nanosaur/install/nanosaur_worlds/share/nanosaur_worlds/hook/cmake_prefix_path.sh'
[0.755s] Level 1:colcon.colcon_core.environment:checking '/home/user/nanosaur/install/nanosaur_worlds/bin'
[0.755s] Level 1:colcon.colcon_core.environment:checking '/home/user/nanosaur/install/nanosaur_worlds/lib/pkgconfig/nanosaur_worlds.pc'
[0.756s] Level 1:colcon.colcon_core.environment:checking '/home/user/nanosaur/install/nanosaur_worlds/lib/python3.10/site-packages'
[0.756s] Level 1:colcon.colcon_core.environment:checking '/home/user/nanosaur/install/nanosaur_worlds/bin'
[0.757s] INFO:colcon.colcon_core.shell:Creating package script '/home/user/nanosaur/install/nanosaur_worlds/share/nanosaur_worlds/package.ps1'
[0.758s] INFO:colcon.colcon_core.shell:Creating package descriptor '/home/user/nanosaur/install/nanosaur_worlds/share/nanosaur_worlds/package.dsv'
[0.759s] INFO:colcon.colcon_core.shell:Creating package script '/home/user/nanosaur/install/nanosaur_worlds/share/nanosaur_worlds/package.sh'
[0.759s] INFO:colcon.colcon_core.shell:Creating package script '/home/user/nanosaur/install/nanosaur_worlds/share/nanosaur_worlds/package.bash'
[0.760s] INFO:colcon.colcon_core.shell:Creating package script '/home/user/nanosaur/install/nanosaur_worlds/share/nanosaur_worlds/package.zsh'
[0.760s] Level 1:colcon.colcon_core.environment:create_file_with_runtime_dependencies(/home/user/nanosaur/install/nanosaur_worlds/share/colcon-core/packages/nanosaur_worlds)
[0.761s] Level 1:colcon.colcon_core.environment:create_environment_scripts_only(nanosaur_simulations)
[0.763s] Level 1:colcon.colcon_core.environment:checking '/home/user/nanosaur/install/nanosaur_simulations' for CMake module files
[0.763s] DEBUG:colcon.colcon_core.event_handler.log_command:Invoked command in '/home/user/nanosaur/build/nanosaur_simulations' returned '0': CMAKE_PREFIX_PATH=${CMAKE_PREFIX_PATH}:/home/user/nanosaur/install/ros2_camera_receiver:/opt/ros/humble /usr/bin/cmake --install /home/user/nanosaur/build/nanosaur_simulations
[0.764s] Level 1:colcon.colcon_core.environment:checking '/home/user/nanosaur/install/nanosaur_simulations' for CMake config files
[0.764s] Level 1:colcon.colcon_core.shell:create_environment_hook('nanosaur_simulations', 'cmake_prefix_path')
[0.765s] INFO:colcon.colcon_core.shell:Creating environment hook '/home/user/nanosaur/install/nanosaur_simulations/share/nanosaur_simulations/hook/cmake_prefix_path.ps1'
[0.765s] INFO:colcon.colcon_core.shell:Creating environment descriptor '/home/user/nanosaur/install/nanosaur_simulations/share/nanosaur_simulations/hook/cmake_prefix_path.dsv'
[0.766s] INFO:colcon.colcon_core.shell:Creating environment hook '/home/user/nanosaur/install/nanosaur_simulations/share/nanosaur_simulations/hook/cmake_prefix_path.sh'
[0.766s] Level 1:colcon.colcon_core.environment:checking '/home/user/nanosaur/install/nanosaur_simulations/bin'
[0.766s] Level 1:colcon.colcon_core.environment:checking '/home/user/nanosaur/install/nanosaur_simulations/lib/pkgconfig/nanosaur_simulations.pc'
[0.766s] Level 1:colcon.colcon_core.environment:checking '/home/user/nanosaur/install/nanosaur_simulations/lib/python3.10/site-packages'
[0.767s] Level 1:colcon.colcon_core.environment:checking '/home/user/nanosaur/install/nanosaur_simulations/bin'
[0.768s] INFO:colcon.colcon_core.shell:Creating package script '/home/user/nanosaur/install/nanosaur_simulations/share/nanosaur_simulations/package.ps1'
[0.769s] INFO:colcon.colcon_core.shell:Creating package descriptor '/home/user/nanosaur/install/nanosaur_simulations/share/nanosaur_simulations/package.dsv'
[0.769s] INFO:colcon.colcon_core.shell:Creating package script '/home/user/nanosaur/install/nanosaur_simulations/share/nanosaur_simulations/package.sh'
[0.769s] INFO:colcon.colcon_core.shell:Creating package script '/home/user/nanosaur/install/nanosaur_simulations/share/nanosaur_simulations/package.bash'
[0.770s] INFO:colcon.colcon_core.shell:Creating package script '/home/user/nanosaur/install/nanosaur_simulations/share/nanosaur_simulations/package.zsh'
[0.770s] Level 1:colcon.colcon_core.environment:create_file_with_runtime_dependencies(/home/user/nanosaur/install/nanosaur_simulations/share/colcon-core/packages/nanosaur_simulations)
[0.774s] Level 1:colcon.colcon_core.environment:create_environment_scripts_only(nanosaur_description)
[0.775s] Level 1:colcon.colcon_core.environment:checking '/home/user/nanosaur/install/nanosaur_description' for CMake module files
[0.776s] Level 1:colcon.colcon_core.environment:checking '/home/user/nanosaur/install/nanosaur_description' for CMake config files
[0.776s] Level 1:colcon.colcon_core.shell:create_environment_hook('nanosaur_description', 'cmake_prefix_path')
[0.777s] INFO:colcon.colcon_core.shell:Creating environment hook '/home/user/nanosaur/install/nanosaur_description/share/nanosaur_description/hook/cmake_prefix_path.ps1'
[0.778s] INFO:colcon.colcon_core.shell:Creating environment descriptor '/home/user/nanosaur/install/nanosaur_description/share/nanosaur_description/hook/cmake_prefix_path.dsv'
[0.778s] INFO:colcon.colcon_core.shell:Creating environment hook '/home/user/nanosaur/install/nanosaur_description/share/nanosaur_description/hook/cmake_prefix_path.sh'
[0.779s] Level 1:colcon.colcon_core.environment:checking '/home/user/nanosaur/install/nanosaur_description/bin'
[0.779s] Level 1:colcon.colcon_core.environment:checking '/home/user/nanosaur/install/nanosaur_description/lib/pkgconfig/nanosaur_description.pc'
[0.779s] Level 1:colcon.colcon_core.environment:checking '/home/user/nanosaur/install/nanosaur_description/lib/python3.10/site-packages'
[0.779s] Level 1:colcon.colcon_core.environment:checking '/home/user/nanosaur/install/nanosaur_description/bin'
[0.781s] INFO:colcon.colcon_core.shell:Creating package script '/home/user/nanosaur/install/nanosaur_description/share/nanosaur_description/package.ps1'
[0.781s] INFO:colcon.colcon_core.shell:Creating package descriptor '/home/user/nanosaur/install/nanosaur_description/share/nanosaur_description/package.dsv'
[0.782s] INFO:colcon.colcon_core.shell:Creating package script '/home/user/nanosaur/install/nanosaur_description/share/nanosaur_description/package.sh'
[0.782s] INFO:colcon.colcon_core.shell:Creating package script '/home/user/nanosaur/install/nanosaur_description/share/nanosaur_description/package.bash'
[0.782s] INFO:colcon.colcon_core.shell:Creating package script '/home/user/nanosaur/install/nanosaur_description/share/nanosaur_description/package.zsh'
[0.783s] Level 1:colcon.colcon_core.environment:create_file_with_runtime_dependencies(/home/user/nanosaur/install/nanosaur_description/share/colcon-core/packages/nanosaur_description)
[0.784s] Level 1:colcon.colcon_core.environment:create_environment_scripts_only(nanosaur_control)
[0.785s] Level 1:colcon.colcon_core.environment:checking '/home/user/nanosaur/install/nanosaur_control' for CMake module files
[0.786s] Level 1:colcon.colcon_core.environment:checking '/home/user/nanosaur/install/nanosaur_control' for CMake config files
[0.786s] Level 1:colcon.colcon_core.shell:create_environment_hook('nanosaur_control', 'cmake_prefix_path')
[0.787s] INFO:colcon.colcon_core.shell:Creating environment hook '/home/user/nanosaur/install/nanosaur_control/share/nanosaur_control/hook/cmake_prefix_path.ps1'
[0.788s] INFO:colcon.colcon_core.shell:Creating environment descriptor '/home/user/nanosaur/install/nanosaur_control/share/nanosaur_control/hook/cmake_prefix_path.dsv'
[0.788s] INFO:colcon.colcon_core.shell:Creating environment hook '/home/user/nanosaur/install/nanosaur_control/share/nanosaur_control/hook/cmake_prefix_path.sh'
[0.789s] Level 1:colcon.colcon_core.environment:checking '/home/user/nanosaur/install/nanosaur_control/bin'
[0.789s] Level 1:colcon.colcon_core.environment:checking '/home/user/nanosaur/install/nanosaur_control/lib/pkgconfig/nanosaur_control.pc'
[0.789s] Level 1:colcon.colcon_core.environment:checking '/home/user/nanosaur/install/nanosaur_control/lib/python3.10/site-packages'
[0.789s] Level 1:colcon.colcon_core.environment:checking '/home/user/nanosaur/install/nanosaur_control/bin'
[0.790s] INFO:colcon.colcon_core.shell:Creating package script '/home/user/nanosaur/install/nanosaur_control/share/nanosaur_control/package.ps1'
[0.791s] INFO:colcon.colcon_core.shell:Creating package descriptor '/home/user/nanosaur/install/nanosaur_control/share/nanosaur_control/package.dsv'
[0.791s] INFO:colcon.colcon_core.shell:Creating package script '/home/user/nanosaur/install/nanosaur_control/share/nanosaur_control/package.sh'
[0.792s] INFO:colcon.colcon_core.shell:Creating package script '/home/user/nanosaur/install/nanosaur_control/share/nanosaur_control/package.bash'
[0.792s] INFO:colcon.colcon_core.shell:Creating package script '/home/user/nanosaur/install/nanosaur_control/share/nanosaur_control/package.zsh'
[0.792s] Level 1:colcon.colcon_core.environment:create_file_with_runtime_dependencies(/home/user/nanosaur/install/nanosaur_control/share/colcon-core/packages/nanosaur_control)
[0.793s] INFO:colcon.colcon_ros.task.ament_cmake.build:Building ROS package in '/home/user/nanosaur/src/nanosaur_simulations/nanosaur_gazebo' with build type 'ament_cmake'
[0.793s] INFO:colcon.colcon_cmake.task.cmake.build:Building CMake package in '/home/user/nanosaur/src/nanosaur_simulations/nanosaur_gazebo'
[0.795s] INFO:colcon.colcon_core.shell:Skip shell extension 'powershell' for command environment: Not usable outside of PowerShell
[0.795s] DEBUG:colcon.colcon_core.shell:Skip shell extension 'dsv' for command environment
[0.802s] Level 1:colcon.colcon_core.environment:create_environment_scripts_only(nanosaur_worlds)
[0.804s] Level 1:colcon.colcon_core.environment:checking '/home/user/nanosaur/install/nanosaur_worlds' for CMake module files
[0.804s] Level 1:colcon.colcon_core.environment:checking '/home/user/nanosaur/install/nanosaur_worlds' for CMake config files
[0.804s] Level 1:colcon.colcon_core.shell:create_environment_hook('nanosaur_worlds', 'cmake_prefix_path')
[0.805s] INFO:colcon.colcon_core.shell:Creating environment hook '/home/user/nanosaur/install/nanosaur_worlds/share/nanosaur_worlds/hook/cmake_prefix_path.ps1'
[0.806s] INFO:colcon.colcon_core.shell:Creating environment descriptor '/home/user/nanosaur/install/nanosaur_worlds/share/nanosaur_worlds/hook/cmake_prefix_path.dsv'
[0.806s] INFO:colcon.colcon_core.shell:Creating environment hook '/home/user/nanosaur/install/nanosaur_worlds/share/nanosaur_worlds/hook/cmake_prefix_path.sh'
[0.806s] Level 1:colcon.colcon_core.environment:checking '/home/user/nanosaur/install/nanosaur_worlds/bin'
[0.806s] Level 1:colcon.colcon_core.environment:checking '/home/user/nanosaur/install/nanosaur_worlds/lib/pkgconfig/nanosaur_worlds.pc'
[0.806s] Level 1:colcon.colcon_core.environment:checking '/home/user/nanosaur/install/nanosaur_worlds/lib/python3.10/site-packages'
[0.807s] Level 1:colcon.colcon_core.environment:checking '/home/user/nanosaur/install/nanosaur_worlds/bin'
[0.808s] INFO:colcon.colcon_core.shell:Creating package script '/home/user/nanosaur/install/nanosaur_worlds/share/nanosaur_worlds/package.ps1'
[0.809s] INFO:colcon.colcon_core.shell:Creating package descriptor '/home/user/nanosaur/install/nanosaur_worlds/share/nanosaur_worlds/package.dsv'
[0.809s] INFO:colcon.colcon_core.shell:Creating package script '/home/user/nanosaur/install/nanosaur_worlds/share/nanosaur_worlds/package.sh'
[0.809s] INFO:colcon.colcon_core.shell:Creating package script '/home/user/nanosaur/install/nanosaur_worlds/share/nanosaur_worlds/package.bash'
[0.810s] INFO:colcon.colcon_core.shell:Creating package script '/home/user/nanosaur/install/nanosaur_worlds/share/nanosaur_worlds/package.zsh'
[0.810s] Level 1:colcon.colcon_core.environment:create_file_with_runtime_dependencies(/home/user/nanosaur/install/nanosaur_worlds/share/colcon-core/packages/nanosaur_worlds)
[0.812s] Level 1:colcon.colcon_core.environment:create_environment_scripts_only(nanosaur_simulations)
[0.815s] Level 1:colcon.colcon_core.environment:checking '/home/user/nanosaur/install/nanosaur_simulations' for CMake module files
[0.817s] Level 1:colcon.colcon_core.environment:checking '/home/user/nanosaur/install/nanosaur_simulations' for CMake config files
[0.817s] Level 1:colcon.colcon_core.shell:create_environment_hook('nanosaur_simulations', 'cmake_prefix_path')
[0.819s] INFO:colcon.colcon_core.shell:Creating environment hook '/home/user/nanosaur/install/nanosaur_simulations/share/nanosaur_simulations/hook/cmake_prefix_path.ps1'
[0.820s] INFO:colcon.colcon_core.shell:Creating environment descriptor '/home/user/nanosaur/install/nanosaur_simulations/share/nanosaur_simulations/hook/cmake_prefix_path.dsv'
[0.821s] INFO:colcon.colcon_core.shell:Creating environment hook '/home/user/nanosaur/install/nanosaur_simulations/share/nanosaur_simulations/hook/cmake_prefix_path.sh'
[0.821s] Level 1:colcon.colcon_core.environment:checking '/home/user/nanosaur/install/nanosaur_simulations/bin'
[0.822s] Level 1:colcon.colcon_core.environment:checking '/home/user/nanosaur/install/nanosaur_simulations/lib/pkgconfig/nanosaur_simulations.pc'
[0.822s] Level 1:colcon.colcon_core.environment:checking '/home/user/nanosaur/install/nanosaur_simulations/lib/python3.10/site-packages'
[0.822s] Level 1:colcon.colcon_core.environment:checking '/home/user/nanosaur/install/nanosaur_simulations/bin'
[0.825s] INFO:colcon.colcon_core.shell:Creating package script '/home/user/nanosaur/install/nanosaur_simulations/share/nanosaur_simulations/package.ps1'
[0.826s] INFO:colcon.colcon_core.shell:Creating package descriptor '/home/user/nanosaur/install/nanosaur_simulations/share/nanosaur_simulations/package.dsv'
[0.826s] INFO:colcon.colcon_core.shell:Creating package script '/home/user/nanosaur/install/nanosaur_simulations/share/nanosaur_simulations/package.sh'
[0.827s] INFO:colcon.colcon_core.shell:Creating package script '/home/user/nanosaur/install/nanosaur_simulations/share/nanosaur_simulations/package.bash'
[0.828s] INFO:colcon.colcon_core.shell:Creating package script '/home/user/nanosaur/install/nanosaur_simulations/share/nanosaur_simulations/package.zsh'
[0.828s] Level 1:colcon.colcon_core.environment:create_file_with_runtime_dependencies(/home/user/nanosaur/install/nanosaur_simulations/share/colcon-core/packages/nanosaur_simulations)
[0.834s] DEBUG:colcon.colcon_core.event_handler.log_command:Invoking command in '/home/user/nanosaur/build/nanosaur_gazebo': CMAKE_PREFIX_PATH=/home/user/nanosaur/install/nanosaur_description:/home/user/nanosaur/install/nanosaur_control:/home/user/nanosaur/install/nanosaur_worlds:/home/user/nanosaur/install/nanosaur_simulations:/home/user/nanosaur/install/nanosaur:/home/user/nanosaur/install/nanosaur_msgs:/home/user/nanosaur/install/nanosaur_gazebo:/home/user/nanosaur/install/ros2_camera_receiver:/opt/ros/humble /usr/bin/cmake --build /home/user/nanosaur/build/nanosaur_gazebo -- -j16 -l16
[0.850s] DEBUG:colcon.colcon_core.event_handler.log_command:Invoking command in '/home/user/nanosaur/build/nanosaur_msgs': CMAKE_PREFIX_PATH=${CMAKE_PREFIX_PATH}:/home/user/nanosaur/install/ros2_camera_receiver:/opt/ros/humble /usr/bin/cmake --install /home/user/nanosaur/build/nanosaur_msgs
[0.876s] DEBUG:colcon.colcon_core.event_handler.log_command:Invoked command in '/home/user/nanosaur/build/nanosaur_gazebo' returned '0': CMAKE_PREFIX_PATH=/home/user/nanosaur/install/nanosaur_description:/home/user/nanosaur/install/nanosaur_control:/home/user/nanosaur/install/nanosaur_worlds:/home/user/nanosaur/install/nanosaur_simulations:/home/user/nanosaur/install/nanosaur:/home/user/nanosaur/install/nanosaur_msgs:/home/user/nanosaur/install/nanosaur_gazebo:/home/user/nanosaur/install/ros2_camera_receiver:/opt/ros/humble /usr/bin/cmake --build /home/user/nanosaur/build/nanosaur_gazebo -- -j16 -l16
[0.904s] DEBUG:colcon.colcon_core.event_handler.log_command:Invoking command in '/home/user/nanosaur/build/nanosaur_gazebo': CMAKE_PREFIX_PATH=/home/user/nanosaur/install/nanosaur_description:/home/user/nanosaur/install/nanosaur_control:/home/user/nanosaur/install/nanosaur_worlds:/home/user/nanosaur/install/nanosaur_simulations:/home/user/nanosaur/install/nanosaur:/home/user/nanosaur/install/nanosaur_msgs:/home/user/nanosaur/install/nanosaur_gazebo:/home/user/nanosaur/install/ros2_camera_receiver:/opt/ros/humble /usr/bin/cmake --install /home/user/nanosaur/build/nanosaur_gazebo
[0.905s] Level 1:colcon.colcon_core.environment:create_environment_scripts_only(nanosaur_msgs)
[0.908s] Level 1:colcon.colcon_core.environment:checking '/home/user/nanosaur/install/nanosaur_msgs' for CMake module files
[0.909s] DEBUG:colcon.colcon_core.event_handler.log_command:Invoked command in '/home/user/nanosaur/build/nanosaur_msgs' returned '0': CMAKE_PREFIX_PATH=${CMAKE_PREFIX_PATH}:/home/user/nanosaur/install/ros2_camera_receiver:/opt/ros/humble /usr/bin/cmake --install /home/user/nanosaur/build/nanosaur_msgs
[0.910s] Level 1:colcon.colcon_core.environment:checking '/home/user/nanosaur/install/nanosaur_msgs' for CMake config files
[0.911s] Level 1:colcon.colcon_core.shell:create_environment_hook('nanosaur_msgs', 'cmake_prefix_path')
[0.914s] INFO:colcon.colcon_core.shell:Creating environment hook '/home/user/nanosaur/install/nanosaur_msgs/share/nanosaur_msgs/hook/cmake_prefix_path.ps1'
[0.915s] INFO:colcon.colcon_core.shell:Creating environment descriptor '/home/user/nanosaur/install/nanosaur_msgs/share/nanosaur_msgs/hook/cmake_prefix_path.dsv'
[0.918s] INFO:colcon.colcon_core.shell:Creating environment hook '/home/user/nanosaur/install/nanosaur_msgs/share/nanosaur_msgs/hook/cmake_prefix_path.sh'
[0.919s] Level 1:colcon.colcon_core.environment:checking '/home/user/nanosaur/install/nanosaur_msgs/lib'
[0.919s] Level 1:colcon.colcon_core.shell:create_environment_hook('nanosaur_msgs', 'ld_library_path_lib')
[0.920s] INFO:colcon.colcon_core.shell:Creating environment hook '/home/user/nanosaur/install/nanosaur_msgs/share/nanosaur_msgs/hook/ld_library_path_lib.ps1'
[0.921s] INFO:colcon.colcon_core.shell:Creating environment descriptor '/home/user/nanosaur/install/nanosaur_msgs/share/nanosaur_msgs/hook/ld_library_path_lib.dsv'
[0.921s] INFO:colcon.colcon_core.shell:Creating environment hook '/home/user/nanosaur/install/nanosaur_msgs/share/nanosaur_msgs/hook/ld_library_path_lib.sh'
[0.921s] Level 1:colcon.colcon_core.environment:checking '/home/user/nanosaur/install/nanosaur_msgs/bin'
[0.921s] Level 1:colcon.colcon_core.environment:checking '/home/user/nanosaur/install/nanosaur_msgs/lib/pkgconfig/nanosaur_msgs.pc'
[0.922s] Level 1:colcon.colcon_core.environment:checking '/home/user/nanosaur/install/nanosaur_msgs/lib/python3.10/site-packages'
[0.922s] Level 1:colcon.colcon_core.environment:checking '/home/user/nanosaur/install/nanosaur_msgs/bin'
[0.923s] INFO:colcon.colcon_core.shell:Creating package script '/home/user/nanosaur/install/nanosaur_msgs/share/nanosaur_msgs/package.ps1'
[0.923s] INFO:colcon.colcon_core.shell:Creating package descriptor '/home/user/nanosaur/install/nanosaur_msgs/share/nanosaur_msgs/package.dsv'
[0.923s] INFO:colcon.colcon_core.shell:Creating package script '/home/user/nanosaur/install/nanosaur_msgs/share/nanosaur_msgs/package.sh'
[0.924s] INFO:colcon.colcon_core.shell:Creating package script '/home/user/nanosaur/install/nanosaur_msgs/share/nanosaur_msgs/package.bash'
[0.924s] INFO:colcon.colcon_core.shell:Creating package script '/home/user/nanosaur/install/nanosaur_msgs/share/nanosaur_msgs/package.zsh'
[0.924s] Level 1:colcon.colcon_core.environment:create_file_with_runtime_dependencies(/home/user/nanosaur/install/nanosaur_msgs/share/colcon-core/packages/nanosaur_msgs)
[0.926s] Level 1:colcon.colcon_core.environment:create_environment_scripts_only(nanosaur_gazebo)
[0.928s] Level 1:colcon.colcon_core.environment:checking '/home/user/nanosaur/install/nanosaur_gazebo' for CMake module files
[0.929s] DEBUG:colcon.colcon_core.event_handler.log_command:Invoked command in '/home/user/nanosaur/build/nanosaur_gazebo' returned '0': CMAKE_PREFIX_PATH=/home/user/nanosaur/install/nanosaur_description:/home/user/nanosaur/install/nanosaur_control:/home/user/nanosaur/install/nanosaur_worlds:/home/user/nanosaur/install/nanosaur_simulations:/home/user/nanosaur/install/nanosaur:/home/user/nanosaur/install/nanosaur_msgs:/home/user/nanosaur/install/nanosaur_gazebo:/home/user/nanosaur/install/ros2_camera_receiver:/opt/ros/humble /usr/bin/cmake --install /home/user/nanosaur/build/nanosaur_gazebo
[0.929s] Level 1:colcon.colcon_core.environment:checking '/home/user/nanosaur/install/nanosaur_gazebo' for CMake config files
[0.929s] Level 1:colcon.colcon_core.shell:create_environment_hook('nanosaur_gazebo', 'cmake_prefix_path')
[0.930s] INFO:colcon.colcon_core.shell:Creating environment hook '/home/user/nanosaur/install/nanosaur_gazebo/share/nanosaur_gazebo/hook/cmake_prefix_path.ps1'
[0.931s] INFO:colcon.colcon_core.shell:Creating environment descriptor '/home/user/nanosaur/install/nanosaur_gazebo/share/nanosaur_gazebo/hook/cmake_prefix_path.dsv'
[0.931s] INFO:colcon.colcon_core.shell:Creating environment hook '/home/user/nanosaur/install/nanosaur_gazebo/share/nanosaur_gazebo/hook/cmake_prefix_path.sh'
[0.931s] Level 1:colcon.colcon_core.environment:checking '/home/user/nanosaur/install/nanosaur_gazebo/bin'
[0.931s] Level 1:colcon.colcon_core.environment:checking '/home/user/nanosaur/install/nanosaur_gazebo/lib/pkgconfig/nanosaur_gazebo.pc'
[0.932s] Level 1:colcon.colcon_core.environment:checking '/home/user/nanosaur/install/nanosaur_gazebo/lib/python3.10/site-packages'
[0.932s] Level 1:colcon.colcon_core.environment:checking '/home/user/nanosaur/install/nanosaur_gazebo/bin'
[0.933s] INFO:colcon.colcon_core.shell:Creating package script '/home/user/nanosaur/install/nanosaur_gazebo/share/nanosaur_gazebo/package.ps1'
[0.934s] INFO:colcon.colcon_core.shell:Creating package descriptor '/home/user/nanosaur/install/nanosaur_gazebo/share/nanosaur_gazebo/package.dsv'
[0.934s] INFO:colcon.colcon_core.shell:Creating package script '/home/user/nanosaur/install/nanosaur_gazebo/share/nanosaur_gazebo/package.sh'
[0.934s] INFO:colcon.colcon_core.shell:Creating package script '/home/user/nanosaur/install/nanosaur_gazebo/share/nanosaur_gazebo/package.bash'
[0.934s] INFO:colcon.colcon_core.shell:Creating package script '/home/user/nanosaur/install/nanosaur_gazebo/share/nanosaur_gazebo/package.zsh'
[0.935s] Level 1:colcon.colcon_core.environment:create_file_with_runtime_dependencies(/home/user/nanosaur/install/nanosaur_gazebo/share/colcon-core/packages/nanosaur_gazebo)
[0.967s] Level 1:colcon.colcon_core.environment:create_environment_scripts_only(nanosaur_gazebo)
[0.970s] Level 1:colcon.colcon_core.environment:checking '/home/user/nanosaur/install/nanosaur_gazebo' for CMake module files
[0.971s] DEBUG:colcon.colcon_core.event_handler.log_command:Invoking command in '/home/user/nanosaur/src/ros2_camera_receiver': PYTHONPATH=/home/user/nanosaur/build/ros2_camera_receiver/prefix_override:/home/user/nanosaur/install/ros2_camera_receiver/lib/python3.10/site-packages:${PYTHONPATH} /usr/bin/python3 setup.py egg_info --egg-base ../../build/ros2_camera_receiver build --build-base /home/user/nanosaur/build/ros2_camera_receiver/build install --record /home/user/nanosaur/build/ros2_camera_receiver/install.log --single-version-externally-managed
[0.971s] Level 1:colcon.colcon_core.environment:checking '/home/user/nanosaur/install/nanosaur_gazebo' for CMake config files
[0.972s] Level 1:colcon.colcon_core.shell:create_environment_hook('nanosaur_gazebo', 'cmake_prefix_path')
[0.973s] INFO:colcon.colcon_core.shell:Creating environment hook '/home/user/nanosaur/install/nanosaur_gazebo/share/nanosaur_gazebo/hook/cmake_prefix_path.ps1'
[0.973s] INFO:colcon.colcon_core.shell:Creating environment descriptor '/home/user/nanosaur/install/nanosaur_gazebo/share/nanosaur_gazebo/hook/cmake_prefix_path.dsv'
[0.974s] INFO:colcon.colcon_core.shell:Creating environment hook '/home/user/nanosaur/install/nanosaur_gazebo/share/nanosaur_gazebo/hook/cmake_prefix_path.sh'
[0.974s] Level 1:colcon.colcon_core.environment:checking '/home/user/nanosaur/install/nanosaur_gazebo/bin'
[0.974s] Level 1:colcon.colcon_core.environment:checking '/home/user/nanosaur/install/nanosaur_gazebo/lib/pkgconfig/nanosaur_gazebo.pc'
[0.974s] Level 1:colcon.colcon_core.environment:checking '/home/user/nanosaur/install/nanosaur_gazebo/lib/python3.10/site-packages'
[0.974s] Level 1:colcon.colcon_core.environment:checking '/home/user/nanosaur/install/nanosaur_gazebo/bin'
[0.975s] INFO:colcon.colcon_core.shell:Creating package script '/home/user/nanosaur/install/nanosaur_gazebo/share/nanosaur_gazebo/package.ps1'
[0.976s] INFO:colcon.colcon_core.shell:Creating package descriptor '/home/user/nanosaur/install/nanosaur_gazebo/share/nanosaur_gazebo/package.dsv'
[0.976s] INFO:colcon.colcon_core.shell:Creating package script '/home/user/nanosaur/install/nanosaur_gazebo/share/nanosaur_gazebo/package.sh'
[0.977s] INFO:colcon.colcon_core.shell:Creating package script '/home/user/nanosaur/install/nanosaur_gazebo/share/nanosaur_gazebo/package.bash'
[0.977s] INFO:colcon.colcon_core.shell:Creating package script '/home/user/nanosaur/install/nanosaur_gazebo/share/nanosaur_gazebo/package.zsh'
[0.977s] Level 1:colcon.colcon_core.environment:create_file_with_runtime_dependencies(/home/user/nanosaur/install/nanosaur_gazebo/share/colcon-core/packages/nanosaur_gazebo)
[1.000s] Level 1:colcon.colcon_core.environment:create_environment_scripts_only(nanosaur_msgs)
[1.003s] Level 1:colcon.colcon_core.environment:checking '/home/user/nanosaur/install/nanosaur_msgs' for CMake module files
[1.004s] Level 1:colcon.colcon_core.environment:checking '/home/user/nanosaur/install/nanosaur_msgs' for CMake config files
[1.006s] Level 1:colcon.colcon_core.shell:create_environment_hook('nanosaur_msgs', 'cmake_prefix_path')
[1.008s] INFO:colcon.colcon_core.shell:Creating environment hook '/home/user/nanosaur/install/nanosaur_msgs/share/nanosaur_msgs/hook/cmake_prefix_path.ps1'
[1.009s] INFO:colcon.colcon_core.shell:Creating environment descriptor '/home/user/nanosaur/install/nanosaur_msgs/share/nanosaur_msgs/hook/cmake_prefix_path.dsv'
[1.009s] INFO:colcon.colcon_core.shell:Creating environment hook '/home/user/nanosaur/install/nanosaur_msgs/share/nanosaur_msgs/hook/cmake_prefix_path.sh'
[1.010s] Level 1:colcon.colcon_core.environment:checking '/home/user/nanosaur/install/nanosaur_msgs/lib'
[1.010s] Level 1:colcon.colcon_core.shell:create_environment_hook('nanosaur_msgs', 'ld_library_path_lib')
[1.011s] INFO:colcon.colcon_core.shell:Creating environment hook '/home/user/nanosaur/install/nanosaur_msgs/share/nanosaur_msgs/hook/ld_library_path_lib.ps1'
[1.011s] INFO:colcon.colcon_core.shell:Creating environment descriptor '/home/user/nanosaur/install/nanosaur_msgs/share/nanosaur_msgs/hook/ld_library_path_lib.dsv'
[1.011s] INFO:colcon.colcon_core.shell:Creating environment hook '/home/user/nanosaur/install/nanosaur_msgs/share/nanosaur_msgs/hook/ld_library_path_lib.sh'
[1.011s] Level 1:colcon.colcon_core.environment:checking '/home/user/nanosaur/install/nanosaur_msgs/bin'
[1.011s] Level 1:colcon.colcon_core.environment:checking '/home/user/nanosaur/install/nanosaur_msgs/lib/pkgconfig/nanosaur_msgs.pc'
[1.012s] Level 1:colcon.colcon_core.environment:checking '/home/user/nanosaur/install/nanosaur_msgs/lib/python3.10/site-packages'
[1.012s] Level 1:colcon.colcon_core.environment:checking '/home/user/nanosaur/install/nanosaur_msgs/bin'
[1.013s] INFO:colcon.colcon_core.shell:Creating package script '/home/user/nanosaur/install/nanosaur_msgs/share/nanosaur_msgs/package.ps1'
[1.013s] INFO:colcon.colcon_core.shell:Creating package descriptor '/home/user/nanosaur/install/nanosaur_msgs/share/nanosaur_msgs/package.dsv'
[1.013s] INFO:colcon.colcon_core.shell:Creating package script '/home/user/nanosaur/install/nanosaur_msgs/share/nanosaur_msgs/package.sh'
[1.014s] INFO:colcon.colcon_core.shell:Creating package script '/home/user/nanosaur/install/nanosaur_msgs/share/nanosaur_msgs/package.bash'
[1.014s] INFO:colcon.colcon_core.shell:Creating package script '/home/user/nanosaur/install/nanosaur_msgs/share/nanosaur_msgs/package.zsh'
[1.014s] Level 1:colcon.colcon_core.environment:create_file_with_runtime_dependencies(/home/user/nanosaur/install/nanosaur_msgs/share/colcon-core/packages/nanosaur_msgs)
[1.014s] INFO:colcon.colcon_ros.task.ament_cmake.build:Building ROS package in '/home/user/nanosaur/src/nanosaur/nanosaur' with build type 'ament_cmake'
[1.015s] INFO:colcon.colcon_cmake.task.cmake.build:Building CMake package in '/home/user/nanosaur/src/nanosaur/nanosaur'
[1.015s] INFO:colcon.colcon_core.shell:Skip shell extension 'powershell' for command environment: Not usable outside of PowerShell
[1.015s] DEBUG:colcon.colcon_core.shell:Skip shell extension 'dsv' for command environment
[1.032s] DEBUG:colcon.colcon_core.event_handler.log_command:Invoking command in '/home/user/nanosaur/build/nanosaur': CMAKE_PREFIX_PATH=/home/user/nanosaur/install/nanosaur_msgs:/home/user/nanosaur/install/nanosaur_description:/home/user/nanosaur/install/nanosaur_control:/home/user/nanosaur/install/nanosaur_worlds:/home/user/nanosaur/install/nanosaur_simulations:/home/user/nanosaur/install/nanosaur:/home/user/nanosaur/install/nanosaur_gazebo:/home/user/nanosaur/install/ros2_camera_receiver:/opt/ros/humble /usr/bin/cmake --build /home/user/nanosaur/build/nanosaur -- -j16 -l16
[1.078s] DEBUG:colcon.colcon_core.event_handler.log_command:Invoked command in '/home/user/nanosaur/build/nanosaur' returned '0': CMAKE_PREFIX_PATH=/home/user/nanosaur/install/nanosaur_msgs:/home/user/nanosaur/install/nanosaur_description:/home/user/nanosaur/install/nanosaur_control:/home/user/nanosaur/install/nanosaur_worlds:/home/user/nanosaur/install/nanosaur_simulations:/home/user/nanosaur/install/nanosaur:/home/user/nanosaur/install/nanosaur_gazebo:/home/user/nanosaur/install/ros2_camera_receiver:/opt/ros/humble /usr/bin/cmake --build /home/user/nanosaur/build/nanosaur -- -j16 -l16
[1.113s] DEBUG:colcon.colcon_core.event_handler.log_command:Invoking command in '/home/user/nanosaur/build/nanosaur': CMAKE_PREFIX_PATH=/home/user/nanosaur/install/nanosaur_msgs:/home/user/nanosaur/install/nanosaur_description:/home/user/nanosaur/install/nanosaur_control:/home/user/nanosaur/install/nanosaur_worlds:/home/user/nanosaur/install/nanosaur_simulations:/home/user/nanosaur/install/nanosaur:/home/user/nanosaur/install/nanosaur_gazebo:/home/user/nanosaur/install/ros2_camera_receiver:/opt/ros/humble /usr/bin/cmake --install /home/user/nanosaur/build/nanosaur
[1.127s] Level 1:colcon.colcon_core.environment:create_environment_scripts_only(nanosaur)
[1.131s] Level 1:colcon.colcon_core.environment:checking '/home/user/nanosaur/install/nanosaur' for CMake module files
[1.131s] DEBUG:colcon.colcon_core.event_handler.log_command:Invoked command in '/home/user/nanosaur/build/nanosaur' returned '0': CMAKE_PREFIX_PATH=/home/user/nanosaur/install/nanosaur_msgs:/home/user/nanosaur/install/nanosaur_description:/home/user/nanosaur/install/nanosaur_control:/home/user/nanosaur/install/nanosaur_worlds:/home/user/nanosaur/install/nanosaur_simulations:/home/user/nanosaur/install/nanosaur:/home/user/nanosaur/install/nanosaur_gazebo:/home/user/nanosaur/install/ros2_camera_receiver:/opt/ros/humble /usr/bin/cmake --install /home/user/nanosaur/build/nanosaur
[1.132s] Level 1:colcon.colcon_core.environment:checking '/home/user/nanosaur/install/nanosaur' for CMake config files
[1.132s] Level 1:colcon.colcon_core.shell:create_environment_hook('nanosaur', 'cmake_prefix_path')
[1.135s] INFO:colcon.colcon_core.shell:Creating environment hook '/home/user/nanosaur/install/nanosaur/share/nanosaur/hook/cmake_prefix_path.ps1'
[1.136s] INFO:colcon.colcon_core.shell:Creating environment descriptor '/home/user/nanosaur/install/nanosaur/share/nanosaur/hook/cmake_prefix_path.dsv'
[1.137s] INFO:colcon.colcon_core.shell:Creating environment hook '/home/user/nanosaur/install/nanosaur/share/nanosaur/hook/cmake_prefix_path.sh'
[1.139s] Level 1:colcon.colcon_core.environment:checking '/home/user/nanosaur/install/nanosaur/bin'
[1.139s] Level 1:colcon.colcon_core.environment:checking '/home/user/nanosaur/install/nanosaur/lib/pkgconfig/nanosaur.pc'
[1.140s] Level 1:colcon.colcon_core.environment:checking '/home/user/nanosaur/install/nanosaur/lib/python3.10/site-packages'
[1.140s] Level 1:colcon.colcon_core.environment:checking '/home/user/nanosaur/install/nanosaur/bin'
[1.142s] INFO:colcon.colcon_core.shell:Creating package script '/home/user/nanosaur/install/nanosaur/share/nanosaur/package.ps1'
[1.145s] INFO:colcon.colcon_core.shell:Creating package descriptor '/home/user/nanosaur/install/nanosaur/share/nanosaur/package.dsv'
[1.146s] INFO:colcon.colcon_core.shell:Creating package script '/home/user/nanosaur/install/nanosaur/share/nanosaur/package.sh'
[1.146s] INFO:colcon.colcon_core.shell:Creating package script '/home/user/nanosaur/install/nanosaur/share/nanosaur/package.bash'
[1.147s] INFO:colcon.colcon_core.shell:Creating package script '/home/user/nanosaur/install/nanosaur/share/nanosaur/package.zsh'
[1.147s] Level 1:colcon.colcon_core.environment:create_file_with_runtime_dependencies(/home/user/nanosaur/install/nanosaur/share/colcon-core/packages/nanosaur)
[1.176s] Level 1:colcon.colcon_core.environment:create_environment_scripts_only(nanosaur)
[1.179s] Level 1:colcon.colcon_core.environment:checking '/home/user/nanosaur/install/nanosaur' for CMake module files
[1.180s] Level 1:colcon.colcon_core.environment:checking '/home/user/nanosaur/install/nanosaur' for CMake config files
[1.181s] Level 1:colcon.colcon_core.shell:create_environment_hook('nanosaur', 'cmake_prefix_path')
[1.183s] INFO:colcon.colcon_core.shell:Creating environment hook '/home/user/nanosaur/install/nanosaur/share/nanosaur/hook/cmake_prefix_path.ps1'
[1.183s] INFO:colcon.colcon_core.shell:Creating environment descriptor '/home/user/nanosaur/install/nanosaur/share/nanosaur/hook/cmake_prefix_path.dsv'
[1.184s] INFO:colcon.colcon_core.shell:Creating environment hook '/home/user/nanosaur/install/nanosaur/share/nanosaur/hook/cmake_prefix_path.sh'
[1.185s] Level 1:colcon.colcon_core.environment:checking '/home/user/nanosaur/install/nanosaur/bin'
[1.185s] Level 1:colcon.colcon_core.environment:checking '/home/user/nanosaur/install/nanosaur/lib/pkgconfig/nanosaur.pc'
[1.185s] Level 1:colcon.colcon_core.environment:checking '/home/user/nanosaur/install/nanosaur/lib/python3.10/site-packages'
[1.185s] Level 1:colcon.colcon_core.environment:checking '/home/user/nanosaur/install/nanosaur/bin'
[1.186s] INFO:colcon.colcon_core.shell:Creating package script '/home/user/nanosaur/install/nanosaur/share/nanosaur/package.ps1'
[1.187s] INFO:colcon.colcon_core.shell:Creating package descriptor '/home/user/nanosaur/install/nanosaur/share/nanosaur/package.dsv'
[1.187s] INFO:colcon.colcon_core.shell:Creating package script '/home/user/nanosaur/install/nanosaur/share/nanosaur/package.sh'
[1.187s] INFO:colcon.colcon_core.shell:Creating package script '/home/user/nanosaur/install/nanosaur/share/nanosaur/package.bash'
[1.188s] INFO:colcon.colcon_core.shell:Creating package script '/home/user/nanosaur/install/nanosaur/share/nanosaur/package.zsh'
[1.188s] Level 1:colcon.colcon_core.environment:create_file_with_runtime_dependencies(/home/user/nanosaur/install/nanosaur/share/colcon-core/packages/nanosaur)
[1.208s] Level 1:colcon.colcon_core.environment:checking '/home/user/nanosaur/install/ros2_camera_receiver' for CMake module files
[1.209s] DEBUG:colcon.colcon_core.event_handler.log_command:Invoked command in '/home/user/nanosaur/src/ros2_camera_receiver' returned '0': PYTHONPATH=/home/user/nanosaur/build/ros2_camera_receiver/prefix_override:/home/user/nanosaur/install/ros2_camera_receiver/lib/python3.10/site-packages:${PYTHONPATH} /usr/bin/python3 setup.py egg_info --egg-base ../../build/ros2_camera_receiver build --build-base /home/user/nanosaur/build/ros2_camera_receiver/build install --record /home/user/nanosaur/build/ros2_camera_receiver/install.log --single-version-externally-managed
[1.210s] Level 1:colcon.colcon_core.environment:checking '/home/user/nanosaur/install/ros2_camera_receiver' for CMake config files
[1.210s] Level 1:colcon.colcon_core.environment:checking '/home/user/nanosaur/install/ros2_camera_receiver/lib'
[1.211s] Level 1:colcon.colcon_core.environment:checking '/home/user/nanosaur/install/ros2_camera_receiver/bin'
[1.211s] Level 1:colcon.colcon_core.environment:checking '/home/user/nanosaur/install/ros2_camera_receiver/lib/pkgconfig/ros2_camera_receiver.pc'
[1.211s] Level 1:colcon.colcon_core.environment:checking '/home/user/nanosaur/install/ros2_camera_receiver/lib/python3.10/site-packages'
[1.211s] Level 1:colcon.colcon_core.shell:create_environment_hook('ros2_camera_receiver', 'pythonpath')
[1.213s] INFO:colcon.colcon_core.shell:Creating environment hook '/home/user/nanosaur/install/ros2_camera_receiver/share/ros2_camera_receiver/hook/pythonpath.ps1'
[1.214s] INFO:colcon.colcon_core.shell:Creating environment descriptor '/home/user/nanosaur/install/ros2_camera_receiver/share/ros2_camera_receiver/hook/pythonpath.dsv'
[1.214s] INFO:colcon.colcon_core.shell:Creating environment hook '/home/user/nanosaur/install/ros2_camera_receiver/share/ros2_camera_receiver/hook/pythonpath.sh'
[1.215s] Level 1:colcon.colcon_core.environment:checking '/home/user/nanosaur/install/ros2_camera_receiver/bin'
[1.215s] Level 1:colcon.colcon_core.environment:create_environment_scripts_only(ros2_camera_receiver)
[1.217s] INFO:colcon.colcon_core.shell:Creating package script '/home/user/nanosaur/install/ros2_camera_receiver/share/ros2_camera_receiver/package.ps1'
[1.218s] INFO:colcon.colcon_core.shell:Creating package descriptor '/home/user/nanosaur/install/ros2_camera_receiver/share/ros2_camera_receiver/package.dsv'
[1.219s] INFO:colcon.colcon_core.shell:Creating package script '/home/user/nanosaur/install/ros2_camera_receiver/share/ros2_camera_receiver/package.sh'
[1.220s] INFO:colcon.colcon_core.shell:Creating package script '/home/user/nanosaur/install/ros2_camera_receiver/share/ros2_camera_receiver/package.bash'
[1.220s] INFO:colcon.colcon_core.shell:Creating package script '/home/user/nanosaur/install/ros2_camera_receiver/share/ros2_camera_receiver/package.zsh'
[1.220s] Level 1:colcon.colcon_core.environment:create_file_with_runtime_dependencies(/home/user/nanosaur/install/ros2_camera_receiver/share/colcon-core/packages/ros2_camera_receiver)
[1.221s] DEBUG:colcon.colcon_parallel_executor.executor.parallel:closing loop
[1.221s] DEBUG:colcon.colcon_parallel_executor.executor.parallel:loop closed
[1.221s] DEBUG:colcon.colcon_parallel_executor.executor.parallel:run_until_complete finished with '0'
[1.221s] DEBUG:colcon.colcon_core.event_reactor:joining thread
[1.230s] INFO:colcon.colcon_core.plugin_system:Skipping extension 'colcon_notification.desktop_notification.notify_send': Could not find 'notify-send'
[1.231s] INFO:colcon.colcon_core.plugin_system:Skipping extension 'colcon_notification.desktop_notification.terminal_notifier': Not used on non-Darwin systems
[1.231s] INFO:colcon.colcon_core.plugin_system:Skipping extension 'colcon_notification.desktop_notification.win32': Not used on non-Windows systems
[1.231s] INFO:colcon.colcon_notification.desktop_notification:Sending desktop notification using 'notify2'
[1.234s] DEBUG:colcon.colcon_notification.desktop_notification.notify2:Failed to initialize notify2: org.freedesktop.DBus.Error.Spawn.ExecFailed: /usr/bin/dbus-launch terminated abnormally without any error message
[1.234s] DEBUG:colcon.colcon_core.event_reactor:joined thread
[1.237s] INFO:colcon.colcon_core.shell:Creating prefix script '/home/user/nanosaur/install/local_setup.ps1'
[1.238s] INFO:colcon.colcon_core.shell:Creating prefix util module '/home/user/nanosaur/install/_local_setup_util_ps1.py'
[1.240s] INFO:colcon.colcon_core.shell:Creating prefix chain script '/home/user/nanosaur/install/setup.ps1'
[1.242s] INFO:colcon.colcon_core.shell:Creating prefix script '/home/user/nanosaur/install/local_setup.sh'
[1.243s] INFO:colcon.colcon_core.shell:Creating prefix util module '/home/user/nanosaur/install/_local_setup_util_sh.py'
[1.243s] INFO:colcon.colcon_core.shell:Creating prefix chain script '/home/user/nanosaur/install/setup.sh'
[1.244s] INFO:colcon.colcon_core.shell:Creating prefix script '/home/user/nanosaur/install/local_setup.bash'
[1.245s] INFO:colcon.colcon_core.shell:Creating prefix chain script '/home/user/nanosaur/install/setup.bash'
[1.246s] INFO:colcon.colcon_core.shell:Creating prefix script '/home/user/nanosaur/install/local_setup.zsh'
[1.247s] INFO:colcon.colcon_core.shell:Creating prefix chain script '/home/user/nanosaur/install/setup.zsh'
