1683363296.2100673 [INFO] [launch]: All log files can be found below /home/user/.ros/log/2023-05-06-08-54-56-209644-stmoon-XPS-9320-1326
1683363296.2101660 [INFO] [launch]: Default logging verbosity is set to INFO
1683363296.7843523 [INFO] [gzserver-1]: process started with pid [1328]
1683363296.7845261 [INFO] [gzclient-2]: process started with pid [1330]
1683363296.7846105 [INFO] [robot_state_publisher-3]: process started with pid [1332]
1683363296.7846756 [INFO] [spawn_entity.py-4]: process started with pid [1334]
1683363296.7847342 [INFO] [twist_mux-5]: process started with pid [1336]
1683363296.7847898 [INFO] [rviz2-6]: process started with pid [1338]
1683363296.8020484 [robot_state_publisher-3] [INFO] [1683363296.801562045] [nanosaur.robot_state_publisher]: got segment NVIDIA_jetson
1683363296.8021803 [robot_state_publisher-3] [INFO] [1683363296.801703825] [nanosaur.robot_state_publisher]: got segment base_front
1683363296.8022697 [robot_state_publisher-3] [INFO] [1683363296.801719864] [nanosaur.robot_state_publisher]: got segment base_link
1683363296.8023434 [robot_state_publisher-3] [INFO] [1683363296.801731516] [nanosaur.robot_state_publisher]: got segment base_rear
1683363296.8024211 [robot_state_publisher-3] [INFO] [1683363296.801741792] [nanosaur.robot_state_publisher]: got segment board_expansion
1683363296.8024759 [robot_state_publisher-3] [INFO] [1683363296.801752399] [nanosaur.robot_state_publisher]: got segment camera_board
1683363296.8025327 [robot_state_publisher-3] [INFO] [1683363296.801762423] [nanosaur.robot_state_publisher]: got segment camera_camera_link
1683363296.8025835 [robot_state_publisher-3] [INFO] [1683363296.801772979] [nanosaur.robot_state_publisher]: got segment camera_camera_link_frame
1683363296.8026383 [robot_state_publisher-3] [INFO] [1683363296.801789537] [nanosaur.robot_state_publisher]: got segment camera_optical_frame
1683363296.8026946 [robot_state_publisher-3] [INFO] [1683363296.801801146] [nanosaur.robot_state_publisher]: got segment cover
1683363296.8030932 [robot_state_publisher-3] [INFO] [1683363296.801812190] [nanosaur.robot_state_publisher]: got segment display_left
1683363296.8031609 [robot_state_publisher-3] [INFO] [1683363296.801822907] [nanosaur.robot_state_publisher]: got segment display_right
1683363296.8032165 [robot_state_publisher-3] [INFO] [1683363296.801833755] [nanosaur.robot_state_publisher]: got segment flap_bottom
1683363296.8032730 [robot_state_publisher-3] [INFO] [1683363296.801845236] [nanosaur.robot_state_publisher]: got segment flap_top
1683363296.8033278 [robot_state_publisher-3] [INFO] [1683363296.801855336] [nanosaur.robot_state_publisher]: got segment front_wheel_left
1683363296.8033805 [robot_state_publisher-3] [INFO] [1683363296.801865650] [nanosaur.robot_state_publisher]: got segment front_wheel_right
1683363296.8035536 [robot_state_publisher-3] [INFO] [1683363296.801875647] [nanosaur.robot_state_publisher]: got segment motor_board
1683363296.8036191 [robot_state_publisher-3] [INFO] [1683363296.801886355] [nanosaur.robot_state_publisher]: got segment motor_left
1683363296.8036697 [robot_state_publisher-3] [INFO] [1683363296.801896651] [nanosaur.robot_state_publisher]: got segment motor_right
1683363296.8037169 [robot_state_publisher-3] [INFO] [1683363296.801906408] [nanosaur.robot_state_publisher]: got segment pb_holder
1683363296.8037634 [robot_state_publisher-3] [INFO] [1683363296.801916353] [nanosaur.robot_state_publisher]: got segment power_bank
1683363296.8038104 [robot_state_publisher-3] [INFO] [1683363296.801926899] [nanosaur.robot_state_publisher]: got segment slider_left
1683363296.8038573 [robot_state_publisher-3] [INFO] [1683363296.801937529] [nanosaur.robot_state_publisher]: got segment slider_right
1683363296.8039036 [robot_state_publisher-3] [INFO] [1683363296.801948040] [nanosaur.robot_state_publisher]: got segment sprocket_left
1683363296.8040926 [robot_state_publisher-3] [INFO] [1683363296.801958864] [nanosaur.robot_state_publisher]: got segment sprocket_right
1683363296.8041501 [robot_state_publisher-3] [INFO] [1683363296.801971031] [nanosaur.robot_state_publisher]: got segment track_left
1683363296.8042097 [robot_state_publisher-3] [INFO] [1683363296.801981516] [nanosaur.robot_state_publisher]: got segment track_right
1683363296.8042581 [robot_state_publisher-3] [INFO] [1683363296.801991330] [nanosaur.robot_state_publisher]: got segment wheel_left
1683363296.8043039 [robot_state_publisher-3] [INFO] [1683363296.802001788] [nanosaur.robot_state_publisher]: got segment wheel_right
1683363298.0304379 [INFO] [spawn_entity.py-4]: process has finished cleanly [pid 1334]
1683363334.6175718 [WARNING] [launch]: user interrupted with ctrl-c (SIGINT)
1683363334.6218553 [robot_state_publisher-3] [INFO] [1683363334.617120429] [rclcpp]: signal_handler(signum=2)
1683363334.6947012 [ERROR] [robot_state_publisher-3]: process has died [pid 1332, exit code -11, cmd '/opt/ros/humble/lib/robot_state_publisher/robot_state_publisher --ros-args -r __ns:=/nanosaur --params-file /tmp/launch_params_n09pntzg'].
1683363334.7275782 [INFO] [twist_mux-5]: process has finished cleanly [pid 1336]
1683363334.7736375 [INFO] [rviz2-6]: process has finished cleanly [pid 1338]
1683363334.8220682 [INFO] [gzserver-1]: process has finished cleanly [pid 1328]
1683363334.9047444 [INFO] [gzclient-2]: process has finished cleanly [pid 1330]
