[0.024s] Invoking command in '/home/user/nanosaur/build/nanosaur_simulations': CMAKE_PREFIX_PATH=/opt/ros/humble /usr/bin/cmake --build /home/user/nanosaur/build/nanosaur_simulations -- -j16 -l16
[0.117s] Invoked command in '/home/user/nanosaur/build/nanosaur_simulations' returned '0': CMAKE_PREFIX_PATH=/opt/ros/humble /usr/bin/cmake --build /home/user/nanosaur/build/nanosaur_simulations -- -j16 -l16
[0.142s] Invoking command in '/home/user/nanosaur/build/nanosaur_simulations': CMAKE_PREFIX_PATH=/opt/ros/humble /usr/bin/cmake --install /home/user/nanosaur/build/nanosaur_simulations
[0.149s] -- Install configuration: ""
[0.152s] -- Up-to-date: /home/user/nanosaur/install/nanosaur_simulations/share/ament_index/resource_index/package_run_dependencies/nanosaur_simulations
[0.153s] -- Up-to-date: /home/user/nanosaur/install/nanosaur_simulations/share/ament_index/resource_index/parent_prefix_path/nanosaur_simulations
[0.157s] -- Up-to-date: /home/user/nanosaur/install/nanosaur_simulations/share/nanosaur_simulations/environment/ament_prefix_path.sh
[0.159s] -- Up-to-date: /home/user/nanosaur/install/nanosaur_simulations/share/nanosaur_simulations/environment/ament_prefix_path.dsv
[0.164s] -- Up-to-date: /home/user/nanosaur/install/nanosaur_simulations/share/nanosaur_simulations/environment/path.sh
[0.169s] -- Up-to-date: /home/user/nanosaur/install/nanosaur_simulations/share/nanosaur_simulations/environment/path.dsv
[0.174s] -- Up-to-date: /home/user/nanosaur/install/nanosaur_simulations/share/nanosaur_simulations/local_setup.bash
[0.176s] -- Up-to-date: /home/user/nanosaur/install/nanosaur_simulations/share/nanosaur_simulations/local_setup.sh
[0.179s] -- Up-to-date: /home/user/nanosaur/install/nanosaur_simulations/share/nanosaur_simulations/local_setup.zsh
[0.182s] -- Up-to-date: /home/user/nanosaur/install/nanosaur_simulations/share/nanosaur_simulations/local_setup.dsv
[0.185s] -- Installing: /home/user/nanosaur/install/nanosaur_simulations/share/nanosaur_simulations/package.dsv
[0.186s] -- Up-to-date: /home/user/nanosaur/install/nanosaur_simulations/share/ament_index/resource_index/packages/nanosaur_simulations
[0.187s] -- Up-to-date: /home/user/nanosaur/install/nanosaur_simulations/share/nanosaur_simulations/cmake/nanosaur_simulationsConfig.cmake
[0.190s] -- Up-to-date: /home/user/nanosaur/install/nanosaur_simulations/share/nanosaur_simulations/cmake/nanosaur_simulationsConfig-version.cmake
[0.193s] -- Up-to-date: /home/user/nanosaur/install/nanosaur_simulations/share/nanosaur_simulations/package.xml
[0.199s] Invoked command in '/home/user/nanosaur/build/nanosaur_simulations' returned '0': CMAKE_PREFIX_PATH=/opt/ros/humble /usr/bin/cmake --install /home/user/nanosaur/build/nanosaur_simulations
