[0.027s] Invoking command in '/home/user/nanosaur/build/nanosaur_worlds': CMAKE_PREFIX_PATH=/opt/ros/humble /usr/bin/cmake --build /home/user/nanosaur/build/nanosaur_worlds -- -j16 -l16
[0.115s] Invoked command in '/home/user/nanosaur/build/nanosaur_worlds' returned '0': CMAKE_PREFIX_PATH=/opt/ros/humble /usr/bin/cmake --build /home/user/nanosaur/build/nanosaur_worlds -- -j16 -l16
[0.143s] Invoking command in '/home/user/nanosaur/build/nanosaur_worlds': CMAKE_PREFIX_PATH=/opt/ros/humble /usr/bin/cmake --install /home/user/nanosaur/build/nanosaur_worlds
[0.152s] -- Install configuration: ""
[0.157s] -- Up-to-date: /home/user/nanosaur/install/nanosaur_worlds/share/nanosaur_worlds/models
[0.160s] -- Up-to-date: /home/user/nanosaur/install/nanosaur_worlds/share/nanosaur_worlds/models/OfficeChairBlack
[0.165s] -- Up-to-date: /home/user/nanosaur/install/nanosaur_worlds/share/nanosaur_worlds/models/OfficeChairBlack/meshes
[0.168s] -- Up-to-date: /home/user/nanosaur/install/nanosaur_worlds/share/nanosaur_worlds/models/OfficeChairBlack/meshes/OfficeChairBlack_Col.obj
[0.171s] -- Up-to-date: /home/user/nanosaur/install/nanosaur_worlds/share/nanosaur_worlds/models/OfficeChairBlack/meshes/OfficeChairBlack_Col.mtl
[0.174s] -- Up-to-date: /home/user/nanosaur/install/nanosaur_worlds/share/nanosaur_worlds/models/OfficeChairBlack/meshes/OfficeChairBlack.obj
[0.177s] -- Up-to-date: /home/user/nanosaur/install/nanosaur_worlds/share/nanosaur_worlds/models/OfficeChairBlack/meshes/OfficeChairBlack.mtl
[0.179s] -- Up-to-date: /home/user/nanosaur/install/nanosaur_worlds/share/nanosaur_worlds/models/OfficeChairBlack/meshes/OfficeChairBlack.png
[0.185s] -- Up-to-date: /home/user/nanosaur/install/nanosaur_worlds/share/nanosaur_worlds/models/OfficeChairBlack/model.config
[0.189s] -- Up-to-date: /home/user/nanosaur/install/nanosaur_worlds/share/nanosaur_worlds/models/OfficeChairBlack/thumbnails
[0.190s] -- Up-to-date: /home/user/nanosaur/install/nanosaur_worlds/share/nanosaur_worlds/models/OfficeChairBlack/thumbnails/4.png
[0.196s] -- Up-to-date: /home/user/nanosaur/install/nanosaur_worlds/share/nanosaur_worlds/models/OfficeChairBlack/thumbnails/3.png
[0.199s] -- Up-to-date: /home/user/nanosaur/install/nanosaur_worlds/share/nanosaur_worlds/models/OfficeChairBlack/thumbnails/meta
[0.199s] -- Up-to-date: /home/user/nanosaur/install/nanosaur_worlds/share/nanosaur_worlds/models/OfficeChairBlack/thumbnails/meta/4.png
[0.201s] -- Up-to-date: /home/user/nanosaur/install/nanosaur_worlds/share/nanosaur_worlds/models/OfficeChairBlack/thumbnails/meta/3.png
[0.205s] -- Up-to-date: /home/user/nanosaur/install/nanosaur_worlds/share/nanosaur_worlds/models/OfficeChairBlack/thumbnails/meta/1.png
[0.208s] -- Up-to-date: /home/user/nanosaur/install/nanosaur_worlds/share/nanosaur_worlds/models/OfficeChairBlack/thumbnails/meta/2.png
[0.211s] -- Up-to-date: /home/user/nanosaur/install/nanosaur_worlds/share/nanosaur_worlds/models/OfficeChairBlack/thumbnails/meta/5.png
[0.213s] -- Up-to-date: /home/user/nanosaur/install/nanosaur_worlds/share/nanosaur_worlds/models/OfficeChairBlack/thumbnails/1.png
[0.218s] -- Up-to-date: /home/user/nanosaur/install/nanosaur_worlds/share/nanosaur_worlds/models/OfficeChairBlack/thumbnails/2.png
[0.220s] -- Up-to-date: /home/user/nanosaur/install/nanosaur_worlds/share/nanosaur_worlds/models/OfficeChairBlack/thumbnails/5.png
[0.224s] -- Up-to-date: /home/user/nanosaur/install/nanosaur_worlds/share/nanosaur_worlds/models/OfficeChairBlack/model.sdf
[0.226s] -- Up-to-date: /home/user/nanosaur/install/nanosaur_worlds/share/nanosaur_worlds/models/mini_office
[0.229s] -- Up-to-date: /home/user/nanosaur/install/nanosaur_worlds/share/nanosaur_worlds/models/mini_office/meshes
[0.229s] -- Up-to-date: /home/user/nanosaur/install/nanosaur_worlds/share/nanosaur_worlds/models/mini_office/meshes/mini_office.dae
[0.232s] -- Up-to-date: /home/user/nanosaur/install/nanosaur_worlds/share/nanosaur_worlds/models/mini_office/model.config
[0.234s] -- Up-to-date: /home/user/nanosaur/install/nanosaur_worlds/share/nanosaur_worlds/models/mini_office/model.sdf
[0.237s] -- Up-to-date: /home/user/nanosaur/install/nanosaur_worlds/share/nanosaur_worlds/models/mini_office/materials
[0.237s] -- Up-to-date: /home/user/nanosaur/install/nanosaur_worlds/share/nanosaur_worlds/models/mini_office/materials/scripts
[0.243s] -- Up-to-date: /home/user/nanosaur/install/nanosaur_worlds/share/nanosaur_worlds/models/mini_office/materials/scripts/model.material
[0.243s] -- Up-to-date: /home/user/nanosaur/install/nanosaur_worlds/share/nanosaur_worlds/models/mini_office/materials/textures
[0.243s] -- Up-to-date: /home/user/nanosaur/install/nanosaur_worlds/share/nanosaur_worlds/models/mini_office/materials/textures/LightmapEqualizeHistogram.png
[0.246s] -- Up-to-date: /home/user/nanosaur/install/nanosaur_worlds/share/nanosaur_worlds/models/mini_office/materials/textures/Wall_Roughness.png
[0.248s] -- Up-to-date: /home/user/nanosaur/install/nanosaur_worlds/share/nanosaur_worlds/models/mini_office/materials/textures/IndoorCubemap.dds
[0.256s] -- Up-to-date: /home/user/nanosaur/install/nanosaur_worlds/share/nanosaur_worlds/models/mini_office/materials/textures/Wall_Albedo.png
[0.257s] -- Up-to-date: /home/user/nanosaur/install/nanosaur_worlds/share/nanosaur_worlds/models/mini_office/materials/textures/Floor_Albedo.png
[0.301s] -- Up-to-date: /home/user/nanosaur/install/nanosaur_worlds/share/nanosaur_worlds/models/mini_office/materials/textures/Floor_Roughness.png
[0.311s] -- Up-to-date: /home/user/nanosaur/install/nanosaur_worlds/share/nanosaur_worlds/models/mini_office/materials/textures/Floor_Normal.png
[0.372s] -- Up-to-date: /home/user/nanosaur/install/nanosaur_worlds/share/nanosaur_worlds/models/mini_office/materials/textures/Wall_White.png
[0.392s] -- Up-to-date: /home/user/nanosaur/install/nanosaur_worlds/share/nanosaur_worlds/models/cube_cozmo
[0.393s] -- Up-to-date: /home/user/nanosaur/install/nanosaur_worlds/share/nanosaur_worlds/models/cube_cozmo/meshes
[0.396s] -- Up-to-date: /home/user/nanosaur/install/nanosaur_worlds/share/nanosaur_worlds/models/cube_cozmo/meshes/cube_qr_top.dae
[0.397s] -- Up-to-date: /home/user/nanosaur/install/nanosaur_worlds/share/nanosaur_worlds/models/cube_cozmo/meshes/cube_qr_top1.dae
[0.399s] -- Up-to-date: /home/user/nanosaur/install/nanosaur_worlds/share/nanosaur_worlds/models/cube_cozmo/meshes/cube_cozmo.dae
[0.402s] -- Up-to-date: /home/user/nanosaur/install/nanosaur_worlds/share/nanosaur_worlds/models/cube_cozmo/meshes/cube_colored.dae
[0.404s] -- Up-to-date: /home/user/nanosaur/install/nanosaur_worlds/share/nanosaur_worlds/models/cube_cozmo/meshes/download.png
[0.406s] -- Up-to-date: /home/user/nanosaur/install/nanosaur_worlds/share/nanosaur_worlds/models/cube_cozmo/meshes/cube_qr_top_all.dae
[0.409s] -- Up-to-date: /home/user/nanosaur/install/nanosaur_worlds/share/nanosaur_worlds/models/cube_cozmo/meshes/Marker0.png
[0.411s] -- Up-to-date: /home/user/nanosaur/install/nanosaur_worlds/share/nanosaur_worlds/models/cube_cozmo/meshes/Marker0000.png
[0.413s] -- Up-to-date: /home/user/nanosaur/install/nanosaur_worlds/share/nanosaur_worlds/models/cube_cozmo/model.config
[0.417s] -- Up-to-date: /home/user/nanosaur/install/nanosaur_worlds/share/nanosaur_worlds/models/cube_cozmo/model.sdf
[0.420s] -- Up-to-date: /home/user/nanosaur/install/nanosaur_worlds/share/nanosaur_worlds/models/BABY_CAR
[0.422s] -- Up-to-date: /home/user/nanosaur/install/nanosaur_worlds/share/nanosaur_worlds/models/BABY_CAR/meshes
[0.423s] -- Up-to-date: /home/user/nanosaur/install/nanosaur_worlds/share/nanosaur_worlds/models/BABY_CAR/meshes/model.mtl
[0.424s] -- Up-to-date: /home/user/nanosaur/install/nanosaur_worlds/share/nanosaur_worlds/models/BABY_CAR/meshes/model.obj
[0.432s] -- Up-to-date: /home/user/nanosaur/install/nanosaur_worlds/share/nanosaur_worlds/models/BABY_CAR/model.config
[0.434s] -- Up-to-date: /home/user/nanosaur/install/nanosaur_worlds/share/nanosaur_worlds/models/BABY_CAR/thumbnails
[0.435s] -- Up-to-date: /home/user/nanosaur/install/nanosaur_worlds/share/nanosaur_worlds/models/BABY_CAR/thumbnails/3.jpg
[0.437s] -- Up-to-date: /home/user/nanosaur/install/nanosaur_worlds/share/nanosaur_worlds/models/BABY_CAR/thumbnails/0.jpg
[0.439s] -- Up-to-date: /home/user/nanosaur/install/nanosaur_worlds/share/nanosaur_worlds/models/BABY_CAR/thumbnails/4.jpg
[0.442s] -- Up-to-date: /home/user/nanosaur/install/nanosaur_worlds/share/nanosaur_worlds/models/BABY_CAR/thumbnails/2.jpg
[0.444s] -- Up-to-date: /home/user/nanosaur/install/nanosaur_worlds/share/nanosaur_worlds/models/BABY_CAR/thumbnails/1.jpg
[0.446s] -- Up-to-date: /home/user/nanosaur/install/nanosaur_worlds/share/nanosaur_worlds/models/BABY_CAR/model.sdf
[0.448s] -- Up-to-date: /home/user/nanosaur/install/nanosaur_worlds/share/nanosaur_worlds/models/BABY_CAR/materials
[0.448s] -- Up-to-date: /home/user/nanosaur/install/nanosaur_worlds/share/nanosaur_worlds/models/BABY_CAR/materials/textures
[0.450s] -- Up-to-date: /home/user/nanosaur/install/nanosaur_worlds/share/nanosaur_worlds/models/BABY_CAR/materials/textures/texture.png
[0.483s] -- Up-to-date: /home/user/nanosaur/install/nanosaur_worlds/share/nanosaur_worlds/models/BABY_CAR/metadata.pbtxt
[0.485s] -- Up-to-date: /home/user/nanosaur/install/nanosaur_worlds/share/nanosaur_worlds/models/Drawer
[0.486s] -- Up-to-date: /home/user/nanosaur/install/nanosaur_worlds/share/nanosaur_worlds/models/Drawer/meshes
[0.487s] -- Up-to-date: /home/user/nanosaur/install/nanosaur_worlds/share/nanosaur_worlds/models/Drawer/meshes/Drawer_Col.obj
[0.489s] -- Up-to-date: /home/user/nanosaur/install/nanosaur_worlds/share/nanosaur_worlds/models/Drawer/meshes/Drawer.obj
[0.491s] -- Up-to-date: /home/user/nanosaur/install/nanosaur_worlds/share/nanosaur_worlds/models/Drawer/meshes/Drawer.mtl
[0.492s] -- Up-to-date: /home/user/nanosaur/install/nanosaur_worlds/share/nanosaur_worlds/models/Drawer/meshes/Drawer.png
[0.495s] -- Up-to-date: /home/user/nanosaur/install/nanosaur_worlds/share/nanosaur_worlds/models/Drawer/model.config
[0.504s] -- Up-to-date: /home/user/nanosaur/install/nanosaur_worlds/share/nanosaur_worlds/models/Drawer/thumbnails
[0.504s] -- Up-to-date: /home/user/nanosaur/install/nanosaur_worlds/share/nanosaur_worlds/models/Drawer/thumbnails/4.png
[0.506s] -- Up-to-date: /home/user/nanosaur/install/nanosaur_worlds/share/nanosaur_worlds/models/Drawer/thumbnails/3.png
[0.506s] -- Up-to-date: /home/user/nanosaur/install/nanosaur_worlds/share/nanosaur_worlds/models/Drawer/thumbnails/1.png
[0.506s] -- Up-to-date: /home/user/nanosaur/install/nanosaur_worlds/share/nanosaur_worlds/models/Drawer/thumbnails/2.png
[0.510s] -- Up-to-date: /home/user/nanosaur/install/nanosaur_worlds/share/nanosaur_worlds/models/Drawer/thumbnails/5.png
[0.510s] -- Up-to-date: /home/user/nanosaur/install/nanosaur_worlds/share/nanosaur_worlds/models/Drawer/model.sdf
[0.513s] -- Up-to-date: /home/user/nanosaur/install/nanosaur_worlds/share/nanosaur_worlds/models/books
[0.513s] -- Up-to-date: /home/user/nanosaur/install/nanosaur_worlds/share/nanosaur_worlds/models/books/meshes
[0.514s] -- Up-to-date: /home/user/nanosaur/install/nanosaur_worlds/share/nanosaur_worlds/models/books/meshes/model
[0.515s] -- Up-to-date: /home/user/nanosaur/install/nanosaur_worlds/share/nanosaur_worlds/models/books/meshes/model/Books_1_21.jpg
[0.518s] -- Up-to-date: /home/user/nanosaur/install/nanosaur_worlds/share/nanosaur_worlds/models/books/meshes/model/Books_1_9.jpg
[0.519s] -- Up-to-date: /home/user/nanosaur/install/nanosaur_worlds/share/nanosaur_worlds/models/books/meshes/model/Books_1_10.jpg
[0.522s] -- Up-to-date: /home/user/nanosaur/install/nanosaur_worlds/share/nanosaur_worlds/models/books/meshes/model/Books_1_19.jpg
[0.523s] -- Up-to-date: /home/user/nanosaur/install/nanosaur_worlds/share/nanosaur_worlds/models/books/meshes/model/Books_1_17.jpg
[0.526s] -- Up-to-date: /home/user/nanosaur/install/nanosaur_worlds/share/nanosaur_worlds/models/books/meshes/model/Books_1_0.jpg
[0.533s] -- Up-to-date: /home/user/nanosaur/install/nanosaur_worlds/share/nanosaur_worlds/models/books/meshes/model/Books_1_18.jpg
[0.533s] -- Up-to-date: /home/user/nanosaur/install/nanosaur_worlds/share/nanosaur_worlds/models/books/meshes/model/Books_1_20.jpg
[0.534s] -- Up-to-date: /home/user/nanosaur/install/nanosaur_worlds/share/nanosaur_worlds/models/books/meshes/model/Books_1_14.jpg
[0.536s] -- Up-to-date: /home/user/nanosaur/install/nanosaur_worlds/share/nanosaur_worlds/models/books/meshes/model/Books_1_22.jpg
[0.537s] -- Up-to-date: /home/user/nanosaur/install/nanosaur_worlds/share/nanosaur_worlds/models/books/meshes/model/Books_1_1.jpg
[0.539s] -- Up-to-date: /home/user/nanosaur/install/nanosaur_worlds/share/nanosaur_worlds/models/books/meshes/model/Books_1_15.jpg
[0.541s] -- Up-to-date: /home/user/nanosaur/install/nanosaur_worlds/share/nanosaur_worlds/models/books/meshes/model/Books_1_34.jpg
[0.545s] -- Up-to-date: /home/user/nanosaur/install/nanosaur_worlds/share/nanosaur_worlds/models/books/meshes/model/Books_1_5.jpg
[0.548s] -- Up-to-date: /home/user/nanosaur/install/nanosaur_worlds/share/nanosaur_worlds/models/books/meshes/model/Books_1_33.jpg
[0.551s] -- Up-to-date: /home/user/nanosaur/install/nanosaur_worlds/share/nanosaur_worlds/models/books/meshes/model/Books_1_4.jpg
[0.553s] -- Up-to-date: /home/user/nanosaur/install/nanosaur_worlds/share/nanosaur_worlds/models/books/meshes/model/Books_1_23.jpg
[0.555s] -- Up-to-date: /home/user/nanosaur/install/nanosaur_worlds/share/nanosaur_worlds/models/books/meshes/model/Books_1_35.jpg
[0.557s] -- Up-to-date: /home/user/nanosaur/install/nanosaur_worlds/share/nanosaur_worlds/models/books/meshes/model/Books_1_7.jpg
[0.560s] -- Up-to-date: /home/user/nanosaur/install/nanosaur_worlds/share/nanosaur_worlds/models/books/meshes/model/Books_1_24.jpg
[0.562s] -- Up-to-date: /home/user/nanosaur/install/nanosaur_worlds/share/nanosaur_worlds/models/books/meshes/model/Books_1_29.jpg
[0.564s] -- Up-to-date: /home/user/nanosaur/install/nanosaur_worlds/share/nanosaur_worlds/models/books/meshes/model/Books_1_32.jpg
[0.566s] -- Up-to-date: /home/user/nanosaur/install/nanosaur_worlds/share/nanosaur_worlds/models/books/meshes/model/Books_1_13.jpg
[0.570s] -- Up-to-date: /home/user/nanosaur/install/nanosaur_worlds/share/nanosaur_worlds/models/books/meshes/model/Books_1.jpg
[0.571s] -- Up-to-date: /home/user/nanosaur/install/nanosaur_worlds/share/nanosaur_worlds/models/books/meshes/model/Books_1_6.jpg
[0.572s] -- Up-to-date: /home/user/nanosaur/install/nanosaur_worlds/share/nanosaur_worlds/models/books/meshes/model/Books_1_8.jpg
[0.574s] -- Up-to-date: /home/user/nanosaur/install/nanosaur_worlds/share/nanosaur_worlds/models/books/meshes/model/Books_1_28.jpg
[0.577s] -- Up-to-date: /home/user/nanosaur/install/nanosaur_worlds/share/nanosaur_worlds/models/books/meshes/model/Books_1_11.jpg
[0.579s] -- Up-to-date: /home/user/nanosaur/install/nanosaur_worlds/share/nanosaur_worlds/models/books/meshes/model/Books_1_3.jpg
[0.581s] -- Up-to-date: /home/user/nanosaur/install/nanosaur_worlds/share/nanosaur_worlds/models/books/meshes/model/Books_1_2.jpg
[0.583s] -- Up-to-date: /home/user/nanosaur/install/nanosaur_worlds/share/nanosaur_worlds/models/books/meshes/model/Books_1_30.jpg
[0.585s] -- Up-to-date: /home/user/nanosaur/install/nanosaur_worlds/share/nanosaur_worlds/models/books/meshes/model/Books_1_27.jpg
[0.586s] -- Up-to-date: /home/user/nanosaur/install/nanosaur_worlds/share/nanosaur_worlds/models/books/meshes/model/Books_1_25.jpg
[0.588s] -- Up-to-date: /home/user/nanosaur/install/nanosaur_worlds/share/nanosaur_worlds/models/books/meshes/model/Books_1_26.jpg
[0.590s] -- Up-to-date: /home/user/nanosaur/install/nanosaur_worlds/share/nanosaur_worlds/models/books/meshes/model/Books_1_12.jpg
[0.592s] -- Up-to-date: /home/user/nanosaur/install/nanosaur_worlds/share/nanosaur_worlds/models/books/meshes/model/Books_1_31.jpg
[0.597s] -- Up-to-date: /home/user/nanosaur/install/nanosaur_worlds/share/nanosaur_worlds/models/books/meshes/model/Books_1_16.jpg
[0.598s] -- Up-to-date: /home/user/nanosaur/install/nanosaur_worlds/share/nanosaur_worlds/models/books/meshes/model.dae
[0.600s] -- Up-to-date: /home/user/nanosaur/install/nanosaur_worlds/share/nanosaur_worlds/models/books/model.config
[0.601s] -- Up-to-date: /home/user/nanosaur/install/nanosaur_worlds/share/nanosaur_worlds/models/books/books.sdf
[0.603s] -- Up-to-date: /home/user/nanosaur/install/nanosaur_worlds/share/nanosaur_worlds/models/AdjTable
[0.605s] -- Up-to-date: /home/user/nanosaur/install/nanosaur_worlds/share/nanosaur_worlds/models/AdjTable/meshes
[0.606s] -- Up-to-date: /home/user/nanosaur/install/nanosaur_worlds/share/nanosaur_worlds/models/AdjTable/meshes/AdjTable_Col.obj
[0.608s] -- Up-to-date: /home/user/nanosaur/install/nanosaur_worlds/share/nanosaur_worlds/models/AdjTable/meshes/AdjTable.obj
[0.610s] -- Up-to-date: /home/user/nanosaur/install/nanosaur_worlds/share/nanosaur_worlds/models/AdjTable/meshes/AdjTable_Col.mtl
[0.613s] -- Up-to-date: /home/user/nanosaur/install/nanosaur_worlds/share/nanosaur_worlds/models/AdjTable/meshes/AdjTable_Diffuse.png
[0.630s] -- Up-to-date: /home/user/nanosaur/install/nanosaur_worlds/share/nanosaur_worlds/models/AdjTable/meshes/AdjTable.mtl
[0.632s] -- Up-to-date: /home/user/nanosaur/install/nanosaur_worlds/share/nanosaur_worlds/models/AdjTable/model.config
[0.634s] -- Up-to-date: /home/user/nanosaur/install/nanosaur_worlds/share/nanosaur_worlds/models/AdjTable/thumbnails
[0.635s] -- Up-to-date: /home/user/nanosaur/install/nanosaur_worlds/share/nanosaur_worlds/models/AdjTable/thumbnails/4.png
[0.637s] -- Up-to-date: /home/user/nanosaur/install/nanosaur_worlds/share/nanosaur_worlds/models/AdjTable/thumbnails/3.png
[0.639s] -- Up-to-date: /home/user/nanosaur/install/nanosaur_worlds/share/nanosaur_worlds/models/AdjTable/thumbnails/1.png
[0.641s] -- Up-to-date: /home/user/nanosaur/install/nanosaur_worlds/share/nanosaur_worlds/models/AdjTable/thumbnails/2.png
[0.644s] -- Up-to-date: /home/user/nanosaur/install/nanosaur_worlds/share/nanosaur_worlds/models/AdjTable/thumbnails/5.png
[0.645s] -- Up-to-date: /home/user/nanosaur/install/nanosaur_worlds/share/nanosaur_worlds/models/AdjTable/model.sdf
[0.646s] -- Up-to-date: /home/user/nanosaur/install/nanosaur_worlds/share/nanosaur_worlds/models/aws_robomaker_warehouse_ClutteringC_01
[0.648s] -- Up-to-date: /home/user/nanosaur/install/nanosaur_worlds/share/nanosaur_worlds/models/aws_robomaker_warehouse_ClutteringC_01/meshes
[0.648s] -- Up-to-date: /home/user/nanosaur/install/nanosaur_worlds/share/nanosaur_worlds/models/aws_robomaker_warehouse_ClutteringC_01/meshes/aws_robomaker_warehouse_ClutteringC_01_collision.DAE
[0.650s] -- Up-to-date: /home/user/nanosaur/install/nanosaur_worlds/share/nanosaur_worlds/models/aws_robomaker_warehouse_ClutteringC_01/meshes/aws_robomaker_warehouse_ClutteringC_01_visual.DAE
[0.653s] -- Up-to-date: /home/user/nanosaur/install/nanosaur_worlds/share/nanosaur_worlds/models/aws_robomaker_warehouse_ClutteringC_01/model.config
[0.655s] -- Up-to-date: /home/user/nanosaur/install/nanosaur_worlds/share/nanosaur_worlds/models/aws_robomaker_warehouse_ClutteringC_01/thumbnails
[0.656s] -- Up-to-date: /home/user/nanosaur/install/nanosaur_worlds/share/nanosaur_worlds/models/aws_robomaker_warehouse_ClutteringC_01/thumbnails/4.png
[0.659s] -- Up-to-date: /home/user/nanosaur/install/nanosaur_worlds/share/nanosaur_worlds/models/aws_robomaker_warehouse_ClutteringC_01/thumbnails/3.png
[0.663s] -- Up-to-date: /home/user/nanosaur/install/nanosaur_worlds/share/nanosaur_worlds/models/aws_robomaker_warehouse_ClutteringC_01/thumbnails/1.png
[0.670s] -- Up-to-date: /home/user/nanosaur/install/nanosaur_worlds/share/nanosaur_worlds/models/aws_robomaker_warehouse_ClutteringC_01/thumbnails/2.png
[0.672s] -- Up-to-date: /home/user/nanosaur/install/nanosaur_worlds/share/nanosaur_worlds/models/aws_robomaker_warehouse_ClutteringC_01/thumbnails/5.png
[0.676s] -- Up-to-date: /home/user/nanosaur/install/nanosaur_worlds/share/nanosaur_worlds/models/aws_robomaker_warehouse_ClutteringC_01/model.sdf
[0.678s] -- Up-to-date: /home/user/nanosaur/install/nanosaur_worlds/share/nanosaur_worlds/models/aws_robomaker_warehouse_ClutteringC_01/materials
[0.679s] -- Up-to-date: /home/user/nanosaur/install/nanosaur_worlds/share/nanosaur_worlds/models/aws_robomaker_warehouse_ClutteringC_01/materials/scripts
[0.680s] -- Up-to-date: /home/user/nanosaur/install/nanosaur_worlds/share/nanosaur_worlds/models/aws_robomaker_warehouse_ClutteringC_01/materials/scripts/model.material
[0.685s] -- Up-to-date: /home/user/nanosaur/install/nanosaur_worlds/share/nanosaur_worlds/models/aws_robomaker_warehouse_ClutteringC_01/materials/textures
[0.685s] -- Up-to-date: /home/user/nanosaur/install/nanosaur_worlds/share/nanosaur_worlds/models/aws_robomaker_warehouse_ClutteringC_01/materials/textures/aws_robomaker_warehouse_ClutteringC_01.png
[0.686s] -- Up-to-date: /home/user/nanosaur/install/nanosaur_worlds/share/nanosaur_worlds/models/aws_robomaker_warehouse_ClutteringC_01/materials/textures/aws_robomaker_warehouse_ClutteringC_02.png
[0.690s] -- Up-to-date: /home/user/nanosaur/install/nanosaur_worlds/share/nanosaur_worlds/models/aws_robomaker_warehouse_ClutteringC_01/metadata.pbtxt
[0.692s] -- Up-to-date: /home/user/nanosaur/install/nanosaur_worlds/share/nanosaur_worlds/models/desktop
[0.693s] -- Up-to-date: /home/user/nanosaur/install/nanosaur_worlds/share/nanosaur_worlds/models/desktop/meshes
[0.696s] -- Up-to-date: /home/user/nanosaur/install/nanosaur_worlds/share/nanosaur_worlds/models/desktop/meshes/model
[0.696s] -- Up-to-date: /home/user/nanosaur/install/nanosaur_worlds/share/nanosaur_worlds/models/desktop/meshes/model/Metal_Aluminum_Anodized.jpg
[0.696s] -- Up-to-date: /home/user/nanosaur/install/nanosaur_worlds/share/nanosaur_worlds/models/desktop/meshes/model/i.jpg
[0.699s] -- Up-to-date: /home/user/nanosaur/install/nanosaur_worlds/share/nanosaur_worlds/models/desktop/meshes/model/material_20.JPG
[0.701s] -- Up-to-date: /home/user/nanosaur/install/nanosaur_worlds/share/nanosaur_worlds/models/desktop/meshes/model/Metal_Aluminum_Anodized_0.jpg
[0.703s] -- Up-to-date: /home/user/nanosaur/install/nanosaur_worlds/share/nanosaur_worlds/models/desktop/meshes/model/material_22.JPG
[0.705s] -- Up-to-date: /home/user/nanosaur/install/nanosaur_worlds/share/nanosaur_worlds/models/desktop/meshes/model/rauten2.png
[0.707s] -- Up-to-date: /home/user/nanosaur/install/nanosaur_worlds/share/nanosaur_worlds/models/desktop/meshes/model/material_21.JPG
[0.710s] -- Up-to-date: /home/user/nanosaur/install/nanosaur_worlds/share/nanosaur_worlds/models/desktop/meshes/model.dae
[0.727s] -- Up-to-date: /home/user/nanosaur/install/nanosaur_worlds/share/nanosaur_worlds/models/desktop/model.config
[0.735s] -- Up-to-date: /home/user/nanosaur/install/nanosaur_worlds/share/nanosaur_worlds/models/desktop/desktop.sdf
[0.735s] -- Up-to-date: /home/user/nanosaur/install/nanosaur_worlds/share/nanosaur_worlds/models/MonitorAndKeyboard
[0.736s] -- Up-to-date: /home/user/nanosaur/install/nanosaur_worlds/share/nanosaur_worlds/models/MonitorAndKeyboard/meshes
[0.736s] -- Up-to-date: /home/user/nanosaur/install/nanosaur_worlds/share/nanosaur_worlds/models/MonitorAndKeyboard/meshes/keyboard.obj
[0.736s] -- Up-to-date: /home/user/nanosaur/install/nanosaur_worlds/share/nanosaur_worlds/models/MonitorAndKeyboard/meshes/monitor.obj
[0.739s] -- Up-to-date: /home/user/nanosaur/install/nanosaur_worlds/share/nanosaur_worlds/models/MonitorAndKeyboard/meshes/monitor.mtl
[0.742s] -- Up-to-date: /home/user/nanosaur/install/nanosaur_worlds/share/nanosaur_worlds/models/MonitorAndKeyboard/meshes/keyboard.mtl
[0.743s] -- Up-to-date: /home/user/nanosaur/install/nanosaur_worlds/share/nanosaur_worlds/models/MonitorAndKeyboard/model.config
[0.745s] -- Up-to-date: /home/user/nanosaur/install/nanosaur_worlds/share/nanosaur_worlds/models/MonitorAndKeyboard/thumbnails
[0.745s] -- Up-to-date: /home/user/nanosaur/install/nanosaur_worlds/share/nanosaur_worlds/models/MonitorAndKeyboard/thumbnails/4.png
[0.748s] -- Up-to-date: /home/user/nanosaur/install/nanosaur_worlds/share/nanosaur_worlds/models/MonitorAndKeyboard/thumbnails/3.png
[0.750s] -- Up-to-date: /home/user/nanosaur/install/nanosaur_worlds/share/nanosaur_worlds/models/MonitorAndKeyboard/thumbnails/1.png
[0.752s] -- Up-to-date: /home/user/nanosaur/install/nanosaur_worlds/share/nanosaur_worlds/models/MonitorAndKeyboard/thumbnails/2.png
[0.753s] -- Up-to-date: /home/user/nanosaur/install/nanosaur_worlds/share/nanosaur_worlds/models/MonitorAndKeyboard/thumbnails/5.png
[0.755s] -- Up-to-date: /home/user/nanosaur/install/nanosaur_worlds/share/nanosaur_worlds/models/MonitorAndKeyboard/model.sdf
[0.757s] -- Up-to-date: /home/user/nanosaur/install/nanosaur_worlds/share/nanosaur_worlds/params
[0.758s] -- Up-to-date: /home/user/nanosaur/install/nanosaur_worlds/share/nanosaur_worlds/params/spawn_robot.yml
[0.759s] -- Up-to-date: /home/user/nanosaur/install/nanosaur_worlds/share/nanosaur_worlds/scripts
[0.760s] -- Up-to-date: /home/user/nanosaur/install/nanosaur_worlds/share/nanosaur_worlds/scripts/get_coordinate.py
[0.762s] -- Up-to-date: /home/user/nanosaur/install/nanosaur_worlds/share/nanosaur_worlds/worlds
[0.762s] -- Up-to-date: /home/user/nanosaur/install/nanosaur_worlds/share/nanosaur_worlds/worlds/lab.sdf
[0.764s] -- Up-to-date: /home/user/nanosaur/install/nanosaur_worlds/share/nanosaur_worlds/worlds/office.world
[0.766s] -- Up-to-date: /home/user/nanosaur/install/nanosaur_worlds/share/nanosaur_worlds/worlds/cozmo.world
[0.768s] -- Up-to-date: /home/user/nanosaur/install/nanosaur_worlds/share/nanosaur_worlds/worlds/empty.sdf
[0.770s] -- Up-to-date: /home/user/nanosaur/install/nanosaur_worlds/share/nanosaur_worlds/worlds/office.sdf
[0.772s] -- Up-to-date: /home/user/nanosaur/install/nanosaur_worlds/share/nanosaur_worlds/worlds/lab.world
[0.774s] -- Up-to-date: /home/user/nanosaur/install/nanosaur_worlds/share/nanosaur_worlds/worlds/empty.world
[0.776s] -- Up-to-date: /home/user/nanosaur/install/nanosaur_worlds/share/nanosaur_worlds/worlds/myroom.world
[0.780s] -- Up-to-date: /home/user/nanosaur/install/nanosaur_worlds/share/ament_index/resource_index/package_run_dependencies/nanosaur_worlds
[0.780s] -- Up-to-date: /home/user/nanosaur/install/nanosaur_worlds/share/ament_index/resource_index/parent_prefix_path/nanosaur_worlds
[0.785s] -- Up-to-date: /home/user/nanosaur/install/nanosaur_worlds/share/nanosaur_worlds/environment/ament_prefix_path.sh
[0.785s] -- Up-to-date: /home/user/nanosaur/install/nanosaur_worlds/share/nanosaur_worlds/environment/ament_prefix_path.dsv
[0.785s] -- Up-to-date: /home/user/nanosaur/install/nanosaur_worlds/share/nanosaur_worlds/environment/path.sh
[0.786s] -- Up-to-date: /home/user/nanosaur/install/nanosaur_worlds/share/nanosaur_worlds/environment/path.dsv
[0.789s] -- Up-to-date: /home/user/nanosaur/install/nanosaur_worlds/share/nanosaur_worlds/local_setup.bash
[0.791s] -- Up-to-date: /home/user/nanosaur/install/nanosaur_worlds/share/nanosaur_worlds/local_setup.sh
[0.793s] -- Up-to-date: /home/user/nanosaur/install/nanosaur_worlds/share/nanosaur_worlds/local_setup.zsh
[0.795s] -- Up-to-date: /home/user/nanosaur/install/nanosaur_worlds/share/nanosaur_worlds/local_setup.dsv
[0.796s] -- Installing: /home/user/nanosaur/install/nanosaur_worlds/share/nanosaur_worlds/package.dsv
[0.797s] -- Up-to-date: /home/user/nanosaur/install/nanosaur_worlds/share/ament_index/resource_index/packages/nanosaur_worlds
[0.797s] -- Up-to-date: /home/user/nanosaur/install/nanosaur_worlds/share/nanosaur_worlds/cmake/nanosaur_worldsConfig.cmake
[0.800s] -- Up-to-date: /home/user/nanosaur/install/nanosaur_worlds/share/nanosaur_worlds/cmake/nanosaur_worldsConfig-version.cmake
[0.800s] -- Up-to-date: /home/user/nanosaur/install/nanosaur_worlds/share/nanosaur_worlds/package.xml
[0.818s] Invoked command in '/home/user/nanosaur/build/nanosaur_worlds' returned '0': CMAKE_PREFIX_PATH=/opt/ros/humble /usr/bin/cmake --install /home/user/nanosaur/build/nanosaur_worlds
