running egg_info
writing ../../build/ros2_camera_receiver/ros2_camera_receiver.egg-info/PKG-INFO
writing dependency_links to ../../build/ros2_camera_receiver/ros2_camera_receiver.egg-info/dependency_links.txt
writing entry points to ../../build/ros2_camera_receiver/ros2_camera_receiver.egg-info/entry_points.txt
writing requirements to ../../build/ros2_camera_receiver/ros2_camera_receiver.egg-info/requires.txt
writing top-level names to ../../build/ros2_camera_receiver/ros2_camera_receiver.egg-info/top_level.txt
reading manifest file '../../build/ros2_camera_receiver/ros2_camera_receiver.egg-info/SOURCES.txt'
writing manifest file '../../build/ros2_camera_receiver/ros2_camera_receiver.egg-info/SOURCES.txt'
running build
running build_py
running install
running install_lib
/usr/lib/python3/dist-packages/setuptools/command/install.py:34: SetuptoolsDeprecationWarning: setup.py install is deprecated. Use build and pip and other standards-based tools.
  warnings.warn(
running install_data
running install_egg_info
removing '/home/user/nanosaur/install/ros2_camera_receiver/lib/python3.10/site-packages/ros2_camera_receiver-0.0.0-py3.10.egg-info' (and everything under it)
Copying ../../build/ros2_camera_receiver/ros2_camera_receiver.egg-info to /home/user/nanosaur/install/ros2_camera_receiver/lib/python3.10/site-packages/ros2_camera_receiver-0.0.0-py3.10.egg-info
running install_scripts
Installing camera_image_subscriber script to /home/user/nanosaur/install/ros2_camera_receiver/lib/ros2_camera_receiver
writing list of installed files to '/home/user/nanosaur/build/ros2_camera_receiver/install.log'
