[0.014s] Invoking command in '/home/user/nanosaur/build/nanosaur_msgs': CMAKE_PREFIX_PATH=/opt/ros/humble /usr/bin/cmake /home/user/nanosaur/src/nanosaur/nanosaur_msgs -DCMAKE_INSTALL_PREFIX=/home/user/nanosaur/install/nanosaur_msgs
[0.050s] -- The C compiler identification is GNU 11.3.0
[0.089s] -- The CXX compiler identification is GNU 11.3.0
[0.095s] -- Detecting C compiler ABI info
[0.139s] -- Detecting C compiler ABI info - done
[0.146s] -- Check for working C compiler: /usr/bin/cc - skipped
[0.146s] -- Detecting C compile features
[0.146s] -- Detecting C compile features - done
[0.149s] -- Detecting CXX compiler ABI info
[0.201s] -- Detecting CXX compiler ABI info - done
[0.207s] -- Check for working CXX compiler: /usr/bin/c++ - skipped
[0.208s] -- Detecting CXX compile features
[0.208s] -- Detecting CXX compile features - done
[0.210s] -- Found ament_cmake: 1.3.4 (/opt/ros/humble/share/ament_cmake/cmake)
[0.319s] -- Found Python3: /usr/bin/python3.10 (found version "3.10.6") found components: Interpreter 
[0.381s] -- Found rosidl_default_generators: 1.2.0 (/opt/ros/humble/share/rosidl_default_generators/cmake)
[0.383s] -- Using all available rosidl_typesupport_c: rosidl_typesupport_fastrtps_c;rosidl_typesupport_introspection_c
[0.387s] -- Found rosidl_adapter: 3.1.4 (/opt/ros/humble/share/rosidl_adapter/cmake)
[0.415s] -- Using all available rosidl_typesupport_cpp: rosidl_typesupport_fastrtps_cpp;rosidl_typesupport_introspection_cpp
[0.439s] -- Found geometry_msgs: 4.2.3 (/opt/ros/humble/share/geometry_msgs/cmake)
[0.695s] -- Found ament_cmake_ros: 0.10.0 (/opt/ros/humble/share/ament_cmake_ros/cmake)
[0.846s] -- Using all available rosidl_typesupport_c: rosidl_typesupport_fastrtps_c;rosidl_typesupport_introspection_c
[1.028s] -- Using all available rosidl_typesupport_cpp: rosidl_typesupport_fastrtps_cpp;rosidl_typesupport_introspection_cpp
[1.040s] -- Found PythonInterp: /usr/bin/python3 (found suitable version "3.10.6", minimum required is "3.6") 
[1.041s] -- Found python_cmake_module: 0.10.0 (/opt/ros/humble/share/python_cmake_module/cmake)
[1.054s] -- Found PythonLibs: /usr/lib/x86_64-linux-gnu/libpython3.10.so (found suitable version "3.10.6", minimum required is "3.5") 
[1.054s] -- Using PYTHON_EXECUTABLE: /usr/bin/python3
[1.054s] -- Using PYTHON_INCLUDE_DIRS: /usr/include/python3.10
[1.054s] -- Using PYTHON_LIBRARIES: /usr/lib/x86_64-linux-gnu/libpython3.10.so
[1.065s] -- Found PythonExtra: .so  
[1.094s] -- Found ament_lint_auto: 0.12.6 (/opt/ros/humble/share/ament_lint_auto/cmake)
[1.106s] -- Added test 'copyright' to check source files copyright and LICENSE
[1.107s] -- Added test 'lint_cmake' to check CMake code style
[1.107s] -- Added test 'xmllint' to check XML markup files
[1.109s] -- Configuring done
[1.129s] -- Generating done
[1.130s] -- Build files have been written to: /home/user/nanosaur/build/nanosaur_msgs
[1.137s] Invoked command in '/home/user/nanosaur/build/nanosaur_msgs' returned '0': CMAKE_PREFIX_PATH=/opt/ros/humble /usr/bin/cmake /home/user/nanosaur/src/nanosaur/nanosaur_msgs -DCMAKE_INSTALL_PREFIX=/home/user/nanosaur/install/nanosaur_msgs
[1.137s] Invoking command in '/home/user/nanosaur/build/nanosaur_msgs': CMAKE_PREFIX_PATH=/opt/ros/humble /usr/bin/cmake --build /home/user/nanosaur/build/nanosaur_msgs -- -j16 -l16
[1.156s] [  2%] [34m[1mGenerating C code for ROS interfaces[0m
[1.161s] [  5%] [34m[1mGenerating C++ code for ROS interfaces[0m
[1.165s] [  5%] Built target ament_cmake_python_copy_nanosaur_msgs
[1.283s] running egg_info
[1.283s] creating nanosaur_msgs.egg-info
[1.283s] writing nanosaur_msgs.egg-info/PKG-INFO
[1.283s] writing dependency_links to nanosaur_msgs.egg-info/dependency_links.txt
[1.283s] writing top-level names to nanosaur_msgs.egg-info/top_level.txt
[1.283s] writing manifest file 'nanosaur_msgs.egg-info/SOURCES.txt'
[1.284s] reading manifest file 'nanosaur_msgs.egg-info/SOURCES.txt'
[1.285s] writing manifest file 'nanosaur_msgs.egg-info/SOURCES.txt'
[1.300s] [  5%] Built target ament_cmake_python_build_nanosaur_msgs_egg
[1.417s] [  5%] Built target nanosaur_msgs__cpp
[1.423s] [ 15%] [34m[1mGenerating C++ type support dispatch for ROS interfaces[0m
[1.423s] [ 15%] [34m[1mGenerating C++ introspection for ROS interfaces[0m
[1.423s] [ 15%] [34m[1mGenerating C++ type support for eProsima Fast-RTPS[0m
[1.424s] [ 15%] [32mBuilding C object CMakeFiles/nanosaur_msgs__rosidl_generator_c.dir/rosidl_generator_c/nanosaur_msgs/msg/detail/eyes__functions.c.o[0m
[1.424s] [ 17%] [32mBuilding C object CMakeFiles/nanosaur_msgs__rosidl_generator_c.dir/rosidl_generator_c/nanosaur_msgs/srv/detail/eye_message__functions.c.o[0m
[1.468s] [ 20%] [32m[1mLinking C shared library libnanosaur_msgs__rosidl_generator_c.so[0m
[1.490s] [ 20%] Built target nanosaur_msgs__rosidl_generator_c
[1.495s] [ 23%] [34m[1mGenerating C type support for eProsima Fast-RTPS[0m
[1.497s] [ 25%] [34m[1mGenerating C introspection for ROS interfaces[0m
[1.497s] [ 28%] [34m[1mGenerating C type support dispatch for ROS interfaces[0m
[1.672s] [ 30%] [32mBuilding CXX object CMakeFiles/nanosaur_msgs__rosidl_typesupport_cpp.dir/rosidl_typesupport_cpp/nanosaur_msgs/msg/eyes__type_support.cpp.o[0m
[1.675s] [ 33%] [32mBuilding CXX object CMakeFiles/nanosaur_msgs__rosidl_typesupport_cpp.dir/rosidl_typesupport_cpp/nanosaur_msgs/srv/eye_message__type_support.cpp.o[0m
[1.687s] [ 35%] [32mBuilding CXX object CMakeFiles/nanosaur_msgs__rosidl_typesupport_introspection_cpp.dir/rosidl_typesupport_introspection_cpp/nanosaur_msgs/msg/detail/eyes__type_support.cpp.o[0m
[1.689s] [ 38%] [32mBuilding CXX object CMakeFiles/nanosaur_msgs__rosidl_typesupport_introspection_cpp.dir/rosidl_typesupport_introspection_cpp/nanosaur_msgs/srv/detail/eye_message__type_support.cpp.o[0m
[1.706s] [ 43%] [32mBuilding CXX object CMakeFiles/nanosaur_msgs__rosidl_typesupport_fastrtps_cpp.dir/rosidl_typesupport_fastrtps_cpp/nanosaur_msgs/msg/detail/dds_fastrtps/eyes__type_support.cpp.o[0m
[1.706s] [ 43%] [32mBuilding CXX object CMakeFiles/nanosaur_msgs__rosidl_typesupport_fastrtps_cpp.dir/rosidl_typesupport_fastrtps_cpp/nanosaur_msgs/srv/detail/dds_fastrtps/eye_message__type_support.cpp.o[0m
[1.779s] [ 48%] [32mBuilding CXX object CMakeFiles/nanosaur_msgs__rosidl_typesupport_fastrtps_c.dir/rosidl_typesupport_fastrtps_c/nanosaur_msgs/srv/detail/eye_message__type_support_c.cpp.o[0m
[1.779s] [ 48%] [32mBuilding CXX object CMakeFiles/nanosaur_msgs__rosidl_typesupport_fastrtps_c.dir/rosidl_typesupport_fastrtps_c/nanosaur_msgs/msg/detail/eyes__type_support_c.cpp.o[0m
[1.902s] [ 51%] [32m[1mLinking CXX shared library libnanosaur_msgs__rosidl_typesupport_cpp.so[0m
[1.924s] [ 53%] [32mBuilding CXX object CMakeFiles/nanosaur_msgs__rosidl_typesupport_c.dir/rosidl_typesupport_c/nanosaur_msgs/msg/eyes__type_support.cpp.o[0m
[1.926s] [ 56%] [32mBuilding CXX object CMakeFiles/nanosaur_msgs__rosidl_typesupport_c.dir/rosidl_typesupport_c/nanosaur_msgs/srv/eye_message__type_support.cpp.o[0m
[1.928s] [ 56%] Built target nanosaur_msgs__rosidl_typesupport_cpp
[1.942s] [ 58%] [32m[1mLinking CXX shared library libnanosaur_msgs__rosidl_typesupport_introspection_cpp.so[0m
[1.947s] [ 61%] [32m[1mLinking CXX shared library libnanosaur_msgs__rosidl_typesupport_c.so[0m
[1.965s] [ 64%] [32mBuilding C object CMakeFiles/nanosaur_msgs__rosidl_typesupport_introspection_c.dir/rosidl_typesupport_introspection_c/nanosaur_msgs/msg/detail/eyes__type_support.c.o[0m
[1.967s] [ 66%] [32mBuilding C object CMakeFiles/nanosaur_msgs__rosidl_typesupport_introspection_c.dir/rosidl_typesupport_introspection_c/nanosaur_msgs/srv/detail/eye_message__type_support.c.o[0m
[1.974s] [ 66%] Built target nanosaur_msgs__rosidl_typesupport_c
[1.991s] [ 69%] Built target nanosaur_msgs__rosidl_typesupport_introspection_cpp
[1.991s] [ 69%] [32m[1mLinking C shared library libnanosaur_msgs__rosidl_typesupport_introspection_c.so[0m
[2.009s] [ 69%] Built target nanosaur_msgs__rosidl_typesupport_introspection_c
[2.081s] [ 71%] [32m[1mLinking CXX shared library libnanosaur_msgs__rosidl_typesupport_fastrtps_c.so[0m
[2.111s] [ 74%] [32m[1mLinking CXX shared library libnanosaur_msgs__rosidl_typesupport_fastrtps_cpp.so[0m
[2.121s] [ 74%] Built target nanosaur_msgs__rosidl_typesupport_fastrtps_c
[2.153s] [ 74%] Built target nanosaur_msgs__rosidl_typesupport_fastrtps_cpp
[2.162s] [ 74%] Built target nanosaur_msgs
[2.174s] [ 76%] [34m[1mGenerating Python code for ROS interfaces[0m
[2.564s] [ 76%] Built target nanosaur_msgs__py
[2.573s] [ 79%] [32mBuilding C object CMakeFiles/nanosaur_msgs__rosidl_generator_py.dir/rosidl_generator_py/nanosaur_msgs/msg/_eyes_s.c.o[0m
[2.573s] [ 82%] [32mBuilding C object CMakeFiles/nanosaur_msgs__rosidl_generator_py.dir/rosidl_generator_py/nanosaur_msgs/srv/_eye_message_s.c.o[0m
[2.634s] [ 84%] [32m[1mLinking C shared library rosidl_generator_py/nanosaur_msgs/libnanosaur_msgs__rosidl_generator_py.so[0m
[2.656s] [ 84%] Built target nanosaur_msgs__rosidl_generator_py
[2.667s] [ 89%] [32mBuilding C object CMakeFiles/nanosaur_msgs__rosidl_typesupport_introspection_c__pyext.dir/rosidl_generator_py/nanosaur_msgs/_nanosaur_msgs_s.ep.rosidl_typesupport_introspection_c.c.o[0m
[2.667s] [ 89%] [32mBuilding C object CMakeFiles/nanosaur_msgs__rosidl_typesupport_fastrtps_c__pyext.dir/rosidl_generator_py/nanosaur_msgs/_nanosaur_msgs_s.ep.rosidl_typesupport_fastrtps_c.c.o[0m
[2.667s] [ 92%] [32mBuilding C object CMakeFiles/nanosaur_msgs__rosidl_typesupport_c__pyext.dir/rosidl_generator_py/nanosaur_msgs/_nanosaur_msgs_s.ep.rosidl_typesupport_c.c.o[0m
[2.730s] [100%] [32m[1mLinking C shared library rosidl_generator_py/nanosaur_msgs/nanosaur_msgs_s__rosidl_typesupport_introspection_c.cpython-310-x86_64-linux-gnu.so[0m
[2.730s] [100%] [32m[1mLinking C shared library rosidl_generator_py/nanosaur_msgs/nanosaur_msgs_s__rosidl_typesupport_c.cpython-310-x86_64-linux-gnu.so[0m
[2.730s] [100%] [32m[1mLinking C shared library rosidl_generator_py/nanosaur_msgs/nanosaur_msgs_s__rosidl_typesupport_fastrtps_c.cpython-310-x86_64-linux-gnu.so[0m
[2.753s] [100%] Built target nanosaur_msgs__rosidl_typesupport_fastrtps_c__pyext
[2.753s] [100%] Built target nanosaur_msgs__rosidl_typesupport_introspection_c__pyext
[2.753s] [100%] Built target nanosaur_msgs__rosidl_typesupport_c__pyext
[2.760s] Invoked command in '/home/user/nanosaur/build/nanosaur_msgs' returned '0': CMAKE_PREFIX_PATH=/opt/ros/humble /usr/bin/cmake --build /home/user/nanosaur/build/nanosaur_msgs -- -j16 -l16
[2.791s] Invoking command in '/home/user/nanosaur/build/nanosaur_msgs': CMAKE_PREFIX_PATH=/opt/ros/humble /usr/bin/cmake --install /home/user/nanosaur/build/nanosaur_msgs
[2.795s] -- Install configuration: ""
[2.796s] -- Installing: /home/user/nanosaur/install/nanosaur_msgs/share/ament_index/resource_index/rosidl_interfaces/nanosaur_msgs
[2.796s] -- Installing: /home/user/nanosaur/install/nanosaur_msgs/include/nanosaur_msgs/nanosaur_msgs
[2.796s] -- Installing: /home/user/nanosaur/install/nanosaur_msgs/include/nanosaur_msgs/nanosaur_msgs/msg
[2.796s] -- Installing: /home/user/nanosaur/install/nanosaur_msgs/include/nanosaur_msgs/nanosaur_msgs/msg/rosidl_generator_c__visibility_control.h
[2.796s] -- Installing: /home/user/nanosaur/install/nanosaur_msgs/include/nanosaur_msgs/nanosaur_msgs/msg/detail
[2.796s] -- Installing: /home/user/nanosaur/install/nanosaur_msgs/include/nanosaur_msgs/nanosaur_msgs/msg/detail/eyes__functions.c
[2.796s] -- Installing: /home/user/nanosaur/install/nanosaur_msgs/include/nanosaur_msgs/nanosaur_msgs/msg/detail/eyes__type_support.h
[2.796s] -- Installing: /home/user/nanosaur/install/nanosaur_msgs/include/nanosaur_msgs/nanosaur_msgs/msg/detail/eyes__struct.h
[2.796s] -- Installing: /home/user/nanosaur/install/nanosaur_msgs/include/nanosaur_msgs/nanosaur_msgs/msg/detail/eyes__functions.h
[2.796s] -- Installing: /home/user/nanosaur/install/nanosaur_msgs/include/nanosaur_msgs/nanosaur_msgs/msg/eyes.h
[2.796s] -- Installing: /home/user/nanosaur/install/nanosaur_msgs/include/nanosaur_msgs/nanosaur_msgs/srv
[2.796s] -- Installing: /home/user/nanosaur/install/nanosaur_msgs/include/nanosaur_msgs/nanosaur_msgs/srv/detail
[2.796s] -- Installing: /home/user/nanosaur/install/nanosaur_msgs/include/nanosaur_msgs/nanosaur_msgs/srv/detail/eye_message__struct.h
[2.797s] -- Installing: /home/user/nanosaur/install/nanosaur_msgs/include/nanosaur_msgs/nanosaur_msgs/srv/detail/eye_message__functions.h
[2.797s] -- Installing: /home/user/nanosaur/install/nanosaur_msgs/include/nanosaur_msgs/nanosaur_msgs/srv/detail/eye_message__type_support.h
[2.797s] -- Installing: /home/user/nanosaur/install/nanosaur_msgs/include/nanosaur_msgs/nanosaur_msgs/srv/detail/eye_message__functions.c
[2.797s] -- Installing: /home/user/nanosaur/install/nanosaur_msgs/include/nanosaur_msgs/nanosaur_msgs/srv/eye_message.h
[2.797s] -- Installing: /home/user/nanosaur/install/nanosaur_msgs/share/nanosaur_msgs/environment/library_path.sh
[2.797s] -- Installing: /home/user/nanosaur/install/nanosaur_msgs/share/nanosaur_msgs/environment/library_path.dsv
[2.797s] -- Installing: /home/user/nanosaur/install/nanosaur_msgs/lib/libnanosaur_msgs__rosidl_generator_c.so
[2.797s] -- Set runtime path of "/home/user/nanosaur/install/nanosaur_msgs/lib/libnanosaur_msgs__rosidl_generator_c.so" to ""
[2.797s] -- Up-to-date: /home/user/nanosaur/install/nanosaur_msgs/include/nanosaur_msgs/nanosaur_msgs
[2.797s] -- Up-to-date: /home/user/nanosaur/install/nanosaur_msgs/include/nanosaur_msgs/nanosaur_msgs/msg
[2.797s] -- Up-to-date: /home/user/nanosaur/install/nanosaur_msgs/include/nanosaur_msgs/nanosaur_msgs/msg/detail
[2.797s] -- Installing: /home/user/nanosaur/install/nanosaur_msgs/include/nanosaur_msgs/nanosaur_msgs/msg/detail/eyes__rosidl_typesupport_fastrtps_c.h
[2.797s] -- Installing: /home/user/nanosaur/install/nanosaur_msgs/include/nanosaur_msgs/nanosaur_msgs/msg/rosidl_typesupport_fastrtps_c__visibility_control.h
[2.797s] -- Up-to-date: /home/user/nanosaur/install/nanosaur_msgs/include/nanosaur_msgs/nanosaur_msgs/srv
[2.797s] -- Up-to-date: /home/user/nanosaur/install/nanosaur_msgs/include/nanosaur_msgs/nanosaur_msgs/srv/detail
[2.797s] -- Installing: /home/user/nanosaur/install/nanosaur_msgs/include/nanosaur_msgs/nanosaur_msgs/srv/detail/eye_message__rosidl_typesupport_fastrtps_c.h
[2.797s] -- Installing: /home/user/nanosaur/install/nanosaur_msgs/lib/libnanosaur_msgs__rosidl_typesupport_fastrtps_c.so
[2.797s] -- Set runtime path of "/home/user/nanosaur/install/nanosaur_msgs/lib/libnanosaur_msgs__rosidl_typesupport_fastrtps_c.so" to ""
[2.797s] -- Up-to-date: /home/user/nanosaur/install/nanosaur_msgs/include/nanosaur_msgs/nanosaur_msgs
[2.798s] -- Up-to-date: /home/user/nanosaur/install/nanosaur_msgs/include/nanosaur_msgs/nanosaur_msgs/msg
[2.798s] -- Installing: /home/user/nanosaur/install/nanosaur_msgs/include/nanosaur_msgs/nanosaur_msgs/msg/rosidl_typesupport_introspection_c__visibility_control.h
[2.798s] -- Up-to-date: /home/user/nanosaur/install/nanosaur_msgs/include/nanosaur_msgs/nanosaur_msgs/msg/detail
[2.798s] -- Installing: /home/user/nanosaur/install/nanosaur_msgs/include/nanosaur_msgs/nanosaur_msgs/msg/detail/eyes__type_support.c
[2.798s] -- Installing: /home/user/nanosaur/install/nanosaur_msgs/include/nanosaur_msgs/nanosaur_msgs/msg/detail/eyes__rosidl_typesupport_introspection_c.h
[2.798s] -- Up-to-date: /home/user/nanosaur/install/nanosaur_msgs/include/nanosaur_msgs/nanosaur_msgs/srv
[2.798s] -- Up-to-date: /home/user/nanosaur/install/nanosaur_msgs/include/nanosaur_msgs/nanosaur_msgs/srv/detail
[2.798s] -- Installing: /home/user/nanosaur/install/nanosaur_msgs/include/nanosaur_msgs/nanosaur_msgs/srv/detail/eye_message__rosidl_typesupport_introspection_c.h
[2.798s] -- Installing: /home/user/nanosaur/install/nanosaur_msgs/include/nanosaur_msgs/nanosaur_msgs/srv/detail/eye_message__type_support.c
[2.798s] -- Installing: /home/user/nanosaur/install/nanosaur_msgs/lib/libnanosaur_msgs__rosidl_typesupport_introspection_c.so
[2.798s] -- Set runtime path of "/home/user/nanosaur/install/nanosaur_msgs/lib/libnanosaur_msgs__rosidl_typesupport_introspection_c.so" to ""
[2.798s] -- Installing: /home/user/nanosaur/install/nanosaur_msgs/lib/libnanosaur_msgs__rosidl_typesupport_c.so
[2.798s] -- Set runtime path of "/home/user/nanosaur/install/nanosaur_msgs/lib/libnanosaur_msgs__rosidl_typesupport_c.so" to ""
[2.798s] -- Up-to-date: /home/user/nanosaur/install/nanosaur_msgs/include/nanosaur_msgs/nanosaur_msgs
[2.798s] -- Up-to-date: /home/user/nanosaur/install/nanosaur_msgs/include/nanosaur_msgs/nanosaur_msgs/msg
[2.798s] -- Up-to-date: /home/user/nanosaur/install/nanosaur_msgs/include/nanosaur_msgs/nanosaur_msgs/msg/detail
[2.798s] -- Installing: /home/user/nanosaur/install/nanosaur_msgs/include/nanosaur_msgs/nanosaur_msgs/msg/detail/eyes__traits.hpp
[2.798s] -- Installing: /home/user/nanosaur/install/nanosaur_msgs/include/nanosaur_msgs/nanosaur_msgs/msg/detail/eyes__struct.hpp
[2.798s] -- Installing: /home/user/nanosaur/install/nanosaur_msgs/include/nanosaur_msgs/nanosaur_msgs/msg/detail/eyes__builder.hpp
[2.798s] -- Installing: /home/user/nanosaur/install/nanosaur_msgs/include/nanosaur_msgs/nanosaur_msgs/msg/eyes.hpp
[2.798s] -- Up-to-date: /home/user/nanosaur/install/nanosaur_msgs/include/nanosaur_msgs/nanosaur_msgs/srv
[2.798s] -- Installing: /home/user/nanosaur/install/nanosaur_msgs/include/nanosaur_msgs/nanosaur_msgs/srv/eye_message.hpp
[2.798s] -- Up-to-date: /home/user/nanosaur/install/nanosaur_msgs/include/nanosaur_msgs/nanosaur_msgs/srv/detail
[2.798s] -- Installing: /home/user/nanosaur/install/nanosaur_msgs/include/nanosaur_msgs/nanosaur_msgs/srv/detail/eye_message__builder.hpp
[2.798s] -- Installing: /home/user/nanosaur/install/nanosaur_msgs/include/nanosaur_msgs/nanosaur_msgs/srv/detail/eye_message__traits.hpp
[2.798s] -- Installing: /home/user/nanosaur/install/nanosaur_msgs/include/nanosaur_msgs/nanosaur_msgs/srv/detail/eye_message__struct.hpp
[2.798s] -- Up-to-date: /home/user/nanosaur/install/nanosaur_msgs/include/nanosaur_msgs/nanosaur_msgs
[2.798s] -- Up-to-date: /home/user/nanosaur/install/nanosaur_msgs/include/nanosaur_msgs/nanosaur_msgs/msg
[2.799s] -- Up-to-date: /home/user/nanosaur/install/nanosaur_msgs/include/nanosaur_msgs/nanosaur_msgs/msg/detail
[2.799s] -- Installing: /home/user/nanosaur/install/nanosaur_msgs/include/nanosaur_msgs/nanosaur_msgs/msg/detail/eyes__rosidl_typesupport_fastrtps_cpp.hpp
[2.799s] -- Installing: /home/user/nanosaur/install/nanosaur_msgs/include/nanosaur_msgs/nanosaur_msgs/msg/detail/dds_fastrtps
[2.799s] -- Installing: /home/user/nanosaur/install/nanosaur_msgs/include/nanosaur_msgs/nanosaur_msgs/msg/rosidl_typesupport_fastrtps_cpp__visibility_control.h
[2.799s] -- Up-to-date: /home/user/nanosaur/install/nanosaur_msgs/include/nanosaur_msgs/nanosaur_msgs/srv
[2.799s] -- Up-to-date: /home/user/nanosaur/install/nanosaur_msgs/include/nanosaur_msgs/nanosaur_msgs/srv/detail
[2.799s] -- Installing: /home/user/nanosaur/install/nanosaur_msgs/include/nanosaur_msgs/nanosaur_msgs/srv/detail/eye_message__rosidl_typesupport_fastrtps_cpp.hpp
[2.799s] -- Installing: /home/user/nanosaur/install/nanosaur_msgs/include/nanosaur_msgs/nanosaur_msgs/srv/detail/dds_fastrtps
[2.799s] -- Installing: /home/user/nanosaur/install/nanosaur_msgs/lib/libnanosaur_msgs__rosidl_typesupport_fastrtps_cpp.so
[2.799s] -- Set runtime path of "/home/user/nanosaur/install/nanosaur_msgs/lib/libnanosaur_msgs__rosidl_typesupport_fastrtps_cpp.so" to ""
[2.799s] -- Up-to-date: /home/user/nanosaur/install/nanosaur_msgs/include/nanosaur_msgs/nanosaur_msgs
[2.799s] -- Up-to-date: /home/user/nanosaur/install/nanosaur_msgs/include/nanosaur_msgs/nanosaur_msgs/msg
[2.799s] -- Up-to-date: /home/user/nanosaur/install/nanosaur_msgs/include/nanosaur_msgs/nanosaur_msgs/msg/detail
[2.799s] -- Installing: /home/user/nanosaur/install/nanosaur_msgs/include/nanosaur_msgs/nanosaur_msgs/msg/detail/eyes__rosidl_typesupport_introspection_cpp.hpp
[2.799s] -- Installing: /home/user/nanosaur/install/nanosaur_msgs/include/nanosaur_msgs/nanosaur_msgs/msg/detail/eyes__type_support.cpp
[2.799s] -- Up-to-date: /home/user/nanosaur/install/nanosaur_msgs/include/nanosaur_msgs/nanosaur_msgs/srv
[2.799s] -- Up-to-date: /home/user/nanosaur/install/nanosaur_msgs/include/nanosaur_msgs/nanosaur_msgs/srv/detail
[2.799s] -- Installing: /home/user/nanosaur/install/nanosaur_msgs/include/nanosaur_msgs/nanosaur_msgs/srv/detail/eye_message__rosidl_typesupport_introspection_cpp.hpp
[2.799s] -- Installing: /home/user/nanosaur/install/nanosaur_msgs/include/nanosaur_msgs/nanosaur_msgs/srv/detail/eye_message__type_support.cpp
[2.799s] -- Installing: /home/user/nanosaur/install/nanosaur_msgs/lib/libnanosaur_msgs__rosidl_typesupport_introspection_cpp.so
[2.799s] -- Set runtime path of "/home/user/nanosaur/install/nanosaur_msgs/lib/libnanosaur_msgs__rosidl_typesupport_introspection_cpp.so" to ""
[2.799s] -- Installing: /home/user/nanosaur/install/nanosaur_msgs/lib/libnanosaur_msgs__rosidl_typesupport_cpp.so
[2.800s] -- Set runtime path of "/home/user/nanosaur/install/nanosaur_msgs/lib/libnanosaur_msgs__rosidl_typesupport_cpp.so" to ""
[2.800s] -- Installing: /home/user/nanosaur/install/nanosaur_msgs/share/nanosaur_msgs/environment/pythonpath.sh
[2.800s] -- Installing: /home/user/nanosaur/install/nanosaur_msgs/share/nanosaur_msgs/environment/pythonpath.dsv
[2.800s] -- Installing: /home/user/nanosaur/install/nanosaur_msgs/local/lib/python3.10/dist-packages/nanosaur_msgs-2.1.0-py3.10.egg-info
[2.800s] -- Installing: /home/user/nanosaur/install/nanosaur_msgs/local/lib/python3.10/dist-packages/nanosaur_msgs-2.1.0-py3.10.egg-info/top_level.txt
[2.800s] -- Installing: /home/user/nanosaur/install/nanosaur_msgs/local/lib/python3.10/dist-packages/nanosaur_msgs-2.1.0-py3.10.egg-info/dependency_links.txt
[2.800s] -- Installing: /home/user/nanosaur/install/nanosaur_msgs/local/lib/python3.10/dist-packages/nanosaur_msgs-2.1.0-py3.10.egg-info/SOURCES.txt
[2.800s] -- Installing: /home/user/nanosaur/install/nanosaur_msgs/local/lib/python3.10/dist-packages/nanosaur_msgs-2.1.0-py3.10.egg-info/PKG-INFO
[2.800s] -- Installing: /home/user/nanosaur/install/nanosaur_msgs/local/lib/python3.10/dist-packages/nanosaur_msgs
[2.800s] -- Installing: /home/user/nanosaur/install/nanosaur_msgs/local/lib/python3.10/dist-packages/nanosaur_msgs/msg
[2.800s] -- Installing: /home/user/nanosaur/install/nanosaur_msgs/local/lib/python3.10/dist-packages/nanosaur_msgs/msg/_eyes.py
[2.800s] -- Installing: /home/user/nanosaur/install/nanosaur_msgs/local/lib/python3.10/dist-packages/nanosaur_msgs/msg/__init__.py
[2.800s] -- Installing: /home/user/nanosaur/install/nanosaur_msgs/local/lib/python3.10/dist-packages/nanosaur_msgs/msg/_eyes_s.c
[2.800s] -- Installing: /home/user/nanosaur/install/nanosaur_msgs/local/lib/python3.10/dist-packages/nanosaur_msgs/nanosaur_msgs_s__rosidl_typesupport_fastrtps_c.cpython-310-x86_64-linux-gnu.so
[2.800s] -- Installing: /home/user/nanosaur/install/nanosaur_msgs/local/lib/python3.10/dist-packages/nanosaur_msgs/nanosaur_msgs_s__rosidl_typesupport_introspection_c.cpython-310-x86_64-linux-gnu.so
[2.800s] -- Installing: /home/user/nanosaur/install/nanosaur_msgs/local/lib/python3.10/dist-packages/nanosaur_msgs/srv
[2.800s] -- Installing: /home/user/nanosaur/install/nanosaur_msgs/local/lib/python3.10/dist-packages/nanosaur_msgs/srv/_eye_message_s.c
[2.800s] -- Installing: /home/user/nanosaur/install/nanosaur_msgs/local/lib/python3.10/dist-packages/nanosaur_msgs/srv/__init__.py
[2.800s] -- Installing: /home/user/nanosaur/install/nanosaur_msgs/local/lib/python3.10/dist-packages/nanosaur_msgs/srv/_eye_message.py
[2.801s] -- Installing: /home/user/nanosaur/install/nanosaur_msgs/local/lib/python3.10/dist-packages/nanosaur_msgs/__init__.py
[2.801s] -- Installing: /home/user/nanosaur/install/nanosaur_msgs/local/lib/python3.10/dist-packages/nanosaur_msgs/_nanosaur_msgs_s.ep.rosidl_typesupport_introspection_c.c
[2.801s] -- Installing: /home/user/nanosaur/install/nanosaur_msgs/local/lib/python3.10/dist-packages/nanosaur_msgs/_nanosaur_msgs_s.ep.rosidl_typesupport_c.c
[2.801s] -- Installing: /home/user/nanosaur/install/nanosaur_msgs/local/lib/python3.10/dist-packages/nanosaur_msgs/libnanosaur_msgs__rosidl_generator_py.so
[2.801s] -- Installing: /home/user/nanosaur/install/nanosaur_msgs/local/lib/python3.10/dist-packages/nanosaur_msgs/nanosaur_msgs_s__rosidl_typesupport_c.cpython-310-x86_64-linux-gnu.so
[2.801s] -- Installing: /home/user/nanosaur/install/nanosaur_msgs/local/lib/python3.10/dist-packages/nanosaur_msgs/_nanosaur_msgs_s.ep.rosidl_typesupport_fastrtps_c.c
[2.821s] Listing '/home/user/nanosaur/install/nanosaur_msgs/local/lib/python3.10/dist-packages/nanosaur_msgs'...
[2.821s] Compiling '/home/user/nanosaur/install/nanosaur_msgs/local/lib/python3.10/dist-packages/nanosaur_msgs/__init__.py'...
[2.821s] Listing '/home/user/nanosaur/install/nanosaur_msgs/local/lib/python3.10/dist-packages/nanosaur_msgs/msg'...
[2.821s] Compiling '/home/user/nanosaur/install/nanosaur_msgs/local/lib/python3.10/dist-packages/nanosaur_msgs/msg/__init__.py'...
[2.821s] Compiling '/home/user/nanosaur/install/nanosaur_msgs/local/lib/python3.10/dist-packages/nanosaur_msgs/msg/_eyes.py'...
[2.821s] Listing '/home/user/nanosaur/install/nanosaur_msgs/local/lib/python3.10/dist-packages/nanosaur_msgs/srv'...
[2.821s] Compiling '/home/user/nanosaur/install/nanosaur_msgs/local/lib/python3.10/dist-packages/nanosaur_msgs/srv/__init__.py'...
[2.821s] Compiling '/home/user/nanosaur/install/nanosaur_msgs/local/lib/python3.10/dist-packages/nanosaur_msgs/srv/_eye_message.py'...
[2.823s] -- Installing: /home/user/nanosaur/install/nanosaur_msgs/local/lib/python3.10/dist-packages/nanosaur_msgs/nanosaur_msgs_s__rosidl_typesupport_fastrtps_c.cpython-310-x86_64-linux-gnu.so
[2.823s] -- Set runtime path of "/home/user/nanosaur/install/nanosaur_msgs/local/lib/python3.10/dist-packages/nanosaur_msgs/nanosaur_msgs_s__rosidl_typesupport_fastrtps_c.cpython-310-x86_64-linux-gnu.so" to ""
[2.824s] -- Installing: /home/user/nanosaur/install/nanosaur_msgs/local/lib/python3.10/dist-packages/nanosaur_msgs/nanosaur_msgs_s__rosidl_typesupport_introspection_c.cpython-310-x86_64-linux-gnu.so
[2.824s] -- Set runtime path of "/home/user/nanosaur/install/nanosaur_msgs/local/lib/python3.10/dist-packages/nanosaur_msgs/nanosaur_msgs_s__rosidl_typesupport_introspection_c.cpython-310-x86_64-linux-gnu.so" to ""
[2.824s] -- Installing: /home/user/nanosaur/install/nanosaur_msgs/local/lib/python3.10/dist-packages/nanosaur_msgs/nanosaur_msgs_s__rosidl_typesupport_c.cpython-310-x86_64-linux-gnu.so
[2.824s] -- Set runtime path of "/home/user/nanosaur/install/nanosaur_msgs/local/lib/python3.10/dist-packages/nanosaur_msgs/nanosaur_msgs_s__rosidl_typesupport_c.cpython-310-x86_64-linux-gnu.so" to ""
[2.824s] -- Installing: /home/user/nanosaur/install/nanosaur_msgs/lib/libnanosaur_msgs__rosidl_generator_py.so
[2.824s] -- Set runtime path of "/home/user/nanosaur/install/nanosaur_msgs/lib/libnanosaur_msgs__rosidl_generator_py.so" to ""
[2.824s] -- Installing: /home/user/nanosaur/install/nanosaur_msgs/share/nanosaur_msgs/msg/Eyes.idl
[2.824s] -- Installing: /home/user/nanosaur/install/nanosaur_msgs/share/nanosaur_msgs/srv/EyeMessage.idl
[2.824s] -- Installing: /home/user/nanosaur/install/nanosaur_msgs/share/nanosaur_msgs/msg/Eyes.msg
[2.824s] -- Installing: /home/user/nanosaur/install/nanosaur_msgs/share/nanosaur_msgs/srv/EyeMessage.srv
[2.824s] -- Installing: /home/user/nanosaur/install/nanosaur_msgs/share/nanosaur_msgs/srv/EyeMessage_Request.msg
[2.824s] -- Installing: /home/user/nanosaur/install/nanosaur_msgs/share/nanosaur_msgs/srv/EyeMessage_Response.msg
[2.824s] -- Installing: /home/user/nanosaur/install/nanosaur_msgs/share/ament_index/resource_index/package_run_dependencies/nanosaur_msgs
[2.825s] -- Installing: /home/user/nanosaur/install/nanosaur_msgs/share/ament_index/resource_index/parent_prefix_path/nanosaur_msgs
[2.825s] -- Installing: /home/user/nanosaur/install/nanosaur_msgs/share/nanosaur_msgs/environment/ament_prefix_path.sh
[2.825s] -- Installing: /home/user/nanosaur/install/nanosaur_msgs/share/nanosaur_msgs/environment/ament_prefix_path.dsv
[2.825s] -- Installing: /home/user/nanosaur/install/nanosaur_msgs/share/nanosaur_msgs/environment/path.sh
[2.825s] -- Installing: /home/user/nanosaur/install/nanosaur_msgs/share/nanosaur_msgs/environment/path.dsv
[2.825s] -- Installing: /home/user/nanosaur/install/nanosaur_msgs/share/nanosaur_msgs/local_setup.bash
[2.825s] -- Installing: /home/user/nanosaur/install/nanosaur_msgs/share/nanosaur_msgs/local_setup.sh
[2.825s] -- Installing: /home/user/nanosaur/install/nanosaur_msgs/share/nanosaur_msgs/local_setup.zsh
[2.825s] -- Installing: /home/user/nanosaur/install/nanosaur_msgs/share/nanosaur_msgs/local_setup.dsv
[2.825s] -- Installing: /home/user/nanosaur/install/nanosaur_msgs/share/nanosaur_msgs/package.dsv
[2.825s] -- Installing: /home/user/nanosaur/install/nanosaur_msgs/share/ament_index/resource_index/packages/nanosaur_msgs
[2.825s] -- Installing: /home/user/nanosaur/install/nanosaur_msgs/share/nanosaur_msgs/cmake/export_nanosaur_msgs__rosidl_generator_cExport.cmake
[2.825s] -- Installing: /home/user/nanosaur/install/nanosaur_msgs/share/nanosaur_msgs/cmake/export_nanosaur_msgs__rosidl_generator_cExport-noconfig.cmake
[2.825s] -- Installing: /home/user/nanosaur/install/nanosaur_msgs/share/nanosaur_msgs/cmake/export_nanosaur_msgs__rosidl_typesupport_fastrtps_cExport.cmake
[2.825s] -- Installing: /home/user/nanosaur/install/nanosaur_msgs/share/nanosaur_msgs/cmake/export_nanosaur_msgs__rosidl_typesupport_fastrtps_cExport-noconfig.cmake
[2.826s] -- Installing: /home/user/nanosaur/install/nanosaur_msgs/share/nanosaur_msgs/cmake/nanosaur_msgs__rosidl_typesupport_introspection_cExport.cmake
[2.826s] -- Installing: /home/user/nanosaur/install/nanosaur_msgs/share/nanosaur_msgs/cmake/nanosaur_msgs__rosidl_typesupport_introspection_cExport-noconfig.cmake
[2.826s] -- Installing: /home/user/nanosaur/install/nanosaur_msgs/share/nanosaur_msgs/cmake/nanosaur_msgs__rosidl_typesupport_cExport.cmake
[2.826s] -- Installing: /home/user/nanosaur/install/nanosaur_msgs/share/nanosaur_msgs/cmake/nanosaur_msgs__rosidl_typesupport_cExport-noconfig.cmake
[2.826s] -- Installing: /home/user/nanosaur/install/nanosaur_msgs/share/nanosaur_msgs/cmake/export_nanosaur_msgs__rosidl_generator_cppExport.cmake
[2.826s] -- Installing: /home/user/nanosaur/install/nanosaur_msgs/share/nanosaur_msgs/cmake/export_nanosaur_msgs__rosidl_typesupport_fastrtps_cppExport.cmake
[2.826s] -- Installing: /home/user/nanosaur/install/nanosaur_msgs/share/nanosaur_msgs/cmake/export_nanosaur_msgs__rosidl_typesupport_fastrtps_cppExport-noconfig.cmake
[2.826s] -- Installing: /home/user/nanosaur/install/nanosaur_msgs/share/nanosaur_msgs/cmake/nanosaur_msgs__rosidl_typesupport_introspection_cppExport.cmake
[2.826s] -- Installing: /home/user/nanosaur/install/nanosaur_msgs/share/nanosaur_msgs/cmake/nanosaur_msgs__rosidl_typesupport_introspection_cppExport-noconfig.cmake
[2.826s] -- Installing: /home/user/nanosaur/install/nanosaur_msgs/share/nanosaur_msgs/cmake/nanosaur_msgs__rosidl_typesupport_cppExport.cmake
[2.826s] -- Installing: /home/user/nanosaur/install/nanosaur_msgs/share/nanosaur_msgs/cmake/nanosaur_msgs__rosidl_typesupport_cppExport-noconfig.cmake
[2.826s] -- Installing: /home/user/nanosaur/install/nanosaur_msgs/share/nanosaur_msgs/cmake/export_nanosaur_msgs__rosidl_generator_pyExport.cmake
[2.826s] -- Installing: /home/user/nanosaur/install/nanosaur_msgs/share/nanosaur_msgs/cmake/export_nanosaur_msgs__rosidl_generator_pyExport-noconfig.cmake
[2.826s] -- Installing: /home/user/nanosaur/install/nanosaur_msgs/share/nanosaur_msgs/cmake/rosidl_cmake-extras.cmake
[2.826s] -- Installing: /home/user/nanosaur/install/nanosaur_msgs/share/nanosaur_msgs/cmake/ament_cmake_export_dependencies-extras.cmake
[2.827s] -- Installing: /home/user/nanosaur/install/nanosaur_msgs/share/nanosaur_msgs/cmake/ament_cmake_export_include_directories-extras.cmake
[2.827s] -- Installing: /home/user/nanosaur/install/nanosaur_msgs/share/nanosaur_msgs/cmake/ament_cmake_export_libraries-extras.cmake
[2.827s] -- Installing: /home/user/nanosaur/install/nanosaur_msgs/share/nanosaur_msgs/cmake/ament_cmake_export_targets-extras.cmake
[2.827s] -- Installing: /home/user/nanosaur/install/nanosaur_msgs/share/nanosaur_msgs/cmake/rosidl_cmake_export_typesupport_targets-extras.cmake
[2.827s] -- Installing: /home/user/nanosaur/install/nanosaur_msgs/share/nanosaur_msgs/cmake/rosidl_cmake_export_typesupport_libraries-extras.cmake
[2.827s] -- Installing: /home/user/nanosaur/install/nanosaur_msgs/share/nanosaur_msgs/cmake/nanosaur_msgsConfig.cmake
[2.827s] -- Installing: /home/user/nanosaur/install/nanosaur_msgs/share/nanosaur_msgs/cmake/nanosaur_msgsConfig-version.cmake
[2.827s] -- Installing: /home/user/nanosaur/install/nanosaur_msgs/share/nanosaur_msgs/package.xml
[2.830s] Invoked command in '/home/user/nanosaur/build/nanosaur_msgs' returned '0': CMAKE_PREFIX_PATH=/opt/ros/humble /usr/bin/cmake --install /home/user/nanosaur/build/nanosaur_msgs
