[  2%] Built target nanosaur_msgs__cpp
[ 12%] Built target nanosaur_msgs__rosidl_generator_c
[ 12%] Built target ament_cmake_python_copy_nanosaur_msgs
[ 23%] Built target nanosaur_msgs__rosidl_typesupport_introspection_cpp
[ 53%] Built target nanosaur_msgs__rosidl_typesupport_fastrtps_cpp
[ 53%] Built target nanosaur_msgs__rosidl_typesupport_introspection_c
[ 53%] Built target nanosaur_msgs__rosidl_typesupport_cpp
[ 64%] Built target nanosaur_msgs__rosidl_typesupport_c
[ 74%] Built target nanosaur_msgs__rosidl_typesupport_fastrtps_c
[ 74%] Built target nanosaur_msgs
[ 76%] Built target nanosaur_msgs__py
[ 84%] Built target nanosaur_msgs__rosidl_generator_py
[ 89%] Built target nanosaur_msgs__rosidl_typesupport_fastrtps_c__pyext
[ 94%] Built target nanosaur_msgs__rosidl_typesupport_introspection_c__pyext
[100%] Built target nanosaur_msgs__rosidl_typesupport_c__pyext
running egg_info
writing nanosaur_msgs.egg-info/PKG-INFO
writing dependency_links to nanosaur_msgs.egg-info/dependency_links.txt
writing top-level names to nanosaur_msgs.egg-info/top_level.txt
reading manifest file 'nanosaur_msgs.egg-info/SOURCES.txt'
writing manifest file 'nanosaur_msgs.egg-info/SOURCES.txt'
[100%] Built target ament_cmake_python_build_nanosaur_msgs_egg
