[0.033s] Invoking command in '/home/user/nanosaur/build/nanosaur_msgs': CMAKE_PREFIX_PATH=${CMAKE_PREFIX_PATH}:/opt/ros/humble /usr/bin/cmake --build /home/user/nanosaur/build/nanosaur_msgs -- -j16 -l16
[0.085s] [  2%] Built target nanosaur_msgs__cpp
[0.090s] [ 12%] Built target nanosaur_msgs__rosidl_generator_c
[0.097s] [ 12%] Built target ament_cmake_python_copy_nanosaur_msgs
[0.106s] [ 23%] Built target nanosaur_msgs__rosidl_typesupport_introspection_cpp
[0.107s] [ 53%] Built target nanosaur_msgs__rosidl_typesupport_fastrtps_cpp
[0.107s] [ 53%] Built target nanosaur_msgs__rosidl_typesupport_introspection_c
[0.107s] [ 53%] Built target nanosaur_msgs__rosidl_typesupport_cpp
[0.108s] [ 64%] Built target nanosaur_msgs__rosidl_typesupport_c
[0.116s] [ 74%] Built target nanosaur_msgs__rosidl_typesupport_fastrtps_c
[0.140s] [ 74%] Built target nanosaur_msgs
[0.165s] [ 76%] Built target nanosaur_msgs__py
[0.190s] [ 84%] Built target nanosaur_msgs__rosidl_generator_py
[0.212s] [ 89%] Built target nanosaur_msgs__rosidl_typesupport_fastrtps_c__pyext
[0.216s] [ 94%] Built target nanosaur_msgs__rosidl_typesupport_introspection_c__pyext
[0.217s] [100%] Built target nanosaur_msgs__rosidl_typesupport_c__pyext
[0.268s] running egg_info
[0.268s] writing nanosaur_msgs.egg-info/PKG-INFO
[0.268s] writing dependency_links to nanosaur_msgs.egg-info/dependency_links.txt
[0.269s] writing top-level names to nanosaur_msgs.egg-info/top_level.txt
[0.272s] reading manifest file 'nanosaur_msgs.egg-info/SOURCES.txt'
[0.273s] writing manifest file 'nanosaur_msgs.egg-info/SOURCES.txt'
[0.307s] [100%] Built target ament_cmake_python_build_nanosaur_msgs_egg
