[0.255s] DEBUG:colcon:Command line arguments: ['/usr/bin/colcon', 'build']
[0.255s] DEBUG:colcon:Parsed command line arguments: Namespace(log_base=None, log_level=None, verb_name='build', build_base='build', install_base='install', merge_install=False, symlink_install=False, test_result_base=None, continue_on_error=False, executor='parallel', parallel_workers=16, event_handlers=None, ignore_user_meta=False, metas=['./colcon.meta'], base_paths=['.'], packages_ignore=None, packages_ignore_regex=None, paths=None, packages_up_to=None, packages_up_to_regex=None, packages_above=None, packages_above_and_dependencies=None, packages_above_depth=None, packages_select_by_dep=None, packages_skip_by_dep=None, packages_skip_up_to=None, packages_select_build_failed=False, packages_skip_build_finished=False, packages_select_test_failures=False, packages_skip_test_passed=False, packages_select=None, packages_skip=None, packages_select_regex=None, packages_skip_regex=None, packages_start=None, packages_end=None, cmake_args=None, cmake_target=None, cmake_target_skip_unavailable=False, cmake_clean_cache=False, cmake_clean_first=False, cmake_force_configure=False, ament_cmake_args=None, catkin_cmake_args=None, catkin_skip_building_tests=False, mixin_files=None, mixin=None, verb_parser=<colcon_mixin.mixin.mixin_argument.MixinArgumentDecorator object at 0x7fb1e6d0d450>, verb_extension=<colcon_core.verb.build.BuildVerb object at 0x7fb1e74e4f40>, main=<bound method BuildVerb.main of <colcon_core.verb.build.BuildVerb object at 0x7fb1e74e4f40>>, mixin_verb=('build',))
[0.286s] Level 1:colcon.colcon_core.package_discovery:discover_packages(colcon_meta) check parameters
[0.286s] Level 1:colcon.colcon_core.package_discovery:discover_packages(recursive) check parameters
[0.286s] Level 1:colcon.colcon_core.package_discovery:discover_packages(ignore) check parameters
[0.287s] Level 1:colcon.colcon_core.package_discovery:discover_packages(path) check parameters
[0.287s] Level 1:colcon.colcon_core.package_discovery:discover_packages(colcon_meta) discover
[0.287s] Level 1:colcon.colcon_core.package_discovery:discover_packages(recursive) discover
[0.287s] INFO:colcon.colcon_core.package_discovery:Crawling recursively for packages in '/home/user/nanosaur'
[0.287s] Level 1:colcon.colcon_core.package_identification:_identify(.) by extensions ['ignore', 'ignore_ament_install']
[0.287s] Level 1:colcon.colcon_core.package_identification:_identify(.) by extension 'ignore'
[0.287s] Level 1:colcon.colcon_core.package_identification:_identify(.) by extension 'ignore_ament_install'
[0.287s] Level 1:colcon.colcon_core.package_identification:_identify(.) by extensions ['colcon_pkg']
[0.287s] Level 1:colcon.colcon_core.package_identification:_identify(.) by extension 'colcon_pkg'
[0.287s] Level 1:colcon.colcon_core.package_identification:_identify(.) by extensions ['colcon_meta']
[0.287s] Level 1:colcon.colcon_core.package_identification:_identify(.) by extension 'colcon_meta'
[0.287s] Level 1:colcon.colcon_core.package_identification:_identify(.) by extensions ['ros']
[0.287s] Level 1:colcon.colcon_core.package_identification:_identify(.) by extension 'ros'
[0.296s] Level 1:colcon.colcon_core.package_identification:_identify(.) by extensions ['cmake', 'python']
[0.296s] Level 1:colcon.colcon_core.package_identification:_identify(.) by extension 'cmake'
[0.296s] Level 1:colcon.colcon_core.package_identification:_identify(.) by extension 'python'
[0.296s] Level 1:colcon.colcon_core.package_identification:_identify(.) by extensions ['python_setup_py']
[0.296s] Level 1:colcon.colcon_core.package_identification:_identify(.) by extension 'python_setup_py'
[0.296s] Level 1:colcon.colcon_core.package_identification:_identify(build) by extensions ['ignore', 'ignore_ament_install']
[0.296s] Level 1:colcon.colcon_core.package_identification:_identify(build) by extension 'ignore'
[0.296s] Level 1:colcon.colcon_core.package_identification:_identify(build) ignored
[0.297s] Level 1:colcon.colcon_core.package_identification:_identify(install) by extensions ['ignore', 'ignore_ament_install']
[0.297s] Level 1:colcon.colcon_core.package_identification:_identify(install) by extension 'ignore'
[0.297s] Level 1:colcon.colcon_core.package_identification:_identify(install) ignored
[0.297s] Level 1:colcon.colcon_core.package_identification:_identify(log) by extensions ['ignore', 'ignore_ament_install']
[0.297s] Level 1:colcon.colcon_core.package_identification:_identify(log) by extension 'ignore'
[0.297s] Level 1:colcon.colcon_core.package_identification:_identify(log) ignored
[0.297s] Level 1:colcon.colcon_core.package_identification:_identify(src) by extensions ['ignore', 'ignore_ament_install']
[0.297s] Level 1:colcon.colcon_core.package_identification:_identify(src) by extension 'ignore'
[0.297s] Level 1:colcon.colcon_core.package_identification:_identify(src) by extension 'ignore_ament_install'
[0.297s] Level 1:colcon.colcon_core.package_identification:_identify(src) by extensions ['colcon_pkg']
[0.297s] Level 1:colcon.colcon_core.package_identification:_identify(src) by extension 'colcon_pkg'
[0.297s] Level 1:colcon.colcon_core.package_identification:_identify(src) by extensions ['colcon_meta']
[0.297s] Level 1:colcon.colcon_core.package_identification:_identify(src) by extension 'colcon_meta'
[0.297s] Level 1:colcon.colcon_core.package_identification:_identify(src) by extensions ['ros']
[0.297s] Level 1:colcon.colcon_core.package_identification:_identify(src) by extension 'ros'
[0.297s] Level 1:colcon.colcon_core.package_identification:_identify(src) by extensions ['cmake', 'python']
[0.297s] Level 1:colcon.colcon_core.package_identification:_identify(src) by extension 'cmake'
[0.297s] Level 1:colcon.colcon_core.package_identification:_identify(src) by extension 'python'
[0.297s] Level 1:colcon.colcon_core.package_identification:_identify(src) by extensions ['python_setup_py']
[0.297s] Level 1:colcon.colcon_core.package_identification:_identify(src) by extension 'python_setup_py'
[0.297s] Level 1:colcon.colcon_core.package_identification:_identify(src/nanosaur) by extensions ['ignore', 'ignore_ament_install']
[0.298s] Level 1:colcon.colcon_core.package_identification:_identify(src/nanosaur) by extension 'ignore'
[0.298s] Level 1:colcon.colcon_core.package_identification:_identify(src/nanosaur) by extension 'ignore_ament_install'
[0.298s] Level 1:colcon.colcon_core.package_identification:_identify(src/nanosaur) by extensions ['colcon_pkg']
[0.298s] Level 1:colcon.colcon_core.package_identification:_identify(src/nanosaur) by extension 'colcon_pkg'
[0.298s] Level 1:colcon.colcon_core.package_identification:_identify(src/nanosaur) by extensions ['colcon_meta']
[0.298s] Level 1:colcon.colcon_core.package_identification:_identify(src/nanosaur) by extension 'colcon_meta'
[0.298s] Level 1:colcon.colcon_core.package_identification:_identify(src/nanosaur) by extensions ['ros']
[0.298s] Level 1:colcon.colcon_core.package_identification:_identify(src/nanosaur) by extension 'ros'
[0.298s] Level 1:colcon.colcon_core.package_identification:_identify(src/nanosaur) by extensions ['cmake', 'python']
[0.298s] Level 1:colcon.colcon_core.package_identification:_identify(src/nanosaur) by extension 'cmake'
[0.298s] Level 1:colcon.colcon_core.package_identification:_identify(src/nanosaur) by extension 'python'
[0.298s] Level 1:colcon.colcon_core.package_identification:_identify(src/nanosaur) by extensions ['python_setup_py']
[0.298s] Level 1:colcon.colcon_core.package_identification:_identify(src/nanosaur) by extension 'python_setup_py'
[0.298s] Level 1:colcon.colcon_core.package_identification:_identify(src/nanosaur/nanosaur) by extensions ['ignore', 'ignore_ament_install']
[0.298s] Level 1:colcon.colcon_core.package_identification:_identify(src/nanosaur/nanosaur) by extension 'ignore'
[0.298s] Level 1:colcon.colcon_core.package_identification:_identify(src/nanosaur/nanosaur) by extension 'ignore_ament_install'
[0.298s] Level 1:colcon.colcon_core.package_identification:_identify(src/nanosaur/nanosaur) by extensions ['colcon_pkg']
[0.298s] Level 1:colcon.colcon_core.package_identification:_identify(src/nanosaur/nanosaur) by extension 'colcon_pkg'
[0.298s] Level 1:colcon.colcon_core.package_identification:_identify(src/nanosaur/nanosaur) by extensions ['colcon_meta']
[0.298s] Level 1:colcon.colcon_core.package_identification:_identify(src/nanosaur/nanosaur) by extension 'colcon_meta'
[0.298s] Level 1:colcon.colcon_core.package_identification:_identify(src/nanosaur/nanosaur) by extensions ['ros']
[0.298s] Level 1:colcon.colcon_core.package_identification:_identify(src/nanosaur/nanosaur) by extension 'ros'
[0.301s] DEBUG:colcon.colcon_core.package_identification:Package 'src/nanosaur/nanosaur' with type 'ros.ament_cmake' and name 'nanosaur'
[0.302s] Level 1:colcon.colcon_core.package_identification:_identify(src/nanosaur/nanosaur_control) by extensions ['ignore', 'ignore_ament_install']
[0.302s] Level 1:colcon.colcon_core.package_identification:_identify(src/nanosaur/nanosaur_control) by extension 'ignore'
[0.302s] Level 1:colcon.colcon_core.package_identification:_identify(src/nanosaur/nanosaur_control) by extension 'ignore_ament_install'
[0.302s] Level 1:colcon.colcon_core.package_identification:_identify(src/nanosaur/nanosaur_control) by extensions ['colcon_pkg']
[0.302s] Level 1:colcon.colcon_core.package_identification:_identify(src/nanosaur/nanosaur_control) by extension 'colcon_pkg'
[0.302s] Level 1:colcon.colcon_core.package_identification:_identify(src/nanosaur/nanosaur_control) by extensions ['colcon_meta']
[0.302s] Level 1:colcon.colcon_core.package_identification:_identify(src/nanosaur/nanosaur_control) by extension 'colcon_meta'
[0.302s] Level 1:colcon.colcon_core.package_identification:_identify(src/nanosaur/nanosaur_control) by extensions ['ros']
[0.302s] Level 1:colcon.colcon_core.package_identification:_identify(src/nanosaur/nanosaur_control) by extension 'ros'
[0.302s] DEBUG:colcon.colcon_core.package_identification:Package 'src/nanosaur/nanosaur_control' with type 'ros.ament_cmake' and name 'nanosaur_control'
[0.302s] Level 1:colcon.colcon_core.package_identification:_identify(src/nanosaur/nanosaur_description) by extensions ['ignore', 'ignore_ament_install']
[0.303s] Level 1:colcon.colcon_core.package_identification:_identify(src/nanosaur/nanosaur_description) by extension 'ignore'
[0.303s] Level 1:colcon.colcon_core.package_identification:_identify(src/nanosaur/nanosaur_description) by extension 'ignore_ament_install'
[0.303s] Level 1:colcon.colcon_core.package_identification:_identify(src/nanosaur/nanosaur_description) by extensions ['colcon_pkg']
[0.303s] Level 1:colcon.colcon_core.package_identification:_identify(src/nanosaur/nanosaur_description) by extension 'colcon_pkg'
[0.303s] Level 1:colcon.colcon_core.package_identification:_identify(src/nanosaur/nanosaur_description) by extensions ['colcon_meta']
[0.303s] Level 1:colcon.colcon_core.package_identification:_identify(src/nanosaur/nanosaur_description) by extension 'colcon_meta'
[0.303s] Level 1:colcon.colcon_core.package_identification:_identify(src/nanosaur/nanosaur_description) by extensions ['ros']
[0.303s] Level 1:colcon.colcon_core.package_identification:_identify(src/nanosaur/nanosaur_description) by extension 'ros'
[0.303s] DEBUG:colcon.colcon_core.package_identification:Package 'src/nanosaur/nanosaur_description' with type 'ros.ament_cmake' and name 'nanosaur_description'
[0.303s] Level 1:colcon.colcon_core.package_identification:_identify(src/nanosaur/nanosaur_msgs) by extensions ['ignore', 'ignore_ament_install']
[0.303s] Level 1:colcon.colcon_core.package_identification:_identify(src/nanosaur/nanosaur_msgs) by extension 'ignore'
[0.303s] Level 1:colcon.colcon_core.package_identification:_identify(src/nanosaur/nanosaur_msgs) by extension 'ignore_ament_install'
[0.303s] Level 1:colcon.colcon_core.package_identification:_identify(src/nanosaur/nanosaur_msgs) by extensions ['colcon_pkg']
[0.303s] Level 1:colcon.colcon_core.package_identification:_identify(src/nanosaur/nanosaur_msgs) by extension 'colcon_pkg'
[0.303s] Level 1:colcon.colcon_core.package_identification:_identify(src/nanosaur/nanosaur_msgs) by extensions ['colcon_meta']
[0.303s] Level 1:colcon.colcon_core.package_identification:_identify(src/nanosaur/nanosaur_msgs) by extension 'colcon_meta'
[0.304s] Level 1:colcon.colcon_core.package_identification:_identify(src/nanosaur/nanosaur_msgs) by extensions ['ros']
[0.304s] Level 1:colcon.colcon_core.package_identification:_identify(src/nanosaur/nanosaur_msgs) by extension 'ros'
[0.304s] DEBUG:colcon.colcon_core.package_identification:Package 'src/nanosaur/nanosaur_msgs' with type 'ros.ament_cmake' and name 'nanosaur_msgs'
[0.304s] Level 1:colcon.colcon_core.package_identification:_identify(src/nanosaur_simulations) by extensions ['ignore', 'ignore_ament_install']
[0.304s] Level 1:colcon.colcon_core.package_identification:_identify(src/nanosaur_simulations) by extension 'ignore'
[0.304s] Level 1:colcon.colcon_core.package_identification:_identify(src/nanosaur_simulations) by extension 'ignore_ament_install'
[0.304s] Level 1:colcon.colcon_core.package_identification:_identify(src/nanosaur_simulations) by extensions ['colcon_pkg']
[0.304s] Level 1:colcon.colcon_core.package_identification:_identify(src/nanosaur_simulations) by extension 'colcon_pkg'
[0.304s] Level 1:colcon.colcon_core.package_identification:_identify(src/nanosaur_simulations) by extensions ['colcon_meta']
[0.304s] Level 1:colcon.colcon_core.package_identification:_identify(src/nanosaur_simulations) by extension 'colcon_meta'
[0.304s] Level 1:colcon.colcon_core.package_identification:_identify(src/nanosaur_simulations) by extensions ['ros']
[0.304s] Level 1:colcon.colcon_core.package_identification:_identify(src/nanosaur_simulations) by extension 'ros'
[0.304s] Level 1:colcon.colcon_core.package_identification:_identify(src/nanosaur_simulations) by extensions ['cmake', 'python']
[0.304s] Level 1:colcon.colcon_core.package_identification:_identify(src/nanosaur_simulations) by extension 'cmake'
[0.304s] Level 1:colcon.colcon_core.package_identification:_identify(src/nanosaur_simulations) by extension 'python'
[0.304s] Level 1:colcon.colcon_core.package_identification:_identify(src/nanosaur_simulations) by extensions ['python_setup_py']
[0.305s] Level 1:colcon.colcon_core.package_identification:_identify(src/nanosaur_simulations) by extension 'python_setup_py'
[0.305s] Level 1:colcon.colcon_core.package_identification:_identify(src/nanosaur_simulations/nanosaur_gazebo) by extensions ['ignore', 'ignore_ament_install']
[0.305s] Level 1:colcon.colcon_core.package_identification:_identify(src/nanosaur_simulations/nanosaur_gazebo) by extension 'ignore'
[0.305s] Level 1:colcon.colcon_core.package_identification:_identify(src/nanosaur_simulations/nanosaur_gazebo) by extension 'ignore_ament_install'
[0.305s] Level 1:colcon.colcon_core.package_identification:_identify(src/nanosaur_simulations/nanosaur_gazebo) by extensions ['colcon_pkg']
[0.305s] Level 1:colcon.colcon_core.package_identification:_identify(src/nanosaur_simulations/nanosaur_gazebo) by extension 'colcon_pkg'
[0.305s] Level 1:colcon.colcon_core.package_identification:_identify(src/nanosaur_simulations/nanosaur_gazebo) by extensions ['colcon_meta']
[0.305s] Level 1:colcon.colcon_core.package_identification:_identify(src/nanosaur_simulations/nanosaur_gazebo) by extension 'colcon_meta'
[0.305s] Level 1:colcon.colcon_core.package_identification:_identify(src/nanosaur_simulations/nanosaur_gazebo) by extensions ['ros']
[0.305s] Level 1:colcon.colcon_core.package_identification:_identify(src/nanosaur_simulations/nanosaur_gazebo) by extension 'ros'
[0.305s] DEBUG:colcon.colcon_core.package_identification:Package 'src/nanosaur_simulations/nanosaur_gazebo' with type 'ros.ament_cmake' and name 'nanosaur_gazebo'
[0.305s] Level 1:colcon.colcon_core.package_identification:_identify(src/nanosaur_simulations/nanosaur_simulations) by extensions ['ignore', 'ignore_ament_install']
[0.305s] Level 1:colcon.colcon_core.package_identification:_identify(src/nanosaur_simulations/nanosaur_simulations) by extension 'ignore'
[0.306s] Level 1:colcon.colcon_core.package_identification:_identify(src/nanosaur_simulations/nanosaur_simulations) by extension 'ignore_ament_install'
[0.306s] Level 1:colcon.colcon_core.package_identification:_identify(src/nanosaur_simulations/nanosaur_simulations) by extensions ['colcon_pkg']
[0.306s] Level 1:colcon.colcon_core.package_identification:_identify(src/nanosaur_simulations/nanosaur_simulations) by extension 'colcon_pkg'
[0.306s] Level 1:colcon.colcon_core.package_identification:_identify(src/nanosaur_simulations/nanosaur_simulations) by extensions ['colcon_meta']
[0.306s] Level 1:colcon.colcon_core.package_identification:_identify(src/nanosaur_simulations/nanosaur_simulations) by extension 'colcon_meta'
[0.306s] Level 1:colcon.colcon_core.package_identification:_identify(src/nanosaur_simulations/nanosaur_simulations) by extensions ['ros']
[0.306s] Level 1:colcon.colcon_core.package_identification:_identify(src/nanosaur_simulations/nanosaur_simulations) by extension 'ros'
[0.306s] DEBUG:colcon.colcon_core.package_identification:Package 'src/nanosaur_simulations/nanosaur_simulations' with type 'ros.ament_cmake' and name 'nanosaur_simulations'
[0.306s] Level 1:colcon.colcon_core.package_identification:_identify(src/nanosaur_simulations/nanosaur_worlds) by extensions ['ignore', 'ignore_ament_install']
[0.306s] Level 1:colcon.colcon_core.package_identification:_identify(src/nanosaur_simulations/nanosaur_worlds) by extension 'ignore'
[0.306s] Level 1:colcon.colcon_core.package_identification:_identify(src/nanosaur_simulations/nanosaur_worlds) by extension 'ignore_ament_install'
[0.306s] Level 1:colcon.colcon_core.package_identification:_identify(src/nanosaur_simulations/nanosaur_worlds) by extensions ['colcon_pkg']
[0.306s] Level 1:colcon.colcon_core.package_identification:_identify(src/nanosaur_simulations/nanosaur_worlds) by extension 'colcon_pkg'
[0.306s] Level 1:colcon.colcon_core.package_identification:_identify(src/nanosaur_simulations/nanosaur_worlds) by extensions ['colcon_meta']
[0.306s] Level 1:colcon.colcon_core.package_identification:_identify(src/nanosaur_simulations/nanosaur_worlds) by extension 'colcon_meta'
[0.306s] Level 1:colcon.colcon_core.package_identification:_identify(src/nanosaur_simulations/nanosaur_worlds) by extensions ['ros']
[0.306s] Level 1:colcon.colcon_core.package_identification:_identify(src/nanosaur_simulations/nanosaur_worlds) by extension 'ros'
[0.307s] DEBUG:colcon.colcon_core.package_identification:Package 'src/nanosaur_simulations/nanosaur_worlds' with type 'ros.ament_cmake' and name 'nanosaur_worlds'
[0.307s] Level 1:colcon.colcon_core.package_identification:_identify(src/ros2_camera_receiver) by extensions ['ignore', 'ignore_ament_install']
[0.307s] Level 1:colcon.colcon_core.package_identification:_identify(src/ros2_camera_receiver) by extension 'ignore'
[0.307s] Level 1:colcon.colcon_core.package_identification:_identify(src/ros2_camera_receiver) by extension 'ignore_ament_install'
[0.307s] Level 1:colcon.colcon_core.package_identification:_identify(src/ros2_camera_receiver) by extensions ['colcon_pkg']
[0.307s] Level 1:colcon.colcon_core.package_identification:_identify(src/ros2_camera_receiver) by extension 'colcon_pkg'
[0.307s] Level 1:colcon.colcon_core.package_identification:_identify(src/ros2_camera_receiver) by extensions ['colcon_meta']
[0.307s] Level 1:colcon.colcon_core.package_identification:_identify(src/ros2_camera_receiver) by extension 'colcon_meta'
[0.307s] Level 1:colcon.colcon_core.package_identification:_identify(src/ros2_camera_receiver) by extensions ['ros']
[0.307s] Level 1:colcon.colcon_core.package_identification:_identify(src/ros2_camera_receiver) by extension 'ros'
[0.308s] DEBUG:colcon.colcon_core.package_identification:Package 'src/ros2_camera_receiver' with type 'ros.ament_python' and name 'ros2_camera_receiver'
[0.308s] Level 1:colcon.colcon_core.package_discovery:discover_packages(recursive) using defaults
[0.308s] Level 1:colcon.colcon_core.package_discovery:discover_packages(ignore) discover
[0.308s] Level 1:colcon.colcon_core.package_discovery:discover_packages(ignore) using defaults
[0.308s] Level 1:colcon.colcon_core.package_discovery:discover_packages(path) discover
[0.308s] Level 1:colcon.colcon_core.package_discovery:discover_packages(path) using defaults
[0.330s] Level 5:colcon.colcon_core.verb:set package 'nanosaur_control' build argument 'cmake_args' from command line to 'None'
[0.330s] Level 5:colcon.colcon_core.verb:set package 'nanosaur_control' build argument 'cmake_target' from command line to 'None'
[0.330s] Level 5:colcon.colcon_core.verb:set package 'nanosaur_control' build argument 'cmake_target_skip_unavailable' from command line to 'False'
[0.330s] Level 5:colcon.colcon_core.verb:set package 'nanosaur_control' build argument 'cmake_clean_cache' from command line to 'False'
[0.330s] Level 5:colcon.colcon_core.verb:set package 'nanosaur_control' build argument 'cmake_clean_first' from command line to 'False'
[0.330s] Level 5:colcon.colcon_core.verb:set package 'nanosaur_control' build argument 'cmake_force_configure' from command line to 'False'
[0.330s] Level 5:colcon.colcon_core.verb:set package 'nanosaur_control' build argument 'ament_cmake_args' from command line to 'None'
[0.330s] Level 5:colcon.colcon_core.verb:set package 'nanosaur_control' build argument 'catkin_cmake_args' from command line to 'None'
[0.330s] Level 5:colcon.colcon_core.verb:set package 'nanosaur_control' build argument 'catkin_skip_building_tests' from command line to 'False'
[0.330s] DEBUG:colcon.colcon_core.verb:Building package 'nanosaur_control' with the following arguments: {'ament_cmake_args': None, 'build_base': '/home/user/nanosaur/build/nanosaur_control', 'catkin_cmake_args': None, 'catkin_skip_building_tests': False, 'cmake_args': None, 'cmake_clean_cache': False, 'cmake_clean_first': False, 'cmake_force_configure': False, 'cmake_target': None, 'cmake_target_skip_unavailable': False, 'install_base': '/home/user/nanosaur/install/nanosaur_control', 'merge_install': False, 'path': '/home/user/nanosaur/src/nanosaur/nanosaur_control', 'symlink_install': False, 'test_result_base': None}
[0.331s] Level 5:colcon.colcon_core.verb:set package 'nanosaur_description' build argument 'cmake_args' from command line to 'None'
[0.331s] Level 5:colcon.colcon_core.verb:set package 'nanosaur_description' build argument 'cmake_target' from command line to 'None'
[0.331s] Level 5:colcon.colcon_core.verb:set package 'nanosaur_description' build argument 'cmake_target_skip_unavailable' from command line to 'False'
[0.331s] Level 5:colcon.colcon_core.verb:set package 'nanosaur_description' build argument 'cmake_clean_cache' from command line to 'False'
[0.331s] Level 5:colcon.colcon_core.verb:set package 'nanosaur_description' build argument 'cmake_clean_first' from command line to 'False'
[0.331s] Level 5:colcon.colcon_core.verb:set package 'nanosaur_description' build argument 'cmake_force_configure' from command line to 'False'
[0.331s] Level 5:colcon.colcon_core.verb:set package 'nanosaur_description' build argument 'ament_cmake_args' from command line to 'None'
[0.331s] Level 5:colcon.colcon_core.verb:set package 'nanosaur_description' build argument 'catkin_cmake_args' from command line to 'None'
[0.331s] Level 5:colcon.colcon_core.verb:set package 'nanosaur_description' build argument 'catkin_skip_building_tests' from command line to 'False'
[0.331s] DEBUG:colcon.colcon_core.verb:Building package 'nanosaur_description' with the following arguments: {'ament_cmake_args': None, 'build_base': '/home/user/nanosaur/build/nanosaur_description', 'catkin_cmake_args': None, 'catkin_skip_building_tests': False, 'cmake_args': None, 'cmake_clean_cache': False, 'cmake_clean_first': False, 'cmake_force_configure': False, 'cmake_target': None, 'cmake_target_skip_unavailable': False, 'install_base': '/home/user/nanosaur/install/nanosaur_description', 'merge_install': False, 'path': '/home/user/nanosaur/src/nanosaur/nanosaur_description', 'symlink_install': False, 'test_result_base': None}
[0.332s] Level 5:colcon.colcon_core.verb:set package 'nanosaur_msgs' build argument 'cmake_args' from command line to 'None'
[0.332s] Level 5:colcon.colcon_core.verb:set package 'nanosaur_msgs' build argument 'cmake_target' from command line to 'None'
[0.332s] Level 5:colcon.colcon_core.verb:set package 'nanosaur_msgs' build argument 'cmake_target_skip_unavailable' from command line to 'False'
[0.332s] Level 5:colcon.colcon_core.verb:set package 'nanosaur_msgs' build argument 'cmake_clean_cache' from command line to 'False'
[0.332s] Level 5:colcon.colcon_core.verb:set package 'nanosaur_msgs' build argument 'cmake_clean_first' from command line to 'False'
[0.332s] Level 5:colcon.colcon_core.verb:set package 'nanosaur_msgs' build argument 'cmake_force_configure' from command line to 'False'
[0.332s] Level 5:colcon.colcon_core.verb:set package 'nanosaur_msgs' build argument 'ament_cmake_args' from command line to 'None'
[0.332s] Level 5:colcon.colcon_core.verb:set package 'nanosaur_msgs' build argument 'catkin_cmake_args' from command line to 'None'
[0.332s] Level 5:colcon.colcon_core.verb:set package 'nanosaur_msgs' build argument 'catkin_skip_building_tests' from command line to 'False'
[0.332s] DEBUG:colcon.colcon_core.verb:Building package 'nanosaur_msgs' with the following arguments: {'ament_cmake_args': None, 'build_base': '/home/user/nanosaur/build/nanosaur_msgs', 'catkin_cmake_args': None, 'catkin_skip_building_tests': False, 'cmake_args': None, 'cmake_clean_cache': False, 'cmake_clean_first': False, 'cmake_force_configure': False, 'cmake_target': None, 'cmake_target_skip_unavailable': False, 'install_base': '/home/user/nanosaur/install/nanosaur_msgs', 'merge_install': False, 'path': '/home/user/nanosaur/src/nanosaur/nanosaur_msgs', 'symlink_install': False, 'test_result_base': None}
[0.332s] Level 5:colcon.colcon_core.verb:set package 'nanosaur_simulations' build argument 'cmake_args' from command line to 'None'
[0.332s] Level 5:colcon.colcon_core.verb:set package 'nanosaur_simulations' build argument 'cmake_target' from command line to 'None'
[0.332s] Level 5:colcon.colcon_core.verb:set package 'nanosaur_simulations' build argument 'cmake_target_skip_unavailable' from command line to 'False'
[0.333s] Level 5:colcon.colcon_core.verb:set package 'nanosaur_simulations' build argument 'cmake_clean_cache' from command line to 'False'
[0.333s] Level 5:colcon.colcon_core.verb:set package 'nanosaur_simulations' build argument 'cmake_clean_first' from command line to 'False'
[0.333s] Level 5:colcon.colcon_core.verb:set package 'nanosaur_simulations' build argument 'cmake_force_configure' from command line to 'False'
[0.333s] Level 5:colcon.colcon_core.verb:set package 'nanosaur_simulations' build argument 'ament_cmake_args' from command line to 'None'
[0.333s] Level 5:colcon.colcon_core.verb:set package 'nanosaur_simulations' build argument 'catkin_cmake_args' from command line to 'None'
[0.333s] Level 5:colcon.colcon_core.verb:set package 'nanosaur_simulations' build argument 'catkin_skip_building_tests' from command line to 'False'
[0.333s] DEBUG:colcon.colcon_core.verb:Building package 'nanosaur_simulations' with the following arguments: {'ament_cmake_args': None, 'build_base': '/home/user/nanosaur/build/nanosaur_simulations', 'catkin_cmake_args': None, 'catkin_skip_building_tests': False, 'cmake_args': None, 'cmake_clean_cache': False, 'cmake_clean_first': False, 'cmake_force_configure': False, 'cmake_target': None, 'cmake_target_skip_unavailable': False, 'install_base': '/home/user/nanosaur/install/nanosaur_simulations', 'merge_install': False, 'path': '/home/user/nanosaur/src/nanosaur_simulations/nanosaur_simulations', 'symlink_install': False, 'test_result_base': None}
[0.333s] Level 5:colcon.colcon_core.verb:set package 'nanosaur_worlds' build argument 'cmake_args' from command line to 'None'
[0.333s] Level 5:colcon.colcon_core.verb:set package 'nanosaur_worlds' build argument 'cmake_target' from command line to 'None'
[0.333s] Level 5:colcon.colcon_core.verb:set package 'nanosaur_worlds' build argument 'cmake_target_skip_unavailable' from command line to 'False'
[0.334s] Level 5:colcon.colcon_core.verb:set package 'nanosaur_worlds' build argument 'cmake_clean_cache' from command line to 'False'
[0.334s] Level 5:colcon.colcon_core.verb:set package 'nanosaur_worlds' build argument 'cmake_clean_first' from command line to 'False'
[0.334s] Level 5:colcon.colcon_core.verb:set package 'nanosaur_worlds' build argument 'cmake_force_configure' from command line to 'False'
[0.334s] Level 5:colcon.colcon_core.verb:set package 'nanosaur_worlds' build argument 'ament_cmake_args' from command line to 'None'
[0.334s] Level 5:colcon.colcon_core.verb:set package 'nanosaur_worlds' build argument 'catkin_cmake_args' from command line to 'None'
[0.334s] Level 5:colcon.colcon_core.verb:set package 'nanosaur_worlds' build argument 'catkin_skip_building_tests' from command line to 'False'
[0.334s] DEBUG:colcon.colcon_core.verb:Building package 'nanosaur_worlds' with the following arguments: {'ament_cmake_args': None, 'build_base': '/home/user/nanosaur/build/nanosaur_worlds', 'catkin_cmake_args': None, 'catkin_skip_building_tests': False, 'cmake_args': None, 'cmake_clean_cache': False, 'cmake_clean_first': False, 'cmake_force_configure': False, 'cmake_target': None, 'cmake_target_skip_unavailable': False, 'install_base': '/home/user/nanosaur/install/nanosaur_worlds', 'merge_install': False, 'path': '/home/user/nanosaur/src/nanosaur_simulations/nanosaur_worlds', 'symlink_install': False, 'test_result_base': None}
[0.334s] Level 5:colcon.colcon_core.verb:set package 'ros2_camera_receiver' build argument 'cmake_args' from command line to 'None'
[0.334s] Level 5:colcon.colcon_core.verb:set package 'ros2_camera_receiver' build argument 'cmake_target' from command line to 'None'
[0.334s] Level 5:colcon.colcon_core.verb:set package 'ros2_camera_receiver' build argument 'cmake_target_skip_unavailable' from command line to 'False'
[0.334s] Level 5:colcon.colcon_core.verb:set package 'ros2_camera_receiver' build argument 'cmake_clean_cache' from command line to 'False'
[0.334s] Level 5:colcon.colcon_core.verb:set package 'ros2_camera_receiver' build argument 'cmake_clean_first' from command line to 'False'
[0.334s] Level 5:colcon.colcon_core.verb:set package 'ros2_camera_receiver' build argument 'cmake_force_configure' from command line to 'False'
[0.334s] Level 5:colcon.colcon_core.verb:set package 'ros2_camera_receiver' build argument 'ament_cmake_args' from command line to 'None'
[0.335s] Level 5:colcon.colcon_core.verb:set package 'ros2_camera_receiver' build argument 'catkin_cmake_args' from command line to 'None'
[0.335s] Level 5:colcon.colcon_core.verb:set package 'ros2_camera_receiver' build argument 'catkin_skip_building_tests' from command line to 'False'
[0.335s] DEBUG:colcon.colcon_core.verb:Building package 'ros2_camera_receiver' with the following arguments: {'ament_cmake_args': None, 'build_base': '/home/user/nanosaur/build/ros2_camera_receiver', 'catkin_cmake_args': None, 'catkin_skip_building_tests': False, 'cmake_args': None, 'cmake_clean_cache': False, 'cmake_clean_first': False, 'cmake_force_configure': False, 'cmake_target': None, 'cmake_target_skip_unavailable': False, 'install_base': '/home/user/nanosaur/install/ros2_camera_receiver', 'merge_install': False, 'path': '/home/user/nanosaur/src/ros2_camera_receiver', 'symlink_install': False, 'test_result_base': None}
[0.335s] Level 5:colcon.colcon_core.verb:set package 'nanosaur' build argument 'cmake_args' from command line to 'None'
[0.335s] Level 5:colcon.colcon_core.verb:set package 'nanosaur' build argument 'cmake_target' from command line to 'None'
[0.335s] Level 5:colcon.colcon_core.verb:set package 'nanosaur' build argument 'cmake_target_skip_unavailable' from command line to 'False'
[0.335s] Level 5:colcon.colcon_core.verb:set package 'nanosaur' build argument 'cmake_clean_cache' from command line to 'False'
[0.335s] Level 5:colcon.colcon_core.verb:set package 'nanosaur' build argument 'cmake_clean_first' from command line to 'False'
[0.335s] Level 5:colcon.colcon_core.verb:set package 'nanosaur' build argument 'cmake_force_configure' from command line to 'False'
[0.335s] Level 5:colcon.colcon_core.verb:set package 'nanosaur' build argument 'ament_cmake_args' from command line to 'None'
[0.335s] Level 5:colcon.colcon_core.verb:set package 'nanosaur' build argument 'catkin_cmake_args' from command line to 'None'
[0.335s] Level 5:colcon.colcon_core.verb:set package 'nanosaur' build argument 'catkin_skip_building_tests' from command line to 'False'
[0.335s] DEBUG:colcon.colcon_core.verb:Building package 'nanosaur' with the following arguments: {'ament_cmake_args': None, 'build_base': '/home/user/nanosaur/build/nanosaur', 'catkin_cmake_args': None, 'catkin_skip_building_tests': False, 'cmake_args': None, 'cmake_clean_cache': False, 'cmake_clean_first': False, 'cmake_force_configure': False, 'cmake_target': None, 'cmake_target_skip_unavailable': False, 'install_base': '/home/user/nanosaur/install/nanosaur', 'merge_install': False, 'path': '/home/user/nanosaur/src/nanosaur/nanosaur', 'symlink_install': False, 'test_result_base': None}
[0.336s] Level 5:colcon.colcon_core.verb:set package 'nanosaur_gazebo' build argument 'cmake_args' from command line to 'None'
[0.336s] Level 5:colcon.colcon_core.verb:set package 'nanosaur_gazebo' build argument 'cmake_target' from command line to 'None'
[0.336s] Level 5:colcon.colcon_core.verb:set package 'nanosaur_gazebo' build argument 'cmake_target_skip_unavailable' from command line to 'False'
[0.336s] Level 5:colcon.colcon_core.verb:set package 'nanosaur_gazebo' build argument 'cmake_clean_cache' from command line to 'False'
[0.336s] Level 5:colcon.colcon_core.verb:set package 'nanosaur_gazebo' build argument 'cmake_clean_first' from command line to 'False'
[0.336s] Level 5:colcon.colcon_core.verb:set package 'nanosaur_gazebo' build argument 'cmake_force_configure' from command line to 'False'
[0.336s] Level 5:colcon.colcon_core.verb:set package 'nanosaur_gazebo' build argument 'ament_cmake_args' from command line to 'None'
[0.336s] Level 5:colcon.colcon_core.verb:set package 'nanosaur_gazebo' build argument 'catkin_cmake_args' from command line to 'None'
[0.336s] Level 5:colcon.colcon_core.verb:set package 'nanosaur_gazebo' build argument 'catkin_skip_building_tests' from command line to 'False'
[0.336s] DEBUG:colcon.colcon_core.verb:Building package 'nanosaur_gazebo' with the following arguments: {'ament_cmake_args': None, 'build_base': '/home/user/nanosaur/build/nanosaur_gazebo', 'catkin_cmake_args': None, 'catkin_skip_building_tests': False, 'cmake_args': None, 'cmake_clean_cache': False, 'cmake_clean_first': False, 'cmake_force_configure': False, 'cmake_target': None, 'cmake_target_skip_unavailable': False, 'install_base': '/home/user/nanosaur/install/nanosaur_gazebo', 'merge_install': False, 'path': '/home/user/nanosaur/src/nanosaur_simulations/nanosaur_gazebo', 'symlink_install': False, 'test_result_base': None}
[0.337s] INFO:colcon.colcon_core.executor:Executing jobs using 'parallel' executor
[0.340s] DEBUG:colcon.colcon_parallel_executor.executor.parallel:run_until_complete
[0.340s] INFO:colcon.colcon_ros.task.ament_cmake.build:Building ROS package in '/home/user/nanosaur/src/nanosaur/nanosaur_control' with build type 'ament_cmake'
[0.340s] INFO:colcon.colcon_cmake.task.cmake.build:Building CMake package in '/home/user/nanosaur/src/nanosaur/nanosaur_control'
[0.346s] INFO:colcon.colcon_core.plugin_system:Skipping extension 'colcon_core.shell.bat': Not used on non-Windows systems
[0.346s] INFO:colcon.colcon_core.shell:Skip shell extension 'powershell' for command environment: Not usable outside of PowerShell
[0.346s] DEBUG:colcon.colcon_core.shell:Skip shell extension 'dsv' for command environment
[0.351s] INFO:colcon.colcon_ros.task.ament_cmake.build:Building ROS package in '/home/user/nanosaur/src/nanosaur/nanosaur_description' with build type 'ament_cmake'
[0.351s] INFO:colcon.colcon_cmake.task.cmake.build:Building CMake package in '/home/user/nanosaur/src/nanosaur/nanosaur_description'
[0.352s] INFO:colcon.colcon_core.shell:Skip shell extension 'powershell' for command environment: Not usable outside of PowerShell
[0.352s] DEBUG:colcon.colcon_core.shell:Skip shell extension 'dsv' for command environment
[0.356s] INFO:colcon.colcon_ros.task.ament_cmake.build:Building ROS package in '/home/user/nanosaur/src/nanosaur/nanosaur_msgs' with build type 'ament_cmake'
[0.357s] INFO:colcon.colcon_cmake.task.cmake.build:Building CMake package in '/home/user/nanosaur/src/nanosaur/nanosaur_msgs'
[0.358s] INFO:colcon.colcon_core.shell:Skip shell extension 'powershell' for command environment: Not usable outside of PowerShell
[0.358s] DEBUG:colcon.colcon_core.shell:Skip shell extension 'dsv' for command environment
[0.363s] INFO:colcon.colcon_ros.task.ament_cmake.build:Building ROS package in '/home/user/nanosaur/src/nanosaur_simulations/nanosaur_simulations' with build type 'ament_cmake'
[0.363s] INFO:colcon.colcon_cmake.task.cmake.build:Building CMake package in '/home/user/nanosaur/src/nanosaur_simulations/nanosaur_simulations'
[0.365s] INFO:colcon.colcon_core.shell:Skip shell extension 'powershell' for command environment: Not usable outside of PowerShell
[0.365s] DEBUG:colcon.colcon_core.shell:Skip shell extension 'dsv' for command environment
[0.370s] INFO:colcon.colcon_ros.task.ament_cmake.build:Building ROS package in '/home/user/nanosaur/src/nanosaur_simulations/nanosaur_worlds' with build type 'ament_cmake'
[0.370s] INFO:colcon.colcon_cmake.task.cmake.build:Building CMake package in '/home/user/nanosaur/src/nanosaur_simulations/nanosaur_worlds'
[0.371s] INFO:colcon.colcon_core.shell:Skip shell extension 'powershell' for command environment: Not usable outside of PowerShell
[0.371s] DEBUG:colcon.colcon_core.shell:Skip shell extension 'dsv' for command environment
[0.375s] INFO:colcon.colcon_ros.task.ament_python.build:Building ROS package in '/home/user/nanosaur/src/ros2_camera_receiver' with build type 'ament_python'
[0.375s] Level 1:colcon.colcon_core.shell:create_environment_hook('ros2_camera_receiver', 'ament_prefix_path')
[0.376s] INFO:colcon.colcon_core.shell:Creating environment hook '/home/user/nanosaur/install/ros2_camera_receiver/share/ros2_camera_receiver/hook/ament_prefix_path.ps1'
[0.377s] INFO:colcon.colcon_core.shell:Creating environment descriptor '/home/user/nanosaur/install/ros2_camera_receiver/share/ros2_camera_receiver/hook/ament_prefix_path.dsv'
[0.377s] INFO:colcon.colcon_core.shell:Creating environment hook '/home/user/nanosaur/install/ros2_camera_receiver/share/ros2_camera_receiver/hook/ament_prefix_path.sh'
[0.379s] INFO:colcon.colcon_core.shell:Skip shell extension 'powershell' for command environment: Not usable outside of PowerShell
[0.379s] DEBUG:colcon.colcon_core.shell:Skip shell extension 'dsv' for command environment
[0.389s] DEBUG:colcon.colcon_core.event_handler.log_command:Invoking command in '/home/user/nanosaur/build/nanosaur_control': CMAKE_PREFIX_PATH=${CMAKE_PREFIX_PATH}:/home/user/nanosaur/install/ros2_camera_receiver:/opt/ros/humble /usr/bin/cmake --build /home/user/nanosaur/build/nanosaur_control -- -j16 -l16
[0.392s] DEBUG:colcon.colcon_core.event_handler.log_command:Invoking command in '/home/user/nanosaur/build/nanosaur_description': CMAKE_PREFIX_PATH=${CMAKE_PREFIX_PATH}:/home/user/nanosaur/install/ros2_camera_receiver:/opt/ros/humble /usr/bin/cmake --build /home/user/nanosaur/build/nanosaur_description -- -j16 -l16
[0.395s] DEBUG:colcon.colcon_core.event_handler.log_command:Invoking command in '/home/user/nanosaur/build/nanosaur_msgs': CMAKE_PREFIX_PATH=${CMAKE_PREFIX_PATH}:/home/user/nanosaur/install/ros2_camera_receiver:/opt/ros/humble /usr/bin/cmake --build /home/user/nanosaur/build/nanosaur_msgs -- -j16 -l16
[0.399s] DEBUG:colcon.colcon_core.event_handler.log_command:Invoking command in '/home/user/nanosaur/build/nanosaur_simulations': CMAKE_PREFIX_PATH=${CMAKE_PREFIX_PATH}:/home/user/nanosaur/install/ros2_camera_receiver:/opt/ros/humble /usr/bin/cmake --build /home/user/nanosaur/build/nanosaur_simulations -- -j16 -l16
[0.404s] DEBUG:colcon.colcon_core.event_handler.log_command:Invoking command in '/home/user/nanosaur/build/nanosaur_worlds': CMAKE_PREFIX_PATH=${CMAKE_PREFIX_PATH}:/home/user/nanosaur/install/ros2_camera_receiver:/opt/ros/humble /usr/bin/cmake --build /home/user/nanosaur/build/nanosaur_worlds -- -j16 -l16
[0.639s] INFO:colcon.colcon_core.task.python.build:Building Python package in '/home/user/nanosaur/src/ros2_camera_receiver'
[0.641s] INFO:colcon.colcon_core.shell:Skip shell extension 'powershell' for command environment: Not usable outside of PowerShell
[0.641s] DEBUG:colcon.colcon_core.shell:Skip shell extension 'dsv' for command environment
[0.653s] DEBUG:colcon.colcon_core.event_handler.log_command:Invoked command in '/home/user/nanosaur/build/nanosaur_control' returned '0': CMAKE_PREFIX_PATH=${CMAKE_PREFIX_PATH}:/home/user/nanosaur/install/ros2_camera_receiver:/opt/ros/humble /usr/bin/cmake --build /home/user/nanosaur/build/nanosaur_control -- -j16 -l16
[0.654s] DEBUG:colcon.colcon_core.event_handler.log_command:Invoked command in '/home/user/nanosaur/build/nanosaur_simulations' returned '0': CMAKE_PREFIX_PATH=${CMAKE_PREFIX_PATH}:/home/user/nanosaur/install/ros2_camera_receiver:/opt/ros/humble /usr/bin/cmake --build /home/user/nanosaur/build/nanosaur_simulations -- -j16 -l16
[0.655s] DEBUG:colcon.colcon_core.event_handler.log_command:Invoked command in '/home/user/nanosaur/build/nanosaur_worlds' returned '0': CMAKE_PREFIX_PATH=${CMAKE_PREFIX_PATH}:/home/user/nanosaur/install/ros2_camera_receiver:/opt/ros/humble /usr/bin/cmake --build /home/user/nanosaur/build/nanosaur_worlds -- -j16 -l16
[0.658s] DEBUG:colcon.colcon_core.event_handler.log_command:Invoked command in '/home/user/nanosaur/build/nanosaur_description' returned '0': CMAKE_PREFIX_PATH=${CMAKE_PREFIX_PATH}:/home/user/nanosaur/install/ros2_camera_receiver:/opt/ros/humble /usr/bin/cmake --build /home/user/nanosaur/build/nanosaur_description -- -j16 -l16
[0.684s] DEBUG:colcon.colcon_core.event_handler.log_command:Invoking command in '/home/user/nanosaur/build/nanosaur_control': CMAKE_PREFIX_PATH=${CMAKE_PREFIX_PATH}:/home/user/nanosaur/install/ros2_camera_receiver:/opt/ros/humble /usr/bin/cmake --install /home/user/nanosaur/build/nanosaur_control
[0.689s] DEBUG:colcon.colcon_core.event_handler.log_command:Invoking command in '/home/user/nanosaur/build/nanosaur_simulations': CMAKE_PREFIX_PATH=${CMAKE_PREFIX_PATH}:/home/user/nanosaur/install/ros2_camera_receiver:/opt/ros/humble /usr/bin/cmake --install /home/user/nanosaur/build/nanosaur_simulations
[0.691s] DEBUG:colcon.colcon_core.event_handler.log_command:Invoking command in '/home/user/nanosaur/build/nanosaur_worlds': CMAKE_PREFIX_PATH=${CMAKE_PREFIX_PATH}:/home/user/nanosaur/install/ros2_camera_receiver:/opt/ros/humble /usr/bin/cmake --install /home/user/nanosaur/build/nanosaur_worlds
[0.694s] DEBUG:colcon.colcon_core.event_handler.log_command:Invoking command in '/home/user/nanosaur/build/nanosaur_description': CMAKE_PREFIX_PATH=${CMAKE_PREFIX_PATH}:/home/user/nanosaur/install/ros2_camera_receiver:/opt/ros/humble /usr/bin/cmake --install /home/user/nanosaur/build/nanosaur_description
[0.701s] Level 1:colcon.colcon_core.environment:create_environment_scripts_only(nanosaur_control)
[0.729s] Level 1:colcon.colcon_core.environment:checking '/home/user/nanosaur/install/nanosaur_control' for CMake module files
[0.735s] DEBUG:colcon.colcon_core.event_handler.log_command:Invoked command in '/home/user/nanosaur/build/nanosaur_control' returned '0': CMAKE_PREFIX_PATH=${CMAKE_PREFIX_PATH}:/home/user/nanosaur/install/ros2_camera_receiver:/opt/ros/humble /usr/bin/cmake --install /home/user/nanosaur/build/nanosaur_control
[0.739s] Level 1:colcon.colcon_core.environment:checking '/home/user/nanosaur/install/nanosaur_control' for CMake config files
[0.741s] Level 1:colcon.colcon_core.shell:create_environment_hook('nanosaur_control', 'cmake_prefix_path')
[0.743s] INFO:colcon.colcon_core.shell:Creating environment hook '/home/user/nanosaur/install/nanosaur_control/share/nanosaur_control/hook/cmake_prefix_path.ps1'
[0.745s] INFO:colcon.colcon_core.shell:Creating environment descriptor '/home/user/nanosaur/install/nanosaur_control/share/nanosaur_control/hook/cmake_prefix_path.dsv'
[0.746s] INFO:colcon.colcon_core.shell:Creating environment hook '/home/user/nanosaur/install/nanosaur_control/share/nanosaur_control/hook/cmake_prefix_path.sh'
[0.746s] Level 1:colcon.colcon_core.environment:checking '/home/user/nanosaur/install/nanosaur_control/bin'
[0.747s] Level 1:colcon.colcon_core.environment:checking '/home/user/nanosaur/install/nanosaur_control/lib/pkgconfig/nanosaur_control.pc'
[0.747s] Level 1:colcon.colcon_core.environment:checking '/home/user/nanosaur/install/nanosaur_control/lib/python3.10/site-packages'
[0.747s] Level 1:colcon.colcon_core.environment:checking '/home/user/nanosaur/install/nanosaur_control/bin'
[0.748s] INFO:colcon.colcon_core.shell:Creating package script '/home/user/nanosaur/install/nanosaur_control/share/nanosaur_control/package.ps1'
[0.749s] INFO:colcon.colcon_core.shell:Creating package descriptor '/home/user/nanosaur/install/nanosaur_control/share/nanosaur_control/package.dsv'
[0.749s] INFO:colcon.colcon_core.shell:Creating package script '/home/user/nanosaur/install/nanosaur_control/share/nanosaur_control/package.sh'
[0.750s] INFO:colcon.colcon_core.shell:Creating package script '/home/user/nanosaur/install/nanosaur_control/share/nanosaur_control/package.bash'
[0.750s] INFO:colcon.colcon_core.shell:Creating package script '/home/user/nanosaur/install/nanosaur_control/share/nanosaur_control/package.zsh'
[0.751s] Level 1:colcon.colcon_core.environment:create_file_with_runtime_dependencies(/home/user/nanosaur/install/nanosaur_control/share/colcon-core/packages/nanosaur_control)
[0.753s] Level 1:colcon.colcon_core.environment:create_environment_scripts_only(nanosaur_worlds)
[0.756s] Level 1:colcon.colcon_core.environment:checking '/home/user/nanosaur/install/nanosaur_worlds' for CMake module files
[0.757s] DEBUG:colcon.colcon_core.event_handler.log_command:Invoked command in '/home/user/nanosaur/build/nanosaur_worlds' returned '0': CMAKE_PREFIX_PATH=${CMAKE_PREFIX_PATH}:/home/user/nanosaur/install/ros2_camera_receiver:/opt/ros/humble /usr/bin/cmake --install /home/user/nanosaur/build/nanosaur_worlds
[0.757s] Level 1:colcon.colcon_core.environment:checking '/home/user/nanosaur/install/nanosaur_worlds' for CMake config files
[0.757s] Level 1:colcon.colcon_core.shell:create_environment_hook('nanosaur_worlds', 'cmake_prefix_path')
[0.759s] INFO:colcon.colcon_core.shell:Creating environment hook '/home/user/nanosaur/install/nanosaur_worlds/share/nanosaur_worlds/hook/cmake_prefix_path.ps1'
[0.760s] INFO:colcon.colcon_core.shell:Creating environment descriptor '/home/user/nanosaur/install/nanosaur_worlds/share/nanosaur_worlds/hook/cmake_prefix_path.dsv'
[0.760s] INFO:colcon.colcon_core.shell:Creating environment hook '/home/user/nanosaur/install/nanosaur_worlds/share/nanosaur_worlds/hook/cmake_prefix_path.sh'
[0.761s] Level 1:colcon.colcon_core.environment:checking '/home/user/nanosaur/install/nanosaur_worlds/bin'
[0.761s] Level 1:colcon.colcon_core.environment:checking '/home/user/nanosaur/install/nanosaur_worlds/lib/pkgconfig/nanosaur_worlds.pc'
[0.761s] Level 1:colcon.colcon_core.environment:checking '/home/user/nanosaur/install/nanosaur_worlds/lib/python3.10/site-packages'
[0.761s] Level 1:colcon.colcon_core.environment:checking '/home/user/nanosaur/install/nanosaur_worlds/bin'
[0.763s] INFO:colcon.colcon_core.shell:Creating package script '/home/user/nanosaur/install/nanosaur_worlds/share/nanosaur_worlds/package.ps1'
[0.763s] INFO:colcon.colcon_core.shell:Creating package descriptor '/home/user/nanosaur/install/nanosaur_worlds/share/nanosaur_worlds/package.dsv'
[0.763s] INFO:colcon.colcon_core.shell:Creating package script '/home/user/nanosaur/install/nanosaur_worlds/share/nanosaur_worlds/package.sh'
[0.764s] INFO:colcon.colcon_core.shell:Creating package script '/home/user/nanosaur/install/nanosaur_worlds/share/nanosaur_worlds/package.bash'
[0.764s] INFO:colcon.colcon_core.shell:Creating package script '/home/user/nanosaur/install/nanosaur_worlds/share/nanosaur_worlds/package.zsh'
[0.764s] Level 1:colcon.colcon_core.environment:create_file_with_runtime_dependencies(/home/user/nanosaur/install/nanosaur_worlds/share/colcon-core/packages/nanosaur_worlds)
[0.766s] Level 1:colcon.colcon_core.environment:create_environment_scripts_only(nanosaur_simulations)
[0.767s] Level 1:colcon.colcon_core.environment:checking '/home/user/nanosaur/install/nanosaur_simulations' for CMake module files
[0.768s] DEBUG:colcon.colcon_core.event_handler.log_command:Invoked command in '/home/user/nanosaur/build/nanosaur_simulations' returned '0': CMAKE_PREFIX_PATH=${CMAKE_PREFIX_PATH}:/home/user/nanosaur/install/ros2_camera_receiver:/opt/ros/humble /usr/bin/cmake --install /home/user/nanosaur/build/nanosaur_simulations
[0.768s] Level 1:colcon.colcon_core.environment:checking '/home/user/nanosaur/install/nanosaur_simulations' for CMake config files
[0.769s] Level 1:colcon.colcon_core.shell:create_environment_hook('nanosaur_simulations', 'cmake_prefix_path')
[0.770s] INFO:colcon.colcon_core.shell:Creating environment hook '/home/user/nanosaur/install/nanosaur_simulations/share/nanosaur_simulations/hook/cmake_prefix_path.ps1'
[0.770s] INFO:colcon.colcon_core.shell:Creating environment descriptor '/home/user/nanosaur/install/nanosaur_simulations/share/nanosaur_simulations/hook/cmake_prefix_path.dsv'
[0.770s] INFO:colcon.colcon_core.shell:Creating environment hook '/home/user/nanosaur/install/nanosaur_simulations/share/nanosaur_simulations/hook/cmake_prefix_path.sh'
[0.771s] Level 1:colcon.colcon_core.environment:checking '/home/user/nanosaur/install/nanosaur_simulations/bin'
[0.771s] Level 1:colcon.colcon_core.environment:checking '/home/user/nanosaur/install/nanosaur_simulations/lib/pkgconfig/nanosaur_simulations.pc'
[0.771s] Level 1:colcon.colcon_core.environment:checking '/home/user/nanosaur/install/nanosaur_simulations/lib/python3.10/site-packages'
[0.771s] Level 1:colcon.colcon_core.environment:checking '/home/user/nanosaur/install/nanosaur_simulations/bin'
[0.773s] INFO:colcon.colcon_core.shell:Creating package script '/home/user/nanosaur/install/nanosaur_simulations/share/nanosaur_simulations/package.ps1'
[0.774s] INFO:colcon.colcon_core.shell:Creating package descriptor '/home/user/nanosaur/install/nanosaur_simulations/share/nanosaur_simulations/package.dsv'
[0.774s] INFO:colcon.colcon_core.shell:Creating package script '/home/user/nanosaur/install/nanosaur_simulations/share/nanosaur_simulations/package.sh'
[0.775s] INFO:colcon.colcon_core.shell:Creating package script '/home/user/nanosaur/install/nanosaur_simulations/share/nanosaur_simulations/package.bash'
[0.775s] INFO:colcon.colcon_core.shell:Creating package script '/home/user/nanosaur/install/nanosaur_simulations/share/nanosaur_simulations/package.zsh'
[0.776s] Level 1:colcon.colcon_core.environment:create_file_with_runtime_dependencies(/home/user/nanosaur/install/nanosaur_simulations/share/colcon-core/packages/nanosaur_simulations)
[0.778s] DEBUG:colcon.colcon_core.event_handler.log_command:Invoked command in '/home/user/nanosaur/build/nanosaur_msgs' returned '0': CMAKE_PREFIX_PATH=${CMAKE_PREFIX_PATH}:/home/user/nanosaur/install/ros2_camera_receiver:/opt/ros/humble /usr/bin/cmake --build /home/user/nanosaur/build/nanosaur_msgs -- -j16 -l16
[0.779s] Level 1:colcon.colcon_core.environment:create_environment_scripts_only(nanosaur_description)
[0.782s] Level 1:colcon.colcon_core.environment:checking '/home/user/nanosaur/install/nanosaur_description' for CMake module files
[0.783s] DEBUG:colcon.colcon_core.event_handler.log_command:Invoked command in '/home/user/nanosaur/build/nanosaur_description' returned '0': CMAKE_PREFIX_PATH=${CMAKE_PREFIX_PATH}:/home/user/nanosaur/install/ros2_camera_receiver:/opt/ros/humble /usr/bin/cmake --install /home/user/nanosaur/build/nanosaur_description
[0.784s] Level 1:colcon.colcon_core.environment:checking '/home/user/nanosaur/install/nanosaur_description' for CMake config files
[0.785s] Level 1:colcon.colcon_core.shell:create_environment_hook('nanosaur_description', 'cmake_prefix_path')
[0.786s] INFO:colcon.colcon_core.shell:Creating environment hook '/home/user/nanosaur/install/nanosaur_description/share/nanosaur_description/hook/cmake_prefix_path.ps1'
[0.787s] INFO:colcon.colcon_core.shell:Creating environment descriptor '/home/user/nanosaur/install/nanosaur_description/share/nanosaur_description/hook/cmake_prefix_path.dsv'
[0.787s] INFO:colcon.colcon_core.shell:Creating environment hook '/home/user/nanosaur/install/nanosaur_description/share/nanosaur_description/hook/cmake_prefix_path.sh'
[0.788s] Level 1:colcon.colcon_core.environment:checking '/home/user/nanosaur/install/nanosaur_description/bin'
[0.788s] Level 1:colcon.colcon_core.environment:checking '/home/user/nanosaur/install/nanosaur_description/lib/pkgconfig/nanosaur_description.pc'
[0.788s] Level 1:colcon.colcon_core.environment:checking '/home/user/nanosaur/install/nanosaur_description/lib/python3.10/site-packages'
[0.788s] Level 1:colcon.colcon_core.environment:checking '/home/user/nanosaur/install/nanosaur_description/bin'
[0.790s] INFO:colcon.colcon_core.shell:Creating package script '/home/user/nanosaur/install/nanosaur_description/share/nanosaur_description/package.ps1'
[0.790s] INFO:colcon.colcon_core.shell:Creating package descriptor '/home/user/nanosaur/install/nanosaur_description/share/nanosaur_description/package.dsv'
[0.791s] INFO:colcon.colcon_core.shell:Creating package script '/home/user/nanosaur/install/nanosaur_description/share/nanosaur_description/package.sh'
[0.791s] INFO:colcon.colcon_core.shell:Creating package script '/home/user/nanosaur/install/nanosaur_description/share/nanosaur_description/package.bash'
[0.791s] INFO:colcon.colcon_core.shell:Creating package script '/home/user/nanosaur/install/nanosaur_description/share/nanosaur_description/package.zsh'
[0.792s] Level 1:colcon.colcon_core.environment:create_file_with_runtime_dependencies(/home/user/nanosaur/install/nanosaur_description/share/colcon-core/packages/nanosaur_description)
[0.795s] Level 1:colcon.colcon_core.environment:create_environment_scripts_only(nanosaur_control)
[0.797s] Level 1:colcon.colcon_core.environment:checking '/home/user/nanosaur/install/nanosaur_control' for CMake module files
[0.798s] Level 1:colcon.colcon_core.environment:checking '/home/user/nanosaur/install/nanosaur_control' for CMake config files
[0.798s] Level 1:colcon.colcon_core.shell:create_environment_hook('nanosaur_control', 'cmake_prefix_path')
[0.799s] INFO:colcon.colcon_core.shell:Creating environment hook '/home/user/nanosaur/install/nanosaur_control/share/nanosaur_control/hook/cmake_prefix_path.ps1'
[0.800s] INFO:colcon.colcon_core.shell:Creating environment descriptor '/home/user/nanosaur/install/nanosaur_control/share/nanosaur_control/hook/cmake_prefix_path.dsv'
[0.800s] INFO:colcon.colcon_core.shell:Creating environment hook '/home/user/nanosaur/install/nanosaur_control/share/nanosaur_control/hook/cmake_prefix_path.sh'
[0.801s] Level 1:colcon.colcon_core.environment:checking '/home/user/nanosaur/install/nanosaur_control/bin'
[0.801s] Level 1:colcon.colcon_core.environment:checking '/home/user/nanosaur/install/nanosaur_control/lib/pkgconfig/nanosaur_control.pc'
[0.801s] Level 1:colcon.colcon_core.environment:checking '/home/user/nanosaur/install/nanosaur_control/lib/python3.10/site-packages'
[0.801s] Level 1:colcon.colcon_core.environment:checking '/home/user/nanosaur/install/nanosaur_control/bin'
[0.803s] INFO:colcon.colcon_core.shell:Creating package script '/home/user/nanosaur/install/nanosaur_control/share/nanosaur_control/package.ps1'
[0.803s] INFO:colcon.colcon_core.shell:Creating package descriptor '/home/user/nanosaur/install/nanosaur_control/share/nanosaur_control/package.dsv'
[0.804s] INFO:colcon.colcon_core.shell:Creating package script '/home/user/nanosaur/install/nanosaur_control/share/nanosaur_control/package.sh'
[0.804s] INFO:colcon.colcon_core.shell:Creating package script '/home/user/nanosaur/install/nanosaur_control/share/nanosaur_control/package.bash'
[0.805s] INFO:colcon.colcon_core.shell:Creating package script '/home/user/nanosaur/install/nanosaur_control/share/nanosaur_control/package.zsh'
[0.805s] Level 1:colcon.colcon_core.environment:create_file_with_runtime_dependencies(/home/user/nanosaur/install/nanosaur_control/share/colcon-core/packages/nanosaur_control)
[0.806s] Level 1:colcon.colcon_core.environment:create_environment_scripts_only(nanosaur_worlds)
[0.808s] Level 1:colcon.colcon_core.environment:checking '/home/user/nanosaur/install/nanosaur_worlds' for CMake module files
[0.809s] Level 1:colcon.colcon_core.environment:checking '/home/user/nanosaur/install/nanosaur_worlds' for CMake config files
[0.809s] Level 1:colcon.colcon_core.shell:create_environment_hook('nanosaur_worlds', 'cmake_prefix_path')
[0.810s] INFO:colcon.colcon_core.shell:Creating environment hook '/home/user/nanosaur/install/nanosaur_worlds/share/nanosaur_worlds/hook/cmake_prefix_path.ps1'
[0.811s] INFO:colcon.colcon_core.shell:Creating environment descriptor '/home/user/nanosaur/install/nanosaur_worlds/share/nanosaur_worlds/hook/cmake_prefix_path.dsv'
[0.811s] INFO:colcon.colcon_core.shell:Creating environment hook '/home/user/nanosaur/install/nanosaur_worlds/share/nanosaur_worlds/hook/cmake_prefix_path.sh'
[0.811s] Level 1:colcon.colcon_core.environment:checking '/home/user/nanosaur/install/nanosaur_worlds/bin'
[0.811s] Level 1:colcon.colcon_core.environment:checking '/home/user/nanosaur/install/nanosaur_worlds/lib/pkgconfig/nanosaur_worlds.pc'
[0.812s] Level 1:colcon.colcon_core.environment:checking '/home/user/nanosaur/install/nanosaur_worlds/lib/python3.10/site-packages'
[0.812s] Level 1:colcon.colcon_core.environment:checking '/home/user/nanosaur/install/nanosaur_worlds/bin'
[0.813s] INFO:colcon.colcon_core.shell:Creating package script '/home/user/nanosaur/install/nanosaur_worlds/share/nanosaur_worlds/package.ps1'
[0.813s] INFO:colcon.colcon_core.shell:Creating package descriptor '/home/user/nanosaur/install/nanosaur_worlds/share/nanosaur_worlds/package.dsv'
[0.814s] INFO:colcon.colcon_core.shell:Creating package script '/home/user/nanosaur/install/nanosaur_worlds/share/nanosaur_worlds/package.sh'
[0.814s] INFO:colcon.colcon_core.shell:Creating package script '/home/user/nanosaur/install/nanosaur_worlds/share/nanosaur_worlds/package.bash'
[0.814s] INFO:colcon.colcon_core.shell:Creating package script '/home/user/nanosaur/install/nanosaur_worlds/share/nanosaur_worlds/package.zsh'
[0.815s] Level 1:colcon.colcon_core.environment:create_file_with_runtime_dependencies(/home/user/nanosaur/install/nanosaur_worlds/share/colcon-core/packages/nanosaur_worlds)
[0.816s] Level 1:colcon.colcon_core.environment:create_environment_scripts_only(nanosaur_simulations)
[0.818s] Level 1:colcon.colcon_core.environment:checking '/home/user/nanosaur/install/nanosaur_simulations' for CMake module files
[0.819s] Level 1:colcon.colcon_core.environment:checking '/home/user/nanosaur/install/nanosaur_simulations' for CMake config files
[0.819s] Level 1:colcon.colcon_core.shell:create_environment_hook('nanosaur_simulations', 'cmake_prefix_path')
[0.821s] INFO:colcon.colcon_core.shell:Creating environment hook '/home/user/nanosaur/install/nanosaur_simulations/share/nanosaur_simulations/hook/cmake_prefix_path.ps1'
[0.821s] INFO:colcon.colcon_core.shell:Creating environment descriptor '/home/user/nanosaur/install/nanosaur_simulations/share/nanosaur_simulations/hook/cmake_prefix_path.dsv'
[0.822s] INFO:colcon.colcon_core.shell:Creating environment hook '/home/user/nanosaur/install/nanosaur_simulations/share/nanosaur_simulations/hook/cmake_prefix_path.sh'
[0.823s] Level 1:colcon.colcon_core.environment:checking '/home/user/nanosaur/install/nanosaur_simulations/bin'
[0.823s] Level 1:colcon.colcon_core.environment:checking '/home/user/nanosaur/install/nanosaur_simulations/lib/pkgconfig/nanosaur_simulations.pc'
[0.823s] Level 1:colcon.colcon_core.environment:checking '/home/user/nanosaur/install/nanosaur_simulations/lib/python3.10/site-packages'
[0.823s] Level 1:colcon.colcon_core.environment:checking '/home/user/nanosaur/install/nanosaur_simulations/bin'
[0.825s] INFO:colcon.colcon_core.shell:Creating package script '/home/user/nanosaur/install/nanosaur_simulations/share/nanosaur_simulations/package.ps1'
[0.826s] INFO:colcon.colcon_core.shell:Creating package descriptor '/home/user/nanosaur/install/nanosaur_simulations/share/nanosaur_simulations/package.dsv'
[0.826s] INFO:colcon.colcon_core.shell:Creating package script '/home/user/nanosaur/install/nanosaur_simulations/share/nanosaur_simulations/package.sh'
[0.827s] INFO:colcon.colcon_core.shell:Creating package script '/home/user/nanosaur/install/nanosaur_simulations/share/nanosaur_simulations/package.bash'
[0.827s] INFO:colcon.colcon_core.shell:Creating package script '/home/user/nanosaur/install/nanosaur_simulations/share/nanosaur_simulations/package.zsh'
[0.827s] Level 1:colcon.colcon_core.environment:create_file_with_runtime_dependencies(/home/user/nanosaur/install/nanosaur_simulations/share/colcon-core/packages/nanosaur_simulations)
[0.829s] Level 1:colcon.colcon_core.environment:create_environment_scripts_only(nanosaur_description)
[0.831s] Level 1:colcon.colcon_core.environment:checking '/home/user/nanosaur/install/nanosaur_description' for CMake module files
[0.832s] Level 1:colcon.colcon_core.environment:checking '/home/user/nanosaur/install/nanosaur_description' for CMake config files
[0.833s] Level 1:colcon.colcon_core.shell:create_environment_hook('nanosaur_description', 'cmake_prefix_path')
[0.835s] INFO:colcon.colcon_core.shell:Creating environment hook '/home/user/nanosaur/install/nanosaur_description/share/nanosaur_description/hook/cmake_prefix_path.ps1'
[0.836s] INFO:colcon.colcon_core.shell:Creating environment descriptor '/home/user/nanosaur/install/nanosaur_description/share/nanosaur_description/hook/cmake_prefix_path.dsv'
[0.836s] INFO:colcon.colcon_core.shell:Creating environment hook '/home/user/nanosaur/install/nanosaur_description/share/nanosaur_description/hook/cmake_prefix_path.sh'
[0.837s] Level 1:colcon.colcon_core.environment:checking '/home/user/nanosaur/install/nanosaur_description/bin'
[0.837s] Level 1:colcon.colcon_core.environment:checking '/home/user/nanosaur/install/nanosaur_description/lib/pkgconfig/nanosaur_description.pc'
[0.838s] Level 1:colcon.colcon_core.environment:checking '/home/user/nanosaur/install/nanosaur_description/lib/python3.10/site-packages'
[0.838s] Level 1:colcon.colcon_core.environment:checking '/home/user/nanosaur/install/nanosaur_description/bin'
[0.840s] INFO:colcon.colcon_core.shell:Creating package script '/home/user/nanosaur/install/nanosaur_description/share/nanosaur_description/package.ps1'
[0.841s] INFO:colcon.colcon_core.shell:Creating package descriptor '/home/user/nanosaur/install/nanosaur_description/share/nanosaur_description/package.dsv'
[0.842s] INFO:colcon.colcon_core.shell:Creating package script '/home/user/nanosaur/install/nanosaur_description/share/nanosaur_description/package.sh'
[0.842s] INFO:colcon.colcon_core.shell:Creating package script '/home/user/nanosaur/install/nanosaur_description/share/nanosaur_description/package.bash'
[0.843s] INFO:colcon.colcon_core.shell:Creating package script '/home/user/nanosaur/install/nanosaur_description/share/nanosaur_description/package.zsh'
[0.843s] Level 1:colcon.colcon_core.environment:create_file_with_runtime_dependencies(/home/user/nanosaur/install/nanosaur_description/share/colcon-core/packages/nanosaur_description)
[0.843s] INFO:colcon.colcon_ros.task.ament_cmake.build:Building ROS package in '/home/user/nanosaur/src/nanosaur_simulations/nanosaur_gazebo' with build type 'ament_cmake'
[0.843s] INFO:colcon.colcon_cmake.task.cmake.build:Building CMake package in '/home/user/nanosaur/src/nanosaur_simulations/nanosaur_gazebo'
[0.845s] INFO:colcon.colcon_core.shell:Skip shell extension 'powershell' for command environment: Not usable outside of PowerShell
[0.845s] DEBUG:colcon.colcon_core.shell:Skip shell extension 'dsv' for command environment
[0.858s] DEBUG:colcon.colcon_core.event_handler.log_command:Invoking command in '/home/user/nanosaur/build/nanosaur_gazebo': CMAKE_PREFIX_PATH=/home/user/nanosaur/install/nanosaur_description:/home/user/nanosaur/install/nanosaur_control:/home/user/nanosaur/install/nanosaur_worlds:/home/user/nanosaur/install/nanosaur_simulations:/home/user/nanosaur/install/nanosaur:/home/user/nanosaur/install/nanosaur_msgs:/home/user/nanosaur/install/nanosaur_gazebo:/home/user/nanosaur/install/ros2_camera_receiver:/opt/ros/humble /usr/bin/cmake --build /home/user/nanosaur/build/nanosaur_gazebo -- -j16 -l16
[0.882s] DEBUG:colcon.colcon_core.event_handler.log_command:Invoking command in '/home/user/nanosaur/build/nanosaur_msgs': CMAKE_PREFIX_PATH=${CMAKE_PREFIX_PATH}:/home/user/nanosaur/install/ros2_camera_receiver:/opt/ros/humble /usr/bin/cmake --install /home/user/nanosaur/build/nanosaur_msgs
[0.908s] DEBUG:colcon.colcon_core.event_handler.log_command:Invoked command in '/home/user/nanosaur/build/nanosaur_gazebo' returned '0': CMAKE_PREFIX_PATH=/home/user/nanosaur/install/nanosaur_description:/home/user/nanosaur/install/nanosaur_control:/home/user/nanosaur/install/nanosaur_worlds:/home/user/nanosaur/install/nanosaur_simulations:/home/user/nanosaur/install/nanosaur:/home/user/nanosaur/install/nanosaur_msgs:/home/user/nanosaur/install/nanosaur_gazebo:/home/user/nanosaur/install/ros2_camera_receiver:/opt/ros/humble /usr/bin/cmake --build /home/user/nanosaur/build/nanosaur_gazebo -- -j16 -l16
[0.939s] DEBUG:colcon.colcon_core.event_handler.log_command:Invoking command in '/home/user/nanosaur/build/nanosaur_gazebo': CMAKE_PREFIX_PATH=/home/user/nanosaur/install/nanosaur_description:/home/user/nanosaur/install/nanosaur_control:/home/user/nanosaur/install/nanosaur_worlds:/home/user/nanosaur/install/nanosaur_simulations:/home/user/nanosaur/install/nanosaur:/home/user/nanosaur/install/nanosaur_msgs:/home/user/nanosaur/install/nanosaur_gazebo:/home/user/nanosaur/install/ros2_camera_receiver:/opt/ros/humble /usr/bin/cmake --install /home/user/nanosaur/build/nanosaur_gazebo
[0.946s] Level 1:colcon.colcon_core.environment:create_environment_scripts_only(nanosaur_msgs)
[0.950s] Level 1:colcon.colcon_core.environment:checking '/home/user/nanosaur/install/nanosaur_msgs' for CMake module files
[0.950s] DEBUG:colcon.colcon_core.event_handler.log_command:Invoked command in '/home/user/nanosaur/build/nanosaur_msgs' returned '0': CMAKE_PREFIX_PATH=${CMAKE_PREFIX_PATH}:/home/user/nanosaur/install/ros2_camera_receiver:/opt/ros/humble /usr/bin/cmake --install /home/user/nanosaur/build/nanosaur_msgs
[0.952s] Level 1:colcon.colcon_core.environment:checking '/home/user/nanosaur/install/nanosaur_msgs' for CMake config files
[0.958s] Level 1:colcon.colcon_core.shell:create_environment_hook('nanosaur_msgs', 'cmake_prefix_path')
[0.960s] INFO:colcon.colcon_core.shell:Creating environment hook '/home/user/nanosaur/install/nanosaur_msgs/share/nanosaur_msgs/hook/cmake_prefix_path.ps1'
[0.961s] INFO:colcon.colcon_core.shell:Creating environment descriptor '/home/user/nanosaur/install/nanosaur_msgs/share/nanosaur_msgs/hook/cmake_prefix_path.dsv'
[0.962s] INFO:colcon.colcon_core.shell:Creating environment hook '/home/user/nanosaur/install/nanosaur_msgs/share/nanosaur_msgs/hook/cmake_prefix_path.sh'
[0.962s] Level 1:colcon.colcon_core.environment:checking '/home/user/nanosaur/install/nanosaur_msgs/lib'
[0.962s] Level 1:colcon.colcon_core.shell:create_environment_hook('nanosaur_msgs', 'ld_library_path_lib')
[0.963s] INFO:colcon.colcon_core.shell:Creating environment hook '/home/user/nanosaur/install/nanosaur_msgs/share/nanosaur_msgs/hook/ld_library_path_lib.ps1'
[0.964s] INFO:colcon.colcon_core.shell:Creating environment descriptor '/home/user/nanosaur/install/nanosaur_msgs/share/nanosaur_msgs/hook/ld_library_path_lib.dsv'
[0.964s] INFO:colcon.colcon_core.shell:Creating environment hook '/home/user/nanosaur/install/nanosaur_msgs/share/nanosaur_msgs/hook/ld_library_path_lib.sh'
[0.964s] Level 1:colcon.colcon_core.environment:checking '/home/user/nanosaur/install/nanosaur_msgs/bin'
[0.964s] Level 1:colcon.colcon_core.environment:checking '/home/user/nanosaur/install/nanosaur_msgs/lib/pkgconfig/nanosaur_msgs.pc'
[0.964s] Level 1:colcon.colcon_core.environment:checking '/home/user/nanosaur/install/nanosaur_msgs/lib/python3.10/site-packages'
[0.964s] Level 1:colcon.colcon_core.environment:checking '/home/user/nanosaur/install/nanosaur_msgs/bin'
[0.966s] INFO:colcon.colcon_core.shell:Creating package script '/home/user/nanosaur/install/nanosaur_msgs/share/nanosaur_msgs/package.ps1'
[0.966s] INFO:colcon.colcon_core.shell:Creating package descriptor '/home/user/nanosaur/install/nanosaur_msgs/share/nanosaur_msgs/package.dsv'
[0.967s] INFO:colcon.colcon_core.shell:Creating package script '/home/user/nanosaur/install/nanosaur_msgs/share/nanosaur_msgs/package.sh'
[0.967s] INFO:colcon.colcon_core.shell:Creating package script '/home/user/nanosaur/install/nanosaur_msgs/share/nanosaur_msgs/package.bash'
[0.967s] INFO:colcon.colcon_core.shell:Creating package script '/home/user/nanosaur/install/nanosaur_msgs/share/nanosaur_msgs/package.zsh'
[0.967s] Level 1:colcon.colcon_core.environment:create_file_with_runtime_dependencies(/home/user/nanosaur/install/nanosaur_msgs/share/colcon-core/packages/nanosaur_msgs)
[0.971s] Level 1:colcon.colcon_core.environment:create_environment_scripts_only(nanosaur_gazebo)
[0.972s] Level 1:colcon.colcon_core.environment:checking '/home/user/nanosaur/install/nanosaur_gazebo' for CMake module files
[0.973s] DEBUG:colcon.colcon_core.event_handler.log_command:Invoking command in '/home/user/nanosaur/src/ros2_camera_receiver': PYTHONPATH=/home/user/nanosaur/build/ros2_camera_receiver/prefix_override:/home/user/nanosaur/install/ros2_camera_receiver/lib/python3.10/site-packages:${PYTHONPATH} /usr/bin/python3 setup.py egg_info --egg-base ../../build/ros2_camera_receiver build --build-base /home/user/nanosaur/build/ros2_camera_receiver/build install --record /home/user/nanosaur/build/ros2_camera_receiver/install.log --single-version-externally-managed
[0.973s] DEBUG:colcon.colcon_core.event_handler.log_command:Invoked command in '/home/user/nanosaur/build/nanosaur_gazebo' returned '0': CMAKE_PREFIX_PATH=/home/user/nanosaur/install/nanosaur_description:/home/user/nanosaur/install/nanosaur_control:/home/user/nanosaur/install/nanosaur_worlds:/home/user/nanosaur/install/nanosaur_simulations:/home/user/nanosaur/install/nanosaur:/home/user/nanosaur/install/nanosaur_msgs:/home/user/nanosaur/install/nanosaur_gazebo:/home/user/nanosaur/install/ros2_camera_receiver:/opt/ros/humble /usr/bin/cmake --install /home/user/nanosaur/build/nanosaur_gazebo
[0.973s] Level 1:colcon.colcon_core.environment:checking '/home/user/nanosaur/install/nanosaur_gazebo' for CMake config files
[0.974s] Level 1:colcon.colcon_core.shell:create_environment_hook('nanosaur_gazebo', 'cmake_prefix_path')
[0.975s] INFO:colcon.colcon_core.shell:Creating environment hook '/home/user/nanosaur/install/nanosaur_gazebo/share/nanosaur_gazebo/hook/cmake_prefix_path.ps1'
[0.975s] INFO:colcon.colcon_core.shell:Creating environment descriptor '/home/user/nanosaur/install/nanosaur_gazebo/share/nanosaur_gazebo/hook/cmake_prefix_path.dsv'
[0.976s] INFO:colcon.colcon_core.shell:Creating environment hook '/home/user/nanosaur/install/nanosaur_gazebo/share/nanosaur_gazebo/hook/cmake_prefix_path.sh'
[0.976s] Level 1:colcon.colcon_core.environment:checking '/home/user/nanosaur/install/nanosaur_gazebo/bin'
[0.976s] Level 1:colcon.colcon_core.environment:checking '/home/user/nanosaur/install/nanosaur_gazebo/lib/pkgconfig/nanosaur_gazebo.pc'
[0.977s] Level 1:colcon.colcon_core.environment:checking '/home/user/nanosaur/install/nanosaur_gazebo/lib/python3.10/site-packages'
[0.977s] Level 1:colcon.colcon_core.environment:checking '/home/user/nanosaur/install/nanosaur_gazebo/bin'
[0.978s] INFO:colcon.colcon_core.shell:Creating package script '/home/user/nanosaur/install/nanosaur_gazebo/share/nanosaur_gazebo/package.ps1'
[0.979s] INFO:colcon.colcon_core.shell:Creating package descriptor '/home/user/nanosaur/install/nanosaur_gazebo/share/nanosaur_gazebo/package.dsv'
[0.979s] INFO:colcon.colcon_core.shell:Creating package script '/home/user/nanosaur/install/nanosaur_gazebo/share/nanosaur_gazebo/package.sh'
[0.979s] INFO:colcon.colcon_core.shell:Creating package script '/home/user/nanosaur/install/nanosaur_gazebo/share/nanosaur_gazebo/package.bash'
[0.979s] INFO:colcon.colcon_core.shell:Creating package script '/home/user/nanosaur/install/nanosaur_gazebo/share/nanosaur_gazebo/package.zsh'
[0.980s] Level 1:colcon.colcon_core.environment:create_file_with_runtime_dependencies(/home/user/nanosaur/install/nanosaur_gazebo/share/colcon-core/packages/nanosaur_gazebo)
[1.008s] Level 1:colcon.colcon_core.environment:create_environment_scripts_only(nanosaur_gazebo)
[1.011s] Level 1:colcon.colcon_core.environment:checking '/home/user/nanosaur/install/nanosaur_gazebo' for CMake module files
[1.012s] Level 1:colcon.colcon_core.environment:checking '/home/user/nanosaur/install/nanosaur_gazebo' for CMake config files
[1.013s] Level 1:colcon.colcon_core.shell:create_environment_hook('nanosaur_gazebo', 'cmake_prefix_path')
[1.014s] INFO:colcon.colcon_core.shell:Creating environment hook '/home/user/nanosaur/install/nanosaur_gazebo/share/nanosaur_gazebo/hook/cmake_prefix_path.ps1'
[1.015s] INFO:colcon.colcon_core.shell:Creating environment descriptor '/home/user/nanosaur/install/nanosaur_gazebo/share/nanosaur_gazebo/hook/cmake_prefix_path.dsv'
[1.016s] INFO:colcon.colcon_core.shell:Creating environment hook '/home/user/nanosaur/install/nanosaur_gazebo/share/nanosaur_gazebo/hook/cmake_prefix_path.sh'
[1.017s] Level 1:colcon.colcon_core.environment:checking '/home/user/nanosaur/install/nanosaur_gazebo/bin'
[1.017s] Level 1:colcon.colcon_core.environment:checking '/home/user/nanosaur/install/nanosaur_gazebo/lib/pkgconfig/nanosaur_gazebo.pc'
[1.017s] Level 1:colcon.colcon_core.environment:checking '/home/user/nanosaur/install/nanosaur_gazebo/lib/python3.10/site-packages'
[1.017s] Level 1:colcon.colcon_core.environment:checking '/home/user/nanosaur/install/nanosaur_gazebo/bin'
[1.019s] INFO:colcon.colcon_core.shell:Creating package script '/home/user/nanosaur/install/nanosaur_gazebo/share/nanosaur_gazebo/package.ps1'
[1.020s] INFO:colcon.colcon_core.shell:Creating package descriptor '/home/user/nanosaur/install/nanosaur_gazebo/share/nanosaur_gazebo/package.dsv'
[1.020s] INFO:colcon.colcon_core.shell:Creating package script '/home/user/nanosaur/install/nanosaur_gazebo/share/nanosaur_gazebo/package.sh'
[1.020s] INFO:colcon.colcon_core.shell:Creating package script '/home/user/nanosaur/install/nanosaur_gazebo/share/nanosaur_gazebo/package.bash'
[1.021s] INFO:colcon.colcon_core.shell:Creating package script '/home/user/nanosaur/install/nanosaur_gazebo/share/nanosaur_gazebo/package.zsh'
[1.021s] Level 1:colcon.colcon_core.environment:create_file_with_runtime_dependencies(/home/user/nanosaur/install/nanosaur_gazebo/share/colcon-core/packages/nanosaur_gazebo)
[1.072s] Level 1:colcon.colcon_core.environment:create_environment_scripts_only(nanosaur_msgs)
[1.075s] Level 1:colcon.colcon_core.environment:checking '/home/user/nanosaur/install/nanosaur_msgs' for CMake module files
[1.076s] Level 1:colcon.colcon_core.environment:checking '/home/user/nanosaur/install/nanosaur_msgs' for CMake config files
[1.078s] Level 1:colcon.colcon_core.shell:create_environment_hook('nanosaur_msgs', 'cmake_prefix_path')
[1.080s] INFO:colcon.colcon_core.shell:Creating environment hook '/home/user/nanosaur/install/nanosaur_msgs/share/nanosaur_msgs/hook/cmake_prefix_path.ps1'
[1.082s] INFO:colcon.colcon_core.shell:Creating environment descriptor '/home/user/nanosaur/install/nanosaur_msgs/share/nanosaur_msgs/hook/cmake_prefix_path.dsv'
[1.082s] INFO:colcon.colcon_core.shell:Creating environment hook '/home/user/nanosaur/install/nanosaur_msgs/share/nanosaur_msgs/hook/cmake_prefix_path.sh'
[1.084s] Level 1:colcon.colcon_core.environment:checking '/home/user/nanosaur/install/nanosaur_msgs/lib'
[1.084s] Level 1:colcon.colcon_core.shell:create_environment_hook('nanosaur_msgs', 'ld_library_path_lib')
[1.085s] INFO:colcon.colcon_core.shell:Creating environment hook '/home/user/nanosaur/install/nanosaur_msgs/share/nanosaur_msgs/hook/ld_library_path_lib.ps1'
[1.086s] INFO:colcon.colcon_core.shell:Creating environment descriptor '/home/user/nanosaur/install/nanosaur_msgs/share/nanosaur_msgs/hook/ld_library_path_lib.dsv'
[1.086s] INFO:colcon.colcon_core.shell:Creating environment hook '/home/user/nanosaur/install/nanosaur_msgs/share/nanosaur_msgs/hook/ld_library_path_lib.sh'
[1.087s] Level 1:colcon.colcon_core.environment:checking '/home/user/nanosaur/install/nanosaur_msgs/bin'
[1.087s] Level 1:colcon.colcon_core.environment:checking '/home/user/nanosaur/install/nanosaur_msgs/lib/pkgconfig/nanosaur_msgs.pc'
[1.087s] Level 1:colcon.colcon_core.environment:checking '/home/user/nanosaur/install/nanosaur_msgs/lib/python3.10/site-packages'
[1.087s] Level 1:colcon.colcon_core.environment:checking '/home/user/nanosaur/install/nanosaur_msgs/bin'
[1.088s] INFO:colcon.colcon_core.shell:Creating package script '/home/user/nanosaur/install/nanosaur_msgs/share/nanosaur_msgs/package.ps1'
[1.089s] INFO:colcon.colcon_core.shell:Creating package descriptor '/home/user/nanosaur/install/nanosaur_msgs/share/nanosaur_msgs/package.dsv'
[1.089s] INFO:colcon.colcon_core.shell:Creating package script '/home/user/nanosaur/install/nanosaur_msgs/share/nanosaur_msgs/package.sh'
[1.090s] INFO:colcon.colcon_core.shell:Creating package script '/home/user/nanosaur/install/nanosaur_msgs/share/nanosaur_msgs/package.bash'
[1.090s] INFO:colcon.colcon_core.shell:Creating package script '/home/user/nanosaur/install/nanosaur_msgs/share/nanosaur_msgs/package.zsh'
[1.090s] Level 1:colcon.colcon_core.environment:create_file_with_runtime_dependencies(/home/user/nanosaur/install/nanosaur_msgs/share/colcon-core/packages/nanosaur_msgs)
[1.090s] INFO:colcon.colcon_ros.task.ament_cmake.build:Building ROS package in '/home/user/nanosaur/src/nanosaur/nanosaur' with build type 'ament_cmake'
[1.091s] INFO:colcon.colcon_cmake.task.cmake.build:Building CMake package in '/home/user/nanosaur/src/nanosaur/nanosaur'
[1.091s] INFO:colcon.colcon_core.shell:Skip shell extension 'powershell' for command environment: Not usable outside of PowerShell
[1.092s] DEBUG:colcon.colcon_core.shell:Skip shell extension 'dsv' for command environment
[1.113s] DEBUG:colcon.colcon_core.event_handler.log_command:Invoking command in '/home/user/nanosaur/build/nanosaur': CMAKE_PREFIX_PATH=/home/user/nanosaur/install/nanosaur_msgs:/home/user/nanosaur/install/nanosaur_description:/home/user/nanosaur/install/nanosaur_control:/home/user/nanosaur/install/nanosaur_worlds:/home/user/nanosaur/install/nanosaur_simulations:/home/user/nanosaur/install/nanosaur:/home/user/nanosaur/install/nanosaur_gazebo:/home/user/nanosaur/install/ros2_camera_receiver:/opt/ros/humble /usr/bin/cmake --build /home/user/nanosaur/build/nanosaur -- -j16 -l16
[1.164s] DEBUG:colcon.colcon_core.event_handler.log_command:Invoked command in '/home/user/nanosaur/build/nanosaur' returned '0': CMAKE_PREFIX_PATH=/home/user/nanosaur/install/nanosaur_msgs:/home/user/nanosaur/install/nanosaur_description:/home/user/nanosaur/install/nanosaur_control:/home/user/nanosaur/install/nanosaur_worlds:/home/user/nanosaur/install/nanosaur_simulations:/home/user/nanosaur/install/nanosaur:/home/user/nanosaur/install/nanosaur_gazebo:/home/user/nanosaur/install/ros2_camera_receiver:/opt/ros/humble /usr/bin/cmake --build /home/user/nanosaur/build/nanosaur -- -j16 -l16
[1.193s] DEBUG:colcon.colcon_core.event_handler.log_command:Invoking command in '/home/user/nanosaur/build/nanosaur': CMAKE_PREFIX_PATH=/home/user/nanosaur/install/nanosaur_msgs:/home/user/nanosaur/install/nanosaur_description:/home/user/nanosaur/install/nanosaur_control:/home/user/nanosaur/install/nanosaur_worlds:/home/user/nanosaur/install/nanosaur_simulations:/home/user/nanosaur/install/nanosaur:/home/user/nanosaur/install/nanosaur_gazebo:/home/user/nanosaur/install/ros2_camera_receiver:/opt/ros/humble /usr/bin/cmake --install /home/user/nanosaur/build/nanosaur
[1.207s] Level 1:colcon.colcon_core.environment:create_environment_scripts_only(nanosaur)
[1.208s] DEBUG:colcon.colcon_core.event_handler.log_command:Invoked command in '/home/user/nanosaur/build/nanosaur' returned '0': CMAKE_PREFIX_PATH=/home/user/nanosaur/install/nanosaur_msgs:/home/user/nanosaur/install/nanosaur_description:/home/user/nanosaur/install/nanosaur_control:/home/user/nanosaur/install/nanosaur_worlds:/home/user/nanosaur/install/nanosaur_simulations:/home/user/nanosaur/install/nanosaur:/home/user/nanosaur/install/nanosaur_gazebo:/home/user/nanosaur/install/ros2_camera_receiver:/opt/ros/humble /usr/bin/cmake --install /home/user/nanosaur/build/nanosaur
[1.210s] Level 1:colcon.colcon_core.environment:checking '/home/user/nanosaur/install/nanosaur' for CMake module files
[1.211s] Level 1:colcon.colcon_core.environment:checking '/home/user/nanosaur/install/nanosaur' for CMake config files
[1.212s] Level 1:colcon.colcon_core.shell:create_environment_hook('nanosaur', 'cmake_prefix_path')
[1.214s] INFO:colcon.colcon_core.shell:Creating environment hook '/home/user/nanosaur/install/nanosaur/share/nanosaur/hook/cmake_prefix_path.ps1'
[1.214s] INFO:colcon.colcon_core.shell:Creating environment descriptor '/home/user/nanosaur/install/nanosaur/share/nanosaur/hook/cmake_prefix_path.dsv'
[1.215s] INFO:colcon.colcon_core.shell:Creating environment hook '/home/user/nanosaur/install/nanosaur/share/nanosaur/hook/cmake_prefix_path.sh'
[1.216s] Level 1:colcon.colcon_core.environment:checking '/home/user/nanosaur/install/nanosaur/bin'
[1.216s] Level 1:colcon.colcon_core.environment:checking '/home/user/nanosaur/install/nanosaur/lib/pkgconfig/nanosaur.pc'
[1.217s] Level 1:colcon.colcon_core.environment:checking '/home/user/nanosaur/install/nanosaur/lib/python3.10/site-packages'
[1.217s] Level 1:colcon.colcon_core.environment:checking '/home/user/nanosaur/install/nanosaur/bin'
[1.218s] INFO:colcon.colcon_core.shell:Creating package script '/home/user/nanosaur/install/nanosaur/share/nanosaur/package.ps1'
[1.219s] INFO:colcon.colcon_core.shell:Creating package descriptor '/home/user/nanosaur/install/nanosaur/share/nanosaur/package.dsv'
[1.219s] INFO:colcon.colcon_core.shell:Creating package script '/home/user/nanosaur/install/nanosaur/share/nanosaur/package.sh'
[1.220s] INFO:colcon.colcon_core.shell:Creating package script '/home/user/nanosaur/install/nanosaur/share/nanosaur/package.bash'
[1.220s] INFO:colcon.colcon_core.shell:Creating package script '/home/user/nanosaur/install/nanosaur/share/nanosaur/package.zsh'
[1.220s] Level 1:colcon.colcon_core.environment:create_file_with_runtime_dependencies(/home/user/nanosaur/install/nanosaur/share/colcon-core/packages/nanosaur)
[1.228s] Level 1:colcon.colcon_core.environment:checking '/home/user/nanosaur/install/ros2_camera_receiver' for CMake module files
[1.229s] DEBUG:colcon.colcon_core.event_handler.log_command:Invoked command in '/home/user/nanosaur/src/ros2_camera_receiver' returned '0': PYTHONPATH=/home/user/nanosaur/build/ros2_camera_receiver/prefix_override:/home/user/nanosaur/install/ros2_camera_receiver/lib/python3.10/site-packages:${PYTHONPATH} /usr/bin/python3 setup.py egg_info --egg-base ../../build/ros2_camera_receiver build --build-base /home/user/nanosaur/build/ros2_camera_receiver/build install --record /home/user/nanosaur/build/ros2_camera_receiver/install.log --single-version-externally-managed
[1.229s] Level 1:colcon.colcon_core.environment:checking '/home/user/nanosaur/install/ros2_camera_receiver' for CMake config files
[1.229s] Level 1:colcon.colcon_core.environment:checking '/home/user/nanosaur/install/ros2_camera_receiver/lib'
[1.229s] Level 1:colcon.colcon_core.environment:checking '/home/user/nanosaur/install/ros2_camera_receiver/bin'
[1.229s] Level 1:colcon.colcon_core.environment:checking '/home/user/nanosaur/install/ros2_camera_receiver/lib/pkgconfig/ros2_camera_receiver.pc'
[1.230s] Level 1:colcon.colcon_core.environment:checking '/home/user/nanosaur/install/ros2_camera_receiver/lib/python3.10/site-packages'
[1.230s] Level 1:colcon.colcon_core.shell:create_environment_hook('ros2_camera_receiver', 'pythonpath')
[1.231s] INFO:colcon.colcon_core.shell:Creating environment hook '/home/user/nanosaur/install/ros2_camera_receiver/share/ros2_camera_receiver/hook/pythonpath.ps1'
[1.231s] INFO:colcon.colcon_core.shell:Creating environment descriptor '/home/user/nanosaur/install/ros2_camera_receiver/share/ros2_camera_receiver/hook/pythonpath.dsv'
[1.231s] INFO:colcon.colcon_core.shell:Creating environment hook '/home/user/nanosaur/install/ros2_camera_receiver/share/ros2_camera_receiver/hook/pythonpath.sh'
[1.231s] Level 1:colcon.colcon_core.environment:checking '/home/user/nanosaur/install/ros2_camera_receiver/bin'
[1.231s] Level 1:colcon.colcon_core.environment:create_environment_scripts_only(ros2_camera_receiver)
[1.232s] INFO:colcon.colcon_core.shell:Creating package script '/home/user/nanosaur/install/ros2_camera_receiver/share/ros2_camera_receiver/package.ps1'
[1.233s] INFO:colcon.colcon_core.shell:Creating package descriptor '/home/user/nanosaur/install/ros2_camera_receiver/share/ros2_camera_receiver/package.dsv'
[1.233s] INFO:colcon.colcon_core.shell:Creating package script '/home/user/nanosaur/install/ros2_camera_receiver/share/ros2_camera_receiver/package.sh'
[1.233s] INFO:colcon.colcon_core.shell:Creating package script '/home/user/nanosaur/install/ros2_camera_receiver/share/ros2_camera_receiver/package.bash'
[1.234s] INFO:colcon.colcon_core.shell:Creating package script '/home/user/nanosaur/install/ros2_camera_receiver/share/ros2_camera_receiver/package.zsh'
[1.234s] Level 1:colcon.colcon_core.environment:create_file_with_runtime_dependencies(/home/user/nanosaur/install/ros2_camera_receiver/share/colcon-core/packages/ros2_camera_receiver)
[1.252s] Level 1:colcon.colcon_core.environment:create_environment_scripts_only(nanosaur)
[1.255s] Level 1:colcon.colcon_core.environment:checking '/home/user/nanosaur/install/nanosaur' for CMake module files
[1.256s] Level 1:colcon.colcon_core.environment:checking '/home/user/nanosaur/install/nanosaur' for CMake config files
[1.257s] Level 1:colcon.colcon_core.shell:create_environment_hook('nanosaur', 'cmake_prefix_path')
[1.259s] INFO:colcon.colcon_core.shell:Creating environment hook '/home/user/nanosaur/install/nanosaur/share/nanosaur/hook/cmake_prefix_path.ps1'
[1.260s] INFO:colcon.colcon_core.shell:Creating environment descriptor '/home/user/nanosaur/install/nanosaur/share/nanosaur/hook/cmake_prefix_path.dsv'
[1.260s] INFO:colcon.colcon_core.shell:Creating environment hook '/home/user/nanosaur/install/nanosaur/share/nanosaur/hook/cmake_prefix_path.sh'
[1.261s] Level 1:colcon.colcon_core.environment:checking '/home/user/nanosaur/install/nanosaur/bin'
[1.262s] Level 1:colcon.colcon_core.environment:checking '/home/user/nanosaur/install/nanosaur/lib/pkgconfig/nanosaur.pc'
[1.262s] Level 1:colcon.colcon_core.environment:checking '/home/user/nanosaur/install/nanosaur/lib/python3.10/site-packages'
[1.262s] Level 1:colcon.colcon_core.environment:checking '/home/user/nanosaur/install/nanosaur/bin'
[1.264s] INFO:colcon.colcon_core.shell:Creating package script '/home/user/nanosaur/install/nanosaur/share/nanosaur/package.ps1'
[1.265s] INFO:colcon.colcon_core.shell:Creating package descriptor '/home/user/nanosaur/install/nanosaur/share/nanosaur/package.dsv'
[1.265s] INFO:colcon.colcon_core.shell:Creating package script '/home/user/nanosaur/install/nanosaur/share/nanosaur/package.sh'
[1.266s] INFO:colcon.colcon_core.shell:Creating package script '/home/user/nanosaur/install/nanosaur/share/nanosaur/package.bash'
[1.266s] INFO:colcon.colcon_core.shell:Creating package script '/home/user/nanosaur/install/nanosaur/share/nanosaur/package.zsh'
[1.267s] Level 1:colcon.colcon_core.environment:create_file_with_runtime_dependencies(/home/user/nanosaur/install/nanosaur/share/colcon-core/packages/nanosaur)
[1.267s] DEBUG:colcon.colcon_parallel_executor.executor.parallel:closing loop
[1.267s] DEBUG:colcon.colcon_parallel_executor.executor.parallel:loop closed
[1.267s] DEBUG:colcon.colcon_parallel_executor.executor.parallel:run_until_complete finished with '0'
[1.267s] DEBUG:colcon.colcon_core.event_reactor:joining thread
[1.276s] INFO:colcon.colcon_core.plugin_system:Skipping extension 'colcon_notification.desktop_notification.notify_send': Could not find 'notify-send'
[1.276s] INFO:colcon.colcon_core.plugin_system:Skipping extension 'colcon_notification.desktop_notification.terminal_notifier': Not used on non-Darwin systems
[1.276s] INFO:colcon.colcon_core.plugin_system:Skipping extension 'colcon_notification.desktop_notification.win32': Not used on non-Windows systems
[1.276s] INFO:colcon.colcon_notification.desktop_notification:Sending desktop notification using 'notify2'
[1.280s] DEBUG:colcon.colcon_notification.desktop_notification.notify2:Failed to initialize notify2: org.freedesktop.DBus.Error.Spawn.ExecFailed: /usr/bin/dbus-launch terminated abnormally without any error message
[1.280s] DEBUG:colcon.colcon_core.event_reactor:joined thread
[1.283s] INFO:colcon.colcon_core.shell:Creating prefix script '/home/user/nanosaur/install/local_setup.ps1'
[1.286s] INFO:colcon.colcon_core.shell:Creating prefix util module '/home/user/nanosaur/install/_local_setup_util_ps1.py'
[1.288s] INFO:colcon.colcon_core.shell:Creating prefix chain script '/home/user/nanosaur/install/setup.ps1'
[1.290s] INFO:colcon.colcon_core.shell:Creating prefix script '/home/user/nanosaur/install/local_setup.sh'
[1.290s] INFO:colcon.colcon_core.shell:Creating prefix util module '/home/user/nanosaur/install/_local_setup_util_sh.py'
[1.291s] INFO:colcon.colcon_core.shell:Creating prefix chain script '/home/user/nanosaur/install/setup.sh'
[1.292s] INFO:colcon.colcon_core.shell:Creating prefix script '/home/user/nanosaur/install/local_setup.bash'
[1.292s] INFO:colcon.colcon_core.shell:Creating prefix chain script '/home/user/nanosaur/install/setup.bash'
[1.294s] INFO:colcon.colcon_core.shell:Creating prefix script '/home/user/nanosaur/install/local_setup.zsh'
[1.294s] INFO:colcon.colcon_core.shell:Creating prefix chain script '/home/user/nanosaur/install/setup.zsh'
