[0.024s] Invoking command in '/home/user/nanosaur/build/nanosaur_description': CMAKE_PREFIX_PATH=/opt/ros/humble /usr/bin/cmake --build /home/user/nanosaur/build/nanosaur_description -- -j16 -l16
[0.132s] Invoked command in '/home/user/nanosaur/build/nanosaur_description' returned '0': CMAKE_PREFIX_PATH=/opt/ros/humble /usr/bin/cmake --build /home/user/nanosaur/build/nanosaur_description -- -j16 -l16
[0.152s] Invoking command in '/home/user/nanosaur/build/nanosaur_description': CMAKE_PREFIX_PATH=/opt/ros/humble /usr/bin/cmake --install /home/user/nanosaur/build/nanosaur_description
[0.159s] -- Install configuration: ""
[0.163s] -- Up-to-date: /home/user/nanosaur/install/nanosaur_description/share/nanosaur_description/meshes
[0.164s] -- Up-to-date: /home/user/nanosaur/install/nanosaur_description/share/nanosaur_description/meshes/base_rear.stl
[0.172s] -- Up-to-date: /home/user/nanosaur/install/nanosaur_description/share/nanosaur_description/meshes/cover-zedmini.stl
[0.182s] -- Up-to-date: /home/user/nanosaur/install/nanosaur_description/share/nanosaur_description/meshes/wheel.stl
[0.186s] -- Up-to-date: /home/user/nanosaur/install/nanosaur_description/share/nanosaur_description/meshes/cover-fe.stl
[0.194s] -- Up-to-date: /home/user/nanosaur/install/nanosaur_description/share/nanosaur_description/meshes/parts
[0.195s] -- Up-to-date: /home/user/nanosaur/install/nanosaur_description/share/nanosaur_description/meshes/parts/Pololu-Micro-Metal-Gearmotor.stl
[0.199s] -- Up-to-date: /home/user/nanosaur/install/nanosaur_description/share/nanosaur_description/meshes/parts/fisheye_camera.dae
[0.208s] -- Up-to-date: /home/user/nanosaur/install/nanosaur_description/share/nanosaur_description/meshes/parts/d435.dae
[0.211s] -- Up-to-date: /home/user/nanosaur/install/nanosaur_description/share/nanosaur_description/meshes/parts/zedm.stl
[0.215s] -- Up-to-date: /home/user/nanosaur/install/nanosaur_description/share/nanosaur_description/meshes/parts/motor_board.stl
[0.224s] -- Up-to-date: /home/user/nanosaur/install/nanosaur_description/share/nanosaur_description/meshes/parts/rasp_camera.stl
[0.231s] -- Up-to-date: /home/user/nanosaur/install/nanosaur_description/share/nanosaur_description/meshes/parts/power_bank.stl
[0.234s] -- Up-to-date: /home/user/nanosaur/install/nanosaur_description/share/nanosaur_description/meshes/parts/nanosaur-exp-board.stl
[0.242s] -- Up-to-date: /home/user/nanosaur/install/nanosaur_description/share/nanosaur_description/meshes/parts/OLED_Module.stl
[0.247s] -- Up-to-date: /home/user/nanosaur/install/nanosaur_description/share/nanosaur_description/meshes/parts/NVIDIA_jetson_nano_4gb.stl
[0.283s] -- Up-to-date: /home/user/nanosaur/install/nanosaur_description/share/nanosaur_description/meshes/LICENSE
[0.285s] -- Up-to-date: /home/user/nanosaur/install/nanosaur_description/share/nanosaur_description/meshes/flap_bottom.stl
[0.292s] -- Up-to-date: /home/user/nanosaur/install/nanosaur_description/share/nanosaur_description/meshes/pb_holder.stl
[0.292s] -- Up-to-date: /home/user/nanosaur/install/nanosaur_description/share/nanosaur_description/meshes/README.md
[0.294s] -- Up-to-date: /home/user/nanosaur/install/nanosaur_description/share/nanosaur_description/meshes/cover-rs.stl
[0.300s] -- Up-to-date: /home/user/nanosaur/install/nanosaur_description/share/nanosaur_description/meshes/sprocket.stl
[0.303s] -- Up-to-date: /home/user/nanosaur/install/nanosaur_description/share/nanosaur_description/meshes/materials
[0.312s] -- Up-to-date: /home/user/nanosaur/install/nanosaur_description/share/nanosaur_description/meshes/materials/textures
[0.312s] -- Up-to-date: /home/user/nanosaur/install/nanosaur_description/share/nanosaur_description/meshes/materials/textures/RealSense_Normal.png
[0.318s] -- Up-to-date: /home/user/nanosaur/install/nanosaur_description/share/nanosaur_description/meshes/materials/textures/RealSense_Albedo.png
[0.323s] -- Up-to-date: /home/user/nanosaur/install/nanosaur_description/share/nanosaur_description/meshes/materials/textures/RealSense_Roughness.png
[0.329s] -- Up-to-date: /home/user/nanosaur/install/nanosaur_description/share/nanosaur_description/meshes/materials/textures/RealSense_Metalness.png
[0.333s] -- Up-to-date: /home/user/nanosaur/install/nanosaur_description/share/nanosaur_description/meshes/track.stl
[0.337s] -- Up-to-date: /home/user/nanosaur/install/nanosaur_description/share/nanosaur_description/meshes/track_print.stl
[0.341s] -- Up-to-date: /home/user/nanosaur/install/nanosaur_description/share/nanosaur_description/meshes/slider.stl
[0.346s] -- Up-to-date: /home/user/nanosaur/install/nanosaur_description/share/nanosaur_description/meshes/cover.stl
[0.351s] -- Up-to-date: /home/user/nanosaur/install/nanosaur_description/share/nanosaur_description/meshes/base_front.stl
[0.356s] -- Up-to-date: /home/user/nanosaur/install/nanosaur_description/share/nanosaur_description/meshes/datasheet
[0.357s] -- Up-to-date: /home/user/nanosaur/install/nanosaur_description/share/nanosaur_description/meshes/datasheet/nanosaur-datasheet.pdf
[0.362s] -- Up-to-date: /home/user/nanosaur/install/nanosaur_description/share/nanosaur_description/meshes/datasheet/nanosaur-powerbank.pdf
[0.365s] -- Up-to-date: /home/user/nanosaur/install/nanosaur_description/share/nanosaur_description/meshes/025in
[0.365s] -- Up-to-date: /home/user/nanosaur/install/nanosaur_description/share/nanosaur_description/meshes/025in/wheel.stl
[0.371s] -- Up-to-date: /home/user/nanosaur/install/nanosaur_description/share/nanosaur_description/meshes/025in/sprocket.stl
[0.385s] -- Up-to-date: /home/user/nanosaur/install/nanosaur_description/share/nanosaur_description/meshes/025in/slider.stl
[0.390s] -- Up-to-date: /home/user/nanosaur/install/nanosaur_description/share/nanosaur_description/meshes/flap_top.stl
[0.393s] -- Up-to-date: /home/user/nanosaur/install/nanosaur_description/share/nanosaur_description/rviz
[0.394s] -- Up-to-date: /home/user/nanosaur/install/nanosaur_description/share/nanosaur_description/rviz/urdf.rviz
[0.396s] -- Up-to-date: /home/user/nanosaur/install/nanosaur_description/share/nanosaur_description/urdf
[0.396s] -- Up-to-date: /home/user/nanosaur/install/nanosaur_description/share/nanosaur_description/urdf/robot.urdf.xacro
[0.399s] -- Up-to-date: /home/user/nanosaur/install/nanosaur_description/share/nanosaur_description/urdf/head
[0.403s] -- Up-to-date: /home/user/nanosaur/install/nanosaur_description/share/nanosaur_description/urdf/head/head_zedmini.urdf.xacro
[0.405s] -- Up-to-date: /home/user/nanosaur/install/nanosaur_description/share/nanosaur_description/urdf/head/head_fisheye.urdf.xacro
[0.407s] -- Up-to-date: /home/user/nanosaur/install/nanosaur_description/share/nanosaur_description/urdf/head/zedmini.urdf.xacro
[0.408s] -- Up-to-date: /home/user/nanosaur/install/nanosaur_description/share/nanosaur_description/urdf/head/head_realsense.urdf.xacro
[0.410s] -- Up-to-date: /home/user/nanosaur/install/nanosaur_description/share/nanosaur_description/urdf/head/head_pi.urdf.xacro
[0.413s] -- Up-to-date: /home/user/nanosaur/install/nanosaur_description/share/nanosaur_description/urdf/head/d435i_imu_modules.urdf.xacro
[0.415s] -- Up-to-date: /home/user/nanosaur/install/nanosaur_description/share/nanosaur_description/urdf/head/d435.urdf.xacro
[0.418s] -- Up-to-date: /home/user/nanosaur/install/nanosaur_description/share/nanosaur_description/urdf/materials.urdf
[0.420s] -- Up-to-date: /home/user/nanosaur/install/nanosaur_description/share/nanosaur_description/urdf/materials.gazebo.xacro
[0.422s] -- Up-to-date: /home/user/nanosaur/install/nanosaur_description/share/nanosaur_description/urdf/nanosaur.urdf.xml
[0.424s] -- Up-to-date: /home/user/nanosaur/install/nanosaur_description/share/nanosaur_description/urdf/flap.urdf.xacro
[0.427s] -- Up-to-date: /home/user/nanosaur/install/nanosaur_description/share/nanosaur_description/urdf/track.urdf.xacro
[0.431s] -- Up-to-date: /home/user/nanosaur/install/nanosaur_description/share/nanosaur_description/launch
[0.432s] -- Up-to-date: /home/user/nanosaur/install/nanosaur_description/share/nanosaur_description/launch/description.launch.py
[0.433s] -- Up-to-date: /home/user/nanosaur/install/nanosaur_description/share/nanosaur_description/launch/display.launch.py
[0.437s] -- Up-to-date: /home/user/nanosaur/install/nanosaur_description/share/ament_index/resource_index/package_run_dependencies/nanosaur_description
[0.440s] -- Up-to-date: /home/user/nanosaur/install/nanosaur_description/share/ament_index/resource_index/parent_prefix_path/nanosaur_description
[0.443s] -- Up-to-date: /home/user/nanosaur/install/nanosaur_description/share/nanosaur_description/environment/ament_prefix_path.sh
[0.445s] -- Up-to-date: /home/user/nanosaur/install/nanosaur_description/share/nanosaur_description/environment/ament_prefix_path.dsv
[0.447s] -- Up-to-date: /home/user/nanosaur/install/nanosaur_description/share/nanosaur_description/environment/path.sh
[0.449s] -- Up-to-date: /home/user/nanosaur/install/nanosaur_description/share/nanosaur_description/environment/path.dsv
[0.450s] -- Up-to-date: /home/user/nanosaur/install/nanosaur_description/share/nanosaur_description/local_setup.bash
[0.453s] -- Up-to-date: /home/user/nanosaur/install/nanosaur_description/share/nanosaur_description/local_setup.sh
[0.455s] -- Up-to-date: /home/user/nanosaur/install/nanosaur_description/share/nanosaur_description/local_setup.zsh
[0.457s] -- Up-to-date: /home/user/nanosaur/install/nanosaur_description/share/nanosaur_description/local_setup.dsv
[0.458s] -- Installing: /home/user/nanosaur/install/nanosaur_description/share/nanosaur_description/package.dsv
[0.459s] -- Up-to-date: /home/user/nanosaur/install/nanosaur_description/share/ament_index/resource_index/packages/nanosaur_description
[0.460s] -- Up-to-date: /home/user/nanosaur/install/nanosaur_description/share/nanosaur_description/cmake/nanosaur_descriptionConfig.cmake
[0.462s] -- Up-to-date: /home/user/nanosaur/install/nanosaur_description/share/nanosaur_description/cmake/nanosaur_descriptionConfig-version.cmake
[0.464s] -- Up-to-date: /home/user/nanosaur/install/nanosaur_description/share/nanosaur_description/package.xml
[0.472s] Invoked command in '/home/user/nanosaur/build/nanosaur_description' returned '0': CMAKE_PREFIX_PATH=/opt/ros/humble /usr/bin/cmake --install /home/user/nanosaur/build/nanosaur_description
